[2016.08.18-15.26.57:721][  0]Log file open, 08/18/16 20:56:57
[2016.08.18-15.26.57:721][  0]LogInit:Display: Running engine for game: MyProject
[2016.08.18-15.26.57:721][  0]LogPlatformFile: Not using cached read wrapper
[2016.08.18-15.26.57:721][  0]LogInit:Display: RandInit(-1817373494) SRandInit(-1817373492).
[2016.08.18-15.26.57:721][  0]LogTaskGraph: Started task graph with 4 named threads and 5 total threads.
[2016.08.18-15.26.57:721][  0]LogStats: Stats thread started at 0.064242
[2016.08.18-15.26.57:721][  0]LogInit: Version: 4.10.4-2872498+++depot+UE4-Releases+4.10
[2016.08.18-15.26.57:721][  0]LogInit: API Version: 2758231
[2016.08.18-15.26.57:721][  0]LogInit: Compiled (64-bit): Feb 18 2016 15:47:04
[2016.08.18-15.26.57:721][  0]LogInit: Compiled with Visual C++: 19.00.23026.00
[2016.08.18-15.26.57:721][  0]LogInit: Build Configuration: Development
[2016.08.18-15.26.57:721][  0]LogInit: Branch Name: ++depot+UE4-Releases+4.10
[2016.08.18-15.26.57:721][  0]LogInit: Command line:  
[2016.08.18-15.26.57:721][  0]LogInit: Base directory: C:/Program Files (x86)/Epic Games/4.10/Engine/Binaries/Win64/
[2016.08.18-15.26.57:721][  0]LogInit: Rocket: 1
[2016.08.18-15.26.57:732][  0]LogInit: Using libcurl 7.41.0
[2016.08.18-15.26.57:732][  0]LogInit:  - built for x86_64-pc-win32
[2016.08.18-15.26.57:732][  0]LogInit:  - supports SSL with WinSSL
[2016.08.18-15.26.57:732][  0]LogInit:  - other features:
[2016.08.18-15.26.57:732][  0]LogInit:      CURL_VERSION_SSL
[2016.08.18-15.26.57:732][  0]LogInit:      CURL_VERSION_IPV6
[2016.08.18-15.26.57:732][  0]LogInit:      CURL_VERSION_ASYNCHDNS
[2016.08.18-15.26.57:732][  0]LogInit:      CURL_VERSION_LARGEFILE
[2016.08.18-15.26.57:732][  0]LogInit:      CURL_VERSION_IDN
[2016.08.18-15.26.57:732][  0]LogInit:  CurlRequestOptions (configurable via config and command line):
[2016.08.18-15.26.57:732][  0]LogInit:  - bVerifyPeer = true  - Libcurl will verify peer certificate
[2016.08.18-15.26.57:732][  0]LogInit:  - bUseHttpProxy = false  - Libcurl will NOT use HTTP proxy
[2016.08.18-15.26.57:732][  0]LogInit:  - bDontReuseConnections = false  - Libcurl will reuse connections
[2016.08.18-15.26.57:732][  0]LogInit:  - CertBundlePath = nullptr  - Libcurl will use whatever was configured at build time.
[2016.08.18-15.26.57:744][  0]LogInit: Presizing for 0 objects not considered by GC, pre-allocating 0 bytes.
[2016.08.18-15.26.57:752][  0]LogInit: Object subsystem initialized
[2016.08.18-15.26.57:753][  0]LogInit: Selected Device Profile: [Windows]
[2016.08.18-15.26.57:753][  0]LogInit: Applying CVar settings loaded from the selected device profile: [Windows]
[2016.08.18-15.26.57:784][  0]LogInit: Computer: VISHAL-PC
[2016.08.18-15.26.57:784][  0]LogInit: User: Vishal
[2016.08.18-15.26.57:784][  0]LogInit: CPU Page size=4096, Cores=2
[2016.08.18-15.26.57:784][  0]LogInit: High frequency timer resolution =2.240910 MHz
[2016.08.18-15.26.57:784][  0]LogMemory: Memory total: Physical=7.9GB (8GB approx)
[2016.08.18-15.26.57:784][  0]LogMemory: Platform Memory Stats for Windows
[2016.08.18-15.26.57:784][  0]LogMemory: Process Physical Memory: 59.63 MB used, 59.63 MB peak
[2016.08.18-15.26.57:784][  0]LogMemory: Process Virtual Memory: 58.77 MB used, 58.77 MB peak
[2016.08.18-15.26.57:784][  0]LogMemory: Physical Memory: 4459.65 MB used, 8075.38 MB total
[2016.08.18-15.26.57:784][  0]LogMemory: Virtual Memory: 384.03 MB used, 134217728.00 MB total
[2016.08.18-15.26.57:872][  0]LogTextLocalizationManager: No specific translations for ('en-IN') exist, so ('en') translations will be used.
[2016.08.18-15.26.58:462][  0]LogD3D11RHI: Found D3D11 adapter 0: NVIDIA GeForce 820M              (Feature Level 11_0)
[2016.08.18-15.26.58:462][  0]LogD3D11RHI: Adapter has 1999MB of dedicated video memory, 0MB of dedicated system memory, and 4037MB of shared system memory, 1 output[s]
[2016.08.18-15.26.58:474][  0]LogD3D11RHI: Found D3D11 adapter 1: Intel(R) HD Graphics Family (Feature Level 11_0)
[2016.08.18-15.26.58:474][  0]LogD3D11RHI: Adapter has 112MB of dedicated video memory, 0MB of dedicated system memory, and 4037MB of shared system memory, 0 output[s]
[2016.08.18-15.26.58:477][  0]LogD3D11RHI: Found D3D11 adapter 2: Microsoft Basic Render Driver (Feature Level 11_0)
[2016.08.18-15.26.58:477][  0]LogD3D11RHI: Adapter has 0MB of dedicated video memory, 0MB of dedicated system memory, and 4037MB of shared system memory, 0 output[s]
[2016.08.18-15.26.58:477][  0]LogD3D11RHI: Chosen D3D11 Adapter Id = 0
[2016.08.18-15.26.58:484][  0]LogD3D11RHI: !Direct3DDevice
[2016.08.18-15.26.58:484][  0]LogRHI: Texture pool is 1361 MB (70% of 1945 MB)
[2016.08.18-15.26.58:504][  0]LogD3D11RHI: Async texture creation enabled
[2016.08.18-15.26.58:519][  0]LogShaderCompilers: Guid format shader working directory is -20 characters bigger than the processId version (../../../../../../Users/Vishal/Documents/Unreal Projects/MyProject/Intermediate/Shaders/WorkingDirectory/14472/).
[2016.08.18-15.26.58:519][  0]LogShaderCompilers: Cleaned the shader compiler working directory 'C:/Users/Vishal/AppData/Local/Temp/UnrealShaderWorkingDir/D408B4A04465EC7B810893B0D7ED50D4/'.
[2016.08.18-15.26.58:519][  0]LogShaderCompilers:Display: Using Local Shader Compiler.
[2016.08.18-15.26.59:682][  0]LogTemp:Display: Loaded TP AllDesktopTargetPlatform
[2016.08.18-15.26.59:690][  0]LogTemp:Display: Loaded TP WindowsClientTargetPlatform
[2016.08.18-15.26.59:697][  0]LogTemp:Display: Loaded TP WindowsNoEditorTargetPlatform
[2016.08.18-15.26.59:704][  0]LogTemp:Display: Loaded TP WindowsServerTargetPlatform
[2016.08.18-15.26.59:711][  0]LogTemp:Display: Loaded TP WindowsTargetPlatform
[2016.08.18-15.26.59:718][  0]LogTemp:Display: Loaded TP AndroidTargetPlatform
[2016.08.18-15.26.59:724][  0]LogTemp:Display: Loaded TP Android_ASTCTargetPlatform
[2016.08.18-15.26.59:730][  0]LogTemp:Display: Loaded TP Android_ATCTargetPlatform
[2016.08.18-15.26.59:736][  0]LogTemp:Display: Loaded TP Android_DXTTargetPlatform
[2016.08.18-15.26.59:742][  0]LogTemp:Display: Loaded TP Android_ETC1TargetPlatform
[2016.08.18-15.26.59:747][  0]LogTemp:Display: Loaded TP Android_ETC2TargetPlatform
[2016.08.18-15.26.59:760][  0]LogTemp:Display: Loaded TP Android_MultiTargetPlatform
[2016.08.18-15.26.59:760][  0]LogTemp:Display: Loaded TP Android_PVRTCTargetPlatform
[2016.08.18-15.26.59:763][  0]LogTemp:Display: Loaded TP HTML5TargetPlatform
[2016.08.18-15.26.59:786][  0]LogTemp:Display: Loaded TP IOSTargetPlatform
[2016.08.18-15.26.59:793][  0]LogTemp:Display: Loaded TP LinuxNoEditorTargetPlatform
[2016.08.18-15.26.59:799][  0]LogTemp:Display: Loaded TP LinuxServerTargetPlatform
[2016.08.18-15.26.59:805][  0]LogTemp:Display: Loaded TP LinuxTargetPlatform
[2016.08.18-15.26.59:805][  0]LogTargetPlatformManager:Display: Building Assets For Windows
[2016.08.18-15.26.59:929][  0]LogDerivedDataCache:Display: Max Cache Size: 512 MB
[2016.08.18-15.27.00:322][  0]LogDerivedDataCache: Loaded boot cache 0.39s 41MB C:/Users/Vishal/AppData/Local/UnrealEngine/4.10/DerivedDataCache/Boot.ddc.
[2016.08.18-15.27.00:323][  0]LogDerivedDataCache:Display: Loaded Boot cache: C:/Users/Vishal/AppData/Local/UnrealEngine/4.10/DerivedDataCache/Boot.ddc
[2016.08.18-15.27.00:323][  0]LogDerivedDataCache: FDerivedDataBackendGraph:  Pak pak cache file ../../../../../../Users/Vishal/Documents/Unreal Projects/MyProject/DerivedDataCache/DDC.ddp not found, will not use a pak cache.
[2016.08.18-15.27.00:323][  0]LogDerivedDataCache: Unable to find inner node Pak for hierarchical cache Hierarchy.
[2016.08.18-15.27.00:323][  0]LogDerivedDataCache: FDerivedDataBackendGraph:  CompressedPak pak cache file ../../../../../../Users/Vishal/Documents/Unreal Projects/MyProject/DerivedDataCache/Compressed.ddp not found, will not use a pak cache.
[2016.08.18-15.27.00:323][  0]LogDerivedDataCache: Unable to find inner node CompressedPak for hierarchical cache Hierarchy.
[2016.08.18-15.27.00:401][  0]LogDerivedDataCache:Display: Pak cache opened for reading ../../../Engine/DerivedDataCache/Compressed.ddp.
[2016.08.18-15.27.00:413][  0]LogDerivedDataCache: Using Local data cache path C:/Users/Vishal/AppData/Local/UnrealEngine/Common/DerivedDataCache: Writable
[2016.08.18-15.27.00:778][  0]LogInit: Selected Device Profile: [Windows]
[2016.08.18-15.27.00:781][  0]LogContentStreaming: Texture pool size is 0.000000MB
[2016.08.18-15.27.01:050][  0]LogMeshUtilities: No automatic mesh reduction module available
[2016.08.18-15.27.01:050][  0]LogMeshUtilities: No automatic mesh merging module available
[2016.08.18-15.27.02:080][  0]LogInit: WinSock: version 1.1 (2.2), MaxSocks=32767, MaxUdp=65467
[2016.08.18-15.27.11:147][  0]UdpMessaging: Initializing bridge on interface 0.0.0.0:0 to multicast group 230.0.0.1:6666.
[2016.08.18-15.27.11:535][  0]LogAssetRegistry: FAssetRegistry took 0.0110 seconds to start up
[2016.08.18-15.27.12:111][  0]SourceControl: Info Source control is disabled
[2016.08.18-15.27.12:115][  0]SourceControl: Info Source control is disabled
[2016.08.18-15.27.12:134][  0]SourceControl: Info Source control is disabled
[2016.08.18-15.27.12:157][  0]SourceControl: Info Source control is disabled
[2016.08.18-15.27.12:701][  0]LogObj: 28894 objects as part of root set at end of initial load.
[2016.08.18-15.27.12:701][  0]LogUObjectAllocator: 6143824 out of 0 bytes used by permanent object pool.
[2016.08.18-15.27.12:795][  0]LogEngine: Initializing Engine...
[2016.08.18-15.27.12:799][  0]LogHMD: Can't find Oculus library dev build: is proper Runtime installed? Version: 0.8.0.0
[2016.08.18-15.27.12:803][  0]LogHMD: SteamVR failed to initialize.  Err: 110
[2016.08.18-15.27.13:873][  0]LogAIModule: Creating AISystem for world NewWorld
[2016.08.18-15.27.13:883][  0]LogInit: XAudio2 using 'Speakers (High Definition Audio Device)' : 2 channels at 44.1 kHz using 16 bits per sample (channel mask 0x3)
[2016.08.18-15.27.13:903][  0]LogInit: FAudioDevice initialized.
[2016.08.18-15.27.13:928][  0]LogDerivedDataCache: Saved boot cache 0.03s 41MB C:/Users/Vishal/AppData/Local/UnrealEngine/4.10/DerivedDataCache/Boot.ddc.
[2016.08.18-15.27.13:934][  0]LogInit: Texture streaming: Enabled
[2016.08.18-15.27.13:943][  0]LogAnalytics: Creating configured Analytics provider AnalyticsET
[2016.08.18-15.27.13:943][  0]LogAnalytics: [UEEditor.Rocket.Release] APIServer = http://et2.epicgames.com/ET2/. AppVersion = 4.10.4-2872498+++depot+UE4-Releases+4.10
[2016.08.18-15.27.13:943][  0]LogAnalytics: [UEEditor.Rocket.Release] SetUserId 42581dee49f10cab728e808031ad0d6c|b3aa724033af48eb807787bc6a36fc12|7d3f72a1-08fb-45f7-99a2-cbbddc55c18e
[2016.08.18-15.27.13:943][  0]LogAnalytics: [UEEditor.Rocket.Release] AnalyticsET::StartSession
[2016.08.18-15.27.13:959][  0]LogInit: Transaction tracking system initialized
[2016.08.18-15.27.14:000][  0]BlueprintLog: New page: Editor Load
[2016.08.18-15.27.14:160][  0]LocalizationService: Info Localization service is disabled
[2016.08.18-15.27.14:472][  0]LogConsoleResponse:Display: 
[2016.08.18-15.27.14:986][  0]LogCook:Display: Done creating registry. It took  0.00s.
[2016.08.18-15.27.15:189][  0]LogFileCache: Scanning file cache for directory 'C:/Users/Vishal/Documents/Unreal Projects/MyProject/Content/' took 0.02s
[2016.08.18-15.27.15:189][  0]SourceControl: Info Source control is disabled
[2016.08.18-15.27.15:189][  0]Cmd: MAP LOAD FILE="../../../../../../Users/Vishal/Documents/Unreal Projects/MyProject/Content/Architecture.umap" TEMPLATE=0 SHOWPROGRESS=1 FEATURELEVEL=3
[2016.08.18-15.27.15:190][  0]LightingResults: New page: Lighting Build
[2016.08.18-15.27.15:193][  0]MapCheck: New page: Map Check
[2016.08.18-15.27.15:193][  0]LightingResults: New page: Lighting Build
[2016.08.18-15.27.15:217][  0]LogParticles: Destroying 0 GPU particle simulations for FXSystem 0x00000235B9159C60
[2016.08.18-15.27.23:155][  0]LogAIModule: Creating AISystem for world Architecture
[2016.08.18-15.27.23:181][  0]LogPrimitiveComponent: Zero scaling not supported (/Game/Architecture.Architecture:PersistentLevel.Carpet2.StaticMeshComponent0)
[2016.08.18-15.27.23:184][  0]LogPrimitiveComponent: Zero scaling not supported (/Game/Architecture.Architecture:PersistentLevel.Carpet3.StaticMeshComponent0)
[2016.08.18-15.27.23:186][  0]LogPrimitiveComponent: Zero scaling not supported (/Game/Architecture.Architecture:PersistentLevel.Carpet.StaticMeshComponent0)
[2016.08.18-15.27.23:188][  0]LogPrimitiveComponent: Zero scaling not supported (/Game/Architecture.Architecture:PersistentLevel.TVImage.StaticMeshComponent0)
[2016.08.18-15.27.23:204][  0]LogEditorServer: Finished looking for orphan Actors (0.000 secs)
[2016.08.18-15.27.23:205][  0]Cmd: MAP CHECKDEP NOCLEARLOG
[2016.08.18-15.27.23:313][  0]MapCheck: Info Map check complete: 0 Error(s), 0 Warning(s), took 107.462ms to complete.
[2016.08.18-15.27.23:313][  0]LogFileHelpers: Loading map 'Architecture' took 8.124
[2016.08.18-15.27.23:496][  0]LogCollectionManager: Loaded 0 collections in 0.001659 seconds
[2016.08.18-15.27.23:536][  0]LogFileCache: Scanning file cache for directory 'C:/Users/Vishal/Documents/Unreal Projects/MyProject/Saved/Collections/' took 0.01s
[2016.08.18-15.27.23:536][  0]LogFileCache: Scanning file cache for directory 'C:/Users/Vishal/Documents/Unreal Projects/MyProject/Content/Developers/Vishal/Collections/' took 0.01s
[2016.08.18-15.27.23:536][  0]LogFileCache: Scanning file cache for directory 'C:/Users/Vishal/Documents/Unreal Projects/MyProject/Content/Collections/' took 0.01s
[2016.08.18-15.27.23:536][  0]LogCollectionManager: Rebuilt the GUID cache for 0 collections in 0.000002 seconds
[2016.08.18-15.27.23:544][  0]LogContentBrowser: Native class hierarchy populated in 0.0085 seconds. Added 1898 classes and 345 folders.
[2016.08.18-15.27.23:550][  0]LogContentBrowser: Native class hierarchy updated for 'WidgetCarousel' in 0.0003 seconds. Added 0 classes and 0 folders.
[2016.08.18-15.27.24:393][  0]LogContentBrowser: Native class hierarchy updated for 'AddContentDialog' in 0.0004 seconds. Added 0 classes and 0 folders.
[2016.08.18-15.27.24:399][  0]LogContentBrowser: Native class hierarchy updated for 'SceneOutliner' in 0.0004 seconds. Added 1 classes and 2 folders.
[2016.08.18-15.27.24:468][  0]LogCrashTracker: Crashtracker disabled due to settings.
[2016.08.18-15.27.24:474][  0]LogUObjectGlobals:Warning: Failed to find object 'Class None.'
[2016.08.18-15.27.24:496][  0]LogLoad: Full Startup: 27.36 seconds (BP compile: 0.25 seconds)
[2016.08.18-15.27.24:840][  0]LogOcInput: Can't find Oculus library dev build: is proper Runtime installed? Version: 0.8.0.0
[2016.08.18-15.27.24:978][  0]LogContentStreaming: Texture pool size now 1000 MB
[2016.08.18-15.27.25:172][  0]LogRenderer: Reallocating scene render targets to support 808x368 (Frame:2).
[2016.08.18-15.27.26:990][  6]LogAssetRegistry: Asset discovery search completed in 15.4661 seconds
[2016.08.18-15.27.26:990][  6]LogCollectionManager: Rebuilt the object cache for 0 collections in 0.000001 seconds (found 0 objects)
[2016.08.18-15.27.26:990][  6]LogCollectionManager: Fixed up redirectors for 0 collections in 0.000020 seconds (updated 0 objects)
[2016.08.18-15.28.13:955][177]LogLinker:Warning: Asset '../../../Engine/Content/ArtTools/RenderToTexture/Macros/RenderToTextureMacros.uasset' has been saved with empty engine version. The asset will be loaded but may be incompatible.
[2016.08.18-15.28.14:458][177]LogContentBrowser: Native class hierarchy updated for 'BlueprintGraph' in 0.0008 seconds. Added 107 classes and 0 folders.
[2016.08.18-15.36.29:631][892]Cmd: OBJ SAVEPACKAGE PACKAGE="/Game/Blueprints/ExportButtonBlueprint" FILE="../../../../../../Users/Vishal/Documents/Unreal Projects/MyProject/Content/Blueprints/ExportButtonBlueprint.uasset" SILENT=true
[2016.08.18-15.36.29:855][892]LogSavePackage: Save=181.496796ms
[2016.08.18-15.36.29:855][892]LogSavePackage: Moving '../../../../../../Users/Vishal/Documents/Unreal Projects/MyProject/Saved/ExportButtonBlueprint1287319549EB71E0CB261C84343EF1A2.tmp' to '../../../../../../Users/Vishal/Documents/Unreal Projects/MyProject/Content/Blueprints/ExportButtonBlueprint.uasset'
[2016.08.18-15.36.29:862][892]LogSavePackage: Total save time: 229.530413ms
[2016.08.18-15.36.29:862][892]LogSavePackage:Display: Finished SavePackage ../../../../../../Users/Vishal/Documents/Unreal Projects/MyProject/Content/Blueprints/ExportButtonBlueprint.uasset
[2016.08.18-15.41.50:478][ 47]Cmd: OBJ SAVEPACKAGE PACKAGE="/Game/Blueprints/ExportButtonBlueprint" FILE="../../../../../../Users/Vishal/Documents/Unreal Projects/MyProject/Content/Blueprints/ExportButtonBlueprint.uasset" SILENT=true
[2016.08.18-15.41.50:711][ 47]LogSavePackage: Save=201.926895ms
[2016.08.18-15.41.50:711][ 47]LogSavePackage: Moving '../../../../../../Users/Vishal/Documents/Unreal Projects/MyProject/Saved/ExportButtonBlueprint784B6B854D274AC6117A9F94402A5622.tmp' to '../../../../../../Users/Vishal/Documents/Unreal Projects/MyProject/Content/Blueprints/ExportButtonBlueprint.uasset'
[2016.08.18-15.41.50:716][ 47]LogSavePackage: Total save time: 235.075481ms
[2016.08.18-15.41.50:716][ 47]LogSavePackage:Display: Finished SavePackage ../../../../../../Users/Vishal/Documents/Unreal Projects/MyProject/Content/Blueprints/ExportButtonBlueprint.uasset
[2016.08.18-15.41.51:589][ 98]BlueprintLog: New page: Compile ExportButtonBlueprint
[2016.08.18-15.41.52:064][ 98]BlueprintEditorCompileResults: Info [0894.93] Compile of ExportButtonBlueprint successful! [in 474 ms]
[2016.08.18-15.42.48:920][809]BlueprintLog: New page: Compile ExportButtonBlueprint
[2016.08.18-15.42.49:091][809]BlueprintEditorCompileResults: Info [0951.95] Compile of ExportButtonBlueprint successful! [in 170 ms]
[2016.08.18-15.42.49:668][839]Cmd: OBJ SAVEPACKAGE PACKAGE="/Game/Blueprints/ExportButtonBlueprint" FILE="../../../../../../Users/Vishal/Documents/Unreal Projects/MyProject/Content/Blueprints/ExportButtonBlueprint.uasset" SILENT=true
[2016.08.18-15.42.49:846][839]LogSavePackage: Save=163.892792ms
[2016.08.18-15.42.49:846][839]LogSavePackage: Moving '../../../../../../Users/Vishal/Documents/Unreal Projects/MyProject/Saved/ExportButtonBlueprintD4A2E96D44A68861063CB1A41EEDD504.tmp' to '../../../../../../Users/Vishal/Documents/Unreal Projects/MyProject/Content/Blueprints/ExportButtonBlueprint.uasset'
[2016.08.18-15.42.49:851][839]LogSavePackage: Total save time: 181.009945ms
[2016.08.18-15.42.49:851][839]LogSavePackage:Display: Finished SavePackage ../../../../../../Users/Vishal/Documents/Unreal Projects/MyProject/Content/Blueprints/ExportButtonBlueprint.uasset
[2016.08.18-15.42.51:345][926]LogBlueprintUserMessages: Early PlayInEditor Detection: Level '/Game/Architecture.Architecture:PersistentLevel' has LevelScriptBlueprint '/Game/Architecture.Architecture:PersistentLevel.Architecture' with GeneratedClass '/Game/Architecture.Architecture_C' with ClassGeneratedBy '/Game/Architecture.Architecture:PersistentLevel.Architecture'
[2016.08.18-15.42.51:345][926]LogPlayLevel: PlayLevel: No blueprints needed recompiling
[2016.08.18-15.42.51:406][926]PIE: New page: PIE session: Architecture (19-Aug-2016 2:42:51 am)
[2016.08.18-15.42.51:406][926]LogPlayLevel: Creating play world package: /Game/UEDPIE_0_Architecture
[2016.08.18-15.42.51:472][926]LogPlayLevel: PIE: StaticDuplicateObject took: (0.065865s)
[2016.08.18-15.42.51:472][926]LogAIModule: Creating AISystem for world Architecture
[2016.08.18-15.42.51:473][926]LogPlayLevel: PIE: World Init took: (0.000857s)
[2016.08.18-15.42.51:473][926]LogPlayLevel: PIE: Created PIE world by copying editor world from /Game/Architecture.Architecture to /Game/UEDPIE_0_Architecture.Architecture (0.067046s)
[2016.08.18-15.42.51:548][926]LogInit: XAudio2 using 'Speakers (High Definition Audio Device)' : 2 channels at 44.1 kHz using 16 bits per sample (channel mask 0x3)
[2016.08.18-15.42.51:557][926]LogInit: FAudioDevice initialized.
[2016.08.18-15.42.51:811][926]LogWorld: Game class is 'FirstPersonGameMode_C'
[2016.08.18-15.42.51:821][926]LogPrimitiveComponent: Zero scaling not supported (/Game/UEDPIE_0_Architecture.Architecture:PersistentLevel.Carpet2.StaticMeshComponent0)
[2016.08.18-15.42.51:830][926]LogPrimitiveComponent: Zero scaling not supported (/Game/UEDPIE_0_Architecture.Architecture:PersistentLevel.Carpet3.StaticMeshComponent0)
[2016.08.18-15.42.51:832][926]LogPrimitiveComponent: Zero scaling not supported (/Game/UEDPIE_0_Architecture.Architecture:PersistentLevel.Carpet.StaticMeshComponent0)
[2016.08.18-15.42.51:835][926]LogPrimitiveComponent: Zero scaling not supported (/Game/UEDPIE_0_Architecture.Architecture:PersistentLevel.TVImage.StaticMeshComponent0)
[2016.08.18-15.42.51:839][926]LogWorld: Bringing World /Game/UEDPIE_0_Architecture.Architecture up for play (max tick rate 60) at 2016.08.18-21.12.51
[2016.08.18-15.42.51:839][926]LogActor:Warning: GameSession /Game/UEDPIE_0_Architecture.Architecture:PersistentLevel.GameSession_0 has natively added scene component(s), but none of them were set as the actor's RootComponent - picking one arbitrarily
[2016.08.18-15.42.51:840][926]LogActor:Warning: GameNetworkManager /Game/UEDPIE_0_Architecture.Architecture:PersistentLevel.GameNetworkManager_0 has natively added scene component(s), but none of them were set as the actor's RootComponent - picking one arbitrarily
[2016.08.18-15.42.51:905][926]LogWorld: Bringing up level for play took: 0.093407
[2016.08.18-15.42.51:990][926]PIE: Info Play in editor start time for /Game/UEDPIE_0_Architecture 0.814
[2016.08.18-15.42.51:990][926]LogBlueprintUserMessages: Late PlayInEditor Detection: Level '/Game/Architecture.Architecture:PersistentLevel' has LevelScriptBlueprint '/Game/Architecture.Architecture:PersistentLevel.Architecture' with GeneratedClass '/Game/Architecture.Architecture_C' with ClassGeneratedBy '/Game/Architecture.Architecture:PersistentLevel.Architecture'
[2016.08.18-15.42.52:561][937]LogBlueprintUserMessages: [ExportButtonBlueprint_C_1] {"revitName":"ArchVizPOC","checktype":"1","WallDetails":{"rWall":[{"Wcolor":"223-16-21","Wuid":"","Weid":""},{"Wcolor":"66-201-57","Wuid":"","Weid":""}]}}
[2016.08.18-15.42.58:570][ 94]LogBlueprintUserMessages: [ExportButtonBlueprint_C_1] {"revitName":"ArchVizPOC","checktype":"1","WallDetails":{"rWall":[{"Wcolor":"223-16-21","Wuid":"BeanBag_Blueprint","Weid":"BeanBag_Blueprint"},{"Wcolor":"66-201-57","Wuid":"BeanBag2_Blueprint","Weid":"BeanBag2_Blueprint"}]}}
[2016.08.18-15.43.01:681][175]LogBlueprintUserMessages: [ExportButtonBlueprint_C_1] {"revitName":"ArchVizPOC","checktype":"1","WallDetails":{"rWall":[{"Wcolor":"223-16-21","Wuid":"BeanBag_Blueprint","Weid":"BeanBag_Blueprint"},{"Wcolor":"66-201-57","Wuid":"BeanBag2_Blueprint","Weid":"BeanBag2_Blueprint"}]}}
[2016.08.18-15.43.03:074][211]LogBlueprintUserMessages: Early EndPlayMap Detection: Level '/Game/Architecture.Architecture:PersistentLevel' has LevelScriptBlueprint '/Game/Architecture.Architecture:PersistentLevel.Architecture' with GeneratedClass '/Game/Architecture.Architecture_C' with ClassGeneratedBy '/Game/Architecture.Architecture:PersistentLevel.Architecture'
[2016.08.18-15.43.03:255][211]LogBlueprintUserMessages: Late EndPlayMap Detection: Level '/Game/Architecture.Architecture:PersistentLevel' has LevelScriptBlueprint '/Game/Architecture.Architecture:PersistentLevel.Architecture' with GeneratedClass '/Game/Architecture.Architecture_C' with ClassGeneratedBy '/Game/Architecture.Architecture:PersistentLevel.Architecture'
[2016.08.18-15.43.03:337][212]LogParticles: Destroying 0 GPU particle simulations for FXSystem 0x00000235BF92D440
[2016.08.18-15.43.14:512][824]LogBlueprintUserMessages: Early PlayInEditor Detection: Level '/Game/Architecture.Architecture:PersistentLevel' has LevelScriptBlueprint '/Game/Architecture.Architecture:PersistentLevel.Architecture' with GeneratedClass '/Game/Architecture.Architecture_C' with ClassGeneratedBy '/Game/Architecture.Architecture:PersistentLevel.Architecture'
[2016.08.18-15.43.14:512][824]LogPlayLevel: PlayLevel: No blueprints needed recompiling
[2016.08.18-15.43.14:512][824]PIE: New page: PIE session: Architecture (19-Aug-2016 2:43:14 am)
[2016.08.18-15.43.14:513][824]LogPlayLevel: Creating play world package: /Game/UEDPIE_0_Architecture
[2016.08.18-15.43.14:560][824]LogPlayLevel: PIE: StaticDuplicateObject took: (0.047827s)
[2016.08.18-15.43.14:561][824]LogAIModule: Creating AISystem for world Architecture
[2016.08.18-15.43.14:562][824]LogPlayLevel: PIE: World Init took: (0.001371s)
[2016.08.18-15.43.14:562][824]LogPlayLevel: PIE: Created PIE world by copying editor world from /Game/Architecture.Architecture to /Game/UEDPIE_0_Architecture.Architecture (0.049534s)
[2016.08.18-15.43.14:623][824]LogInit: XAudio2 using 'Speakers (High Definition Audio Device)' : 2 channels at 44.1 kHz using 16 bits per sample (channel mask 0x3)
[2016.08.18-15.43.14:630][824]LogInit: FAudioDevice initialized.
[2016.08.18-15.43.14:669][824]LogWorld: Game class is 'FirstPersonGameMode_C'
[2016.08.18-15.43.14:680][824]LogPrimitiveComponent: Zero scaling not supported (/Game/UEDPIE_0_Architecture.Architecture:PersistentLevel.Carpet2.StaticMeshComponent0)
[2016.08.18-15.43.14:688][824]LogPrimitiveComponent: Zero scaling not supported (/Game/UEDPIE_0_Architecture.Architecture:PersistentLevel.Carpet3.StaticMeshComponent0)
[2016.08.18-15.43.14:691][824]LogPrimitiveComponent: Zero scaling not supported (/Game/UEDPIE_0_Architecture.Architecture:PersistentLevel.Carpet.StaticMeshComponent0)
[2016.08.18-15.43.14:693][824]LogPrimitiveComponent: Zero scaling not supported (/Game/UEDPIE_0_Architecture.Architecture:PersistentLevel.TVImage.StaticMeshComponent0)
[2016.08.18-15.43.14:697][824]LogWorld: Bringing World /Game/UEDPIE_0_Architecture.Architecture up for play (max tick rate 60) at 2016.08.18-21.13.14
[2016.08.18-15.43.14:698][824]LogActor:Warning: GameSession /Game/UEDPIE_0_Architecture.Architecture:PersistentLevel.GameSession_1 has natively added scene component(s), but none of them were set as the actor's RootComponent - picking one arbitrarily
[2016.08.18-15.43.14:698][824]LogActor:Warning: GameNetworkManager /Game/UEDPIE_0_Architecture.Architecture:PersistentLevel.GameNetworkManager_1 has natively added scene component(s), but none of them were set as the actor's RootComponent - picking one arbitrarily
[2016.08.18-15.43.14:699][824]LogWorld: Bringing up level for play took: 0.029748
[2016.08.18-15.43.14:702][824]PIE: Info Play in editor start time for /Game/UEDPIE_0_Architecture -0.474
[2016.08.18-15.43.14:702][824]LogBlueprintUserMessages: Late PlayInEditor Detection: Level '/Game/Architecture.Architecture:PersistentLevel' has LevelScriptBlueprint '/Game/Architecture.Architecture:PersistentLevel.Architecture' with GeneratedClass '/Game/Architecture.Architecture_C' with ClassGeneratedBy '/Game/Architecture.Architecture:PersistentLevel.Architecture'
[2016.08.18-15.43.15:233][836]LogBlueprintUserMessages: [ExportButtonBlueprint_C_22] {"revitName":"ArchVizPOC","checktype":"1","WallDetails":{"rWall":[{"Wcolor":"223-16-21","Wuid":"","Weid":""},{"Wcolor":"66-201-57","Wuid":"","Weid":""}]}}
[2016.08.18-15.43.17:134][886]LogBlueprintUserMessages: Early EndPlayMap Detection: Level '/Game/Architecture.Architecture:PersistentLevel' has LevelScriptBlueprint '/Game/Architecture.Architecture:PersistentLevel.Architecture' with GeneratedClass '/Game/Architecture.Architecture_C' with ClassGeneratedBy '/Game/Architecture.Architecture:PersistentLevel.Architecture'
[2016.08.18-15.43.17:173][886]LogBlueprintUserMessages: Late EndPlayMap Detection: Level '/Game/Architecture.Architecture:PersistentLevel' has LevelScriptBlueprint '/Game/Architecture.Architecture:PersistentLevel.Architecture' with GeneratedClass '/Game/Architecture.Architecture_C' with ClassGeneratedBy '/Game/Architecture.Architecture:PersistentLevel.Architecture'
[2016.08.18-15.43.17:232][886]LogParticles: Destroying 0 GPU particle simulations for FXSystem 0x0000023591313880
[2016.08.18-15.44.22:184][678]BlueprintLog: New page: Compile ExportButtonBlueprint
[2016.08.18-15.44.22:364][678]BlueprintEditorCompileResults: Info [1045.23] Compile of ExportButtonBlueprint successful! [in 180 ms]
[2016.08.18-15.44.22:573][683]Cmd: OBJ SAVEPACKAGE PACKAGE="/Game/Blueprints/ExportButtonBlueprint" FILE="../../../../../../Users/Vishal/Documents/Unreal Projects/MyProject/Content/Blueprints/ExportButtonBlueprint.uasset" SILENT=true
[2016.08.18-15.44.22:799][683]LogSavePackage: Save=209.354233ms
[2016.08.18-15.44.22:800][683]LogSavePackage: Moving '../../../../../../Users/Vishal/Documents/Unreal Projects/MyProject/Saved/ExportButtonBlueprint0007947547FBF0138F481AAFCD2FD356.tmp' to '../../../../../../Users/Vishal/Documents/Unreal Projects/MyProject/Content/Blueprints/ExportButtonBlueprint.uasset'
[2016.08.18-15.44.22:804][683]LogSavePackage: Total save time: 228.810169ms
[2016.08.18-15.44.22:804][683]LogSavePackage:Display: Finished SavePackage ../../../../../../Users/Vishal/Documents/Unreal Projects/MyProject/Content/Blueprints/ExportButtonBlueprint.uasset
[2016.08.18-15.44.24:462][781]LogBlueprintUserMessages: Early PlayInEditor Detection: Level '/Game/Architecture.Architecture:PersistentLevel' has LevelScriptBlueprint '/Game/Architecture.Architecture:PersistentLevel.Architecture' with GeneratedClass '/Game/Architecture.Architecture_C' with ClassGeneratedBy '/Game/Architecture.Architecture:PersistentLevel.Architecture'
[2016.08.18-15.44.24:463][781]LogPlayLevel: PlayLevel: No blueprints needed recompiling
[2016.08.18-15.44.24:463][781]PIE: New page: PIE session: Architecture (19-Aug-2016 2:44:24 am)
[2016.08.18-15.44.24:463][781]LogPlayLevel: Creating play world package: /Game/UEDPIE_0_Architecture
[2016.08.18-15.44.24:510][781]LogPlayLevel: PIE: StaticDuplicateObject took: (0.047505s)
[2016.08.18-15.44.24:511][781]LogAIModule: Creating AISystem for world Architecture
[2016.08.18-15.44.24:511][781]LogPlayLevel: PIE: World Init took: (0.001196s)
[2016.08.18-15.44.24:512][781]LogPlayLevel: PIE: Created PIE world by copying editor world from /Game/Architecture.Architecture to /Game/UEDPIE_0_Architecture.Architecture (0.049117s)
[2016.08.18-15.44.24:572][781]LogInit: XAudio2 using 'Speakers (High Definition Audio Device)' : 2 channels at 44.1 kHz using 16 bits per sample (channel mask 0x3)
[2016.08.18-15.44.24:580][781]LogInit: FAudioDevice initialized.
[2016.08.18-15.44.24:616][781]LogWorld: Game class is 'FirstPersonGameMode_C'
[2016.08.18-15.44.24:626][781]LogPrimitiveComponent: Zero scaling not supported (/Game/UEDPIE_0_Architecture.Architecture:PersistentLevel.Carpet2.StaticMeshComponent0)
[2016.08.18-15.44.24:635][781]LogPrimitiveComponent: Zero scaling not supported (/Game/UEDPIE_0_Architecture.Architecture:PersistentLevel.Carpet3.StaticMeshComponent0)
[2016.08.18-15.44.24:637][781]LogPrimitiveComponent: Zero scaling not supported (/Game/UEDPIE_0_Architecture.Architecture:PersistentLevel.Carpet.StaticMeshComponent0)
[2016.08.18-15.44.24:640][781]LogPrimitiveComponent: Zero scaling not supported (/Game/UEDPIE_0_Architecture.Architecture:PersistentLevel.TVImage.StaticMeshComponent0)
[2016.08.18-15.44.24:645][781]LogWorld: Bringing World /Game/UEDPIE_0_Architecture.Architecture up for play (max tick rate 60) at 2016.08.18-21.14.24
[2016.08.18-15.44.24:645][781]LogActor:Warning: GameSession /Game/UEDPIE_0_Architecture.Architecture:PersistentLevel.GameSession_2 has natively added scene component(s), but none of them were set as the actor's RootComponent - picking one arbitrarily
[2016.08.18-15.44.24:646][781]LogActor:Warning: GameNetworkManager /Game/UEDPIE_0_Architecture.Architecture:PersistentLevel.GameNetworkManager_2 has natively added scene component(s), but none of them were set as the actor's RootComponent - picking one arbitrarily
[2016.08.18-15.44.24:647][781]LogWorld: Bringing up level for play took: 0.030332
[2016.08.18-15.44.24:650][781]PIE: Info Play in editor start time for /Game/UEDPIE_0_Architecture -0.526
[2016.08.18-15.44.24:650][781]LogBlueprintUserMessages: Late PlayInEditor Detection: Level '/Game/Architecture.Architecture:PersistentLevel' has LevelScriptBlueprint '/Game/Architecture.Architecture:PersistentLevel.Architecture' with GeneratedClass '/Game/Architecture.Architecture_C' with ClassGeneratedBy '/Game/Architecture.Architecture:PersistentLevel.Architecture'
[2016.08.18-15.44.25:455][800]LogBlueprintUserMessages: [ExportButtonBlueprint_C_1] {"RoomJSON":{"revitName":"ArchVizPOC","checktype":"1","WallDetails":{"rWall":[{"Wcolor":"223-16-21","Wuid":"","Weid":""},{"Wcolor":"66-201-57","Wuid":"","Weid":""}]}}}
[2016.08.18-15.44.30:746][937]LogBlueprintUserMessages: [ExportButtonBlueprint_C_1] {"RoomJSON":{"revitName":"ArchVizPOC","checktype":"1","WallDetails":{"rWall":[{"Wcolor":"223-16-21","Wuid":"BeanBag_Blueprint","Weid":"BeanBag_Blueprint"},{"Wcolor":"66-201-57","Wuid":"BeanBag2_Blueprint","Weid":"BeanBag2_Blueprint"}]}}}
[2016.08.18-15.44.33:029][996]LogBlueprintUserMessages: Early EndPlayMap Detection: Level '/Game/Architecture.Architecture:PersistentLevel' has LevelScriptBlueprint '/Game/Architecture.Architecture:PersistentLevel.Architecture' with GeneratedClass '/Game/Architecture.Architecture_C' with ClassGeneratedBy '/Game/Architecture.Architecture:PersistentLevel.Architecture'
[2016.08.18-15.44.33:104][996]LogBlueprintUserMessages: Late EndPlayMap Detection: Level '/Game/Architecture.Architecture:PersistentLevel' has LevelScriptBlueprint '/Game/Architecture.Architecture:PersistentLevel.Architecture' with GeneratedClass '/Game/Architecture.Architecture_C' with ClassGeneratedBy '/Game/Architecture.Architecture:PersistentLevel.Architecture'
[2016.08.18-15.44.33:163][996]LogParticles: Destroying 0 GPU particle simulations for FXSystem 0x00000235ACAF5F80
[2016.08.18-15.45.37:962][678]BlueprintLog: New page: Compile ExportButtonBlueprint
[2016.08.18-15.45.38:137][678]BlueprintEditorCompileResults: Info [1121.00] Compile of ExportButtonBlueprint successful! [in 174 ms]
[2016.08.18-15.45.38:415][689]Cmd: OBJ SAVEPACKAGE PACKAGE="/Game/Blueprints/ExportButtonBlueprint" FILE="../../../../../../Users/Vishal/Documents/Unreal Projects/MyProject/Content/Blueprints/ExportButtonBlueprint.uasset" SILENT=true
[2016.08.18-15.45.38:579][689]LogSavePackage: Save=153.561722ms
[2016.08.18-15.45.38:579][689]LogSavePackage: Moving '../../../../../../Users/Vishal/Documents/Unreal Projects/MyProject/Saved/ExportButtonBlueprint2FECAFF548EE0B56AEBECA9AB9AC2838.tmp' to '../../../../../../Users/Vishal/Documents/Unreal Projects/MyProject/Content/Blueprints/ExportButtonBlueprint.uasset'
[2016.08.18-15.45.38:584][689]LogSavePackage: Total save time: 166.920137ms
[2016.08.18-15.45.38:584][689]LogSavePackage:Display: Finished SavePackage ../../../../../../Users/Vishal/Documents/Unreal Projects/MyProject/Content/Blueprints/ExportButtonBlueprint.uasset
[2016.08.18-15.45.46:918][882]LogBlueprintUserMessages: Early PlayInEditor Detection: Level '/Game/Architecture.Architecture:PersistentLevel' has LevelScriptBlueprint '/Game/Architecture.Architecture:PersistentLevel.Architecture' with GeneratedClass '/Game/Architecture.Architecture_C' with ClassGeneratedBy '/Game/Architecture.Architecture:PersistentLevel.Architecture'
[2016.08.18-15.45.46:918][882]LogPlayLevel: PlayLevel: No blueprints needed recompiling
[2016.08.18-15.45.46:918][882]PIE: New page: PIE session: Architecture (19-Aug-2016 2:45:46 am)
[2016.08.18-15.45.46:919][882]LogPlayLevel: Creating play world package: /Game/UEDPIE_0_Architecture
[2016.08.18-15.45.46:964][882]LogPlayLevel: PIE: StaticDuplicateObject took: (0.045981s)
[2016.08.18-15.45.46:965][882]LogAIModule: Creating AISystem for world Architecture
[2016.08.18-15.45.46:966][882]LogPlayLevel: PIE: World Init took: (0.001061s)
[2016.08.18-15.45.46:966][882]LogPlayLevel: PIE: Created PIE world by copying editor world from /Game/Architecture.Architecture to /Game/UEDPIE_0_Architecture.Architecture (0.047387s)
[2016.08.18-15.45.47:025][882]LogInit: XAudio2 using 'Speakers (High Definition Audio Device)' : 2 channels at 44.1 kHz using 16 bits per sample (channel mask 0x3)
[2016.08.18-15.45.47:034][882]LogInit: FAudioDevice initialized.
[2016.08.18-15.45.47:071][882]LogWorld: Game class is 'FirstPersonGameMode_C'
[2016.08.18-15.45.47:081][882]LogPrimitiveComponent: Zero scaling not supported (/Game/UEDPIE_0_Architecture.Architecture:PersistentLevel.Carpet2.StaticMeshComponent0)
[2016.08.18-15.45.47:091][882]LogPrimitiveComponent: Zero scaling not supported (/Game/UEDPIE_0_Architecture.Architecture:PersistentLevel.Carpet3.StaticMeshComponent0)
[2016.08.18-15.45.47:093][882]LogPrimitiveComponent: Zero scaling not supported (/Game/UEDPIE_0_Architecture.Architecture:PersistentLevel.Carpet.StaticMeshComponent0)
[2016.08.18-15.45.47:096][882]LogPrimitiveComponent: Zero scaling not supported (/Game/UEDPIE_0_Architecture.Architecture:PersistentLevel.TVImage.StaticMeshComponent0)
[2016.08.18-15.45.47:101][882]LogWorld: Bringing World /Game/UEDPIE_0_Architecture.Architecture up for play (max tick rate 60) at 2016.08.18-21.15.47
[2016.08.18-15.45.47:101][882]LogActor:Warning: GameSession /Game/UEDPIE_0_Architecture.Architecture:PersistentLevel.GameSession_3 has natively added scene component(s), but none of them were set as the actor's RootComponent - picking one arbitrarily
[2016.08.18-15.45.47:101][882]LogActor:Warning: GameNetworkManager /Game/UEDPIE_0_Architecture.Architecture:PersistentLevel.GameNetworkManager_3 has natively added scene component(s), but none of them were set as the actor's RootComponent - picking one arbitrarily
[2016.08.18-15.45.47:102][882]LogWorld: Bringing up level for play took: 0.030319
[2016.08.18-15.45.47:105][882]PIE: Info Play in editor start time for /Game/UEDPIE_0_Architecture -0.071
[2016.08.18-15.45.47:105][882]LogBlueprintUserMessages: Late PlayInEditor Detection: Level '/Game/Architecture.Architecture:PersistentLevel' has LevelScriptBlueprint '/Game/Architecture.Architecture:PersistentLevel.Architecture' with GeneratedClass '/Game/Architecture.Architecture_C' with ClassGeneratedBy '/Game/Architecture.Architecture:PersistentLevel.Architecture'
[2016.08.18-15.45.47:678][895]LogBlueprintUserMessages: [ExportButtonBlueprint_C_1] {"rows":{"revitName":"ArchVizPOC","checktype":"1","WallDetails":{"rWall":[{"Wcolor":"223-16-21","Wuid":"","Weid":""},{"Wcolor":"66-201-57","Wuid":"","Weid":""}]}}}
[2016.08.18-15.45.49:733][949]LogBlueprintUserMessages: Early EndPlayMap Detection: Level '/Game/Architecture.Architecture:PersistentLevel' has LevelScriptBlueprint '/Game/Architecture.Architecture:PersistentLevel.Architecture' with GeneratedClass '/Game/Architecture.Architecture_C' with ClassGeneratedBy '/Game/Architecture.Architecture:PersistentLevel.Architecture'
[2016.08.18-15.45.49:777][949]LogBlueprintUserMessages: Late EndPlayMap Detection: Level '/Game/Architecture.Architecture:PersistentLevel' has LevelScriptBlueprint '/Game/Architecture.Architecture:PersistentLevel.Architecture' with GeneratedClass '/Game/Architecture.Architecture_C' with ClassGeneratedBy '/Game/Architecture.Architecture:PersistentLevel.Architecture'
[2016.08.18-15.45.49:835][949]LogParticles: Destroying 0 GPU particle simulations for FXSystem 0x00000235EF0977E0
[2016.08.18-15.52.20:507][957]LogFileHelpers: Editor autosave (incl. sublevels) for '/Game/Architecture' took 0.081
[2016.08.18-15.52.20:538][957]OBJ SavePackage: Generating thumbnails for [0] asset(s) in package [/Game/Blueprints/ExportButtonBlueprint] ([1] browsable assets)...
[2016.08.18-15.52.20:538][957]OBJ SavePackage: Finished generating thumbnails for package [/Game/Blueprints/ExportButtonBlueprint]
[2016.08.18-15.52.20:722][957]LogSavePackage: Save=161.806137ms
[2016.08.18-15.52.20:722][957]LogSavePackage: Moving '../../../../../../Users/Vishal/Documents/Unreal Projects/MyProject/Saved/ExportButtonBlueprint_Auto138F28C9D4FB662500BE467B058707F2F.tmp' to '../../../../../../Users/Vishal/Documents/Unreal Projects/MyProject/Saved/Autosaves/Game/Blueprints/ExportButtonBlueprint_Auto1.uasset'
[2016.08.18-15.52.20:724][957]LogSavePackage: Total save time: 184.428200ms
[2016.08.18-15.52.20:724][957]LogSavePackage:Display: Finished SavePackage ../../../../../../Users/Vishal/Documents/Unreal Projects/MyProject/Saved/Autosaves/Game/Blueprints/ExportButtonBlueprint_Auto1.uasset
[2016.08.18-15.52.20:724][957]LogFileHelpers: Auto-saving content packages took 0.217
[2016.08.18-15.52.43:782][141]LogEditorTransaction: Undo Create Pin Link
[2016.08.18-15.52.44:047][152]LogEditorTransaction: Undo Break Pin Links
[2016.08.18-15.52.44:362][158]LogEditorTransaction: Undo Move Node
[2016.08.18-15.52.44:647][168]LogEditorTransaction: Undo Add Node
[2016.08.18-15.52.45:105][189]LogEditorTransaction: Undo Move Node
[2016.08.18-15.52.45:488][205]LogEditorTransaction: Undo Move Node
[2016.08.18-15.52.45:811][218]LogEditorTransaction: Undo Paste clipboard contents
[2016.08.18-15.52.46:230][236]LogEditorTransaction: Undo Delete current selection
[2016.08.18-15.52.52:963][500]BlueprintLog: New page: Compile ExportButtonBlueprint
[2016.08.18-15.52.53:177][500]BlueprintEditorCompileResults: Info [1556.04] Compile of ExportButtonBlueprint successful! [in 213 ms]
[2016.08.18-15.52.53:684][526]Cmd: OBJ SAVEPACKAGE PACKAGE="/Game/Blueprints/ExportButtonBlueprint" FILE="../../../../../../Users/Vishal/Documents/Unreal Projects/MyProject/Content/Blueprints/ExportButtonBlueprint.uasset" SILENT=true
[2016.08.18-15.52.53:849][526]LogSavePackage: Save=155.290039ms
[2016.08.18-15.52.53:849][526]LogSavePackage: Moving '../../../../../../Users/Vishal/Documents/Unreal Projects/MyProject/Saved/ExportButtonBlueprint473C91D44FB6AA96DC171C8B192BE634.tmp' to '../../../../../../Users/Vishal/Documents/Unreal Projects/MyProject/Content/Blueprints/ExportButtonBlueprint.uasset'
[2016.08.18-15.52.53:853][526]LogSavePackage: Total save time: 167.161107ms
[2016.08.18-15.52.53:853][526]LogSavePackage:Display: Finished SavePackage ../../../../../../Users/Vishal/Documents/Unreal Projects/MyProject/Content/Blueprints/ExportButtonBlueprint.uasset
[2016.08.18-15.52.58:129][781]LogBlueprintUserMessages: Early PlayInEditor Detection: Level '/Game/Architecture.Architecture:PersistentLevel' has LevelScriptBlueprint '/Game/Architecture.Architecture:PersistentLevel.Architecture' with GeneratedClass '/Game/Architecture.Architecture_C' with ClassGeneratedBy '/Game/Architecture.Architecture:PersistentLevel.Architecture'
[2016.08.18-15.52.58:129][781]LogPlayLevel: PlayLevel: No blueprints needed recompiling
[2016.08.18-15.52.58:129][781]PIE: New page: PIE session: Architecture (19-Aug-2016 2:52:58 am)
[2016.08.18-15.52.58:129][781]LogPlayLevel: Creating play world package: /Game/UEDPIE_0_Architecture
[2016.08.18-15.52.58:172][781]LogPlayLevel: PIE: StaticDuplicateObject took: (0.042686s)
[2016.08.18-15.52.58:172][781]LogAIModule: Creating AISystem for world Architecture
[2016.08.18-15.52.58:173][781]LogPlayLevel: PIE: World Init took: (0.000838s)
[2016.08.18-15.52.58:173][781]LogPlayLevel: PIE: Created PIE world by copying editor world from /Game/Architecture.Architecture to /Game/UEDPIE_0_Architecture.Architecture (0.044040s)
[2016.08.18-15.52.58:234][781]LogInit: XAudio2 using 'Speakers (High Definition Audio Device)' : 2 channels at 44.1 kHz using 16 bits per sample (channel mask 0x3)
[2016.08.18-15.52.58:242][781]LogInit: FAudioDevice initialized.
[2016.08.18-15.52.58:282][781]LogWorld: Game class is 'FirstPersonGameMode_C'
[2016.08.18-15.52.58:293][781]LogPrimitiveComponent: Zero scaling not supported (/Game/UEDPIE_0_Architecture.Architecture:PersistentLevel.Carpet2.StaticMeshComponent0)
[2016.08.18-15.52.58:302][781]LogPrimitiveComponent: Zero scaling not supported (/Game/UEDPIE_0_Architecture.Architecture:PersistentLevel.Carpet3.StaticMeshComponent0)
[2016.08.18-15.52.58:304][781]LogPrimitiveComponent: Zero scaling not supported (/Game/UEDPIE_0_Architecture.Architecture:PersistentLevel.Carpet.StaticMeshComponent0)
[2016.08.18-15.52.58:307][781]LogPrimitiveComponent: Zero scaling not supported (/Game/UEDPIE_0_Architecture.Architecture:PersistentLevel.TVImage.StaticMeshComponent0)
[2016.08.18-15.52.58:313][781]LogWorld: Bringing World /Game/UEDPIE_0_Architecture.Architecture up for play (max tick rate 60) at 2016.08.18-21.22.58
[2016.08.18-15.52.58:313][781]LogActor:Warning: GameSession /Game/UEDPIE_0_Architecture.Architecture:PersistentLevel.GameSession_4 has natively added scene component(s), but none of them were set as the actor's RootComponent - picking one arbitrarily
[2016.08.18-15.52.58:314][781]LogActor:Warning: GameNetworkManager /Game/UEDPIE_0_Architecture.Architecture:PersistentLevel.GameNetworkManager_4 has natively added scene component(s), but none of them were set as the actor's RootComponent - picking one arbitrarily
[2016.08.18-15.52.58:314][781]LogWorld: Bringing up level for play took: 0.031432
[2016.08.18-15.52.58:317][781]PIE: Info Play in editor start time for /Game/UEDPIE_0_Architecture 1.141
[2016.08.18-15.52.58:318][781]LogBlueprintUserMessages: Late PlayInEditor Detection: Level '/Game/Architecture.Architecture:PersistentLevel' has LevelScriptBlueprint '/Game/Architecture.Architecture:PersistentLevel.Architecture' with GeneratedClass '/Game/Architecture.Architecture_C' with ClassGeneratedBy '/Game/Architecture.Architecture:PersistentLevel.Architecture'
[2016.08.18-15.53.14:170][423]LogBlueprintUserMessages: [ExportButtonBlueprint_C_1] {"rows":{"revitName":"ArchVizPOC","checktype":"1","WallDetails":{"rWall":[{"Wcolor":"223-16-21","Wuid":"","Weid":""},{"Wcolor":"66-201-57","Wuid":"","Weid":""}]}}}
[2016.08.18-15.53.16:066][459]LogVaRest: Response (422): <!DOCTYPE html>
<html>
<head>
  <title>The change you wanted was rejected (422)</title>
  <meta name="viewport" content="width=device-width,initial-scale=1">
  <style>
  body {
    background-color: #EFEFEF;
    color: #2E2F30;
    text-align: center;
    font-family: arial, sans-serif;
    margin: 0;
  }

  div.dialog {
    width: 95%;
    max-width: 33em;
    margin: 4em auto 0;
  }

  div.dialog > div {
    border: 1px solid #CCC;
    border-right-color: #999;
    border-left-color: #999;
    border-bottom-color: #BBB;
    border-top: #B00100 solid 4px;
    border-top-left-radius: 9px;
    border-top-right-radius: 9px;
    background-color: white;
    padding: 7px 12% 0;
    box-shadow: 0 3px 8px rgba(50, 50, 50, 0.17);
  }

  h1 {
    font-size: 100%;
    color: #730E15;
    line-height: 1.5em;
  }

  div.dialog > p {
    margin: 0 0 1em;
    padding: 1em;
    background-color: #F7F7F7;
    border: 1px solid #CCC;
    border-right-color: #999;
    border-left-color: #999;
    border-bottom-color: #999;
    border-bottom-left-radius: 4px;
    border-bottom-right-radius: 4px;
    border-top-color: #DADADA;
    color: #666;
    box-shadow: 0 3px 8px rgba(50, 50, 50, 0.17);
  }
  </style>
</head>

<body>
  <!-- This file lives in public/422.html -->
  <div class="dialog">
    <div>
      <h1>The change you wanted was rejected.</h1>
      <p>Maybe you tried to change something you didn't have access to.</p>
    </div>
    <p>If you are the application owner check the logs for more information.</p>
  </div>
</body>
</html>

[2016.08.18-15.53.44:868][859]LogBlueprintUserMessages: Early EndPlayMap Detection: Level '/Game/Architecture.Architecture:PersistentLevel' has LevelScriptBlueprint '/Game/Architecture.Architecture:PersistentLevel.Architecture' with GeneratedClass '/Game/Architecture.Architecture_C' with ClassGeneratedBy '/Game/Architecture.Architecture:PersistentLevel.Architecture'
[2016.08.18-15.53.44:915][859]LogBlueprintUserMessages: Late EndPlayMap Detection: Level '/Game/Architecture.Architecture:PersistentLevel' has LevelScriptBlueprint '/Game/Architecture.Architecture:PersistentLevel.Architecture' with GeneratedClass '/Game/Architecture.Architecture_C' with ClassGeneratedBy '/Game/Architecture.Architecture:PersistentLevel.Architecture'
[2016.08.18-15.53.44:977][859]LogParticles: Destroying 0 GPU particle simulations for FXSystem 0x00000235AC8596C0
[2016.08.18-15.54.50:706][727]LogEditorTransaction: Undo Move Nodes
[2016.08.18-15.54.51:200][740]LogEditorTransaction: Undo Move Nodes
[2016.08.18-15.54.59:020][198]BlueprintLog: New page: Compile ExportButtonBlueprint
[2016.08.18-15.54.59:216][198]BlueprintEditorCompileResults: Info [1682.08] Compile of ExportButtonBlueprint successful! [in 196 ms]
[2016.08.18-15.55.00:069][245]Cmd: OBJ SAVEPACKAGE PACKAGE="/Game/Blueprints/ExportButtonBlueprint" FILE="../../../../../../Users/Vishal/Documents/Unreal Projects/MyProject/Content/Blueprints/ExportButtonBlueprint.uasset" SILENT=true
[2016.08.18-15.55.00:243][245]LogSavePackage: Save=161.868622ms
[2016.08.18-15.55.00:243][245]LogSavePackage: Moving '../../../../../../Users/Vishal/Documents/Unreal Projects/MyProject/Saved/ExportButtonBlueprint58F698B0494A0CC685259FAD15BF9447.tmp' to '../../../../../../Users/Vishal/Documents/Unreal Projects/MyProject/Content/Blueprints/ExportButtonBlueprint.uasset'
[2016.08.18-15.55.00:248][245]LogSavePackage: Total save time: 176.804513ms
[2016.08.18-15.55.00:248][245]LogSavePackage:Display: Finished SavePackage ../../../../../../Users/Vishal/Documents/Unreal Projects/MyProject/Content/Blueprints/ExportButtonBlueprint.uasset
[2016.08.18-15.55.01:455][316]LogBlueprintUserMessages: Early PlayInEditor Detection: Level '/Game/Architecture.Architecture:PersistentLevel' has LevelScriptBlueprint '/Game/Architecture.Architecture:PersistentLevel.Architecture' with GeneratedClass '/Game/Architecture.Architecture_C' with ClassGeneratedBy '/Game/Architecture.Architecture:PersistentLevel.Architecture'
[2016.08.18-15.55.01:455][316]LogPlayLevel: PlayLevel: No blueprints needed recompiling
[2016.08.18-15.55.01:455][316]PIE: New page: PIE session: Architecture (19-Aug-2016 2:55:01 am)
[2016.08.18-15.55.01:455][316]LogPlayLevel: Creating play world package: /Game/UEDPIE_0_Architecture
[2016.08.18-15.55.01:499][316]LogPlayLevel: PIE: StaticDuplicateObject took: (0.044194s)
[2016.08.18-15.55.01:500][316]LogAIModule: Creating AISystem for world Architecture
[2016.08.18-15.55.01:500][316]LogPlayLevel: PIE: World Init took: (0.001074s)
[2016.08.18-15.55.01:500][316]LogPlayLevel: PIE: Created PIE world by copying editor world from /Game/Architecture.Architecture to /Game/UEDPIE_0_Architecture.Architecture (0.045759s)
[2016.08.18-15.55.01:562][316]LogInit: XAudio2 using 'Speakers (High Definition Audio Device)' : 2 channels at 44.1 kHz using 16 bits per sample (channel mask 0x3)
[2016.08.18-15.55.01:571][316]LogInit: FAudioDevice initialized.
[2016.08.18-15.55.01:610][316]LogWorld: Game class is 'FirstPersonGameMode_C'
[2016.08.18-15.55.01:620][316]LogPrimitiveComponent: Zero scaling not supported (/Game/UEDPIE_0_Architecture.Architecture:PersistentLevel.Carpet2.StaticMeshComponent0)
[2016.08.18-15.55.01:629][316]LogPrimitiveComponent: Zero scaling not supported (/Game/UEDPIE_0_Architecture.Architecture:PersistentLevel.Carpet3.StaticMeshComponent0)
[2016.08.18-15.55.01:631][316]LogPrimitiveComponent: Zero scaling not supported (/Game/UEDPIE_0_Architecture.Architecture:PersistentLevel.Carpet.StaticMeshComponent0)
[2016.08.18-15.55.01:634][316]LogPrimitiveComponent: Zero scaling not supported (/Game/UEDPIE_0_Architecture.Architecture:PersistentLevel.TVImage.StaticMeshComponent0)
[2016.08.18-15.55.01:639][316]LogWorld: Bringing World /Game/UEDPIE_0_Architecture.Architecture up for play (max tick rate 60) at 2016.08.18-21.25.01
[2016.08.18-15.55.01:639][316]LogActor:Warning: GameSession /Game/UEDPIE_0_Architecture.Architecture:PersistentLevel.GameSession_5 has natively added scene component(s), but none of them were set as the actor's RootComponent - picking one arbitrarily
[2016.08.18-15.55.01:640][316]LogActor:Warning: GameNetworkManager /Game/UEDPIE_0_Architecture.Architecture:PersistentLevel.GameNetworkManager_5 has natively added scene component(s), but none of them were set as the actor's RootComponent - picking one arbitrarily
[2016.08.18-15.55.01:641][316]LogWorld: Bringing up level for play took: 0.029917
[2016.08.18-15.55.01:644][316]PIE: Info Play in editor start time for /Game/UEDPIE_0_Architecture 0.468
[2016.08.18-15.55.01:644][316]LogBlueprintUserMessages: Late PlayInEditor Detection: Level '/Game/Architecture.Architecture:PersistentLevel' has LevelScriptBlueprint '/Game/Architecture.Architecture:PersistentLevel.Architecture' with GeneratedClass '/Game/Architecture.Architecture_C' with ClassGeneratedBy '/Game/Architecture.Architecture:PersistentLevel.Architecture'
[2016.08.18-15.55.02:569][338]LogBlueprintUserMessages: [ExportButtonBlueprint_C_1] {"rows":{"revitName":"ArchVizPOC","checktype":"1","WallDetails":{"rWall":[{"Wcolor":"223-16-21","Wuid":"BeanBag_Blueprint","Weid":"BeanBag_Blueprint"},{"Wcolor":"66-201-57","Wuid":"BeanBag2_Blueprint","Weid":"BeanBag2_Blueprint"}]}}}
[2016.08.18-15.55.03:810][370]LogVaRest: Response (422): <!DOCTYPE html>
<html>
<head>
  <title>The change you wanted was rejected (422)</title>
  <meta name="viewport" content="width=device-width,initial-scale=1">
  <style>
  body {
    background-color: #EFEFEF;
    color: #2E2F30;
    text-align: center;
    font-family: arial, sans-serif;
    margin: 0;
  }

  div.dialog {
    width: 95%;
    max-width: 33em;
    margin: 4em auto 0;
  }

  div.dialog > div {
    border: 1px solid #CCC;
    border-right-color: #999;
    border-left-color: #999;
    border-bottom-color: #BBB;
    border-top: #B00100 solid 4px;
    border-top-left-radius: 9px;
    border-top-right-radius: 9px;
    background-color: white;
    padding: 7px 12% 0;
    box-shadow: 0 3px 8px rgba(50, 50, 50, 0.17);
  }

  h1 {
    font-size: 100%;
    color: #730E15;
    line-height: 1.5em;
  }

  div.dialog > p {
    margin: 0 0 1em;
    padding: 1em;
    background-color: #F7F7F7;
    border: 1px solid #CCC;
    border-right-color: #999;
    border-left-color: #999;
    border-bottom-color: #999;
    border-bottom-left-radius: 4px;
    border-bottom-right-radius: 4px;
    border-top-color: #DADADA;
    color: #666;
    box-shadow: 0 3px 8px rgba(50, 50, 50, 0.17);
  }
  </style>
</head>

<body>
  <!-- This file lives in public/422.html -->
  <div class="dialog">
    <div>
      <h1>The change you wanted was rejected.</h1>
      <p>Maybe you tried to change something you didn't have access to.</p>
    </div>
    <p>If you are the application owner check the logs for more information.</p>
  </div>
</body>
</html>

[2016.08.18-15.55.19:818][103]LogBlueprintUserMessages: Early EndPlayMap Detection: Level '/Game/Architecture.Architecture:PersistentLevel' has LevelScriptBlueprint '/Game/Architecture.Architecture:PersistentLevel.Architecture' with GeneratedClass '/Game/Architecture.Architecture_C' with ClassGeneratedBy '/Game/Architecture.Architecture:PersistentLevel.Architecture'
[2016.08.18-15.55.19:859][103]LogBlueprintUserMessages: Late EndPlayMap Detection: Level '/Game/Architecture.Architecture:PersistentLevel' has LevelScriptBlueprint '/Game/Architecture.Architecture:PersistentLevel.Architecture' with GeneratedClass '/Game/Architecture.Architecture_C' with ClassGeneratedBy '/Game/Architecture.Architecture:PersistentLevel.Architecture'
[2016.08.18-15.55.19:925][103]LogParticles: Destroying 0 GPU particle simulations for FXSystem 0x00000235AE1AF880
[2016.08.18-15.55.26:016][383]Cmd: clear
[2016.08.18-16.01.35:182][302]LogEditorTransaction: Undo Add Node
[2016.08.18-16.03.26:326][727]LogFileHelpers: Editor autosave (incl. sublevels) for '/Game/Architecture' took 0.082
[2016.08.18-16.03.26:334][727]OBJ SavePackage: Generating thumbnails for [0] asset(s) in package [/Game/Blueprints/ExportButtonBlueprint] ([1] browsable assets)...
[2016.08.18-16.03.26:334][727]OBJ SavePackage: Finished generating thumbnails for package [/Game/Blueprints/ExportButtonBlueprint]
[2016.08.18-16.03.26:512][727]LogSavePackage: Save=158.853317ms
[2016.08.18-16.03.26:512][727]LogSavePackage: Moving '../../../../../../Users/Vishal/Documents/Unreal Projects/MyProject/Saved/ExportButtonBlueprint_Auto26336205D4375315A4FFB4A9282652BFA.tmp' to '../../../../../../Users/Vishal/Documents/Unreal Projects/MyProject/Saved/Autosaves/Game/Blueprints/ExportButtonBlueprint_Auto2.uasset'
[2016.08.18-16.03.26:514][727]LogSavePackage: Total save time: 177.705038ms
[2016.08.18-16.03.26:514][727]LogSavePackage:Display: Finished SavePackage ../../../../../../Users/Vishal/Documents/Unreal Projects/MyProject/Saved/Autosaves/Game/Blueprints/ExportButtonBlueprint_Auto2.uasset
[2016.08.18-16.03.26:514][727]LogFileHelpers: Auto-saving content packages took 0.187
[2016.08.18-16.05.43:030][200]BlueprintLog: New page: Compile ExportButtonBlueprint
[2016.08.18-16.05.43:216][200]BlueprintEditorCompileResults: Info [2326.08] Compile of ExportButtonBlueprint successful! [in 185 ms]
[2016.08.18-16.05.43:915][237]Cmd: OBJ SAVEPACKAGE PACKAGE="/Game/Blueprints/ExportButtonBlueprint" FILE="../../../../../../Users/Vishal/Documents/Unreal Projects/MyProject/Content/Blueprints/ExportButtonBlueprint.uasset" SILENT=true
[2016.08.18-16.05.44:081][237]LogSavePackage: Save=153.439453ms
[2016.08.18-16.05.44:081][237]LogSavePackage: Moving '../../../../../../Users/Vishal/Documents/Unreal Projects/MyProject/Saved/ExportButtonBlueprint6B5322FA424D1D5A5910DA9E5F04E631.tmp' to '../../../../../../Users/Vishal/Documents/Unreal Projects/MyProject/Content/Blueprints/ExportButtonBlueprint.uasset'
[2016.08.18-16.05.44:085][237]LogSavePackage: Total save time: 168.019690ms
[2016.08.18-16.05.44:085][237]LogSavePackage:Display: Finished SavePackage ../../../../../../Users/Vishal/Documents/Unreal Projects/MyProject/Content/Blueprints/ExportButtonBlueprint.uasset
[2016.08.18-16.05.47:632][418]LogBlueprintUserMessages: Early PlayInEditor Detection: Level '/Game/Architecture.Architecture:PersistentLevel' has LevelScriptBlueprint '/Game/Architecture.Architecture:PersistentLevel.Architecture' with GeneratedClass '/Game/Architecture.Architecture_C' with ClassGeneratedBy '/Game/Architecture.Architecture:PersistentLevel.Architecture'
[2016.08.18-16.05.47:633][418]LogPlayLevel: PlayLevel: No blueprints needed recompiling
[2016.08.18-16.05.47:633][418]PIE: New page: PIE session: Architecture (19-Aug-2016 3:05:47 am)
[2016.08.18-16.05.47:633][418]LogPlayLevel: Creating play world package: /Game/UEDPIE_0_Architecture
[2016.08.18-16.05.47:678][418]LogPlayLevel: PIE: StaticDuplicateObject took: (0.045072s)
[2016.08.18-16.05.47:679][418]LogAIModule: Creating AISystem for world Architecture
[2016.08.18-16.05.47:680][418]LogPlayLevel: PIE: World Init took: (0.001605s)
[2016.08.18-16.05.47:680][418]LogPlayLevel: PIE: Created PIE world by copying editor world from /Game/Architecture.Architecture to /Game/UEDPIE_0_Architecture.Architecture (0.047134s)
[2016.08.18-16.05.47:740][418]LogParticles: Destroying 0 GPU particle simulations for FXSystem 0x00000235DF1C5800
[2016.08.18-16.05.47:748][418]LogInit: XAudio2 using 'Speakers (High Definition Audio Device)' : 2 channels at 44.1 kHz using 16 bits per sample (channel mask 0x3)
[2016.08.18-16.05.47:756][418]LogInit: FAudioDevice initialized.
[2016.08.18-16.05.47:796][418]LogWorld: Game class is 'FirstPersonGameMode_C'
[2016.08.18-16.05.47:807][418]LogPrimitiveComponent: Zero scaling not supported (/Game/UEDPIE_0_Architecture.Architecture:PersistentLevel.Carpet2.StaticMeshComponent0)
[2016.08.18-16.05.47:816][418]LogPrimitiveComponent: Zero scaling not supported (/Game/UEDPIE_0_Architecture.Architecture:PersistentLevel.Carpet3.StaticMeshComponent0)
[2016.08.18-16.05.47:818][418]LogPrimitiveComponent: Zero scaling not supported (/Game/UEDPIE_0_Architecture.Architecture:PersistentLevel.Carpet.StaticMeshComponent0)
[2016.08.18-16.05.47:821][418]LogPrimitiveComponent: Zero scaling not supported (/Game/UEDPIE_0_Architecture.Architecture:PersistentLevel.TVImage.StaticMeshComponent0)
[2016.08.18-16.05.47:825][418]LogWorld: Bringing World /Game/UEDPIE_0_Architecture.Architecture up for play (max tick rate 60) at 2016.08.18-21.35.47
[2016.08.18-16.05.47:825][418]LogActor:Warning: GameSession /Game/UEDPIE_0_Architecture.Architecture:PersistentLevel.GameSession_6 has natively added scene component(s), but none of them were set as the actor's RootComponent - picking one arbitrarily
[2016.08.18-16.05.47:826][418]LogActor:Warning: GameNetworkManager /Game/UEDPIE_0_Architecture.Architecture:PersistentLevel.GameNetworkManager_6 has natively added scene component(s), but none of them were set as the actor's RootComponent - picking one arbitrarily
[2016.08.18-16.05.47:827][418]LogWorld: Bringing up level for play took: 0.030351
[2016.08.18-16.05.47:830][418]PIE: Info Play in editor start time for /Game/UEDPIE_0_Architecture 0.654
[2016.08.18-16.05.47:830][418]LogBlueprintUserMessages: Late PlayInEditor Detection: Level '/Game/Architecture.Architecture:PersistentLevel' has LevelScriptBlueprint '/Game/Architecture.Architecture:PersistentLevel.Architecture' with GeneratedClass '/Game/Architecture.Architecture_C' with ClassGeneratedBy '/Game/Architecture.Architecture:PersistentLevel.Architecture'
[2016.08.18-16.05.48:802][439]LogBlueprintUserMessages: [ExportButtonBlueprint_C_1] {"rows":{"revitName":"ArchVizPOC","checktype":"1","WallDetails":{"rWall":[{"Wcolor":"223-16-21","Wuid":"BeanBag_Blueprint","Weid":"BeanBag_Blueprint"},{"Wcolor":"66-201-57","Wuid":"BeanBag2_Blueprint","Weid":"BeanBag2_Blueprint"}]}}}
[2016.08.18-16.05.49:983][469]LogVaRest: Response (422): <!DOCTYPE html>
<html>
<head>
  <title>The change you wanted was rejected (422)</title>
  <meta name="viewport" content="width=device-width,initial-scale=1">
  <style>
  body {
    background-color: #EFEFEF;
    color: #2E2F30;
    text-align: center;
    font-family: arial, sans-serif;
    margin: 0;
  }

  div.dialog {
    width: 95%;
    max-width: 33em;
    margin: 4em auto 0;
  }

  div.dialog > div {
    border: 1px solid #CCC;
    border-right-color: #999;
    border-left-color: #999;
    border-bottom-color: #BBB;
    border-top: #B00100 solid 4px;
    border-top-left-radius: 9px;
    border-top-right-radius: 9px;
    background-color: white;
    padding: 7px 12% 0;
    box-shadow: 0 3px 8px rgba(50, 50, 50, 0.17);
  }

  h1 {
    font-size: 100%;
    color: #730E15;
    line-height: 1.5em;
  }

  div.dialog > p {
    margin: 0 0 1em;
    padding: 1em;
    background-color: #F7F7F7;
    border: 1px solid #CCC;
    border-right-color: #999;
    border-left-color: #999;
    border-bottom-color: #999;
    border-bottom-left-radius: 4px;
    border-bottom-right-radius: 4px;
    border-top-color: #DADADA;
    color: #666;
    box-shadow: 0 3px 8px rgba(50, 50, 50, 0.17);
  }
  </style>
</head>

<body>
  <!-- This file lives in public/422.html -->
  <div class="dialog">
    <div>
      <h1>The change you wanted was rejected.</h1>
      <p>Maybe you tried to change something you didn't have access to.</p>
    </div>
    <p>If you are the application owner check the logs for more information.</p>
  </div>
</body>
</html>

[2016.08.18-16.05.51:185][500]LogBlueprintUserMessages: Early EndPlayMap Detection: Level '/Game/Architecture.Architecture:PersistentLevel' has LevelScriptBlueprint '/Game/Architecture.Architecture:PersistentLevel.Architecture' with GeneratedClass '/Game/Architecture.Architecture_C' with ClassGeneratedBy '/Game/Architecture.Architecture:PersistentLevel.Architecture'
[2016.08.18-16.05.51:227][500]LogBlueprintUserMessages: Late EndPlayMap Detection: Level '/Game/Architecture.Architecture:PersistentLevel' has LevelScriptBlueprint '/Game/Architecture.Architecture:PersistentLevel.Architecture' with GeneratedClass '/Game/Architecture.Architecture_C' with ClassGeneratedBy '/Game/Architecture.Architecture:PersistentLevel.Architecture'
[2016.08.18-16.05.51:286][500]LogParticles: Destroying 0 GPU particle simulations for FXSystem 0x000002361ACE1B20
[2016.08.18-16.05.54:118][659]Cmd: OBJ SAVEPACKAGE PACKAGE="/Game/Architecture" FILE="../../../../../../Users/Vishal/Documents/Unreal Projects/MyProject/Content/Architecture.umap" SILENT=true AUTOSAVING=false KEEPDIRTY=false
[2016.08.18-16.05.55:880][659]LogSavePackage: Save=1652.031982ms
[2016.08.18-16.05.55:880][659]LogSavePackage: Moving '../../../../../../Users/Vishal/Documents/Unreal Projects/MyProject/Saved/Architecture4DCF4200422C3A9B10F6FBB81E36D1C7.tmp' to '../../../../../../Users/Vishal/Documents/Unreal Projects/MyProject/Content/Architecture.umap'
[2016.08.18-16.05.55:884][659]LogSavePackage: Total save time: 1692.596756ms
[2016.08.18-16.05.55:884][659]LogSavePackage:Display: Finished SavePackage ../../../../../../Users/Vishal/Documents/Unreal Projects/MyProject/Content/Architecture.umap
[2016.08.18-16.05.58:363][799]LogParticles: Destroying 0 GPU particle simulations for FXSystem 0x00000235E68F4C20
[2016.08.18-16.05.58:491][799]LogWindowsTextInputMethodSystem:Display: IME system now deactivated.
[2016.08.18-16.05.58:765][800]Cmd: QUIT_EDITOR
[2016.08.18-16.05.59:844][800]LogExit: Preparing to exit.
[2016.08.18-16.06.01:087][800]LogExit: Editor shut down
[2016.08.18-16.06.01:089][800]LogExit: Transaction tracking system shut down
[2016.08.18-16.06.01:128][800]LogParticles: Destroying 0 GPU particle simulations for FXSystem 0x00000235C942E840
[2016.08.18-16.06.01:130][800]LogParticles: Destroying 0 GPU particle simulations for FXSystem 0x00000235DEED7880
[2016.08.18-16.06.01:132][800]LogParticles: Destroying 0 GPU particle simulations for FXSystem 0x00000235DF71DD00
[2016.08.18-16.06.01:132][800]LogParticles: Destroying 0 GPU particle simulations for FXSystem 0x00000235E68F7BA0
[2016.08.18-16.06.01:132][800]LogParticles: Destroying 0 GPU particle simulations for FXSystem 0x00000235E68F79C0
[2016.08.18-16.06.02:168][800]LogExit: Object subsystem successfully closed.
[2016.08.18-16.06.02:301][800]LogD3D11RHI: Shutdown
[2016.08.18-16.06.02:301][800]LogD3D11RHI: CleanupD3DDevice
[2016.08.18-16.06.02:485][800]LogD3D11RHI: ~FD3D11DynamicRHI
[2016.08.18-16.06.02:570][800]LogModuleManager: Shutting down and abandoning module CookingStats (203)
[2016.08.18-16.06.02:570][800]LogModuleManager: Shutting down and abandoning module SequencerWidgets (202)
[2016.08.18-16.06.02:570][800]LogModuleManager: Shutting down and abandoning module BlueprintGraph (201)
[2016.08.18-16.06.02:570][800]LogModuleManager: Shutting down and abandoning module CrashTracker (200)
[2016.08.18-16.06.02:570][800]LogModuleManager: Shutting down and abandoning module SceneOutliner (199)
[2016.08.18-16.06.02:570][800]LogModuleManager: Shutting down and abandoning module SuperSearch (198)
[2016.08.18-16.06.02:570][800]LogModuleManager: Shutting down and abandoning module WidgetCarousel (197)
[2016.08.18-16.06.02:570][800]LogModuleManager: Shutting down and abandoning module AddContentDialog (196)
[2016.08.18-16.06.02:590][800]LogModuleManager: Shutting down and abandoning module EditorWidgets (195)
[2016.08.18-16.06.02:590][800]LogModuleManager: Shutting down and abandoning module CollectionManager (194)
[2016.08.18-16.06.02:590][800]LogModuleManager: Shutting down and abandoning module StatsViewer (193)
[2016.08.18-16.06.02:622][800]LogModuleManager: Shutting down and abandoning module FoliageEdit (192)
[2016.08.18-16.06.02:622][800]LogModuleManager: Shutting down and abandoning module LandscapeEditor (191)
[2016.08.18-16.06.02:622][800]LogModuleManager: Shutting down and abandoning module ActorPickerMode (190)
[2016.08.18-16.06.02:622][800]LogModuleManager: Shutting down and abandoning module GeometryMode (189)
[2016.08.18-16.06.02:622][800]LogModuleManager: Shutting down and abandoning module TextureAlignMode (188)
[2016.08.18-16.06.02:623][800]LogModuleManager: Shutting down and abandoning module BspMode (187)
[2016.08.18-16.06.02:623][800]LogModuleManager: Shutting down and abandoning module PlacementMode (186)
[2016.08.18-16.06.02:623][800]LogModuleManager: Shutting down and abandoning module AutomationWorker (185)
[2016.08.18-16.06.02:623][800]LogModuleManager: Shutting down and abandoning module CharacterAI (184)
[2016.08.18-16.06.02:623][800]LogModuleManager: Shutting down and abandoning module SmartSnapping (183)
[2016.08.18-16.06.02:623][800]LogModuleManager: Shutting down and abandoning module ViewportSnapping (182)
[2016.08.18-16.06.02:623][800]LogModuleManager: Shutting down and abandoning module LogVisualizer (181)
[2016.08.18-16.06.02:623][800]LogModuleManager: Shutting down and abandoning module GameProjectGeneration (180)
[2016.08.18-16.06.02:639][800]LogModuleManager: Shutting down and abandoning module IntroTutorials (179)
[2016.08.18-16.06.02:639][800]LogModuleManager: Shutting down and abandoning module EditorLiveStreaming (178)
[2016.08.18-16.06.02:640][800]LogModuleManager: Shutting down and abandoning module IOSPlatformEditor (177)
[2016.08.18-16.06.02:640][800]LogModuleManager: Shutting down and abandoning module HTML5PlatformEditor (176)
[2016.08.18-16.06.02:640][800]LogModuleManager: Shutting down and abandoning module AndroidDeviceDetection (175)
[2016.08.18-16.06.02:923][800]LogModuleManager: Shutting down and abandoning module AndroidPlatformEditor (174)
[2016.08.18-16.06.02:923][800]LogModuleManager: Shutting down and abandoning module IOSRuntimeSettings (173)
[2016.08.18-16.06.02:923][800]LogModuleManager: Shutting down and abandoning module AndroidRuntimeSettings (172)
[2016.08.18-16.06.02:923][800]LogModuleManager: Shutting down and abandoning module MergeActors (171)
[2016.08.18-16.06.02:923][800]LogModuleManager: Shutting down and abandoning module SizeMap (170)
[2016.08.18-16.06.02:923][800]LogModuleManager: Shutting down and abandoning module TreeMap (169)
[2016.08.18-16.06.02:923][800]LogModuleManager: Shutting down and abandoning module ReferenceViewer (168)
[2016.08.18-16.06.02:923][800]LogModuleManager: Shutting down and abandoning module LocalizationService (167)
[2016.08.18-16.06.02:923][800]LogModuleManager: Shutting down and abandoning module LocalizationDashboard (166)
[2016.08.18-16.06.02:923][800]LogModuleManager: Shutting down and abandoning module HardwareTargeting (165)
[2016.08.18-16.06.02:923][800]LogModuleManager: Shutting down and abandoning module DeviceProfileEditor (164)
[2016.08.18-16.06.02:923][800]LogModuleManager: Shutting down and abandoning module UndoHistory (163)
[2016.08.18-16.06.02:923][800]LogModuleManager: Shutting down and abandoning module GameplayTagsEditor (162)
[2016.08.18-16.06.02:923][800]LogModuleManager: Shutting down and abandoning module UserFeedback (161)
[2016.08.18-16.06.02:923][800]LogModuleManager: Shutting down and abandoning module XmlParser (160)
[2016.08.18-16.06.02:923][800]LogModuleManager: Shutting down and abandoning module Blutility (159)
[2016.08.18-16.06.02:923][800]LogModuleManager: Shutting down and abandoning module ProjectTargetPlatformEditor (158)
[2016.08.18-16.06.02:923][800]LogModuleManager: Shutting down and abandoning module ProjectSettingsViewer (157)
[2016.08.18-16.06.02:924][800]LogModuleManager: Shutting down and abandoning module InputBindingEditor (156)
[2016.08.18-16.06.02:924][800]LogModuleManager: Shutting down and abandoning module EditorSettingsViewer (155)
[2016.08.18-16.06.02:924][800]LogModuleManager: Shutting down and abandoning module SettingsEditor (154)
[2016.08.18-16.06.02:924][800]LogModuleManager: Shutting down and abandoning module ProjectLauncher (153)
[2016.08.18-16.06.02:924][800]LogModuleManager: Shutting down and abandoning module SessionFrontend (152)
[2016.08.18-16.06.02:924][800]LogModuleManager: Shutting down and abandoning module ProfilerClient (151)
[2016.08.18-16.06.02:924][800]LogModuleManager: Shutting down and abandoning module TargetDeviceServices (150)
[2016.08.18-16.06.02:924][800]LogModuleManager: Shutting down and abandoning module DeviceManager (149)
[2016.08.18-16.06.02:924][800]LogModuleManager: Shutting down and abandoning module AutomationController (148)
[2016.08.18-16.06.02:924][800]LogModuleManager: Shutting down and abandoning module AutomationWindow (147)
[2016.08.18-16.06.02:924][800]LogModuleManager: Shutting down and abandoning module Layers (146)
[2016.08.18-16.06.02:924][800]LogModuleManager: Shutting down and abandoning module ComponentVisualizers (145)
[2016.08.18-16.06.02:924][800]LogModuleManager: Shutting down and abandoning module DetailCustomizations (144)
[2016.08.18-16.06.02:924][800]LogModuleManager: Shutting down and abandoning module PackagesDialog (143)
[2016.08.18-16.06.02:924][800]LogModuleManager: Shutting down and abandoning module Persona (142)
[2016.08.18-16.06.02:924][800]LogModuleManager: Shutting down and abandoning module Kismet (141)
[2016.08.18-16.06.02:925][800]LogModuleManager: Shutting down and abandoning module GraphEditor (140)
[2016.08.18-16.06.02:925][800]LogModuleManager: Shutting down and abandoning module ClassViewer (139)
[2016.08.18-16.06.02:925][800]LogModuleManager: Shutting down and abandoning module Toolbox (138)
[2016.08.18-16.06.02:925][800]LogModuleManager: Shutting down and abandoning module ModuleUI (137)
[2016.08.18-16.06.02:925][800]LogModuleManager: Shutting down and abandoning module MovieSceneTools (136)
[2016.08.18-16.06.02:925][800]LogModuleManager: Shutting down and abandoning module OutputLog (135)
[2016.08.18-16.06.02:925][800]LogModuleManager: Shutting down and abandoning module GammaUI (134)
[2016.08.18-16.06.02:925][800]LogModuleManager: Shutting down and abandoning module Documentation (133)
[2016.08.18-16.06.02:925][800]LogModuleManager: Shutting down and abandoning module GameLiveStreaming (132)
[2016.08.18-16.06.02:925][800]LogModuleManager: Shutting down and abandoning module StreamingPauseRendering (131)
[2016.08.18-16.06.02:925][800]LogModuleManager: Shutting down and abandoning module AnalyticsET (130)
[2016.08.18-16.06.02:925][800]LogModuleManager: Shutting down and abandoning module Analytics (129)
[2016.08.18-16.06.02:925][800]LogModuleManager: Shutting down and abandoning module AITestSuite (128)
[2016.08.18-16.06.02:925][800]LogModuleManager: Shutting down and abandoning module GameplayDebugger (127)
[2016.08.18-16.06.02:925][800]LogModuleManager: Shutting down and abandoning module AIModule (126)
[2016.08.18-16.06.02:925][800]LogModuleManager: Shutting down and abandoning module ProfilerService (125)
[2016.08.18-16.06.03:154][800]LogModuleManager: Shutting down and abandoning module TaskGraph (124)
[2016.08.18-16.06.03:154][800]LogModuleManager: Shutting down and abandoning module VaRestEditorPlugin (123)
[2016.08.18-16.06.03:154][800]LogModuleManager: Shutting down and abandoning module SlateRemote (122)
[2016.08.18-16.06.03:154][800]LogModuleManager: Shutting down and abandoning module SteamVRController (121)
[2016.08.18-16.06.03:154][800]LogModuleManager: Shutting down and abandoning module SteamVR (120)
[2016.08.18-16.06.03:154][800]LogModuleManager: Shutting down and abandoning module ProceduralMeshComponent (119)
[2016.08.18-16.06.03:154][800]LogModuleManager: Shutting down and abandoning module OculusLibrary (118)
[2016.08.18-16.06.03:154][800]LogModuleManager: Shutting down and abandoning module OculusInput (117)
[2016.08.18-16.06.03:154][800]LogModuleManager: Shutting down and abandoning module LeapMotionController (116)
[2016.08.18-16.06.03:176][800]LogModuleManager: Shutting down and abandoning module CustomMeshComponent (115)
[2016.08.18-16.06.03:176][800]LogModuleManager: Shutting down and abandoning module CableComponent (114)
[2016.08.18-16.06.03:177][800]LogModuleManager: Shutting down and abandoning module ArchVisCharacter (113)
[2016.08.18-16.06.03:177][800]LogModuleManager: Shutting down and abandoning module MessagingDebugger (112)
[2016.08.18-16.06.03:177][800]LogModuleManager: Shutting down and abandoning module MediaPlayerEditor (111)
[2016.08.18-16.06.03:177][800]LogModuleManager: Shutting down and abandoning module HTML5Networking (110)
[2016.08.18-16.06.03:177][800]LogModuleManager: Shutting down and abandoning module SpeedTreeImporter (109)
[2016.08.18-16.06.03:177][800]LogModuleManager: Shutting down and abandoning module PluginBrowser (108)
[2016.08.18-16.06.03:177][800]LogModuleManager: Shutting down and abandoning module EpicSurvey (107)
[2016.08.18-16.06.03:177][800]LogModuleManager: Shutting down and abandoning module DesktopPlatform (106)
[2016.08.18-16.06.03:177][800]LogModuleManager: Shutting down and abandoning module VisualStudioSourceCodeAccess (105)
[2016.08.18-16.06.03:177][800]LogModuleManager: Shutting down and abandoning module UObjectPlugin (104)
[2016.08.18-16.06.03:177][800]LogModuleManager: Shutting down and abandoning module SubversionSourceControl (103)
[2016.08.18-16.06.03:177][800]LogModuleManager: Shutting down and abandoning module PerforceSourceControl (102)
[2016.08.18-16.06.03:177][800]LogModuleManager: Shutting down and abandoning module SourceControl (101)
[2016.08.18-16.06.03:177][800]LogModuleManager: Shutting down and abandoning module GitSourceControl (100)
[2016.08.18-16.06.03:177][800]LogModuleManager: Shutting down and abandoning module LightPropagationVolumeEditor (99)
[2016.08.18-16.06.03:177][800]LogModuleManager: Shutting down and abandoning module PaperTiledImporter (98)
[2016.08.18-16.06.03:177][800]LogModuleManager: Shutting down and abandoning module PaperSpriteSheetImporter (97)
[2016.08.18-16.06.03:177][800]LogModuleManager: Shutting down and abandoning module MeshPaint (96)
[2016.08.18-16.06.03:177][800]LogModuleManager: Shutting down and abandoning module SlateReflector (95)
[2016.08.18-16.06.03:177][800]LogModuleManager: Shutting down and abandoning module HotReload (94)
[2016.08.18-16.06.03:177][800]LogModuleManager: Shutting down and abandoning module MainFrame (93)
[2016.08.18-16.06.03:177][800]LogModuleManager: Shutting down and abandoning module LevelEditor (92)
[2016.08.18-16.06.03:179][800]LogModuleManager: Shutting down and abandoning module DirectoryWatcher (91)
[2016.08.18-16.06.03:186][800]LogModuleManager: Shutting down and abandoning module AssetRegistry (90)
[2016.08.18-16.06.03:278][800]LogModuleManager: Shutting down and abandoning module ContentBrowser (89)
[2016.08.18-16.06.03:279][800]LogModuleManager: Shutting down and abandoning module Paper2DEditor (88)
[2016.08.18-16.06.03:279][800]LogModuleManager: Shutting down and abandoning module VaRestPlugin (87)
[2016.08.18-16.06.03:279][800]LogModuleManager: Shutting down and abandoning module UdpMessaging (86)
[2016.08.18-16.06.03:380][800]LogModuleManager: Shutting down and abandoning module LightPropagationVolumeRuntime (85)
[2016.08.18-16.06.03:380][800]LogModuleManager: Shutting down and abandoning module Paper2D (84)
[2016.08.18-16.06.03:380][800]LogModuleManager: Shutting down and abandoning module WindowsMoviePlayer (83)
[2016.08.18-16.06.03:385][800]LogModuleManager: Shutting down and abandoning module Media (82)
[2016.08.18-16.06.03:385][800]LogModuleManager: Shutting down and abandoning module WmfMedia (81)
[2016.08.18-16.06.03:386][800]LogModuleManager: Shutting down and abandoning module OnlineBlueprintSupport (80)
[2016.08.18-16.06.03:386][800]LogModuleManager: Shutting down and abandoning module GameplayTasksEditor (79)
[2016.08.18-16.06.03:386][800]LogModuleManager: Shutting down and abandoning module PropertyEditor (78)
[2016.08.18-16.06.03:386][800]LogModuleManager: Shutting down and abandoning module BehaviorTreeEditor (77)
[2016.08.18-16.06.03:386][800]LogModuleManager: Shutting down and abandoning module FunctionalTesting (76)
[2016.08.18-16.06.03:386][800]LogModuleManager: Shutting down and abandoning module CollisionAnalyzer (75)
[2016.08.18-16.06.03:386][800]LogModuleManager: Shutting down and abandoning module WorkspaceMenuStructure (74)
[2016.08.18-16.06.03:386][800]LogModuleManager: Shutting down and abandoning module MessageLog (73)
[2016.08.18-16.06.03:386][800]LogModuleManager: Shutting down and abandoning module Sequencer (72)
[2016.08.18-16.06.03:386][800]LogModuleManager: Shutting down and abandoning module AssetTools (71)
[2016.08.18-16.06.03:386][800]LogModuleManager: Shutting down and abandoning module UMGEditor (70)
[2016.08.18-16.06.03:386][800]LogModuleManager: Shutting down and abandoning module UMG (69)
[2016.08.18-16.06.03:386][800]LogModuleManager: Shutting down and abandoning module Slate (68)
[2016.08.18-16.06.03:386][800]LogModuleManager: Shutting down and abandoning module EditorStyle (67)
[2016.08.18-16.06.03:389][800]LogModuleManager: Shutting down and abandoning module SessionServices (66)
[2016.08.18-16.06.03:389][800]LogModuleManager: Shutting down and abandoning module SourceCodeAccess (65)
[2016.08.18-16.06.03:389][800]LogModuleManager: Shutting down and abandoning module HeadMountedDisplay (64)
[2016.08.18-16.06.03:389][800]LogModuleManager: Shutting down and abandoning module XAudio2 (63)
[2016.08.18-16.06.03:389][800]LogModuleManager: Shutting down and abandoning module Networking (61)
[2016.08.18-16.06.03:389][800]LogModuleManager: Shutting down and abandoning module Core (60)
[2016.08.18-16.06.03:389][800]LogModuleManager: Shutting down and abandoning module KismetCompiler (59)
[2016.08.18-16.06.03:389][800]LogModuleManager: Shutting down and abandoning module PhysXFormats (58)
[2016.08.18-16.06.03:389][800]LogModuleManager: Shutting down and abandoning module MeshUtilities (57)
[2016.08.18-16.06.03:389][800]LogModuleManager: Shutting down and abandoning module DerivedDataCache (56)
[2016.08.18-16.06.03:440][800]LogDerivedDataCache: Shutdown
[2016.08.18-16.06.03:440][800]LogModuleManager: Shutting down and abandoning module ShaderFormatOpenGL (55)
[2016.08.18-16.06.03:440][800]LogModuleManager: Shutting down and abandoning module ShaderFormatD3D (54)
[2016.08.18-16.06.03:440][800]LogModuleManager: Shutting down and abandoning module MetalShaderFormat (53)
[2016.08.18-16.06.03:440][800]LogModuleManager: Shutting down and abandoning module TextureFormatUncompressed (52)
[2016.08.18-16.06.03:440][800]LogModuleManager: Shutting down and abandoning module TextureFormatPVR (51)
[2016.08.18-16.06.03:440][800]LogModuleManager: Shutting down and abandoning module TextureFormatIntelISPCTexComp (50)
[2016.08.18-16.06.03:440][800]LogModuleManager: Shutting down and abandoning module TextureFormatDXT (49)
[2016.08.18-16.06.03:440][800]LogModuleManager: Shutting down and abandoning module ImageWrapper (48)
[2016.08.18-16.06.03:440][800]LogModuleManager: Shutting down and abandoning module TextureFormatASTC (47)
[2016.08.18-16.06.03:440][800]LogModuleManager: Shutting down and abandoning module TextureFormatAndroid (46)
[2016.08.18-16.06.03:440][800]LogModuleManager: Shutting down and abandoning module AudioFormatOpus (45)
[2016.08.18-16.06.03:440][800]LogModuleManager: Shutting down and abandoning module AudioFormatOgg (44)
[2016.08.18-16.06.03:440][800]LogModuleManager: Shutting down and abandoning module AudioFormatADPCM (43)
[2016.08.18-16.06.03:440][800]LogModuleManager: Shutting down and abandoning module LinuxTargetPlatform (42)
[2016.08.18-16.06.03:440][800]LogModuleManager: Shutting down and abandoning module LinuxServerTargetPlatform (41)
[2016.08.18-16.06.03:440][800]LogModuleManager: Shutting down and abandoning module LinuxNoEditorTargetPlatform (40)
[2016.08.18-16.06.03:440][800]LogModuleManager: Shutting down and abandoning module Messaging (39)
[2016.08.18-16.06.03:440][800]LogModuleManager: Shutting down and abandoning module IOSTargetPlatform (38)
[2016.08.18-16.06.03:440][800]LogModuleManager: Shutting down and abandoning module HTML5TargetPlatform (37)
[2016.08.18-16.06.03:440][800]LogModuleManager: Shutting down and abandoning module Android_PVRTCTargetPlatform (36)
[2016.08.18-16.06.03:440][800]LogModuleManager: Shutting down and abandoning module Android_MultiTargetPlatform (35)
[2016.08.18-16.06.03:440][800]LogModuleManager: Shutting down and abandoning module Android_ETC2TargetPlatform (34)
[2016.08.18-16.06.03:440][800]LogModuleManager: Shutting down and abandoning module Android_ETC1TargetPlatform (33)
[2016.08.18-16.06.03:440][800]LogModuleManager: Shutting down and abandoning module Android_DXTTargetPlatform (32)
[2016.08.18-16.06.03:440][800]LogModuleManager: Shutting down and abandoning module Android_ATCTargetPlatform (31)
[2016.08.18-16.06.03:440][800]LogModuleManager: Shutting down and abandoning module Android_ASTCTargetPlatform (30)
[2016.08.18-16.06.03:441][800]LogModuleManager: Shutting down and abandoning module AndroidTargetPlatform (29)
[2016.08.18-16.06.03:441][800]LogModuleManager: Shutting down and abandoning module WindowsTargetPlatform (28)
[2016.08.18-16.06.03:441][800]LogModuleManager: Shutting down and abandoning module WindowsServerTargetPlatform (27)
[2016.08.18-16.06.03:441][800]LogModuleManager: Shutting down and abandoning module WindowsNoEditorTargetPlatform (26)
[2016.08.18-16.06.03:441][800]LogModuleManager: Shutting down and abandoning module WindowsClientTargetPlatform (25)
[2016.08.18-16.06.03:441][800]LogModuleManager: Shutting down and abandoning module AllDesktopTargetPlatform (24)
[2016.08.18-16.06.03:441][800]LogModuleManager: Shutting down and abandoning module TargetPlatform (23)
[2016.08.18-16.06.03:441][800]LogModuleManager: Shutting down and abandoning module InputCore (22)
[2016.08.18-16.06.03:441][800]LogModuleManager: Shutting down and abandoning module Settings (21)
[2016.08.18-16.06.03:441][800]LogModuleManager: Shutting down and abandoning module OnlineSubsystem (19)
[2016.08.18-16.06.03:441][800]LogModuleManager: Shutting down and abandoning module HTTP (18)
[2016.08.18-16.06.04:443][800]LogModuleManager: Shutting down and abandoning module XMPP (17)
[2016.08.18-16.06.04:473][800]LogModuleManager: Shutting down and abandoning module OculusRift (16)
[2016.08.18-16.06.04:474][800]LogModuleManager: Shutting down and abandoning module ExampleDeviceProfileSelector (15)
[2016.08.18-16.06.04:474][800]LogModuleManager: Shutting down and abandoning module TextureCompressor (14)
[2016.08.18-16.06.04:474][800]LogModuleManager: Shutting down and abandoning module ShaderCore (13)
[2016.08.18-16.06.04:474][800]LogModuleManager: Shutting down and abandoning module Landscape (12)
[2016.08.18-16.06.04:474][800]LogModuleManager: Shutting down and abandoning module SlateRHIRenderer (11)
[2016.08.18-16.06.04:492][800]LogModuleManager: Shutting down and abandoning module OpenGLDrv (10)
[2016.08.18-16.06.04:508][800]LogModuleManager: Shutting down and abandoning module D3D11RHI (9)
[2016.08.18-16.06.04:508][800]LogModuleManager: Shutting down and abandoning module AnimGraphRuntime (8)
[2016.08.18-16.06.04:508][800]LogModuleManager: Shutting down and abandoning module Renderer (7)
[2016.08.18-16.06.04:508][800]LogModuleManager: Shutting down and abandoning module Engine (6)
[2016.08.18-16.06.04:508][800]LogModuleManager: Shutting down and abandoning module CoreUObject (5)
[2016.08.18-16.06.04:508][800]LogModuleManager: Shutting down and abandoning module NetworkFile (4)
[2016.08.18-16.06.04:508][800]LogModuleManager: Shutting down and abandoning module StreamingFile (3)
[2016.08.18-16.06.04:508][800]LogModuleManager: Shutting down and abandoning module SandboxFile (2)
[2016.08.18-16.06.04:508][800]LogModuleManager: Shutting down and abandoning module PakFile (1)
[2016.08.18-16.06.04:525][800]LogExit: Exiting.
[2016.08.18-16.06.04:546][800]Log file closed, 08/18/16 21:36:04
