[2016.03.16-16.03.24:586][  0]Log file open, 03/16/16 21:33:24
[2016.03.16-16.03.24:586][  0]LogInit:Display: Running engine for game: MyProject
[2016.03.16-16.03.24:586][  0]LogPlatformFile: Not using cached read wrapper
[2016.03.16-16.03.24:586][  0]LogInit:Display: RandInit(1982235060) SRandInit(1982235060).
[2016.03.16-16.03.24:586][  0]LogTaskGraph: Started task graph with 4 named threads and 5 total threads.
[2016.03.16-16.03.24:586][  0]LogStats: Stats thread started at 0.055797
[2016.03.16-16.03.24:586][  0]LogInit: Version: 4.10.4-2872498+++depot+UE4-Releases+4.10
[2016.03.16-16.03.24:586][  0]LogInit: API Version: 2758231
[2016.03.16-16.03.24:586][  0]LogInit: Compiled (64-bit): Feb 18 2016 15:47:04
[2016.03.16-16.03.24:586][  0]LogInit: Compiled with Visual C++: 19.00.23026.00
[2016.03.16-16.03.24:586][  0]LogInit: Build Configuration: Development
[2016.03.16-16.03.24:586][  0]LogInit: Branch Name: ++depot+UE4-Releases+4.10
[2016.03.16-16.03.24:586][  0]LogInit: Command line:  
[2016.03.16-16.03.24:586][  0]LogInit: Base directory: C:/Program Files (x86)/Epic Games/4.10/Engine/Binaries/Win64/
[2016.03.16-16.03.24:586][  0]LogInit: Rocket: 1
[2016.03.16-16.03.24:593][  0]LogInit: Using libcurl 7.41.0
[2016.03.16-16.03.24:593][  0]LogInit:  - built for x86_64-pc-win32
[2016.03.16-16.03.24:593][  0]LogInit:  - supports SSL with WinSSL
[2016.03.16-16.03.24:593][  0]LogInit:  - other features:
[2016.03.16-16.03.24:593][  0]LogInit:      CURL_VERSION_SSL
[2016.03.16-16.03.24:593][  0]LogInit:      CURL_VERSION_IPV6
[2016.03.16-16.03.24:593][  0]LogInit:      CURL_VERSION_ASYNCHDNS
[2016.03.16-16.03.24:593][  0]LogInit:      CURL_VERSION_LARGEFILE
[2016.03.16-16.03.24:593][  0]LogInit:      CURL_VERSION_IDN
[2016.03.16-16.03.24:594][  0]LogInit:  CurlRequestOptions (configurable via config and command line):
[2016.03.16-16.03.24:594][  0]LogInit:  - bVerifyPeer = true  - Libcurl will verify peer certificate
[2016.03.16-16.03.24:594][  0]LogInit:  - bUseHttpProxy = false  - Libcurl will NOT use HTTP proxy
[2016.03.16-16.03.24:594][  0]LogInit:  - bDontReuseConnections = false  - Libcurl will reuse connections
[2016.03.16-16.03.24:594][  0]LogInit:  - CertBundlePath = nullptr  - Libcurl will use whatever was configured at build time.
[2016.03.16-16.03.24:600][  0]LogInit: Presizing for 0 objects not considered by GC, pre-allocating 0 bytes.
[2016.03.16-16.03.24:607][  0]LogInit: Object subsystem initialized
[2016.03.16-16.03.24:608][  0]LogInit: Selected Device Profile: [Windows]
[2016.03.16-16.03.24:608][  0]LogInit: Applying CVar settings loaded from the selected device profile: [Windows]
[2016.03.16-16.03.24:647][  0]LogInit: Computer: VISHAL-PC
[2016.03.16-16.03.24:647][  0]LogInit: User: Vishal
[2016.03.16-16.03.24:647][  0]LogInit: CPU Page size=4096, Cores=2
[2016.03.16-16.03.24:647][  0]LogInit: High frequency timer resolution =2.240911 MHz
[2016.03.16-16.03.24:647][  0]LogMemory: Memory total: Physical=7.9GB (8GB approx)
[2016.03.16-16.03.24:647][  0]LogMemory: Platform Memory Stats for Windows
[2016.03.16-16.03.24:647][  0]LogMemory: Process Physical Memory: 59.43 MB used, 60.70 MB peak
[2016.03.16-16.03.24:647][  0]LogMemory: Process Virtual Memory: 59.52 MB used, 59.52 MB peak
[2016.03.16-16.03.24:647][  0]LogMemory: Physical Memory: 3840.13 MB used, 8075.38 MB total
[2016.03.16-16.03.24:647][  0]LogMemory: Virtual Memory: 384.65 MB used, 134217728.00 MB total
[2016.03.16-16.03.24:692][  0]LogTextLocalizationManager: No specific translations for ('en-IN') exist, so ('en') translations will be used.
[2016.03.16-16.03.25:508][  0]LogD3D11RHI: Found D3D11 adapter 0: NVIDIA GeForce 820M              (Feature Level 11_0)
[2016.03.16-16.03.25:508][  0]LogD3D11RHI: Adapter has 1999MB of dedicated video memory, 0MB of dedicated system memory, and 4037MB of shared system memory, 1 output[s]
[2016.03.16-16.03.25:515][  0]LogD3D11RHI: Found D3D11 adapter 1: Intel(R) HD Graphics Family (Feature Level 11_0)
[2016.03.16-16.03.25:515][  0]LogD3D11RHI: Adapter has 112MB of dedicated video memory, 0MB of dedicated system memory, and 4037MB of shared system memory, 0 output[s]
[2016.03.16-16.03.25:516][  0]LogD3D11RHI: Found D3D11 adapter 2: Microsoft Basic Render Driver (Feature Level 11_0)
[2016.03.16-16.03.25:516][  0]LogD3D11RHI: Adapter has 0MB of dedicated video memory, 0MB of dedicated system memory, and 4037MB of shared system memory, 0 output[s]
[2016.03.16-16.03.25:516][  0]LogD3D11RHI: Chosen D3D11 Adapter Id = 0
[2016.03.16-16.03.25:522][  0]LogD3D11RHI: !Direct3DDevice
[2016.03.16-16.03.25:522][  0]LogRHI: Texture pool is 1361 MB (70% of 1945 MB)
[2016.03.16-16.03.25:541][  0]LogD3D11RHI: Async texture creation enabled
[2016.03.16-16.03.25:554][  0]LogShaderCompilers: Guid format shader working directory is -19 characters bigger than the processId version (../../../../../../Users/Vishal/Documents/Unreal Projects/MyProject/Intermediate/Shaders/WorkingDirectory/7288/).
[2016.03.16-16.03.25:554][  0]LogShaderCompilers: Cleaned the shader compiler working directory 'C:/Users/Vishal/AppData/Local/Temp/UnrealShaderWorkingDir/6408774746ABB3A60E087C829624FFF4/'.
[2016.03.16-16.03.25:554][  0]LogShaderCompilers:Display: Using Local Shader Compiler.
[2016.03.16-16.03.26:590][  0]LogTemp:Display: Loaded TP AllDesktopTargetPlatform
[2016.03.16-16.03.26:595][  0]LogTemp:Display: Loaded TP WindowsClientTargetPlatform
[2016.03.16-16.03.26:600][  0]LogTemp:Display: Loaded TP WindowsNoEditorTargetPlatform
[2016.03.16-16.03.26:605][  0]LogTemp:Display: Loaded TP WindowsServerTargetPlatform
[2016.03.16-16.03.26:610][  0]LogTemp:Display: Loaded TP WindowsTargetPlatform
[2016.03.16-16.03.26:616][  0]LogTemp:Display: Loaded TP AndroidTargetPlatform
[2016.03.16-16.03.26:620][  0]LogTemp:Display: Loaded TP Android_ASTCTargetPlatform
[2016.03.16-16.03.26:623][  0]LogTemp:Display: Loaded TP Android_ATCTargetPlatform
[2016.03.16-16.03.26:626][  0]LogTemp:Display: Loaded TP Android_DXTTargetPlatform
[2016.03.16-16.03.26:631][  0]LogTemp:Display: Loaded TP Android_ETC1TargetPlatform
[2016.03.16-16.03.26:634][  0]LogTemp:Display: Loaded TP Android_ETC2TargetPlatform
[2016.03.16-16.03.26:641][  0]LogTemp:Display: Loaded TP Android_MultiTargetPlatform
[2016.03.16-16.03.26:641][  0]LogTemp:Display: Loaded TP Android_PVRTCTargetPlatform
[2016.03.16-16.03.26:642][  0]LogTemp:Display: Loaded TP HTML5TargetPlatform
[2016.03.16-16.03.26:662][  0]LogTemp:Display: Loaded TP IOSTargetPlatform
[2016.03.16-16.03.26:666][  0]LogTemp:Display: Loaded TP LinuxNoEditorTargetPlatform
[2016.03.16-16.03.26:670][  0]LogTemp:Display: Loaded TP LinuxServerTargetPlatform
[2016.03.16-16.03.26:698][  0]LogTemp:Display: Loaded TP LinuxTargetPlatform
[2016.03.16-16.03.26:698][  0]LogTargetPlatformManager:Display: Building Assets For Windows
[2016.03.16-16.03.26:776][  0]LogDerivedDataCache:Display: Max Cache Size: 512 MB
[2016.03.16-16.03.27:039][  0]LogDerivedDataCache: Loaded boot cache 0.26s 41MB C:/Users/Vishal/AppData/Local/UnrealEngine/4.10/DerivedDataCache/Boot.ddc.
[2016.03.16-16.03.27:039][  0]LogDerivedDataCache:Display: Loaded Boot cache: C:/Users/Vishal/AppData/Local/UnrealEngine/4.10/DerivedDataCache/Boot.ddc
[2016.03.16-16.03.27:039][  0]LogDerivedDataCache: FDerivedDataBackendGraph:  Pak pak cache file ../../../../../../Users/Vishal/Documents/Unreal Projects/MyProject/DerivedDataCache/DDC.ddp not found, will not use a pak cache.
[2016.03.16-16.03.27:039][  0]LogDerivedDataCache: Unable to find inner node Pak for hierarchical cache Hierarchy.
[2016.03.16-16.03.27:039][  0]LogDerivedDataCache: FDerivedDataBackendGraph:  CompressedPak pak cache file ../../../../../../Users/Vishal/Documents/Unreal Projects/MyProject/DerivedDataCache/Compressed.ddp not found, will not use a pak cache.
[2016.03.16-16.03.27:039][  0]LogDerivedDataCache: Unable to find inner node CompressedPak for hierarchical cache Hierarchy.
[2016.03.16-16.03.27:116][  0]LogDerivedDataCache:Display: Pak cache opened for reading ../../../Engine/DerivedDataCache/Compressed.ddp.
[2016.03.16-16.03.27:128][  0]LogDerivedDataCache: Using Local data cache path C:/Users/Vishal/AppData/Local/UnrealEngine/Common/DerivedDataCache: Writable
[2016.03.16-16.03.27:342][  0]LogInit: Selected Device Profile: [Windows]
[2016.03.16-16.03.27:346][  0]LogContentStreaming: Texture pool size is 0.000000MB
[2016.03.16-16.03.27:477][  0]LogMeshUtilities: No automatic mesh reduction module available
[2016.03.16-16.03.27:477][  0]LogMeshUtilities: No automatic mesh merging module available
[2016.03.16-16.03.27:730][  0]LogInit: WinSock: version 1.1 (2.2), MaxSocks=32767, MaxUdp=65467
[2016.03.16-16.03.34:203][  0]UdpMessaging: Initializing bridge on interface 0.0.0.0:0 to multicast group 230.0.0.1:6666.
[2016.03.16-16.03.34:402][  0]LogAssetRegistry: FAssetRegistry took 0.0108 seconds to start up
[2016.03.16-16.03.34:637][  0]SourceControl: Info Source control is disabled
[2016.03.16-16.03.34:638][  0]SourceControl: Info Source control is disabled
[2016.03.16-16.03.34:654][  0]SourceControl: Info Source control is disabled
[2016.03.16-16.03.34:668][  0]SourceControl: Info Source control is disabled
[2016.03.16-16.03.35:130][  0]LogObj: 28633 objects as part of root set at end of initial load.
[2016.03.16-16.03.35:130][  0]LogUObjectAllocator: 6099744 out of 0 bytes used by permanent object pool.
[2016.03.16-16.03.35:208][  0]LogEngine: Initializing Engine...
[2016.03.16-16.03.35:211][  0]LogHMD: Can't find Oculus library dev build: is proper Runtime installed? Version: 0.8.0.0
[2016.03.16-16.03.35:212][  0]LogHMD: SteamVR failed to initialize.  Err: 110
[2016.03.16-16.03.35:361][  0]LogAIModule: Creating AISystem for world NewWorld
[2016.03.16-16.03.35:366][  0]LogInit: XAudio2 using 'Speakers (Realtek High Definition Audio)' : 2 channels at 48 kHz using 32 bits per sample (channel mask 0x3)
[2016.03.16-16.03.35:379][  0]LogInit: FAudioDevice initialized.
[2016.03.16-16.03.35:405][  0]LogDerivedDataCache: Saved boot cache 0.03s 41MB C:/Users/Vishal/AppData/Local/UnrealEngine/4.10/DerivedDataCache/Boot.ddc.
[2016.03.16-16.03.35:410][  0]LogInit: Texture streaming: Enabled
[2016.03.16-16.03.35:415][  0]LogAnalytics: Creating configured Analytics provider AnalyticsET
[2016.03.16-16.03.35:415][  0]LogAnalytics: [UEEditor.Rocket.Release] APIServer = http://et2.epicgames.com/ET2/. AppVersion = 4.10.4-2872498+++depot+UE4-Releases+4.10
[2016.03.16-16.03.35:415][  0]LogAnalytics: [UEEditor.Rocket.Release] SetUserId 42581dee49f10cab728e808031ad0d6c|b3aa724033af48eb807787bc6a36fc12|7d3f72a1-08fb-45f7-99a2-cbbddc55c18e
[2016.03.16-16.03.35:415][  0]LogAnalytics: [UEEditor.Rocket.Release] AnalyticsET::StartSession
[2016.03.16-16.03.35:426][  0]LogInit: Transaction tracking system initialized
[2016.03.16-16.03.35:451][  0]BlueprintLog: New page: Editor Load
[2016.03.16-16.03.35:546][  0]LocalizationService: Info Localization service is disabled
[2016.03.16-16.03.35:772][  0]LogConsoleResponse:Display: 
[2016.03.16-16.03.35:919][  0]LogCook:Display: Done creating registry. It took  0.00s.
[2016.03.16-16.03.36:283][  0]LogFileCache: Scanning file cache for directory 'C:/Users/Vishal/Documents/Unreal Projects/MyProject/Content/' took 0.02s
[2016.03.16-16.03.36:289][  0]SourceControl: Info Source control is disabled
[2016.03.16-16.03.36:289][  0]Cmd: MAP LOAD FILE="../../../../../../Users/Vishal/Documents/Unreal Projects/MyProject/Content/Architecture.umap" TEMPLATE=0 SHOWPROGRESS=1 FEATURELEVEL=3
[2016.03.16-16.03.36:289][  0]LightingResults: New page: Lighting Build
[2016.03.16-16.03.36:292][  0]MapCheck: New page: Map Check
[2016.03.16-16.03.36:292][  0]LightingResults: New page: Lighting Build
[2016.03.16-16.03.36:314][  0]LogParticles: Destroying 0 GPU particle simulations for FXSystem 0x000002B2F2AA3B00
[2016.03.16-16.03.39:900][  0]LogAIModule: Creating AISystem for world Architecture
[2016.03.16-16.03.39:909][  0]LogPrimitiveComponent: Zero scaling not supported (/Game/Architecture.Architecture:PersistentLevel.Carpet2.StaticMeshComponent0)
[2016.03.16-16.03.39:913][  0]LogPrimitiveComponent: Zero scaling not supported (/Game/Architecture.Architecture:PersistentLevel.Carpet3.StaticMeshComponent0)
[2016.03.16-16.03.39:914][  0]LogPrimitiveComponent: Zero scaling not supported (/Game/Architecture.Architecture:PersistentLevel.Carpet.StaticMeshComponent0)
[2016.03.16-16.03.39:916][  0]LogPrimitiveComponent: Zero scaling not supported (/Game/Architecture.Architecture:PersistentLevel.TVImage.StaticMeshComponent0)
[2016.03.16-16.03.39:930][  0]LogEditorServer: Finished looking for orphan Actors (0.000 secs)
[2016.03.16-16.03.39:931][  0]Cmd: MAP CHECKDEP NOCLEARLOG
[2016.03.16-16.03.40:014][  0]MapCheck: Info Map check complete: 0 Error(s), 0 Warning(s), took 82.533ms to complete.
[2016.03.16-16.03.40:014][  0]LogFileHelpers: Loading map 'Architecture' took 3.725
[2016.03.16-16.03.40:126][  0]LogCollectionManager: Loaded 0 collections in 0.001949 seconds
[2016.03.16-16.03.40:166][  0]LogFileCache: Scanning file cache for directory 'C:/Users/Vishal/Documents/Unreal Projects/MyProject/Saved/Collections/' took 0.01s
[2016.03.16-16.03.40:166][  0]LogFileCache: Scanning file cache for directory 'C:/Users/Vishal/Documents/Unreal Projects/MyProject/Content/Developers/Vishal/Collections/' took 0.01s
[2016.03.16-16.03.40:166][  0]LogFileCache: Scanning file cache for directory 'C:/Users/Vishal/Documents/Unreal Projects/MyProject/Content/Collections/' took 0.01s
[2016.03.16-16.03.40:166][  0]LogCollectionManager: Rebuilt the GUID cache for 0 collections in 0.000002 seconds
[2016.03.16-16.03.40:176][  0]LogContentBrowser: Native class hierarchy populated in 0.0100 seconds. Added 1893 classes and 338 folders.
[2016.03.16-16.03.40:183][  0]LogContentBrowser: Native class hierarchy updated for 'WidgetCarousel' in 0.0004 seconds. Added 0 classes and 0 folders.
[2016.03.16-16.03.40:262][  0]LogContentBrowser: Native class hierarchy updated for 'AddContentDialog' in 0.0014 seconds. Added 0 classes and 0 folders.
[2016.03.16-16.03.40:267][  0]LogContentBrowser: Native class hierarchy updated for 'SceneOutliner' in 0.0004 seconds. Added 1 classes and 2 folders.
[2016.03.16-16.03.40:335][  0]LogCrashTracker: Crashtracker disabled due to settings.
[2016.03.16-16.03.40:340][  0]LogUObjectGlobals:Warning: Failed to find object 'Class None.'
[2016.03.16-16.03.40:363][  0]LogLoad: Full Startup: 16.84 seconds (BP compile: 0.14 seconds)
[2016.03.16-16.03.40:385][  0]LogOcInput: Can't find Oculus library dev build: is proper Runtime installed? Version: 0.8.0.0
[2016.03.16-16.03.40:458][  0]LogContentStreaming: Texture pool size now 1000 MB
[2016.03.16-16.03.40:616][  0]LogRenderer: Reallocating scene render targets to support 808x368 (Frame:2).
[2016.03.16-16.03.41:456][  5]LogAssetRegistry: Asset discovery search completed in 7.0654 seconds
[2016.03.16-16.03.41:457][  5]LogCollectionManager: Rebuilt the object cache for 0 collections in 0.000001 seconds (found 0 objects)
[2016.03.16-16.03.41:457][  5]LogCollectionManager: Fixed up redirectors for 0 collections in 0.000034 seconds (updated 0 objects)
[2016.03.16-16.03.46:144][277]LogEditorViewport: Clicking on Actor (LMB): StaticMeshActor (Carpet3)
[2016.03.16-16.03.50:706][420]LogMaterial: Missing cached shader map for material WowLabz_Mat, compiling. 
[2016.03.16-16.03.50:833][420]LogMaterial: Missing cached shader map for material WowLabz_Mat, compiling. 
[2016.03.16-16.03.50:840][420]LogMaterial: 0.000063 seconds spent updating 1 materials, 1 interfaces, 0 instances, 0 with static permutations.
[2016.03.16-16.03.50:871][420]LogMaterial: Missing cached shader map for material FMatExpressionPreview MaterialExpressionTextureSample_21, compiling. 
[2016.03.16-16.03.53:763][547]LogMaterial: Missing cached shader map for material WowLabz_Mat, compiling. 
[2016.03.16-16.03.53:772][547]LogMaterial: 0.000053 seconds spent updating 1 materials, 1 interfaces, 0 instances, 0 with static permutations.
[2016.03.16-16.03.53:802][547]LogMaterial: Missing cached shader map for material FMatExpressionPreview MaterialExpressionTextureSample_21, compiling. 
[2016.03.16-16.03.55:915][575]LogMaterial: Missing cached shader map for material WowLabz_Mat, compiling. 
[2016.03.16-16.03.55:941][575]LogMaterial: 0.000041 seconds spent updating 1 materials, 1 interfaces, 0 instances, 0 with static permutations.
[2016.03.16-16.03.56:022][575]LogMaterial: Missing cached shader map for material WowLabz_Mat, compiling. 
[2016.03.16-16.03.56:083][575]LogMaterial: Missing cached shader map for material WowLabz_Mat, compiling. 
[2016.03.16-16.03.56:099][575]LogMaterial: 0.002428 seconds spent updating 1 materials, 1 interfaces, 0 instances, 0 with static permutations.
[2016.03.16-16.04.39:014][813]LogPrimitiveComponent: Zero scaling not supported (/Game/Architecture.Architecture:PersistentLevel.Carpet3.StaticMeshComponent0)
[2016.03.16-16.04.39:015][813]LogPrimitiveComponent: Zero scaling not supported (/Game/Architecture.Architecture:PersistentLevel.Carpet3.StaticMeshComponent0)
[2016.03.16-16.04.51:386][297]LogMaterial: Missing cached shader map for material PreviewMaterial_0, compiling. 
[2016.03.16-16.04.51:479][297]LogMaterial: Missing cached shader map for material PreviewMaterial_0, compiling. 
[2016.03.16-16.04.51:484][297]LogMaterial: 0.000052 seconds spent updating 1 materials, 1 interfaces, 0 instances, 0 with static permutations.
[2016.03.16-16.04.51:509][297]LogMaterial: Missing cached shader map for material FMatExpressionPreview MaterialExpressionTextureSample_21, compiling. 
[2016.03.16-16.04.55:345][474]LogMaterial: Missing cached shader map for material PreviewMaterial_0, compiling. 
[2016.03.16-16.04.55:354][474]LogMaterial: 0.000075 seconds spent updating 1 materials, 1 interfaces, 0 instances, 0 with static permutations.
[2016.03.16-16.05.00:331][635]LogMaterial: Missing cached shader map for material PreviewMaterial_0, compiling. 
[2016.03.16-16.05.00:357][635]LogMaterial: 0.000061 seconds spent updating 1 materials, 1 interfaces, 0 instances, 0 with static permutations.
[2016.03.16-16.05.00:401][635]LogMaterial: Missing cached shader map for material WowLabz_Mat, compiling. 
[2016.03.16-16.05.00:449][635]LogMaterial: Missing cached shader map for material WowLabz_Mat, compiling. 
[2016.03.16-16.05.00:465][635]LogMaterial: 0.002264 seconds spent updating 1 materials, 1 interfaces, 0 instances, 0 with static permutations.
[2016.03.16-16.13.41:296][846]LogParticles: Destroying 0 GPU particle simulations for FXSystem 0x000002B2B16C5B20
[2016.03.16-16.13.41:296][846]LogParticles: Destroying 0 GPU particle simulations for FXSystem 0x000002B2B1CFA8E0
[2016.03.16-16.13.43:056][846]LogSavePackage: Save=1714.967285ms
[2016.03.16-16.13.43:056][846]LogSavePackage: Moving '../../../../../../Users/Vishal/Documents/Unreal Projects/MyProject/Saved/Architecture_Auto1D4FDF58845B1B3556A4E3DB5F83E74CF.tmp' to '../../../../../../Users/Vishal/Documents/Unreal Projects/MyProject/Saved/Autosaves/Game/Architecture_Auto1.umap'
[2016.03.16-16.13.43:059][846]LogSavePackage: Total save time: 1745.122410ms
[2016.03.16-16.13.43:059][846]LogSavePackage:Display: Finished SavePackage ../../../../../../Users/Vishal/Documents/Unreal Projects/MyProject/Saved/Autosaves/Game/Architecture_Auto1.umap
[2016.03.16-16.13.43:062][846]LogFileHelpers: Editor autosave (incl. sublevels) for '/Game/Architecture' took 1.817
[2016.03.16-16.13.43:062][846]LogFileHelpers: Editor autosave (incl. sublevels) for all levels took 1.817
[2016.03.16-16.13.43:067][846]OBJ SavePackage: Generating thumbnails for [1] asset(s) in package [/Game/CustomTextures/WowLabz_Mat] ([1] browsable assets)...
[2016.03.16-16.13.43:118][846]OBJ SavePackage:     Rendered thumbnail for [Material /Game/CustomTextures/WowLabz_Mat.WowLabz_Mat]
[2016.03.16-16.13.43:118][846]OBJ SavePackage: Finished generating thumbnails for package [/Game/CustomTextures/WowLabz_Mat]
[2016.03.16-16.13.43:150][846]LogSavePackage: Save=21.356939ms
[2016.03.16-16.13.43:150][846]LogSavePackage: Moving '../../../../../../Users/Vishal/Documents/Unreal Projects/MyProject/Saved/WowLabz_Mat_Auto1E335AC51464691A0794E36AE8C3B3872.tmp' to '../../../../../../Users/Vishal/Documents/Unreal Projects/MyProject/Saved/Autosaves/Game/CustomTextures/WowLabz_Mat_Auto1.uasset'
[2016.03.16-16.13.43:151][846]LogSavePackage: Total save time: 32.098997ms
[2016.03.16-16.13.43:151][846]LogSavePackage:Display: Finished SavePackage ../../../../../../Users/Vishal/Documents/Unreal Projects/MyProject/Saved/Autosaves/Game/CustomTextures/WowLabz_Mat_Auto1.uasset
[2016.03.16-16.13.43:151][846]LogFileHelpers: Auto-saving content packages took 0.087
[2016.03.17-03.19.35:184][  7]LogD3D11RHI: Timed out while waiting for GPU to catch up. (500 ms)
[2016.03.17-16.58.17:800][692]Cmd: OBJ SAVEPACKAGE PACKAGE="/Game/Architecture" FILE="../../../../../../Users/Vishal/Documents/Unreal Projects/MyProject/Content/Architecture.umap" SILENT=true AUTOSAVING=false KEEPDIRTY=false
[2016.03.17-16.58.19:499][692]LogSavePackage: Save=1636.274658ms
[2016.03.17-16.58.19:499][692]LogSavePackage: Moving '../../../../../../Users/Vishal/Documents/Unreal Projects/MyProject/Saved/Architecture05D7B1CB4786BC710BC410942B911F99.tmp' to '../../../../../../Users/Vishal/Documents/Unreal Projects/MyProject/Content/Architecture.umap'
[2016.03.17-16.58.19:506][692]LogSavePackage: Total save time: 1666.976959ms
[2016.03.17-16.58.19:506][692]LogSavePackage:Display: Finished SavePackage ../../../../../../Users/Vishal/Documents/Unreal Projects/MyProject/Content/Architecture.umap
[2016.03.17-16.58.19:546][692]LogFileHelpers: Saving map 'Architecture' took 5.532
[2016.03.17-16.58.19:554][692]Cmd: OBJ SAVEPACKAGE PACKAGE="/Game/CustomTextures/WowLabz_Mat" FILE="../../../../../../Users/Vishal/Documents/Unreal Projects/MyProject/Content/CustomTextures/WowLabz_Mat.uasset" SILENT=true
[2016.03.17-16.58.19:573][692]LogSavePackage: Save=7.664740ms
[2016.03.17-16.58.19:573][692]LogSavePackage: Moving '../../../../../../Users/Vishal/Documents/Unreal Projects/MyProject/Saved/WowLabz_Mat50189B124E105A04AF61E787BBD6E9E8.tmp' to '../../../../../../Users/Vishal/Documents/Unreal Projects/MyProject/Content/CustomTextures/WowLabz_Mat.uasset'
[2016.03.17-16.58.19:579][692]LogSavePackage: Total save time: 23.573004ms
[2016.03.17-16.58.19:579][692]LogSavePackage:Display: Finished SavePackage ../../../../../../Users/Vishal/Documents/Unreal Projects/MyProject/Content/CustomTextures/WowLabz_Mat.uasset
[2016.03.17-16.58.20:064][693]Cmd: QUIT_EDITOR
[2016.03.17-16.58.20:152][693]LogWindowsTextInputMethodSystem:Display: IME system now deactivated.
[2016.03.17-16.58.20:237][693]LogExit: Preparing to exit.
[2016.03.17-16.58.20:893][693]LogExit: Editor shut down
[2016.03.17-16.58.20:895][693]LogExit: Transaction tracking system shut down
[2016.03.17-16.58.20:931][693]LogParticles: Destroying 0 GPU particle simulations for FXSystem 0x000002B28431DE40
[2016.03.17-16.58.20:932][693]LogParticles: Destroying 0 GPU particle simulations for FXSystem 0x000002B29946B880
[2016.03.17-16.58.20:954][693]LogParticles: Destroying 0 GPU particle simulations for FXSystem 0x000002B29C2B45E0
[2016.03.17-16.58.20:954][693]LogParticles: Destroying 0 GPU particle simulations for FXSystem 0x000002B29C2B4400
[2016.03.17-16.58.21:862][693]LogExit: Object subsystem successfully closed.
[2016.03.17-16.58.21:951][693]LogD3D11RHI: Shutdown
[2016.03.17-16.58.21:951][693]LogD3D11RHI: CleanupD3DDevice
[2016.03.17-16.58.22:094][693]LogD3D11RHI: ~FD3D11DynamicRHI
[2016.03.17-16.58.22:112][693]LogModuleManager: Shutting down and abandoning module CookingStats (200)
[2016.03.17-16.58.22:112][693]LogModuleManager: Shutting down and abandoning module MaterialEditor (199)
[2016.03.17-16.58.22:112][693]LogModuleManager: Shutting down and abandoning module CrashTracker (198)
[2016.03.17-16.58.22:112][693]LogModuleManager: Shutting down and abandoning module SceneOutliner (197)
[2016.03.17-16.58.22:112][693]LogModuleManager: Shutting down and abandoning module SuperSearch (196)
[2016.03.17-16.58.22:112][693]LogModuleManager: Shutting down and abandoning module WidgetCarousel (195)
[2016.03.17-16.58.22:112][693]LogModuleManager: Shutting down and abandoning module AddContentDialog (194)
[2016.03.17-16.58.22:185][693]LogModuleManager: Shutting down and abandoning module EditorWidgets (193)
[2016.03.17-16.58.22:185][693]LogModuleManager: Shutting down and abandoning module CollectionManager (192)
[2016.03.17-16.58.22:185][693]LogModuleManager: Shutting down and abandoning module StatsViewer (191)
[2016.03.17-16.58.22:185][693]LogModuleManager: Shutting down and abandoning module FoliageEdit (190)
[2016.03.17-16.58.22:185][693]LogModuleManager: Shutting down and abandoning module LandscapeEditor (189)
[2016.03.17-16.58.22:185][693]LogModuleManager: Shutting down and abandoning module ActorPickerMode (188)
[2016.03.17-16.58.22:185][693]LogModuleManager: Shutting down and abandoning module GeometryMode (187)
[2016.03.17-16.58.22:185][693]LogModuleManager: Shutting down and abandoning module TextureAlignMode (186)
[2016.03.17-16.58.22:185][693]LogModuleManager: Shutting down and abandoning module BspMode (185)
[2016.03.17-16.58.22:185][693]LogModuleManager: Shutting down and abandoning module PlacementMode (184)
[2016.03.17-16.58.22:185][693]LogModuleManager: Shutting down and abandoning module AutomationWorker (183)
[2016.03.17-16.58.22:186][693]LogModuleManager: Shutting down and abandoning module CharacterAI (182)
[2016.03.17-16.58.22:186][693]LogModuleManager: Shutting down and abandoning module SmartSnapping (181)
[2016.03.17-16.58.22:186][693]LogModuleManager: Shutting down and abandoning module ViewportSnapping (180)
[2016.03.17-16.58.22:186][693]LogModuleManager: Shutting down and abandoning module LogVisualizer (179)
[2016.03.17-16.58.22:186][693]LogModuleManager: Shutting down and abandoning module GameProjectGeneration (178)
[2016.03.17-16.58.22:186][693]LogModuleManager: Shutting down and abandoning module IntroTutorials (177)
[2016.03.17-16.58.22:186][693]LogModuleManager: Shutting down and abandoning module EditorLiveStreaming (176)
[2016.03.17-16.58.22:186][693]LogModuleManager: Shutting down and abandoning module IOSPlatformEditor (175)
[2016.03.17-16.58.22:186][693]LogModuleManager: Shutting down and abandoning module HTML5PlatformEditor (174)
[2016.03.17-16.58.22:186][693]LogModuleManager: Shutting down and abandoning module AndroidDeviceDetection (173)
[2016.03.17-16.58.22:419][693]LogModuleManager: Shutting down and abandoning module AndroidPlatformEditor (172)
[2016.03.17-16.58.22:419][693]LogModuleManager: Shutting down and abandoning module IOSRuntimeSettings (171)
[2016.03.17-16.58.22:419][693]LogModuleManager: Shutting down and abandoning module AndroidRuntimeSettings (170)
[2016.03.17-16.58.22:419][693]LogModuleManager: Shutting down and abandoning module MergeActors (169)
[2016.03.17-16.58.22:419][693]LogModuleManager: Shutting down and abandoning module SizeMap (168)
[2016.03.17-16.58.22:419][693]LogModuleManager: Shutting down and abandoning module TreeMap (167)
[2016.03.17-16.58.22:420][693]LogModuleManager: Shutting down and abandoning module ReferenceViewer (166)
[2016.03.17-16.58.22:420][693]LogModuleManager: Shutting down and abandoning module LocalizationService (165)
[2016.03.17-16.58.22:420][693]LogModuleManager: Shutting down and abandoning module LocalizationDashboard (164)
[2016.03.17-16.58.22:420][693]LogModuleManager: Shutting down and abandoning module HardwareTargeting (163)
[2016.03.17-16.58.22:420][693]LogModuleManager: Shutting down and abandoning module DeviceProfileEditor (162)
[2016.03.17-16.58.22:420][693]LogModuleManager: Shutting down and abandoning module UndoHistory (161)
[2016.03.17-16.58.22:420][693]LogModuleManager: Shutting down and abandoning module GameplayTagsEditor (160)
[2016.03.17-16.58.22:420][693]LogModuleManager: Shutting down and abandoning module UserFeedback (159)
[2016.03.17-16.58.22:420][693]LogModuleManager: Shutting down and abandoning module XmlParser (158)
[2016.03.17-16.58.22:420][693]LogModuleManager: Shutting down and abandoning module Blutility (157)
[2016.03.17-16.58.22:420][693]LogModuleManager: Shutting down and abandoning module ProjectTargetPlatformEditor (156)
[2016.03.17-16.58.22:420][693]LogModuleManager: Shutting down and abandoning module ProjectSettingsViewer (155)
[2016.03.17-16.58.22:420][693]LogModuleManager: Shutting down and abandoning module InputBindingEditor (154)
[2016.03.17-16.58.22:421][693]LogModuleManager: Shutting down and abandoning module EditorSettingsViewer (153)
[2016.03.17-16.58.22:421][693]LogModuleManager: Shutting down and abandoning module SettingsEditor (152)
[2016.03.17-16.58.22:421][693]LogModuleManager: Shutting down and abandoning module ProjectLauncher (151)
[2016.03.17-16.58.22:421][693]LogModuleManager: Shutting down and abandoning module SessionFrontend (150)
[2016.03.17-16.58.22:421][693]LogModuleManager: Shutting down and abandoning module ProfilerClient (149)
[2016.03.17-16.58.22:421][693]LogModuleManager: Shutting down and abandoning module TargetDeviceServices (148)
[2016.03.17-16.58.22:421][693]LogModuleManager: Shutting down and abandoning module DeviceManager (147)
[2016.03.17-16.58.22:421][693]LogModuleManager: Shutting down and abandoning module AutomationController (146)
[2016.03.17-16.58.22:421][693]LogModuleManager: Shutting down and abandoning module AutomationWindow (145)
[2016.03.17-16.58.22:421][693]LogModuleManager: Shutting down and abandoning module Layers (144)
[2016.03.17-16.58.22:421][693]LogModuleManager: Shutting down and abandoning module ComponentVisualizers (143)
[2016.03.17-16.58.22:421][693]LogModuleManager: Shutting down and abandoning module DetailCustomizations (142)
[2016.03.17-16.58.22:421][693]LogModuleManager: Shutting down and abandoning module PackagesDialog (141)
[2016.03.17-16.58.22:422][693]LogModuleManager: Shutting down and abandoning module Persona (140)
[2016.03.17-16.58.22:422][693]LogModuleManager: Shutting down and abandoning module Kismet (139)
[2016.03.17-16.58.22:422][693]LogModuleManager: Shutting down and abandoning module GraphEditor (138)
[2016.03.17-16.58.22:422][693]LogModuleManager: Shutting down and abandoning module ClassViewer (137)
[2016.03.17-16.58.22:422][693]LogModuleManager: Shutting down and abandoning module Toolbox (136)
[2016.03.17-16.58.22:422][693]LogModuleManager: Shutting down and abandoning module ModuleUI (135)
[2016.03.17-16.58.22:422][693]LogModuleManager: Shutting down and abandoning module MovieSceneTools (134)
[2016.03.17-16.58.22:422][693]LogModuleManager: Shutting down and abandoning module OutputLog (133)
[2016.03.17-16.58.22:422][693]LogModuleManager: Shutting down and abandoning module GammaUI (132)
[2016.03.17-16.58.22:422][693]LogModuleManager: Shutting down and abandoning module Documentation (131)
[2016.03.17-16.58.22:422][693]LogModuleManager: Shutting down and abandoning module GameLiveStreaming (130)
[2016.03.17-16.58.22:422][693]LogModuleManager: Shutting down and abandoning module StreamingPauseRendering (129)
[2016.03.17-16.58.22:422][693]LogModuleManager: Shutting down and abandoning module AnalyticsET (128)
[2016.03.17-16.58.22:422][693]LogModuleManager: Shutting down and abandoning module Analytics (127)
[2016.03.17-16.58.22:423][693]LogModuleManager: Shutting down and abandoning module AITestSuite (126)
[2016.03.17-16.58.22:423][693]LogModuleManager: Shutting down and abandoning module GameplayDebugger (125)
[2016.03.17-16.58.22:423][693]LogModuleManager: Shutting down and abandoning module AIModule (124)
[2016.03.17-16.58.22:423][693]LogModuleManager: Shutting down and abandoning module ProfilerService (123)
[2016.03.17-16.58.22:652][693]LogModuleManager: Shutting down and abandoning module TaskGraph (122)
[2016.03.17-16.58.22:652][693]LogModuleManager: Shutting down and abandoning module SlateRemote (121)
[2016.03.17-16.58.22:652][693]LogModuleManager: Shutting down and abandoning module SteamVRController (120)
[2016.03.17-16.58.22:652][693]LogModuleManager: Shutting down and abandoning module SteamVR (119)
[2016.03.17-16.58.22:652][693]LogModuleManager: Shutting down and abandoning module ProceduralMeshComponent (118)
[2016.03.17-16.58.22:652][693]LogModuleManager: Shutting down and abandoning module OculusLibrary (117)
[2016.03.17-16.58.22:652][693]LogModuleManager: Shutting down and abandoning module OculusInput (116)
[2016.03.17-16.58.22:652][693]LogModuleManager: Shutting down and abandoning module LeapMotionController (115)
[2016.03.17-16.58.22:673][693]LogModuleManager: Shutting down and abandoning module CustomMeshComponent (114)
[2016.03.17-16.58.22:673][693]LogModuleManager: Shutting down and abandoning module CableComponent (113)
[2016.03.17-16.58.22:673][693]LogModuleManager: Shutting down and abandoning module ArchVisCharacter (112)
[2016.03.17-16.58.22:673][693]LogModuleManager: Shutting down and abandoning module MessagingDebugger (111)
[2016.03.17-16.58.22:673][693]LogModuleManager: Shutting down and abandoning module MediaPlayerEditor (110)
[2016.03.17-16.58.22:673][693]LogModuleManager: Shutting down and abandoning module HTML5Networking (109)
[2016.03.17-16.58.22:673][693]LogModuleManager: Shutting down and abandoning module SpeedTreeImporter (108)
[2016.03.17-16.58.22:673][693]LogModuleManager: Shutting down and abandoning module PluginBrowser (107)
[2016.03.17-16.58.22:673][693]LogModuleManager: Shutting down and abandoning module EpicSurvey (106)
[2016.03.17-16.58.22:673][693]LogModuleManager: Shutting down and abandoning module DesktopPlatform (105)
[2016.03.17-16.58.22:673][693]LogModuleManager: Shutting down and abandoning module VisualStudioSourceCodeAccess (104)
[2016.03.17-16.58.22:673][693]LogModuleManager: Shutting down and abandoning module UObjectPlugin (103)
[2016.03.17-16.58.22:673][693]LogModuleManager: Shutting down and abandoning module SubversionSourceControl (102)
[2016.03.17-16.58.22:673][693]LogModuleManager: Shutting down and abandoning module PerforceSourceControl (101)
[2016.03.17-16.58.22:673][693]LogModuleManager: Shutting down and abandoning module SourceControl (100)
[2016.03.17-16.58.22:673][693]LogModuleManager: Shutting down and abandoning module GitSourceControl (99)
[2016.03.17-16.58.22:673][693]LogModuleManager: Shutting down and abandoning module LightPropagationVolumeEditor (98)
[2016.03.17-16.58.22:673][693]LogModuleManager: Shutting down and abandoning module PaperTiledImporter (97)
[2016.03.17-16.58.22:673][693]LogModuleManager: Shutting down and abandoning module PaperSpriteSheetImporter (96)
[2016.03.17-16.58.22:673][693]LogModuleManager: Shutting down and abandoning module MeshPaint (95)
[2016.03.17-16.58.22:673][693]LogModuleManager: Shutting down and abandoning module SlateReflector (94)
[2016.03.17-16.58.22:673][693]LogModuleManager: Shutting down and abandoning module HotReload (93)
[2016.03.17-16.58.22:673][693]LogModuleManager: Shutting down and abandoning module MainFrame (92)
[2016.03.17-16.58.22:673][693]LogModuleManager: Shutting down and abandoning module LevelEditor (91)
[2016.03.17-16.58.22:675][693]LogModuleManager: Shutting down and abandoning module DirectoryWatcher (90)
[2016.03.17-16.58.22:682][693]LogModuleManager: Shutting down and abandoning module AssetRegistry (89)
[2016.03.17-16.58.22:775][693]LogModuleManager: Shutting down and abandoning module ContentBrowser (88)
[2016.03.17-16.58.22:776][693]LogModuleManager: Shutting down and abandoning module Paper2DEditor (87)
[2016.03.17-16.58.22:776][693]LogModuleManager: Shutting down and abandoning module UdpMessaging (86)
[2016.03.17-16.58.22:877][693]LogModuleManager: Shutting down and abandoning module LightPropagationVolumeRuntime (85)
[2016.03.17-16.58.22:877][693]LogModuleManager: Shutting down and abandoning module Paper2D (84)
[2016.03.17-16.58.22:877][693]LogModuleManager: Shutting down and abandoning module WindowsMoviePlayer (83)
[2016.03.17-16.58.22:877][693]LogModuleManager: Shutting down and abandoning module Media (82)
[2016.03.17-16.58.22:877][693]LogModuleManager: Shutting down and abandoning module WmfMedia (81)
[2016.03.17-16.58.22:877][693]LogModuleManager: Shutting down and abandoning module OnlineBlueprintSupport (80)
[2016.03.17-16.58.22:877][693]LogModuleManager: Shutting down and abandoning module GameplayTasksEditor (79)
[2016.03.17-16.58.22:877][693]LogModuleManager: Shutting down and abandoning module PropertyEditor (78)
[2016.03.17-16.58.22:877][693]LogModuleManager: Shutting down and abandoning module BehaviorTreeEditor (77)
[2016.03.17-16.58.22:877][693]LogModuleManager: Shutting down and abandoning module FunctionalTesting (76)
[2016.03.17-16.58.22:877][693]LogModuleManager: Shutting down and abandoning module CollisionAnalyzer (75)
[2016.03.17-16.58.22:877][693]LogModuleManager: Shutting down and abandoning module WorkspaceMenuStructure (74)
[2016.03.17-16.58.22:877][693]LogModuleManager: Shutting down and abandoning module MessageLog (73)
[2016.03.17-16.58.22:877][693]LogModuleManager: Shutting down and abandoning module Sequencer (72)
[2016.03.17-16.58.22:878][693]LogModuleManager: Shutting down and abandoning module AssetTools (71)
[2016.03.17-16.58.22:878][693]LogModuleManager: Shutting down and abandoning module UMGEditor (70)
[2016.03.17-16.58.22:878][693]LogModuleManager: Shutting down and abandoning module UMG (69)
[2016.03.17-16.58.22:878][693]LogModuleManager: Shutting down and abandoning module Slate (68)
[2016.03.17-16.58.22:878][693]LogModuleManager: Shutting down and abandoning module EditorStyle (67)
[2016.03.17-16.58.22:881][693]LogModuleManager: Shutting down and abandoning module SessionServices (66)
[2016.03.17-16.58.22:881][693]LogModuleManager: Shutting down and abandoning module SourceCodeAccess (65)
[2016.03.17-16.58.22:881][693]LogModuleManager: Shutting down and abandoning module HeadMountedDisplay (64)
[2016.03.17-16.58.22:881][693]LogModuleManager: Shutting down and abandoning module XAudio2 (63)
[2016.03.17-16.58.22:881][693]LogModuleManager: Shutting down and abandoning module Networking (61)
[2016.03.17-16.58.22:881][693]LogModuleManager: Shutting down and abandoning module Core (60)
[2016.03.17-16.58.22:881][693]LogModuleManager: Shutting down and abandoning module KismetCompiler (59)
[2016.03.17-16.58.22:881][693]LogModuleManager: Shutting down and abandoning module PhysXFormats (58)
[2016.03.17-16.58.22:881][693]LogModuleManager: Shutting down and abandoning module MeshUtilities (57)
[2016.03.17-16.58.22:881][693]LogModuleManager: Shutting down and abandoning module DerivedDataCache (56)
[2016.03.17-16.58.22:922][693]LogDerivedDataCache: Shutdown
[2016.03.17-16.58.22:922][693]LogModuleManager: Shutting down and abandoning module ShaderFormatOpenGL (55)
[2016.03.17-16.58.22:922][693]LogModuleManager: Shutting down and abandoning module ShaderFormatD3D (54)
[2016.03.17-16.58.22:923][693]LogModuleManager: Shutting down and abandoning module MetalShaderFormat (53)
[2016.03.17-16.58.22:923][693]LogModuleManager: Shutting down and abandoning module TextureFormatUncompressed (52)
[2016.03.17-16.58.22:923][693]LogModuleManager: Shutting down and abandoning module TextureFormatPVR (51)
[2016.03.17-16.58.22:923][693]LogModuleManager: Shutting down and abandoning module TextureFormatIntelISPCTexComp (50)
[2016.03.17-16.58.22:923][693]LogModuleManager: Shutting down and abandoning module TextureFormatDXT (49)
[2016.03.17-16.58.22:923][693]LogModuleManager: Shutting down and abandoning module ImageWrapper (48)
[2016.03.17-16.58.22:923][693]LogModuleManager: Shutting down and abandoning module TextureFormatASTC (47)
[2016.03.17-16.58.22:923][693]LogModuleManager: Shutting down and abandoning module TextureFormatAndroid (46)
[2016.03.17-16.58.22:923][693]LogModuleManager: Shutting down and abandoning module AudioFormatOpus (45)
[2016.03.17-16.58.22:923][693]LogModuleManager: Shutting down and abandoning module AudioFormatOgg (44)
[2016.03.17-16.58.22:923][693]LogModuleManager: Shutting down and abandoning module AudioFormatADPCM (43)
[2016.03.17-16.58.22:923][693]LogModuleManager: Shutting down and abandoning module LinuxTargetPlatform (42)
[2016.03.17-16.58.22:924][693]LogModuleManager: Shutting down and abandoning module LinuxServerTargetPlatform (41)
[2016.03.17-16.58.22:924][693]LogModuleManager: Shutting down and abandoning module LinuxNoEditorTargetPlatform (40)
[2016.03.17-16.58.22:924][693]LogModuleManager: Shutting down and abandoning module Messaging (39)
[2016.03.17-16.58.22:924][693]LogModuleManager: Shutting down and abandoning module IOSTargetPlatform (38)
[2016.03.17-16.58.22:924][693]LogModuleManager: Shutting down and abandoning module HTML5TargetPlatform (37)
[2016.03.17-16.58.22:924][693]LogModuleManager: Shutting down and abandoning module Android_PVRTCTargetPlatform (36)
[2016.03.17-16.58.22:924][693]LogModuleManager: Shutting down and abandoning module Android_MultiTargetPlatform (35)
[2016.03.17-16.58.22:924][693]LogModuleManager: Shutting down and abandoning module Android_ETC2TargetPlatform (34)
[2016.03.17-16.58.22:924][693]LogModuleManager: Shutting down and abandoning module Android_ETC1TargetPlatform (33)
[2016.03.17-16.58.22:924][693]LogModuleManager: Shutting down and abandoning module Android_DXTTargetPlatform (32)
[2016.03.17-16.58.22:924][693]LogModuleManager: Shutting down and abandoning module Android_ATCTargetPlatform (31)
[2016.03.17-16.58.22:924][693]LogModuleManager: Shutting down and abandoning module Android_ASTCTargetPlatform (30)
[2016.03.17-16.58.22:924][693]LogModuleManager: Shutting down and abandoning module AndroidTargetPlatform (29)
[2016.03.17-16.58.22:924][693]LogModuleManager: Shutting down and abandoning module WindowsTargetPlatform (28)
[2016.03.17-16.58.22:924][693]LogModuleManager: Shutting down and abandoning module WindowsServerTargetPlatform (27)
[2016.03.17-16.58.22:924][693]LogModuleManager: Shutting down and abandoning module WindowsNoEditorTargetPlatform (26)
[2016.03.17-16.58.22:924][693]LogModuleManager: Shutting down and abandoning module WindowsClientTargetPlatform (25)
[2016.03.17-16.58.22:924][693]LogModuleManager: Shutting down and abandoning module AllDesktopTargetPlatform (24)
[2016.03.17-16.58.22:924][693]LogModuleManager: Shutting down and abandoning module TargetPlatform (23)
[2016.03.17-16.58.22:925][693]LogModuleManager: Shutting down and abandoning module InputCore (22)
[2016.03.17-16.58.22:925][693]LogModuleManager: Shutting down and abandoning module Settings (21)
[2016.03.17-16.58.22:925][693]LogModuleManager: Shutting down and abandoning module OnlineSubsystem (19)
[2016.03.17-16.58.22:925][693]LogModuleManager: Shutting down and abandoning module HTTP (18)
[2016.03.17-16.58.27:432][693]LogModuleManager: Shutting down and abandoning module XMPP (17)
[2016.03.17-16.58.27:432][693]LogModuleManager: Shutting down and abandoning module OculusRift (16)
[2016.03.17-16.58.27:432][693]LogModuleManager: Shutting down and abandoning module ExampleDeviceProfileSelector (15)
[2016.03.17-16.58.27:432][693]LogModuleManager: Shutting down and abandoning module TextureCompressor (14)
[2016.03.17-16.58.27:432][693]LogModuleManager: Shutting down and abandoning module ShaderCore (13)
[2016.03.17-16.58.27:432][693]LogModuleManager: Shutting down and abandoning module Landscape (12)
[2016.03.17-16.58.27:432][693]LogModuleManager: Shutting down and abandoning module SlateRHIRenderer (11)
[2016.03.17-16.58.27:438][693]LogModuleManager: Shutting down and abandoning module OpenGLDrv (10)
[2016.03.17-16.58.27:438][693]LogModuleManager: Shutting down and abandoning module D3D11RHI (9)
[2016.03.17-16.58.27:438][693]LogModuleManager: Shutting down and abandoning module AnimGraphRuntime (8)
[2016.03.17-16.58.27:438][693]LogModuleManager: Shutting down and abandoning module Renderer (7)
[2016.03.17-16.58.27:438][693]LogModuleManager: Shutting down and abandoning module Engine (6)
[2016.03.17-16.58.27:438][693]LogModuleManager: Shutting down and abandoning module CoreUObject (5)
[2016.03.17-16.58.27:438][693]LogModuleManager: Shutting down and abandoning module NetworkFile (4)
[2016.03.17-16.58.27:438][693]LogModuleManager: Shutting down and abandoning module StreamingFile (3)
[2016.03.17-16.58.27:438][693]LogModuleManager: Shutting down and abandoning module SandboxFile (2)
[2016.03.17-16.58.27:438][693]LogModuleManager: Shutting down and abandoning module PakFile (1)
[2016.03.17-16.58.27:439][693]LogExit: Exiting.
[2016.03.17-16.58.27:446][693]Log file closed, 03/17/16 22:28:27
