[2016.08.19-07.00.17:792][  0]Log file open, 08/19/16 12:30:17
[2016.08.19-07.00.17:792][  0]LogInit:Display: Running engine for game: MyProject
[2016.08.19-07.00.17:792][  0]LogPlatformFile: Not using cached read wrapper
[2016.08.19-07.00.17:792][  0]LogInit:Display: RandInit(-816777706) SRandInit(-816777705).
[2016.08.19-07.00.17:792][  0]LogTaskGraph: Started task graph with 4 named threads and 5 total threads.
[2016.08.19-07.00.17:792][  0]LogStats: Stats thread started at 0.057687
[2016.08.19-07.00.17:792][  0]LogInit: Version: 4.10.4-2872498+++depot+UE4-Releases+4.10
[2016.08.19-07.00.17:792][  0]LogInit: API Version: 2758231
[2016.08.19-07.00.17:792][  0]LogInit: Compiled (64-bit): Feb 18 2016 15:47:04
[2016.08.19-07.00.17:792][  0]LogInit: Compiled with Visual C++: 19.00.23026.00
[2016.08.19-07.00.17:792][  0]LogInit: Build Configuration: Development
[2016.08.19-07.00.17:792][  0]LogInit: Branch Name: ++depot+UE4-Releases+4.10
[2016.08.19-07.00.17:792][  0]LogInit: Command line:  
[2016.08.19-07.00.17:792][  0]LogInit: Base directory: C:/Program Files (x86)/Epic Games/4.10/Engine/Binaries/Win64/
[2016.08.19-07.00.17:792][  0]LogInit: Rocket: 1
[2016.08.19-07.00.17:801][  0]LogInit: Using libcurl 7.41.0
[2016.08.19-07.00.17:801][  0]LogInit:  - built for x86_64-pc-win32
[2016.08.19-07.00.17:801][  0]LogInit:  - supports SSL with WinSSL
[2016.08.19-07.00.17:801][  0]LogInit:  - other features:
[2016.08.19-07.00.17:801][  0]LogInit:      CURL_VERSION_SSL
[2016.08.19-07.00.17:801][  0]LogInit:      CURL_VERSION_IPV6
[2016.08.19-07.00.17:801][  0]LogInit:      CURL_VERSION_ASYNCHDNS
[2016.08.19-07.00.17:801][  0]LogInit:      CURL_VERSION_LARGEFILE
[2016.08.19-07.00.17:801][  0]LogInit:      CURL_VERSION_IDN
[2016.08.19-07.00.17:801][  0]LogInit:  CurlRequestOptions (configurable via config and command line):
[2016.08.19-07.00.17:801][  0]LogInit:  - bVerifyPeer = true  - Libcurl will verify peer certificate
[2016.08.19-07.00.17:801][  0]LogInit:  - bUseHttpProxy = false  - Libcurl will NOT use HTTP proxy
[2016.08.19-07.00.17:801][  0]LogInit:  - bDontReuseConnections = false  - Libcurl will reuse connections
[2016.08.19-07.00.17:801][  0]LogInit:  - CertBundlePath = nullptr  - Libcurl will use whatever was configured at build time.
[2016.08.19-07.00.17:812][  0]LogInit: Presizing for 0 objects not considered by GC, pre-allocating 0 bytes.
[2016.08.19-07.00.17:819][  0]LogInit: Object subsystem initialized
[2016.08.19-07.00.17:820][  0]LogInit: Selected Device Profile: [Windows]
[2016.08.19-07.00.17:820][  0]LogInit: Applying CVar settings loaded from the selected device profile: [Windows]
[2016.08.19-07.00.17:849][  0]LogInit: Computer: VISHAL-PC
[2016.08.19-07.00.17:849][  0]LogInit: User: Vishal
[2016.08.19-07.00.17:849][  0]LogInit: CPU Page size=4096, Cores=2
[2016.08.19-07.00.17:849][  0]LogInit: High frequency timer resolution =2.240908 MHz
[2016.08.19-07.00.17:849][  0]LogMemory: Memory total: Physical=7.9GB (8GB approx)
[2016.08.19-07.00.17:849][  0]LogMemory: Platform Memory Stats for Windows
[2016.08.19-07.00.17:849][  0]LogMemory: Process Physical Memory: 59.79 MB used, 59.79 MB peak
[2016.08.19-07.00.17:849][  0]LogMemory: Process Virtual Memory: 58.74 MB used, 58.74 MB peak
[2016.08.19-07.00.17:849][  0]LogMemory: Physical Memory: 4955.77 MB used, 8075.38 MB total
[2016.08.19-07.00.17:849][  0]LogMemory: Virtual Memory: 383.44 MB used, 134217728.00 MB total
[2016.08.19-07.00.17:915][  0]LogTextLocalizationManager: No specific translations for ('en-IN') exist, so ('en') translations will be used.
[2016.08.19-07.00.18:464][  0]LogD3D11RHI: Found D3D11 adapter 0: NVIDIA GeForce 820M              (Feature Level 11_0)
[2016.08.19-07.00.18:464][  0]LogD3D11RHI: Adapter has 1999MB of dedicated video memory, 0MB of dedicated system memory, and 4037MB of shared system memory, 1 output[s]
[2016.08.19-07.00.18:476][  0]LogD3D11RHI: Found D3D11 adapter 1: Intel(R) HD Graphics Family (Feature Level 11_0)
[2016.08.19-07.00.18:476][  0]LogD3D11RHI: Adapter has 112MB of dedicated video memory, 0MB of dedicated system memory, and 2048MB of shared system memory, 0 output[s]
[2016.08.19-07.00.18:479][  0]LogD3D11RHI: Found D3D11 adapter 2: Microsoft Basic Render Driver (Feature Level 11_0)
[2016.08.19-07.00.18:479][  0]LogD3D11RHI: Adapter has 0MB of dedicated video memory, 0MB of dedicated system memory, and 4037MB of shared system memory, 0 output[s]
[2016.08.19-07.00.18:479][  0]LogD3D11RHI: Chosen D3D11 Adapter Id = 0
[2016.08.19-07.00.18:486][  0]LogD3D11RHI: !Direct3DDevice
[2016.08.19-07.00.18:486][  0]LogRHI: Texture pool is 1361 MB (70% of 1945 MB)
[2016.08.19-07.00.18:511][  0]LogD3D11RHI: Async texture creation enabled
[2016.08.19-07.00.18:529][  0]LogShaderCompilers: Guid format shader working directory is -19 characters bigger than the processId version (../../../../../../Users/Vishal/Documents/Unreal Projects/MyProject/Intermediate/Shaders/WorkingDirectory/8972/).
[2016.08.19-07.00.18:530][  0]LogShaderCompilers: Cleaned the shader compiler working directory 'C:/Users/Vishal/AppData/Local/Temp/UnrealShaderWorkingDir/B8D2D91F466EE0F70D76E1AB62764C18/'.
[2016.08.19-07.00.18:530][  0]LogShaderCompilers:Display: Using Local Shader Compiler.
[2016.08.19-07.00.20:161][  0]LogTemp:Display: Loaded TP AllDesktopTargetPlatform
[2016.08.19-07.00.20:168][  0]LogTemp:Display: Loaded TP WindowsClientTargetPlatform
[2016.08.19-07.00.20:175][  0]LogTemp:Display: Loaded TP WindowsNoEditorTargetPlatform
[2016.08.19-07.00.20:181][  0]LogTemp:Display: Loaded TP WindowsServerTargetPlatform
[2016.08.19-07.00.20:189][  0]LogTemp:Display: Loaded TP WindowsTargetPlatform
[2016.08.19-07.00.20:195][  0]LogTemp:Display: Loaded TP AndroidTargetPlatform
[2016.08.19-07.00.20:200][  0]LogTemp:Display: Loaded TP Android_ASTCTargetPlatform
[2016.08.19-07.00.20:206][  0]LogTemp:Display: Loaded TP Android_ATCTargetPlatform
[2016.08.19-07.00.20:211][  0]LogTemp:Display: Loaded TP Android_DXTTargetPlatform
[2016.08.19-07.00.20:216][  0]LogTemp:Display: Loaded TP Android_ETC1TargetPlatform
[2016.08.19-07.00.20:222][  0]LogTemp:Display: Loaded TP Android_ETC2TargetPlatform
[2016.08.19-07.00.20:233][  0]LogTemp:Display: Loaded TP Android_MultiTargetPlatform
[2016.08.19-07.00.20:233][  0]LogTemp:Display: Loaded TP Android_PVRTCTargetPlatform
[2016.08.19-07.00.20:236][  0]LogTemp:Display: Loaded TP HTML5TargetPlatform
[2016.08.19-07.00.20:259][  0]LogTemp:Display: Loaded TP IOSTargetPlatform
[2016.08.19-07.00.20:264][  0]LogTemp:Display: Loaded TP LinuxNoEditorTargetPlatform
[2016.08.19-07.00.20:269][  0]LogTemp:Display: Loaded TP LinuxServerTargetPlatform
[2016.08.19-07.00.20:275][  0]LogTemp:Display: Loaded TP LinuxTargetPlatform
[2016.08.19-07.00.20:275][  0]LogTargetPlatformManager:Display: Building Assets For Windows
[2016.08.19-07.00.20:406][  0]LogDerivedDataCache:Display: Max Cache Size: 512 MB
[2016.08.19-07.00.20:736][  0]LogDerivedDataCache: Loaded boot cache 0.33s 41MB C:/Users/Vishal/AppData/Local/UnrealEngine/4.10/DerivedDataCache/Boot.ddc.
[2016.08.19-07.00.20:736][  0]LogDerivedDataCache:Display: Loaded Boot cache: C:/Users/Vishal/AppData/Local/UnrealEngine/4.10/DerivedDataCache/Boot.ddc
[2016.08.19-07.00.20:736][  0]LogDerivedDataCache: FDerivedDataBackendGraph:  Pak pak cache file ../../../../../../Users/Vishal/Documents/Unreal Projects/MyProject/DerivedDataCache/DDC.ddp not found, will not use a pak cache.
[2016.08.19-07.00.20:736][  0]LogDerivedDataCache: Unable to find inner node Pak for hierarchical cache Hierarchy.
[2016.08.19-07.00.20:736][  0]LogDerivedDataCache: FDerivedDataBackendGraph:  CompressedPak pak cache file ../../../../../../Users/Vishal/Documents/Unreal Projects/MyProject/DerivedDataCache/Compressed.ddp not found, will not use a pak cache.
[2016.08.19-07.00.20:736][  0]LogDerivedDataCache: Unable to find inner node CompressedPak for hierarchical cache Hierarchy.
[2016.08.19-07.00.20:807][  0]LogDerivedDataCache:Display: Pak cache opened for reading ../../../Engine/DerivedDataCache/Compressed.ddp.
[2016.08.19-07.00.20:820][  0]LogDerivedDataCache: Using Local data cache path C:/Users/Vishal/AppData/Local/UnrealEngine/Common/DerivedDataCache: Writable
[2016.08.19-07.00.21:038][  0]LogInit: Selected Device Profile: [Windows]
[2016.08.19-07.00.21:042][  0]LogContentStreaming: Texture pool size is 0.000000MB
[2016.08.19-07.00.21:181][  0]LogMeshUtilities: No automatic mesh reduction module available
[2016.08.19-07.00.21:181][  0]LogMeshUtilities: No automatic mesh merging module available
[2016.08.19-07.00.21:515][  0]LogInit: WinSock: version 1.1 (2.2), MaxSocks=32767, MaxUdp=65467
[2016.08.19-07.00.31:161][  0]UdpMessaging: Initializing bridge on interface 0.0.0.0:0 to multicast group 230.0.0.1:6666.
[2016.08.19-07.00.31:558][  0]LogAssetRegistry: FAssetRegistry took 0.0109 seconds to start up
[2016.08.19-07.00.31:825][  0]SourceControl: Info Source control is disabled
[2016.08.19-07.00.31:827][  0]SourceControl: Info Source control is disabled
[2016.08.19-07.00.31:846][  0]SourceControl: Info Source control is disabled
[2016.08.19-07.00.31:869][  0]SourceControl: Info Source control is disabled
[2016.08.19-07.00.32:436][  0]LogObj: 28894 objects as part of root set at end of initial load.
[2016.08.19-07.00.32:436][  0]LogUObjectAllocator: 6143824 out of 0 bytes used by permanent object pool.
[2016.08.19-07.00.32:538][  0]LogEngine: Initializing Engine...
[2016.08.19-07.00.32:541][  0]LogHMD: Can't find Oculus library dev build: is proper Runtime installed? Version: 0.8.0.0
[2016.08.19-07.00.32:543][  0]LogHMD: SteamVR failed to initialize.  Err: 110
[2016.08.19-07.00.32:699][  0]LogAIModule: Creating AISystem for world NewWorld
[2016.08.19-07.00.32:710][  0]LogInit: XAudio2 using 'Speakers (High Definition Audio Device)' : 2 channels at 44.1 kHz using 16 bits per sample (channel mask 0x3)
[2016.08.19-07.00.32:740][  0]LogInit: FAudioDevice initialized.
[2016.08.19-07.00.32:768][  0]LogDerivedDataCache: Saved boot cache 0.03s 41MB C:/Users/Vishal/AppData/Local/UnrealEngine/4.10/DerivedDataCache/Boot.ddc.
[2016.08.19-07.00.32:775][  0]LogInit: Texture streaming: Enabled
[2016.08.19-07.00.32:783][  0]LogAnalytics: Creating configured Analytics provider AnalyticsET
[2016.08.19-07.00.32:783][  0]LogAnalytics: [UEEditor.Rocket.Release] APIServer = http://et2.epicgames.com/ET2/. AppVersion = 4.10.4-2872498+++depot+UE4-Releases+4.10
[2016.08.19-07.00.32:783][  0]LogAnalytics: [UEEditor.Rocket.Release] SetUserId 42581dee49f10cab728e808031ad0d6c|b3aa724033af48eb807787bc6a36fc12|7d3f72a1-08fb-45f7-99a2-cbbddc55c18e
[2016.08.19-07.00.32:783][  0]LogAnalytics: [UEEditor.Rocket.Release] AnalyticsET::StartSession
[2016.08.19-07.00.32:797][  0]LogInit: Transaction tracking system initialized
[2016.08.19-07.00.32:838][  0]BlueprintLog: New page: Editor Load
[2016.08.19-07.00.32:997][  0]LocalizationService: Info Localization service is disabled
[2016.08.19-07.00.33:209][  0]LogConsoleResponse:Display: 
[2016.08.19-07.00.33:376][  0]LogCook:Display: Done creating registry. It took  0.00s.
[2016.08.19-07.00.33:563][  0]LogFileCache: Scanning file cache for directory 'C:/Users/Vishal/Documents/Unreal Projects/MyProject/Content/' took 0.02s
[2016.08.19-07.00.33:563][  0]SourceControl: Info Source control is disabled
[2016.08.19-07.00.33:563][  0]Cmd: MAP LOAD FILE="../../../../../../Users/Vishal/Documents/Unreal Projects/MyProject/Content/Architecture.umap" TEMPLATE=0 SHOWPROGRESS=1 FEATURELEVEL=3
[2016.08.19-07.00.33:563][  0]LightingResults: New page: Lighting Build
[2016.08.19-07.00.33:566][  0]MapCheck: New page: Map Check
[2016.08.19-07.00.33:566][  0]LightingResults: New page: Lighting Build
[2016.08.19-07.00.33:589][  0]LogParticles: Destroying 0 GPU particle simulations for FXSystem 0x000001D763115C60
[2016.08.19-07.00.34:109][  0]LogBlueprint:Error: [compiler ExportButtonBlueprint] Error Event Dispatcher pin is not connected  Bind Event to OnRequestFail 
[2016.08.19-07.00.34:110][  0]LogBlueprint:Error: [compiler ExportButtonBlueprint] Error Event Dispatcher pin is not connected  Bind Event to OnRequestComplete 
[2016.08.19-07.00.34:125][  0]LogBlueprint:Warning: [compiler ExportButtonBlueprint] Warning [0016.77] Compile of ExportButtonBlueprint failed. 2 Fatal Issue(s) 0 Warning(s) [in 31 ms]
[2016.08.19-07.00.34:125][  0]LogBlueprint:Warning: [compiler ExportButtonBlueprint] Warning [0016.77] Compile of ExportButtonBlueprint failed. 2 Fatal Issue(s) 1 Warning(s) [in 0 ms]
[2016.08.19-07.00.34:125][  0]LogBlueprint:Warning: [compiler ExportButtonBlueprint] Warning [0016.77] Compile of ExportButtonBlueprint failed. 2 Fatal Issue(s) 2 Warning(s) [in 0 ms]
[2016.08.19-07.00.42:444][  0]LogAIModule: Creating AISystem for world Architecture
[2016.08.19-07.00.42:452][  0]LogPrimitiveComponent: Zero scaling not supported (/Game/Architecture.Architecture:PersistentLevel.Carpet2.StaticMeshComponent0)
[2016.08.19-07.00.42:455][  0]LogPrimitiveComponent: Zero scaling not supported (/Game/Architecture.Architecture:PersistentLevel.Carpet3.StaticMeshComponent0)
[2016.08.19-07.00.42:456][  0]LogPrimitiveComponent: Zero scaling not supported (/Game/Architecture.Architecture:PersistentLevel.Carpet.StaticMeshComponent0)
[2016.08.19-07.00.42:458][  0]LogPrimitiveComponent: Zero scaling not supported (/Game/Architecture.Architecture:PersistentLevel.TVImage.StaticMeshComponent0)
[2016.08.19-07.00.42:471][  0]LogEditorServer: Finished looking for orphan Actors (0.000 secs)
[2016.08.19-07.00.42:472][  0]Cmd: MAP CHECKDEP NOCLEARLOG
[2016.08.19-07.00.42:554][  0]MapCheck: Info Map check complete: 0 Error(s), 0 Warning(s), took 81.951ms to complete.
[2016.08.19-07.00.42:554][  0]LogFileHelpers: Loading map 'Architecture' took 8.991
[2016.08.19-07.00.42:739][  0]LogCollectionManager: Loaded 0 collections in 0.003796 seconds
[2016.08.19-07.00.42:777][  0]LogFileCache: Scanning file cache for directory 'C:/Users/Vishal/Documents/Unreal Projects/MyProject/Saved/Collections/' took 0.01s
[2016.08.19-07.00.42:777][  0]LogFileCache: Scanning file cache for directory 'C:/Users/Vishal/Documents/Unreal Projects/MyProject/Content/Developers/Vishal/Collections/' took 0.01s
[2016.08.19-07.00.42:777][  0]LogFileCache: Scanning file cache for directory 'C:/Users/Vishal/Documents/Unreal Projects/MyProject/Content/Collections/' took 0.01s
[2016.08.19-07.00.42:777][  0]LogCollectionManager: Rebuilt the GUID cache for 0 collections in 0.000002 seconds
[2016.08.19-07.00.42:786][  0]LogContentBrowser: Native class hierarchy populated in 0.0087 seconds. Added 1898 classes and 345 folders.
[2016.08.19-07.00.42:792][  0]LogContentBrowser: Native class hierarchy updated for 'WidgetCarousel' in 0.0004 seconds. Added 0 classes and 0 folders.
[2016.08.19-07.00.43:583][  0]LogContentBrowser: Native class hierarchy updated for 'AddContentDialog' in 0.0004 seconds. Added 0 classes and 0 folders.
[2016.08.19-07.00.43:596][  0]LogContentBrowser: Native class hierarchy updated for 'SceneOutliner' in 0.0004 seconds. Added 1 classes and 2 folders.
[2016.08.19-07.00.43:662][  0]LogCrashTracker: Crashtracker disabled due to settings.
[2016.08.19-07.00.43:667][  0]LogUObjectGlobals:Warning: Failed to find object 'Class None.'
[2016.08.19-07.00.43:690][  0]LogLoad: Full Startup: 26.33 seconds (BP compile: 0.28 seconds)
[2016.08.19-07.00.43:707][  0]LogWindowsTextInputMethodSystem:Display: IME system now deactivated.
[2016.08.19-07.00.43:711][  0]LogOcInput: Can't find Oculus library dev build: is proper Runtime installed? Version: 0.8.0.0
[2016.08.19-07.00.43:839][  0]LogContentStreaming: Texture pool size now 1000 MB
[2016.08.19-07.00.43:975][  0]LogRenderer: Reallocating scene render targets to support 808x368 (Frame:2).
[2016.08.19-07.00.44:696][  6]LogAssetRegistry: Asset discovery search completed in 13.1484 seconds
[2016.08.19-07.00.44:696][  6]LogCollectionManager: Rebuilt the object cache for 0 collections in 0.000001 seconds (found 0 objects)
[2016.08.19-07.00.44:696][  6]LogCollectionManager: Fixed up redirectors for 0 collections in 0.000034 seconds (updated 0 objects)
[2016.08.19-07.00.47:452][ 99]LogLinker:Warning: Asset '../../../Engine/Content/ArtTools/RenderToTexture/Macros/RenderToTextureMacros.uasset' has been saved with empty engine version. The asset will be loaded but may be incompatible.
[2016.08.19-07.00.48:036][ 99]LogContentBrowser: Native class hierarchy updated for 'BlueprintGraph' in 0.0009 seconds. Added 107 classes and 0 folders.
[2016.08.19-07.01.23:648][964]Cmd: OBJ SAVEPACKAGE PACKAGE="/Game/Blueprints/ExportButtonBlueprint" FILE="../../../../../../Users/Vishal/Documents/Unreal Projects/MyProject/Content/Blueprints/ExportButtonBlueprint.uasset" SILENT=true
[2016.08.19-07.01.23:840][964]LogSavePackage: Save=173.776886ms
[2016.08.19-07.01.23:841][964]LogSavePackage: Moving '../../../../../../Users/Vishal/Documents/Unreal Projects/MyProject/Saved/ExportButtonBlueprintF24F2DE547579C62CEE341AE3DA19B81.tmp' to '../../../../../../Users/Vishal/Documents/Unreal Projects/MyProject/Content/Blueprints/ExportButtonBlueprint.uasset'
[2016.08.19-07.01.23:847][964]LogSavePackage: Total save time: 197.406586ms
[2016.08.19-07.01.23:847][964]LogSavePackage:Display: Finished SavePackage ../../../../../../Users/Vishal/Documents/Unreal Projects/MyProject/Content/Blueprints/ExportButtonBlueprint.uasset
[2016.08.19-07.02.33:105][457]Cmd: OBJ SAVEPACKAGE PACKAGE="/Game/Blueprints/ExportButtonBlueprint" FILE="../../../../../../Users/Vishal/Documents/Unreal Projects/MyProject/Content/Blueprints/ExportButtonBlueprint.uasset" SILENT=true
[2016.08.19-07.02.33:281][457]LogSavePackage: Save=164.299911ms
[2016.08.19-07.02.33:281][457]LogSavePackage: Moving '../../../../../../Users/Vishal/Documents/Unreal Projects/MyProject/Saved/ExportButtonBlueprint2ADD6C594130059BC395A4852FD6A9C5.tmp' to '../../../../../../Users/Vishal/Documents/Unreal Projects/MyProject/Content/Blueprints/ExportButtonBlueprint.uasset'
[2016.08.19-07.02.33:284][457]LogSavePackage: Total save time: 176.958624ms
[2016.08.19-07.02.33:284][457]LogSavePackage:Display: Finished SavePackage ../../../../../../Users/Vishal/Documents/Unreal Projects/MyProject/Content/Blueprints/ExportButtonBlueprint.uasset
[2016.08.19-07.02.33:782][486]BlueprintLog: New page: Compile ExportButtonBlueprint
[2016.08.19-07.02.34:148][486]BlueprintEditorCompileResults: Info [0136.79] Compile of ExportButtonBlueprint successful! [in 365 ms]
[2016.08.19-07.03.02:537][911]BlueprintLog: New page: Compile ExportButtonBlueprint
[2016.08.19-07.03.02:587][911]LogBlueprint:Error: [compiler ExportButtonBlueprint] Error This blueprint (self) is not a VaRestRequestJSON, therefore ' Target ' must have a connection.
[2016.08.19-07.03.02:772][911]LogBlueprint:Warning: [compiler ExportButtonBlueprint] Warning [0165.41] Compile of ExportButtonBlueprint failed. 1 Fatal Issue(s) 0 Warning(s) [in 234 ms]
[2016.08.19-07.03.02:772][911]BlueprintEditorCompileResults:Error: Error This blueprint (self) is not a VaRestRequestJSON, therefore ' Target ' must have a connection.
[2016.08.19-07.03.02:772][911]BlueprintEditorCompileResults:Warning: Warning [0165.41] Compile of ExportButtonBlueprint failed. 1 Fatal Issue(s) 0 Warning(s) [in 234 ms]
[2016.08.19-07.03.03:955][978]Cmd: OBJ SAVEPACKAGE PACKAGE="/Game/Blueprints/ExportButtonBlueprint" FILE="../../../../../../Users/Vishal/Documents/Unreal Projects/MyProject/Content/Blueprints/ExportButtonBlueprint.uasset" SILENT=true
[2016.08.19-07.03.04:126][978]LogSavePackage: Save=163.202148ms
[2016.08.19-07.03.04:127][978]LogSavePackage: Moving '../../../../../../Users/Vishal/Documents/Unreal Projects/MyProject/Saved/ExportButtonBlueprint24A5EF7040C73D952F1403A18A605E66.tmp' to '../../../../../../Users/Vishal/Documents/Unreal Projects/MyProject/Content/Blueprints/ExportButtonBlueprint.uasset'
[2016.08.19-07.03.04:130][978]LogSavePackage: Total save time: 173.341341ms
[2016.08.19-07.03.04:130][978]LogSavePackage:Display: Finished SavePackage ../../../../../../Users/Vishal/Documents/Unreal Projects/MyProject/Content/Blueprints/ExportButtonBlueprint.uasset
[2016.08.19-07.03.15:955][514]BlueprintLog: New page: Compile ExportButtonBlueprint
[2016.08.19-07.03.16:139][514]BlueprintEditorCompileResults: Info [0178.78] Compile of ExportButtonBlueprint successful! [in 184 ms]
[2016.08.19-07.03.16:678][542]Cmd: OBJ SAVEPACKAGE PACKAGE="/Game/Blueprints/ExportButtonBlueprint" FILE="../../../../../../Users/Vishal/Documents/Unreal Projects/MyProject/Content/Blueprints/ExportButtonBlueprint.uasset" SILENT=true
[2016.08.19-07.03.16:857][542]LogSavePackage: Save=170.250183ms
[2016.08.19-07.03.16:857][542]LogSavePackage: Moving '../../../../../../Users/Vishal/Documents/Unreal Projects/MyProject/Saved/ExportButtonBlueprintB02F55654CCA5292A73FD1B54D582E48.tmp' to '../../../../../../Users/Vishal/Documents/Unreal Projects/MyProject/Content/Blueprints/ExportButtonBlueprint.uasset'
[2016.08.19-07.03.16:861][542]LogSavePackage: Total save time: 180.634368ms
[2016.08.19-07.03.16:861][542]LogSavePackage:Display: Finished SavePackage ../../../../../../Users/Vishal/Documents/Unreal Projects/MyProject/Content/Blueprints/ExportButtonBlueprint.uasset
[2016.08.19-07.03.19:308][683]LogBlueprintUserMessages: Early PlayInEditor Detection: Level '/Game/Architecture.Architecture:PersistentLevel' has LevelScriptBlueprint '/Game/Architecture.Architecture:PersistentLevel.Architecture' with GeneratedClass '/Game/Architecture.Architecture_C' with ClassGeneratedBy '/Game/Architecture.Architecture:PersistentLevel.Architecture'
[2016.08.19-07.03.19:308][683]LogPlayLevel: PlayLevel: No blueprints needed recompiling
[2016.08.19-07.03.19:309][683]PIE: New page: PIE session: Architecture (19-Aug-2016 6:03:19 pm)
[2016.08.19-07.03.19:309][683]LogPlayLevel: Creating play world package: /Game/UEDPIE_0_Architecture
[2016.08.19-07.03.19:347][683]LogPlayLevel: PIE: StaticDuplicateObject took: (0.038336s)
[2016.08.19-07.03.19:348][683]LogAIModule: Creating AISystem for world Architecture
[2016.08.19-07.03.19:348][683]LogPlayLevel: PIE: World Init took: (0.000848s)
[2016.08.19-07.03.19:348][683]LogPlayLevel: PIE: Created PIE world by copying editor world from /Game/Architecture.Architecture to /Game/UEDPIE_0_Architecture.Architecture (0.039605s)
[2016.08.19-07.03.19:399][683]LogParticles: Destroying 0 GPU particle simulations for FXSystem 0x000001D716257D80
[2016.08.19-07.03.19:411][683]LogInit: XAudio2 using 'Speakers (High Definition Audio Device)' : 2 channels at 44.1 kHz using 16 bits per sample (channel mask 0x3)
[2016.08.19-07.03.19:420][683]LogInit: FAudioDevice initialized.
[2016.08.19-07.03.19:577][683]LogWorld: Game class is 'FirstPersonGameMode_C'
[2016.08.19-07.03.19:590][683]LogPrimitiveComponent: Zero scaling not supported (/Game/UEDPIE_0_Architecture.Architecture:PersistentLevel.Carpet2.StaticMeshComponent0)
[2016.08.19-07.03.19:603][683]LogPrimitiveComponent: Zero scaling not supported (/Game/UEDPIE_0_Architecture.Architecture:PersistentLevel.Carpet3.StaticMeshComponent0)
[2016.08.19-07.03.19:606][683]LogPrimitiveComponent: Zero scaling not supported (/Game/UEDPIE_0_Architecture.Architecture:PersistentLevel.Carpet.StaticMeshComponent0)
[2016.08.19-07.03.19:610][683]LogPrimitiveComponent: Zero scaling not supported (/Game/UEDPIE_0_Architecture.Architecture:PersistentLevel.TVImage.StaticMeshComponent0)
[2016.08.19-07.03.19:616][683]LogWorld: Bringing World /Game/UEDPIE_0_Architecture.Architecture up for play (max tick rate 60) at 2016.08.19-12.33.19
[2016.08.19-07.03.19:616][683]LogActor:Warning: GameSession /Game/UEDPIE_0_Architecture.Architecture:PersistentLevel.GameSession_0 has natively added scene component(s), but none of them were set as the actor's RootComponent - picking one arbitrarily
[2016.08.19-07.03.19:617][683]LogActor:Warning: GameNetworkManager /Game/UEDPIE_0_Architecture.Architecture:PersistentLevel.GameNetworkManager_0 has natively added scene component(s), but none of them were set as the actor's RootComponent - picking one arbitrarily
[2016.08.19-07.03.19:618][683]LogWorld: Bringing up level for play took: 0.039368
[2016.08.19-07.03.19:628][683]PIE: Info Play in editor start time for /Game/UEDPIE_0_Architecture -0.392
[2016.08.19-07.03.19:628][683]LogBlueprintUserMessages: Late PlayInEditor Detection: Level '/Game/Architecture.Architecture:PersistentLevel' has LevelScriptBlueprint '/Game/Architecture.Architecture:PersistentLevel.Architecture' with GeneratedClass '/Game/Architecture.Architecture_C' with ClassGeneratedBy '/Game/Architecture.Architecture:PersistentLevel.Architecture'
[2016.08.19-07.03.22:359][754]LogBlueprintUserMessages: [ExportButtonBlueprint_C_1] {"rows":{"revitName":"ArchVizPOC","checktype":"1","WallDetails":{"rWall":[{"Wcolor":"223-16-21","Wuid":"BeanBag_Blueprint","Weid":"BeanBag_Blueprint"},{"Wcolor":"66-201-57","Wuid":"BeanBag2_Blueprint","Weid":"BeanBag2_Blueprint"}]}}}
[2016.08.19-07.03.22:360][754]LogOutputDevice:Warning: 

Script Stack:
ExportButtonBlueprint_C.ExecuteUbergraph_ExportButtonBlueprint

[2016.08.19-07.03.22:360][754]LogWindows:Error: Windows GetLastError: The operation completed successfully. (0)
[2016.08.19-07.03.22:773][754]LogCrashTracker: 


[2016.08.19-07.03.22:773][754]LogCrashTracker: 


[2016.08.19-07.03.22:773][754]LogWindows:Error: === Critical error: ===
Assertion failed: CanWriteObjectWithoutIdentifier() [File:D:\Program Files\Unreal Engine\4.10\Engine\Source\Runtime\Json\Public\Serialization\JsonWriter.h] [Line: 30] 





[2016.08.19-07.03.22:883][754]LogExit: Executing StaticShutdownAfterError
[2016.08.19-07.03.22:898][754]LogPhysics:Warning: PHYSX: ..\..\PhysX\src\NpScene.cpp (2946) 8 : PxScene::unlockWrite() called without matching call to PxScene::lockWrite(), behaviour will be undefined.
[2016.08.19-07.03.22:898][754]LogPhysics:Warning: PHYSX: ..\..\PhysX\src\NpScene.cpp (2946) 8 : PxScene::unlockWrite() called without matching call to PxScene::lockWrite(), behaviour will be undefined.
[2016.08.19-07.03.22:898][754]LogPhysics:Warning: PHYSX: ..\..\PhysX\src\NpScene.cpp (2946) 8 : PxScene::unlockWrite() called without matching call to PxScene::lockWrite(), behaviour will be undefined.
[2016.08.19-07.03.22:899][754]LogPhysics:Warning: PHYSX: ..\..\PhysX\src\NpScene.cpp (2946) 8 : PxScene::unlockWrite() called without matching call to PxScene::lockWrite(), behaviour will be undefined.
[2016.08.19-07.03.22:899][754]LogPhysics:Warning: PHYSX: ..\..\PhysX\src\NpScene.cpp (2946) 8 : PxScene::unlockWrite() called without matching call to PxScene::lockWrite(), behaviour will be undefined.
[2016.08.19-07.03.22:899][754]LogPhysics:Warning: PHYSX: ..\..\PhysX\src\NpScene.cpp (2946) 8 : PxScene::unlockWrite() called without matching call to PxScene::lockWrite(), behaviour will be undefined.
[2016.08.19-07.03.22:899][754]LogWindows: FPlatformMisc::RequestExit(1)
[2016.08.19-07.03.22:900][754]Log file closed, 08/19/16 12:33:22
