[2016.08.18-13.32.08:148][  0]Log file open, 08/18/16 19:02:08
[2016.08.18-13.32.08:148][  0]LogInit:Display: Running engine for game: MyProject
[2016.08.18-13.32.08:148][  0]LogPlatformFile: Not using cached read wrapper
[2016.08.18-13.32.08:148][  0]LogInit:Display: RandInit(-76332441) SRandInit(-76332440).
[2016.08.18-13.32.08:148][  0]LogTaskGraph: Started task graph with 4 named threads and 5 total threads.
[2016.08.18-13.32.08:148][  0]LogStats: Stats thread started at 0.111597
[2016.08.18-13.32.08:148][  0]LogInit: Version: 4.10.4-2872498+++depot+UE4-Releases+4.10
[2016.08.18-13.32.08:148][  0]LogInit: API Version: 2758231
[2016.08.18-13.32.08:148][  0]LogInit: Compiled (64-bit): Feb 18 2016 15:47:04
[2016.08.18-13.32.08:148][  0]LogInit: Compiled with Visual C++: 19.00.23026.00
[2016.08.18-13.32.08:148][  0]LogInit: Build Configuration: Development
[2016.08.18-13.32.08:148][  0]LogInit: Branch Name: ++depot+UE4-Releases+4.10
[2016.08.18-13.32.08:148][  0]LogInit: Command line:  
[2016.08.18-13.32.08:148][  0]LogInit: Base directory: C:/Program Files (x86)/Epic Games/4.10/Engine/Binaries/Win64/
[2016.08.18-13.32.08:148][  0]LogInit: Rocket: 1
[2016.08.18-13.32.08:225][  0]LogInit: Using libcurl 7.41.0
[2016.08.18-13.32.08:225][  0]LogInit:  - built for x86_64-pc-win32
[2016.08.18-13.32.08:225][  0]LogInit:  - supports SSL with WinSSL
[2016.08.18-13.32.08:225][  0]LogInit:  - other features:
[2016.08.18-13.32.08:225][  0]LogInit:      CURL_VERSION_SSL
[2016.08.18-13.32.08:225][  0]LogInit:      CURL_VERSION_IPV6
[2016.08.18-13.32.08:225][  0]LogInit:      CURL_VERSION_ASYNCHDNS
[2016.08.18-13.32.08:225][  0]LogInit:      CURL_VERSION_LARGEFILE
[2016.08.18-13.32.08:225][  0]LogInit:      CURL_VERSION_IDN
[2016.08.18-13.32.08:225][  0]LogInit:  CurlRequestOptions (configurable via config and command line):
[2016.08.18-13.32.08:225][  0]LogInit:  - bVerifyPeer = true  - Libcurl will verify peer certificate
[2016.08.18-13.32.08:225][  0]LogInit:  - bUseHttpProxy = false  - Libcurl will NOT use HTTP proxy
[2016.08.18-13.32.08:225][  0]LogInit:  - bDontReuseConnections = false  - Libcurl will reuse connections
[2016.08.18-13.32.08:225][  0]LogInit:  - CertBundlePath = nullptr  - Libcurl will use whatever was configured at build time.
[2016.08.18-13.32.08:262][  0]LogInit: Presizing for 0 objects not considered by GC, pre-allocating 0 bytes.
[2016.08.18-13.32.08:278][  0]LogInit: Object subsystem initialized
[2016.08.18-13.32.08:280][  0]LogInit: Selected Device Profile: [Windows]
[2016.08.18-13.32.08:280][  0]LogInit: Applying CVar settings loaded from the selected device profile: [Windows]
[2016.08.18-13.32.08:338][  0]LogInit: Computer: VISHAL-PC
[2016.08.18-13.32.08:338][  0]LogInit: User: Vishal
[2016.08.18-13.32.08:338][  0]LogInit: CPU Page size=4096, Cores=2
[2016.08.18-13.32.08:338][  0]LogInit: High frequency timer resolution =2.240910 MHz
[2016.08.18-13.32.08:338][  0]LogMemory: Memory total: Physical=7.9GB (8GB approx)
[2016.08.18-13.32.08:338][  0]LogMemory: Platform Memory Stats for Windows
[2016.08.18-13.32.08:338][  0]LogMemory: Process Physical Memory: 59.65 MB used, 59.65 MB peak
[2016.08.18-13.32.08:338][  0]LogMemory: Process Virtual Memory: 58.79 MB used, 58.79 MB peak
[2016.08.18-13.32.08:338][  0]LogMemory: Physical Memory: 4256.10 MB used, 8075.38 MB total
[2016.08.18-13.32.08:338][  0]LogMemory: Virtual Memory: 384.03 MB used, 134217728.00 MB total
[2016.08.18-13.32.08:449][  0]LogTextLocalizationManager: No specific translations for ('en-IN') exist, so ('en') translations will be used.
[2016.08.18-13.32.09:139][  0]LogD3D11RHI: Found D3D11 adapter 0: NVIDIA GeForce 820M              (Feature Level 11_0)
[2016.08.18-13.32.09:139][  0]LogD3D11RHI: Adapter has 1999MB of dedicated video memory, 0MB of dedicated system memory, and 4037MB of shared system memory, 1 output[s]
[2016.08.18-13.32.09:152][  0]LogD3D11RHI: Found D3D11 adapter 1: Intel(R) HD Graphics Family (Feature Level 11_0)
[2016.08.18-13.32.09:152][  0]LogD3D11RHI: Adapter has 112MB of dedicated video memory, 0MB of dedicated system memory, and 4037MB of shared system memory, 0 output[s]
[2016.08.18-13.32.09:155][  0]LogD3D11RHI: Found D3D11 adapter 2: Microsoft Basic Render Driver (Feature Level 11_0)
[2016.08.18-13.32.09:155][  0]LogD3D11RHI: Adapter has 0MB of dedicated video memory, 0MB of dedicated system memory, and 4037MB of shared system memory, 0 output[s]
[2016.08.18-13.32.09:155][  0]LogD3D11RHI: Chosen D3D11 Adapter Id = 0
[2016.08.18-13.32.09:162][  0]LogD3D11RHI: !Direct3DDevice
[2016.08.18-13.32.09:162][  0]LogRHI: Texture pool is 1361 MB (70% of 1945 MB)
[2016.08.18-13.32.09:187][  0]LogD3D11RHI: Async texture creation enabled
[2016.08.18-13.32.09:199][  0]LogShaderCompilers: Guid format shader working directory is -19 characters bigger than the processId version (../../../../../../Users/Vishal/Documents/Unreal Projects/MyProject/Intermediate/Shaders/WorkingDirectory/8128/).
[2016.08.18-13.32.09:199][  0]LogShaderCompilers: Cleaned the shader compiler working directory 'C:/Users/Vishal/AppData/Local/Temp/UnrealShaderWorkingDir/926059AC4691CA1209BA0888E0A33B4A/'.
[2016.08.18-13.32.09:199][  0]LogShaderCompilers:Display: Using Local Shader Compiler.
[2016.08.18-13.32.11:334][  0]LogTemp:Display: Loaded TP AllDesktopTargetPlatform
[2016.08.18-13.32.11:342][  0]LogTemp:Display: Loaded TP WindowsClientTargetPlatform
[2016.08.18-13.32.11:352][  0]LogTemp:Display: Loaded TP WindowsNoEditorTargetPlatform
[2016.08.18-13.32.11:360][  0]LogTemp:Display: Loaded TP WindowsServerTargetPlatform
[2016.08.18-13.32.11:367][  0]LogTemp:Display: Loaded TP WindowsTargetPlatform
[2016.08.18-13.32.11:377][  0]LogTemp:Display: Loaded TP AndroidTargetPlatform
[2016.08.18-13.32.11:384][  0]LogTemp:Display: Loaded TP Android_ASTCTargetPlatform
[2016.08.18-13.32.11:391][  0]LogTemp:Display: Loaded TP Android_ATCTargetPlatform
[2016.08.18-13.32.11:397][  0]LogTemp:Display: Loaded TP Android_DXTTargetPlatform
[2016.08.18-13.32.11:403][  0]LogTemp:Display: Loaded TP Android_ETC1TargetPlatform
[2016.08.18-13.32.11:408][  0]LogTemp:Display: Loaded TP Android_ETC2TargetPlatform
[2016.08.18-13.32.11:422][  0]LogTemp:Display: Loaded TP Android_MultiTargetPlatform
[2016.08.18-13.32.11:422][  0]LogTemp:Display: Loaded TP Android_PVRTCTargetPlatform
[2016.08.18-13.32.11:437][  0]LogTemp:Display: Loaded TP HTML5TargetPlatform
[2016.08.18-13.32.11:480][  0]LogTemp:Display: Loaded TP IOSTargetPlatform
[2016.08.18-13.32.11:487][  0]LogTemp:Display: Loaded TP LinuxNoEditorTargetPlatform
[2016.08.18-13.32.11:493][  0]LogTemp:Display: Loaded TP LinuxServerTargetPlatform
[2016.08.18-13.32.11:524][  0]LogTemp:Display: Loaded TP LinuxTargetPlatform
[2016.08.18-13.32.11:524][  0]LogTargetPlatformManager:Display: Building Assets For Windows
[2016.08.18-13.32.11:694][  0]LogDerivedDataCache:Display: Max Cache Size: 512 MB
[2016.08.18-13.32.14:107][  0]LogDerivedDataCache: Loaded boot cache 2.41s 41MB C:/Users/Vishal/AppData/Local/UnrealEngine/4.10/DerivedDataCache/Boot.ddc.
[2016.08.18-13.32.14:107][  0]LogDerivedDataCache:Display: Loaded Boot cache: C:/Users/Vishal/AppData/Local/UnrealEngine/4.10/DerivedDataCache/Boot.ddc
[2016.08.18-13.32.14:107][  0]LogDerivedDataCache: FDerivedDataBackendGraph:  Pak pak cache file ../../../../../../Users/Vishal/Documents/Unreal Projects/MyProject/DerivedDataCache/DDC.ddp not found, will not use a pak cache.
[2016.08.18-13.32.14:107][  0]LogDerivedDataCache: Unable to find inner node Pak for hierarchical cache Hierarchy.
[2016.08.18-13.32.14:107][  0]LogDerivedDataCache: FDerivedDataBackendGraph:  CompressedPak pak cache file ../../../../../../Users/Vishal/Documents/Unreal Projects/MyProject/DerivedDataCache/Compressed.ddp not found, will not use a pak cache.
[2016.08.18-13.32.14:107][  0]LogDerivedDataCache: Unable to find inner node CompressedPak for hierarchical cache Hierarchy.
[2016.08.18-13.32.14:205][  0]LogDerivedDataCache:Display: Pak cache opened for reading ../../../Engine/DerivedDataCache/Compressed.ddp.
[2016.08.18-13.32.14:217][  0]LogDerivedDataCache: Using Local data cache path C:/Users/Vishal/AppData/Local/UnrealEngine/Common/DerivedDataCache: Writable
[2016.08.18-13.32.19:430][  0]LogInit: Selected Device Profile: [Windows]
[2016.08.18-13.32.19:433][  0]LogContentStreaming: Texture pool size is 0.000000MB
[2016.08.18-13.32.19:618][  0]LogMeshUtilities: No automatic mesh reduction module available
[2016.08.18-13.32.19:618][  0]LogMeshUtilities: No automatic mesh merging module available
[2016.08.18-13.32.20:265][  0]LogInit: WinSock: version 1.1 (2.2), MaxSocks=32767, MaxUdp=65467
[2016.08.18-13.32.29:536][  0]UdpMessaging: Initializing bridge on interface 0.0.0.0:0 to multicast group 230.0.0.1:6666.
[2016.08.18-13.32.29:947][  0]LogAssetRegistry: FAssetRegistry took 0.0111 seconds to start up
[2016.08.18-13.32.30:405][  0]SourceControl: Info Source control is disabled
[2016.08.18-13.32.30:407][  0]SourceControl: Info Source control is disabled
[2016.08.18-13.32.30:420][  0]SourceControl: Info Source control is disabled
[2016.08.18-13.32.30:433][  0]SourceControl: Info Source control is disabled
[2016.08.18-13.32.31:478][  0]LogObj: 28894 objects as part of root set at end of initial load.
[2016.08.18-13.32.31:478][  0]LogUObjectAllocator: 6143824 out of 0 bytes used by permanent object pool.
[2016.08.18-13.32.31:628][  0]LogEngine: Initializing Engine...
[2016.08.18-13.32.31:635][  0]LogHMD: Can't find Oculus library dev build: is proper Runtime installed? Version: 0.8.0.0
[2016.08.18-13.32.31:638][  0]LogHMD: SteamVR failed to initialize.  Err: 110
[2016.08.18-13.32.31:880][  0]LogAIModule: Creating AISystem for world NewWorld
[2016.08.18-13.32.31:889][  0]LogInit: XAudio2 using 'Speakers (High Definition Audio Device)' : 2 channels at 44.1 kHz using 16 bits per sample (channel mask 0x3)
[2016.08.18-13.32.31:907][  0]LogInit: FAudioDevice initialized.
[2016.08.18-13.32.31:931][  0]LogDerivedDataCache: Saved boot cache 0.02s 41MB C:/Users/Vishal/AppData/Local/UnrealEngine/4.10/DerivedDataCache/Boot.ddc.
[2016.08.18-13.32.31:936][  0]LogInit: Texture streaming: Enabled
[2016.08.18-13.32.31:945][  0]LogAnalytics: Creating configured Analytics provider AnalyticsET
[2016.08.18-13.32.31:945][  0]LogAnalytics: [UEEditor.Rocket.Release] APIServer = http://et2.epicgames.com/ET2/. AppVersion = 4.10.4-2872498+++depot+UE4-Releases+4.10
[2016.08.18-13.32.31:945][  0]LogAnalytics: [UEEditor.Rocket.Release] SetUserId 42581dee49f10cab728e808031ad0d6c|b3aa724033af48eb807787bc6a36fc12|7d3f72a1-08fb-45f7-99a2-cbbddc55c18e
[2016.08.18-13.32.31:945][  0]LogAnalytics: [UEEditor.Rocket.Release] AnalyticsET::StartSession
[2016.08.18-13.32.31:960][  0]LogInit: Transaction tracking system initialized
[2016.08.18-13.32.31:995][  0]BlueprintLog: New page: Editor Load
[2016.08.18-13.32.32:157][  0]LocalizationService: Info Localization service is disabled
[2016.08.18-13.32.32:430][  0]LogConsoleResponse:Display: 
[2016.08.18-13.32.32:786][  0]LogCook:Display: Done creating registry. It took  0.00s.
[2016.08.18-13.32.32:946][  0]LogFileCache: Scanning file cache for directory 'C:/Users/Vishal/Documents/Unreal Projects/MyProject/Content/' took 0.02s
[2016.08.18-13.32.32:946][  0]SourceControl: Info Source control is disabled
[2016.08.18-13.32.32:947][  0]Cmd: MAP LOAD FILE="../../../../../../Users/Vishal/Documents/Unreal Projects/MyProject/Content/Architecture.umap" TEMPLATE=0 SHOWPROGRESS=1 FEATURELEVEL=3
[2016.08.18-13.32.32:972][  0]LightingResults: New page: Lighting Build
[2016.08.18-13.32.32:975][  0]MapCheck: New page: Map Check
[2016.08.18-13.32.32:975][  0]LightingResults: New page: Lighting Build
[2016.08.18-13.32.32:995][  0]LogParticles: Destroying 0 GPU particle simulations for FXSystem 0x000001EB6F6D9C60
[2016.08.18-13.32.44:451][  0]LogAIModule: Creating AISystem for world Architecture
[2016.08.18-13.32.44:461][  0]LogPrimitiveComponent: Zero scaling not supported (/Game/Architecture.Architecture:PersistentLevel.Carpet2.StaticMeshComponent0)
[2016.08.18-13.32.44:463][  0]LogPrimitiveComponent: Zero scaling not supported (/Game/Architecture.Architecture:PersistentLevel.Carpet3.StaticMeshComponent0)
[2016.08.18-13.32.44:464][  0]LogPrimitiveComponent: Zero scaling not supported (/Game/Architecture.Architecture:PersistentLevel.Carpet.StaticMeshComponent0)
[2016.08.18-13.32.44:466][  0]LogPrimitiveComponent: Zero scaling not supported (/Game/Architecture.Architecture:PersistentLevel.TVImage.StaticMeshComponent0)
[2016.08.18-13.32.44:476][  0]LogEditorServer: Finished looking for orphan Actors (0.000 secs)
[2016.08.18-13.32.44:476][  0]Cmd: MAP CHECKDEP NOCLEARLOG
[2016.08.18-13.32.44:568][  0]MapCheck: Info Map check complete: 0 Error(s), 0 Warning(s), took 91.083ms to complete.
[2016.08.18-13.32.44:568][  0]LogFileHelpers: Loading map 'Architecture' took 11.621
[2016.08.18-13.32.44:762][  0]LogCollectionManager: Loaded 0 collections in 0.001668 seconds
[2016.08.18-13.32.44:800][  0]LogFileCache: Scanning file cache for directory 'C:/Users/Vishal/Documents/Unreal Projects/MyProject/Saved/Collections/' took 0.01s
[2016.08.18-13.32.44:800][  0]LogFileCache: Scanning file cache for directory 'C:/Users/Vishal/Documents/Unreal Projects/MyProject/Content/Developers/Vishal/Collections/' took 0.01s
[2016.08.18-13.32.44:800][  0]LogFileCache: Scanning file cache for directory 'C:/Users/Vishal/Documents/Unreal Projects/MyProject/Content/Collections/' took 0.01s
[2016.08.18-13.32.44:800][  0]LogCollectionManager: Rebuilt the GUID cache for 0 collections in 0.000002 seconds
[2016.08.18-13.32.44:809][  0]LogContentBrowser: Native class hierarchy populated in 0.0081 seconds. Added 1898 classes and 345 folders.
[2016.08.18-13.32.44:814][  0]LogContentBrowser: Native class hierarchy updated for 'WidgetCarousel' in 0.0004 seconds. Added 0 classes and 0 folders.
[2016.08.18-13.32.45:922][  0]LogContentBrowser: Native class hierarchy updated for 'AddContentDialog' in 0.0004 seconds. Added 0 classes and 0 folders.
[2016.08.18-13.32.45:928][  0]LogContentBrowser: Native class hierarchy updated for 'SceneOutliner' in 0.0004 seconds. Added 1 classes and 2 folders.
[2016.08.18-13.32.46:066][  0]LogCrashTracker: Crashtracker disabled due to settings.
[2016.08.18-13.32.46:070][  0]LogUObjectGlobals:Warning: Failed to find object 'Class None.'
[2016.08.18-13.32.46:093][  0]LogLoad: Full Startup: 38.54 seconds (BP compile: 0.22 seconds)
[2016.08.18-13.32.46:436][  0]LogOcInput: Can't find Oculus library dev build: is proper Runtime installed? Version: 0.8.0.0
[2016.08.18-13.32.46:549][  0]LogContentStreaming: Texture pool size now 1000 MB
[2016.08.18-13.32.46:707][  0]LogRenderer: Reallocating scene render targets to support 808x368 (Frame:2).
[2016.08.18-13.32.47:251][  2]LogCollectionManager: Rebuilt the object cache for 0 collections in 0.000001 seconds (found 0 objects)
[2016.08.18-13.32.48:552][  6]LogAssetRegistry: Asset discovery search completed in 18.6162 seconds
[2016.08.18-13.32.48:552][  6]LogCollectionManager: Fixed up redirectors for 0 collections in 0.000003 seconds (updated 0 objects)
[2016.08.18-13.33.08:227][398]LogLinker:Warning: Asset '../../../Engine/Content/ArtTools/RenderToTexture/Macros/RenderToTextureMacros.uasset' has been saved with empty engine version. The asset will be loaded but may be incompatible.
[2016.08.18-13.33.08:727][398]LogContentBrowser: Native class hierarchy updated for 'BlueprintGraph' in 0.0008 seconds. Added 107 classes and 0 folders.
[2016.08.18-13.33.42:964][919]LogWindowsTextInputMethodSystem:Display: IME system now deactivated.
[2016.08.18-13.33.43:196][920]Cmd: QUIT_EDITOR
[2016.08.18-13.33.43:357][920]LogExit: Preparing to exit.
[2016.08.18-13.33.43:640][920]LogExit: Editor shut down
[2016.08.18-13.33.43:641][920]LogExit: Transaction tracking system shut down
[2016.08.18-13.33.43:646][920]LogParticles: Destroying 0 GPU particle simulations for FXSystem 0x000001EB7AA289A0
[2016.08.18-13.33.43:647][920]LogParticles: Destroying 0 GPU particle simulations for FXSystem 0x000001EB1B4B3880
[2016.08.18-13.33.43:647][920]LogParticles: Destroying 0 GPU particle simulations for FXSystem 0x000001EB1B809D00
[2016.08.18-13.33.43:647][920]LogParticles: Destroying 0 GPU particle simulations for FXSystem 0x000001EB1E217BA0
[2016.08.18-13.33.43:647][920]LogParticles: Destroying 0 GPU particle simulations for FXSystem 0x000001EB1E2179C0
[2016.08.18-13.33.43:647][920]LogParticles: Destroying 0 GPU particle simulations for FXSystem 0x000001EB26E928E0
[2016.08.18-13.33.43:648][920]LogParticles: Destroying 0 GPU particle simulations for FXSystem 0x000001EB26E93CE0
[2016.08.18-13.33.43:870][920]LogExit: Object subsystem successfully closed.
[2016.08.18-13.33.43:886][920]LogD3D11RHI: Shutdown
[2016.08.18-13.33.43:886][920]LogD3D11RHI: CleanupD3DDevice
[2016.08.18-13.33.44:104][920]LogD3D11RHI: ~FD3D11DynamicRHI
[2016.08.18-13.33.44:125][920]LogModuleManager: Shutting down and abandoning module SequencerWidgets (202)
[2016.08.18-13.33.44:125][920]LogModuleManager: Shutting down and abandoning module BlueprintGraph (201)
[2016.08.18-13.33.44:125][920]LogModuleManager: Shutting down and abandoning module CrashTracker (200)
[2016.08.18-13.33.44:126][920]LogModuleManager: Shutting down and abandoning module SceneOutliner (199)
[2016.08.18-13.33.44:126][920]LogModuleManager: Shutting down and abandoning module SuperSearch (198)
[2016.08.18-13.33.44:126][920]LogModuleManager: Shutting down and abandoning module WidgetCarousel (197)
[2016.08.18-13.33.44:126][920]LogModuleManager: Shutting down and abandoning module AddContentDialog (196)
[2016.08.18-13.33.44:126][920]LogModuleManager: Shutting down and abandoning module EditorWidgets (195)
[2016.08.18-13.33.44:127][920]LogModuleManager: Shutting down and abandoning module CollectionManager (194)
[2016.08.18-13.33.44:127][920]LogModuleManager: Shutting down and abandoning module StatsViewer (193)
[2016.08.18-13.33.44:127][920]LogModuleManager: Shutting down and abandoning module FoliageEdit (192)
[2016.08.18-13.33.44:127][920]LogModuleManager: Shutting down and abandoning module LandscapeEditor (191)
[2016.08.18-13.33.44:127][920]LogModuleManager: Shutting down and abandoning module ActorPickerMode (190)
[2016.08.18-13.33.44:127][920]LogModuleManager: Shutting down and abandoning module GeometryMode (189)
[2016.08.18-13.33.44:127][920]LogModuleManager: Shutting down and abandoning module TextureAlignMode (188)
[2016.08.18-13.33.44:127][920]LogModuleManager: Shutting down and abandoning module BspMode (187)
[2016.08.18-13.33.44:127][920]LogModuleManager: Shutting down and abandoning module PlacementMode (186)
[2016.08.18-13.33.44:127][920]LogModuleManager: Shutting down and abandoning module AutomationWorker (185)
[2016.08.18-13.33.44:127][920]LogModuleManager: Shutting down and abandoning module CharacterAI (184)
[2016.08.18-13.33.44:127][920]LogModuleManager: Shutting down and abandoning module SmartSnapping (183)
[2016.08.18-13.33.44:127][920]LogModuleManager: Shutting down and abandoning module ViewportSnapping (182)
[2016.08.18-13.33.44:127][920]LogModuleManager: Shutting down and abandoning module LogVisualizer (181)
[2016.08.18-13.33.44:128][920]LogModuleManager: Shutting down and abandoning module GameProjectGeneration (180)
[2016.08.18-13.33.44:128][920]LogModuleManager: Shutting down and abandoning module IntroTutorials (179)
[2016.08.18-13.33.44:128][920]LogModuleManager: Shutting down and abandoning module EditorLiveStreaming (178)
[2016.08.18-13.33.44:128][920]LogModuleManager: Shutting down and abandoning module IOSPlatformEditor (177)
[2016.08.18-13.33.44:128][920]LogModuleManager: Shutting down and abandoning module HTML5PlatformEditor (176)
[2016.08.18-13.33.44:128][920]LogModuleManager: Shutting down and abandoning module AndroidDeviceDetection (175)
[2016.08.18-13.33.44:253][920]LogModuleManager: Shutting down and abandoning module AndroidPlatformEditor (174)
[2016.08.18-13.33.44:253][920]LogModuleManager: Shutting down and abandoning module IOSRuntimeSettings (173)
[2016.08.18-13.33.44:253][920]LogModuleManager: Shutting down and abandoning module AndroidRuntimeSettings (172)
[2016.08.18-13.33.44:253][920]LogModuleManager: Shutting down and abandoning module MergeActors (171)
[2016.08.18-13.33.44:253][920]LogModuleManager: Shutting down and abandoning module SizeMap (170)
[2016.08.18-13.33.44:253][920]LogModuleManager: Shutting down and abandoning module TreeMap (169)
[2016.08.18-13.33.44:253][920]LogModuleManager: Shutting down and abandoning module ReferenceViewer (168)
[2016.08.18-13.33.44:253][920]LogModuleManager: Shutting down and abandoning module LocalizationService (167)
[2016.08.18-13.33.44:253][920]LogModuleManager: Shutting down and abandoning module LocalizationDashboard (166)
[2016.08.18-13.33.44:253][920]LogModuleManager: Shutting down and abandoning module HardwareTargeting (165)
[2016.08.18-13.33.44:253][920]LogModuleManager: Shutting down and abandoning module DeviceProfileEditor (164)
[2016.08.18-13.33.44:253][920]LogModuleManager: Shutting down and abandoning module UndoHistory (163)
[2016.08.18-13.33.44:253][920]LogModuleManager: Shutting down and abandoning module GameplayTagsEditor (162)
[2016.08.18-13.33.44:253][920]LogModuleManager: Shutting down and abandoning module UserFeedback (161)
[2016.08.18-13.33.44:253][920]LogModuleManager: Shutting down and abandoning module XmlParser (160)
[2016.08.18-13.33.44:253][920]LogModuleManager: Shutting down and abandoning module Blutility (159)
[2016.08.18-13.33.44:253][920]LogModuleManager: Shutting down and abandoning module ProjectTargetPlatformEditor (158)
[2016.08.18-13.33.44:254][920]LogModuleManager: Shutting down and abandoning module ProjectSettingsViewer (157)
[2016.08.18-13.33.44:254][920]LogModuleManager: Shutting down and abandoning module InputBindingEditor (156)
[2016.08.18-13.33.44:254][920]LogModuleManager: Shutting down and abandoning module EditorSettingsViewer (155)
[2016.08.18-13.33.44:254][920]LogModuleManager: Shutting down and abandoning module SettingsEditor (154)
[2016.08.18-13.33.44:254][920]LogModuleManager: Shutting down and abandoning module ProjectLauncher (153)
[2016.08.18-13.33.44:254][920]LogModuleManager: Shutting down and abandoning module SessionFrontend (152)
[2016.08.18-13.33.44:254][920]LogModuleManager: Shutting down and abandoning module ProfilerClient (151)
[2016.08.18-13.33.44:254][920]LogModuleManager: Shutting down and abandoning module TargetDeviceServices (150)
[2016.08.18-13.33.44:254][920]LogModuleManager: Shutting down and abandoning module DeviceManager (149)
[2016.08.18-13.33.44:254][920]LogModuleManager: Shutting down and abandoning module AutomationController (148)
[2016.08.18-13.33.44:254][920]LogModuleManager: Shutting down and abandoning module AutomationWindow (147)
[2016.08.18-13.33.44:254][920]LogModuleManager: Shutting down and abandoning module Layers (146)
[2016.08.18-13.33.44:254][920]LogModuleManager: Shutting down and abandoning module ComponentVisualizers (145)
[2016.08.18-13.33.44:254][920]LogModuleManager: Shutting down and abandoning module DetailCustomizations (144)
[2016.08.18-13.33.44:254][920]LogModuleManager: Shutting down and abandoning module PackagesDialog (143)
[2016.08.18-13.33.44:254][920]LogModuleManager: Shutting down and abandoning module Persona (142)
[2016.08.18-13.33.44:254][920]LogModuleManager: Shutting down and abandoning module Kismet (141)
[2016.08.18-13.33.44:254][920]LogModuleManager: Shutting down and abandoning module GraphEditor (140)
[2016.08.18-13.33.44:254][920]LogModuleManager: Shutting down and abandoning module ClassViewer (139)
[2016.08.18-13.33.44:254][920]LogModuleManager: Shutting down and abandoning module Toolbox (138)
[2016.08.18-13.33.44:254][920]LogModuleManager: Shutting down and abandoning module ModuleUI (137)
[2016.08.18-13.33.44:254][920]LogModuleManager: Shutting down and abandoning module MovieSceneTools (136)
[2016.08.18-13.33.44:254][920]LogModuleManager: Shutting down and abandoning module OutputLog (135)
[2016.08.18-13.33.44:254][920]LogModuleManager: Shutting down and abandoning module GammaUI (134)
[2016.08.18-13.33.44:254][920]LogModuleManager: Shutting down and abandoning module Documentation (133)
[2016.08.18-13.33.44:254][920]LogModuleManager: Shutting down and abandoning module GameLiveStreaming (132)
[2016.08.18-13.33.44:254][920]LogModuleManager: Shutting down and abandoning module StreamingPauseRendering (131)
[2016.08.18-13.33.44:254][920]LogModuleManager: Shutting down and abandoning module AnalyticsET (130)
[2016.08.18-13.33.44:254][920]LogModuleManager: Shutting down and abandoning module Analytics (129)
[2016.08.18-13.33.44:254][920]LogModuleManager: Shutting down and abandoning module AITestSuite (128)
[2016.08.18-13.33.44:254][920]LogModuleManager: Shutting down and abandoning module GameplayDebugger (127)
[2016.08.18-13.33.44:254][920]LogModuleManager: Shutting down and abandoning module AIModule (126)
[2016.08.18-13.33.44:254][920]LogModuleManager: Shutting down and abandoning module ProfilerService (125)
[2016.08.18-13.33.44:444][920]LogModuleManager: Shutting down and abandoning module TaskGraph (124)
[2016.08.18-13.33.44:444][920]LogModuleManager: Shutting down and abandoning module VaRestEditorPlugin (123)
[2016.08.18-13.33.44:444][920]LogModuleManager: Shutting down and abandoning module SlateRemote (122)
[2016.08.18-13.33.44:444][920]LogModuleManager: Shutting down and abandoning module SteamVRController (121)
[2016.08.18-13.33.44:444][920]LogModuleManager: Shutting down and abandoning module SteamVR (120)
[2016.08.18-13.33.44:444][920]LogModuleManager: Shutting down and abandoning module ProceduralMeshComponent (119)
[2016.08.18-13.33.44:444][920]LogModuleManager: Shutting down and abandoning module OculusLibrary (118)
[2016.08.18-13.33.44:444][920]LogModuleManager: Shutting down and abandoning module OculusInput (117)
[2016.08.18-13.33.44:444][920]LogModuleManager: Shutting down and abandoning module LeapMotionController (116)
[2016.08.18-13.33.44:470][920]LogModuleManager: Shutting down and abandoning module CustomMeshComponent (115)
[2016.08.18-13.33.44:470][920]LogModuleManager: Shutting down and abandoning module CableComponent (114)
[2016.08.18-13.33.44:470][920]LogModuleManager: Shutting down and abandoning module ArchVisCharacter (113)
[2016.08.18-13.33.44:470][920]LogModuleManager: Shutting down and abandoning module MessagingDebugger (112)
[2016.08.18-13.33.44:470][920]LogModuleManager: Shutting down and abandoning module MediaPlayerEditor (111)
[2016.08.18-13.33.44:470][920]LogModuleManager: Shutting down and abandoning module HTML5Networking (110)
[2016.08.18-13.33.44:470][920]LogModuleManager: Shutting down and abandoning module SpeedTreeImporter (109)
[2016.08.18-13.33.44:470][920]LogModuleManager: Shutting down and abandoning module PluginBrowser (108)
[2016.08.18-13.33.44:470][920]LogModuleManager: Shutting down and abandoning module EpicSurvey (107)
[2016.08.18-13.33.44:470][920]LogModuleManager: Shutting down and abandoning module DesktopPlatform (106)
[2016.08.18-13.33.44:470][920]LogModuleManager: Shutting down and abandoning module VisualStudioSourceCodeAccess (105)
[2016.08.18-13.33.44:470][920]LogModuleManager: Shutting down and abandoning module UObjectPlugin (104)
[2016.08.18-13.33.44:470][920]LogModuleManager: Shutting down and abandoning module SubversionSourceControl (103)
[2016.08.18-13.33.44:470][920]LogModuleManager: Shutting down and abandoning module PerforceSourceControl (102)
[2016.08.18-13.33.44:470][920]LogModuleManager: Shutting down and abandoning module SourceControl (101)
[2016.08.18-13.33.44:470][920]LogModuleManager: Shutting down and abandoning module GitSourceControl (100)
[2016.08.18-13.33.44:470][920]LogModuleManager: Shutting down and abandoning module LightPropagationVolumeEditor (99)
[2016.08.18-13.33.44:470][920]LogModuleManager: Shutting down and abandoning module PaperTiledImporter (98)
[2016.08.18-13.33.44:470][920]LogModuleManager: Shutting down and abandoning module PaperSpriteSheetImporter (97)
[2016.08.18-13.33.44:470][920]LogModuleManager: Shutting down and abandoning module MeshPaint (96)
[2016.08.18-13.33.44:470][920]LogModuleManager: Shutting down and abandoning module SlateReflector (95)
[2016.08.18-13.33.44:470][920]LogModuleManager: Shutting down and abandoning module HotReload (94)
[2016.08.18-13.33.44:470][920]LogModuleManager: Shutting down and abandoning module MainFrame (93)
[2016.08.18-13.33.44:470][920]LogModuleManager: Shutting down and abandoning module LevelEditor (92)
[2016.08.18-13.33.44:471][920]LogModuleManager: Shutting down and abandoning module DirectoryWatcher (91)
[2016.08.18-13.33.44:472][920]LogModuleManager: Shutting down and abandoning module AssetRegistry (90)
[2016.08.18-13.33.44:603][920]LogModuleManager: Shutting down and abandoning module ContentBrowser (89)
[2016.08.18-13.33.44:604][920]LogModuleManager: Shutting down and abandoning module Paper2DEditor (88)
[2016.08.18-13.33.44:604][920]LogModuleManager: Shutting down and abandoning module VaRestPlugin (87)
[2016.08.18-13.33.44:604][920]LogModuleManager: Shutting down and abandoning module UdpMessaging (86)
[2016.08.18-13.33.44:705][920]LogModuleManager: Shutting down and abandoning module LightPropagationVolumeRuntime (85)
[2016.08.18-13.33.44:705][920]LogModuleManager: Shutting down and abandoning module Paper2D (84)
[2016.08.18-13.33.44:705][920]LogModuleManager: Shutting down and abandoning module WindowsMoviePlayer (83)
[2016.08.18-13.33.44:710][920]LogModuleManager: Shutting down and abandoning module Media (82)
[2016.08.18-13.33.44:710][920]LogModuleManager: Shutting down and abandoning module WmfMedia (81)
[2016.08.18-13.33.44:711][920]LogModuleManager: Shutting down and abandoning module OnlineBlueprintSupport (80)
[2016.08.18-13.33.44:711][920]LogModuleManager: Shutting down and abandoning module GameplayTasksEditor (79)
[2016.08.18-13.33.44:711][920]LogModuleManager: Shutting down and abandoning module PropertyEditor (78)
[2016.08.18-13.33.44:711][920]LogModuleManager: Shutting down and abandoning module BehaviorTreeEditor (77)
[2016.08.18-13.33.44:711][920]LogModuleManager: Shutting down and abandoning module FunctionalTesting (76)
[2016.08.18-13.33.44:711][920]LogModuleManager: Shutting down and abandoning module CollisionAnalyzer (75)
[2016.08.18-13.33.44:711][920]LogModuleManager: Shutting down and abandoning module WorkspaceMenuStructure (74)
[2016.08.18-13.33.44:711][920]LogModuleManager: Shutting down and abandoning module MessageLog (73)
[2016.08.18-13.33.44:711][920]LogModuleManager: Shutting down and abandoning module Sequencer (72)
[2016.08.18-13.33.44:711][920]LogModuleManager: Shutting down and abandoning module AssetTools (71)
[2016.08.18-13.33.44:711][920]LogModuleManager: Shutting down and abandoning module UMGEditor (70)
[2016.08.18-13.33.44:711][920]LogModuleManager: Shutting down and abandoning module UMG (69)
[2016.08.18-13.33.44:711][920]LogModuleManager: Shutting down and abandoning module Slate (68)
[2016.08.18-13.33.44:711][920]LogModuleManager: Shutting down and abandoning module EditorStyle (67)
[2016.08.18-13.33.44:713][920]LogModuleManager: Shutting down and abandoning module SessionServices (66)
[2016.08.18-13.33.44:713][920]LogModuleManager: Shutting down and abandoning module SourceCodeAccess (65)
[2016.08.18-13.33.44:713][920]LogModuleManager: Shutting down and abandoning module HeadMountedDisplay (64)
[2016.08.18-13.33.44:713][920]LogModuleManager: Shutting down and abandoning module XAudio2 (63)
[2016.08.18-13.33.44:713][920]LogModuleManager: Shutting down and abandoning module Networking (61)
[2016.08.18-13.33.44:713][920]LogModuleManager: Shutting down and abandoning module Core (60)
[2016.08.18-13.33.44:713][920]LogModuleManager: Shutting down and abandoning module KismetCompiler (59)
[2016.08.18-13.33.44:713][920]LogModuleManager: Shutting down and abandoning module PhysXFormats (58)
[2016.08.18-13.33.44:713][920]LogModuleManager: Shutting down and abandoning module MeshUtilities (57)
[2016.08.18-13.33.44:713][920]LogModuleManager: Shutting down and abandoning module DerivedDataCache (56)
[2016.08.18-13.33.44:753][920]LogDerivedDataCache: Shutdown
[2016.08.18-13.33.44:753][920]LogModuleManager: Shutting down and abandoning module ShaderFormatOpenGL (55)
[2016.08.18-13.33.44:753][920]LogModuleManager: Shutting down and abandoning module ShaderFormatD3D (54)
[2016.08.18-13.33.44:753][920]LogModuleManager: Shutting down and abandoning module MetalShaderFormat (53)
[2016.08.18-13.33.44:753][920]LogModuleManager: Shutting down and abandoning module TextureFormatUncompressed (52)
[2016.08.18-13.33.44:753][920]LogModuleManager: Shutting down and abandoning module TextureFormatPVR (51)
[2016.08.18-13.33.44:753][920]LogModuleManager: Shutting down and abandoning module TextureFormatIntelISPCTexComp (50)
[2016.08.18-13.33.44:753][920]LogModuleManager: Shutting down and abandoning module TextureFormatDXT (49)
[2016.08.18-13.33.44:753][920]LogModuleManager: Shutting down and abandoning module ImageWrapper (48)
[2016.08.18-13.33.44:753][920]LogModuleManager: Shutting down and abandoning module TextureFormatASTC (47)
[2016.08.18-13.33.44:753][920]LogModuleManager: Shutting down and abandoning module TextureFormatAndroid (46)
[2016.08.18-13.33.44:753][920]LogModuleManager: Shutting down and abandoning module AudioFormatOpus (45)
[2016.08.18-13.33.44:753][920]LogModuleManager: Shutting down and abandoning module AudioFormatOgg (44)
[2016.08.18-13.33.44:753][920]LogModuleManager: Shutting down and abandoning module AudioFormatADPCM (43)
[2016.08.18-13.33.44:754][920]LogModuleManager: Shutting down and abandoning module LinuxTargetPlatform (42)
[2016.08.18-13.33.44:754][920]LogModuleManager: Shutting down and abandoning module LinuxServerTargetPlatform (41)
[2016.08.18-13.33.44:754][920]LogModuleManager: Shutting down and abandoning module LinuxNoEditorTargetPlatform (40)
[2016.08.18-13.33.44:754][920]LogModuleManager: Shutting down and abandoning module Messaging (39)
[2016.08.18-13.33.44:754][920]LogModuleManager: Shutting down and abandoning module IOSTargetPlatform (38)
[2016.08.18-13.33.44:754][920]LogModuleManager: Shutting down and abandoning module HTML5TargetPlatform (37)
[2016.08.18-13.33.44:754][920]LogModuleManager: Shutting down and abandoning module Android_PVRTCTargetPlatform (36)
[2016.08.18-13.33.44:754][920]LogModuleManager: Shutting down and abandoning module Android_MultiTargetPlatform (35)
[2016.08.18-13.33.44:754][920]LogModuleManager: Shutting down and abandoning module Android_ETC2TargetPlatform (34)
[2016.08.18-13.33.44:754][920]LogModuleManager: Shutting down and abandoning module Android_ETC1TargetPlatform (33)
[2016.08.18-13.33.44:754][920]LogModuleManager: Shutting down and abandoning module Android_DXTTargetPlatform (32)
[2016.08.18-13.33.44:754][920]LogModuleManager: Shutting down and abandoning module Android_ATCTargetPlatform (31)
[2016.08.18-13.33.44:754][920]LogModuleManager: Shutting down and abandoning module Android_ASTCTargetPlatform (30)
[2016.08.18-13.33.44:754][920]LogModuleManager: Shutting down and abandoning module AndroidTargetPlatform (29)
[2016.08.18-13.33.44:754][920]LogModuleManager: Shutting down and abandoning module WindowsTargetPlatform (28)
[2016.08.18-13.33.44:754][920]LogModuleManager: Shutting down and abandoning module WindowsServerTargetPlatform (27)
[2016.08.18-13.33.44:754][920]LogModuleManager: Shutting down and abandoning module WindowsNoEditorTargetPlatform (26)
[2016.08.18-13.33.44:754][920]LogModuleManager: Shutting down and abandoning module WindowsClientTargetPlatform (25)
[2016.08.18-13.33.44:754][920]LogModuleManager: Shutting down and abandoning module AllDesktopTargetPlatform (24)
[2016.08.18-13.33.44:754][920]LogModuleManager: Shutting down and abandoning module TargetPlatform (23)
[2016.08.18-13.33.44:754][920]LogModuleManager: Shutting down and abandoning module InputCore (22)
[2016.08.18-13.33.44:754][920]LogModuleManager: Shutting down and abandoning module Settings (21)
[2016.08.18-13.33.44:754][920]LogModuleManager: Shutting down and abandoning module OnlineSubsystem (19)
[2016.08.18-13.33.44:754][920]LogModuleManager: Shutting down and abandoning module HTTP (18)
[2016.08.18-13.33.46:757][920]LogModuleManager: Shutting down and abandoning module XMPP (17)
[2016.08.18-13.33.46:757][920]LogModuleManager: Shutting down and abandoning module OculusRift (16)
[2016.08.18-13.33.46:757][920]LogModuleManager: Shutting down and abandoning module ExampleDeviceProfileSelector (15)
[2016.08.18-13.33.46:757][920]LogModuleManager: Shutting down and abandoning module TextureCompressor (14)
[2016.08.18-13.33.46:757][920]LogModuleManager: Shutting down and abandoning module ShaderCore (13)
[2016.08.18-13.33.46:757][920]LogModuleManager: Shutting down and abandoning module Landscape (12)
[2016.08.18-13.33.46:757][920]LogModuleManager: Shutting down and abandoning module SlateRHIRenderer (11)
[2016.08.18-13.33.46:758][920]LogModuleManager: Shutting down and abandoning module OpenGLDrv (10)
[2016.08.18-13.33.46:758][920]LogModuleManager: Shutting down and abandoning module D3D11RHI (9)
[2016.08.18-13.33.46:758][920]LogModuleManager: Shutting down and abandoning module AnimGraphRuntime (8)
[2016.08.18-13.33.46:758][920]LogModuleManager: Shutting down and abandoning module Renderer (7)
[2016.08.18-13.33.46:758][920]LogModuleManager: Shutting down and abandoning module Engine (6)
[2016.08.18-13.33.46:758][920]LogModuleManager: Shutting down and abandoning module CoreUObject (5)
[2016.08.18-13.33.46:758][920]LogModuleManager: Shutting down and abandoning module NetworkFile (4)
[2016.08.18-13.33.46:758][920]LogModuleManager: Shutting down and abandoning module StreamingFile (3)
[2016.08.18-13.33.46:758][920]LogModuleManager: Shutting down and abandoning module SandboxFile (2)
[2016.08.18-13.33.46:758][920]LogModuleManager: Shutting down and abandoning module PakFile (1)
[2016.08.18-13.33.46:760][920]LogExit: Exiting.
[2016.08.18-13.33.46:762][920]Log file closed, 08/18/16 19:03:46
