[2016.08.18-06.27.17:563][  0]Log file open, 08/18/16 11:57:17
[2016.08.18-06.27.17:563][  0]LogInit:Display: Running engine for game: MyProject
[2016.08.18-06.27.17:563][  0]LogPlatformFile: Not using cached read wrapper
[2016.08.18-06.27.17:563][  0]LogInit:Display: RandInit(-1417887796) SRandInit(-1417887794).
[2016.08.18-06.27.17:563][  0]LogTaskGraph: Started task graph with 4 named threads and 5 total threads.
[2016.08.18-06.27.17:563][  0]LogStats: Stats thread started at 0.195812
[2016.08.18-06.27.17:563][  0]LogInit: Version: 4.10.4-2872498+++depot+UE4-Releases+4.10
[2016.08.18-06.27.17:563][  0]LogInit: API Version: 2758231
[2016.08.18-06.27.17:563][  0]LogInit: Compiled (64-bit): Feb 18 2016 15:47:04
[2016.08.18-06.27.17:563][  0]LogInit: Compiled with Visual C++: 19.00.23026.00
[2016.08.18-06.27.17:563][  0]LogInit: Build Configuration: Development
[2016.08.18-06.27.17:563][  0]LogInit: Branch Name: ++depot+UE4-Releases+4.10
[2016.08.18-06.27.17:563][  0]LogInit: Command line:  
[2016.08.18-06.27.17:563][  0]LogInit: Base directory: C:/Program Files (x86)/Epic Games/4.10/Engine/Binaries/Win64/
[2016.08.18-06.27.17:563][  0]LogInit: Rocket: 1
[2016.08.18-06.27.17:805][  0]LogInit: Using libcurl 7.41.0
[2016.08.18-06.27.17:805][  0]LogInit:  - built for x86_64-pc-win32
[2016.08.18-06.27.17:805][  0]LogInit:  - supports SSL with WinSSL
[2016.08.18-06.27.17:805][  0]LogInit:  - other features:
[2016.08.18-06.27.17:805][  0]LogInit:      CURL_VERSION_SSL
[2016.08.18-06.27.17:805][  0]LogInit:      CURL_VERSION_IPV6
[2016.08.18-06.27.17:805][  0]LogInit:      CURL_VERSION_ASYNCHDNS
[2016.08.18-06.27.17:805][  0]LogInit:      CURL_VERSION_LARGEFILE
[2016.08.18-06.27.17:805][  0]LogInit:      CURL_VERSION_IDN
[2016.08.18-06.27.17:806][  0]LogInit:  CurlRequestOptions (configurable via config and command line):
[2016.08.18-06.27.17:806][  0]LogInit:  - bVerifyPeer = true  - Libcurl will verify peer certificate
[2016.08.18-06.27.17:806][  0]LogInit:  - bUseHttpProxy = false  - Libcurl will NOT use HTTP proxy
[2016.08.18-06.27.17:806][  0]LogInit:  - bDontReuseConnections = false  - Libcurl will reuse connections
[2016.08.18-06.27.17:806][  0]LogInit:  - CertBundlePath = nullptr  - Libcurl will use whatever was configured at build time.
[2016.08.18-06.27.17:891][  0]LogInit: Presizing for 0 objects not considered by GC, pre-allocating 0 bytes.
[2016.08.18-06.27.17:898][  0]LogInit: Object subsystem initialized
[2016.08.18-06.27.17:899][  0]LogInit: Selected Device Profile: [Windows]
[2016.08.18-06.27.17:899][  0]LogInit: Applying CVar settings loaded from the selected device profile: [Windows]
[2016.08.18-06.27.17:937][  0]LogInit: Computer: VISHAL-PC
[2016.08.18-06.27.17:937][  0]LogInit: User: Vishal
[2016.08.18-06.27.17:937][  0]LogInit: CPU Page size=4096, Cores=2
[2016.08.18-06.27.17:937][  0]LogInit: High frequency timer resolution =2.240910 MHz
[2016.08.18-06.27.17:937][  0]LogMemory: Memory total: Physical=7.9GB (8GB approx)
[2016.08.18-06.27.17:937][  0]LogMemory: Platform Memory Stats for Windows
[2016.08.18-06.27.17:937][  0]LogMemory: Process Physical Memory: 59.58 MB used, 59.58 MB peak
[2016.08.18-06.27.17:937][  0]LogMemory: Process Virtual Memory: 58.68 MB used, 58.68 MB peak
[2016.08.18-06.27.17:937][  0]LogMemory: Physical Memory: 4549.12 MB used, 8075.38 MB total
[2016.08.18-06.27.17:937][  0]LogMemory: Virtual Memory: 384.03 MB used, 134217728.00 MB total
[2016.08.18-06.27.18:609][  0]LogTextLocalizationManager: No specific translations for ('en-IN') exist, so ('en') translations will be used.
[2016.08.18-06.27.19:357][  0]LogD3D11RHI: Found D3D11 adapter 0: NVIDIA GeForce 820M              (Feature Level 11_0)
[2016.08.18-06.27.19:357][  0]LogD3D11RHI: Adapter has 1999MB of dedicated video memory, 0MB of dedicated system memory, and 4037MB of shared system memory, 1 output[s]
[2016.08.18-06.27.19:390][  0]LogD3D11RHI: Found D3D11 adapter 1: Intel(R) HD Graphics Family (Feature Level 11_0)
[2016.08.18-06.27.19:390][  0]LogD3D11RHI: Adapter has 112MB of dedicated video memory, 0MB of dedicated system memory, and 4037MB of shared system memory, 0 output[s]
[2016.08.18-06.27.19:393][  0]LogD3D11RHI: Found D3D11 adapter 2: Microsoft Basic Render Driver (Feature Level 11_0)
[2016.08.18-06.27.19:393][  0]LogD3D11RHI: Adapter has 0MB of dedicated video memory, 0MB of dedicated system memory, and 4037MB of shared system memory, 0 output[s]
[2016.08.18-06.27.19:393][  0]LogD3D11RHI: Chosen D3D11 Adapter Id = 0
[2016.08.18-06.27.19:399][  0]LogD3D11RHI: !Direct3DDevice
[2016.08.18-06.27.19:399][  0]LogRHI: Texture pool is 1361 MB (70% of 1945 MB)
[2016.08.18-06.27.19:415][  0]LogD3D11RHI: Async texture creation enabled
[2016.08.18-06.27.19:449][  0]LogShaderCompilers: Guid format shader working directory is -19 characters bigger than the processId version (../../../../../../Users/Vishal/Documents/Unreal Projects/MyProject/Intermediate/Shaders/WorkingDirectory/2316/).
[2016.08.18-06.27.19:449][  0]LogShaderCompilers: Cleaned the shader compiler working directory 'C:/Users/Vishal/AppData/Local/Temp/UnrealShaderWorkingDir/0F78BB9F401E4AB45A7C7683C4CA6871/'.
[2016.08.18-06.27.19:449][  0]LogShaderCompilers:Display: Using Local Shader Compiler.
[2016.08.18-06.27.24:773][  0]LogTemp:Display: Loaded TP AllDesktopTargetPlatform
[2016.08.18-06.27.24:779][  0]LogTemp:Display: Loaded TP WindowsClientTargetPlatform
[2016.08.18-06.27.24:787][  0]LogTemp:Display: Loaded TP WindowsNoEditorTargetPlatform
[2016.08.18-06.27.24:795][  0]LogTemp:Display: Loaded TP WindowsServerTargetPlatform
[2016.08.18-06.27.24:801][  0]LogTemp:Display: Loaded TP WindowsTargetPlatform
[2016.08.18-06.27.24:808][  0]LogTemp:Display: Loaded TP AndroidTargetPlatform
[2016.08.18-06.27.24:814][  0]LogTemp:Display: Loaded TP Android_ASTCTargetPlatform
[2016.08.18-06.27.24:819][  0]LogTemp:Display: Loaded TP Android_ATCTargetPlatform
[2016.08.18-06.27.24:825][  0]LogTemp:Display: Loaded TP Android_DXTTargetPlatform
[2016.08.18-06.27.24:830][  0]LogTemp:Display: Loaded TP Android_ETC1TargetPlatform
[2016.08.18-06.27.24:835][  0]LogTemp:Display: Loaded TP Android_ETC2TargetPlatform
[2016.08.18-06.27.24:848][  0]LogTemp:Display: Loaded TP Android_MultiTargetPlatform
[2016.08.18-06.27.24:848][  0]LogTemp:Display: Loaded TP Android_PVRTCTargetPlatform
[2016.08.18-06.27.24:884][  0]LogTemp:Display: Loaded TP HTML5TargetPlatform
[2016.08.18-06.27.24:946][  0]LogTemp:Display: Loaded TP IOSTargetPlatform
[2016.08.18-06.27.24:951][  0]LogTemp:Display: Loaded TP LinuxNoEditorTargetPlatform
[2016.08.18-06.27.24:957][  0]LogTemp:Display: Loaded TP LinuxServerTargetPlatform
[2016.08.18-06.27.24:980][  0]LogTemp:Display: Loaded TP LinuxTargetPlatform
[2016.08.18-06.27.24:980][  0]LogTargetPlatformManager:Display: Building Assets For Windows
[2016.08.18-06.27.25:823][  0]LogDerivedDataCache:Display: Max Cache Size: 512 MB
[2016.08.18-06.27.26:441][  0]LogDerivedDataCache: Loaded boot cache 0.62s 41MB C:/Users/Vishal/AppData/Local/UnrealEngine/4.10/DerivedDataCache/Boot.ddc.
[2016.08.18-06.27.26:441][  0]LogDerivedDataCache:Display: Loaded Boot cache: C:/Users/Vishal/AppData/Local/UnrealEngine/4.10/DerivedDataCache/Boot.ddc
[2016.08.18-06.27.26:441][  0]LogDerivedDataCache: FDerivedDataBackendGraph:  Pak pak cache file ../../../../../../Users/Vishal/Documents/Unreal Projects/MyProject/DerivedDataCache/DDC.ddp not found, will not use a pak cache.
[2016.08.18-06.27.26:441][  0]LogDerivedDataCache: Unable to find inner node Pak for hierarchical cache Hierarchy.
[2016.08.18-06.27.26:441][  0]LogDerivedDataCache: FDerivedDataBackendGraph:  CompressedPak pak cache file ../../../../../../Users/Vishal/Documents/Unreal Projects/MyProject/DerivedDataCache/Compressed.ddp not found, will not use a pak cache.
[2016.08.18-06.27.26:441][  0]LogDerivedDataCache: Unable to find inner node CompressedPak for hierarchical cache Hierarchy.
[2016.08.18-06.27.26:573][  0]LogDerivedDataCache:Display: Pak cache opened for reading ../../../Engine/DerivedDataCache/Compressed.ddp.
[2016.08.18-06.27.26:586][  0]LogDerivedDataCache: Using Local data cache path C:/Users/Vishal/AppData/Local/UnrealEngine/Common/DerivedDataCache: Writable
[2016.08.18-06.27.36:255][  0]LogInit: Selected Device Profile: [Windows]
[2016.08.18-06.27.36:268][  0]LogContentStreaming: Texture pool size is 0.000000MB
[2016.08.18-06.27.36:743][  0]LogMeshUtilities: No automatic mesh reduction module available
[2016.08.18-06.27.36:743][  0]LogMeshUtilities: No automatic mesh merging module available
[2016.08.18-06.27.39:651][  0]LogInit: WinSock: version 1.1 (2.2), MaxSocks=32767, MaxUdp=65467
[2016.08.18-06.27.54:644][  0]UdpMessaging: Initializing bridge on interface 0.0.0.0:0 to multicast group 230.0.0.1:6666.
[2016.08.18-06.27.55:445][  0]LogAssetRegistry: FAssetRegistry took 0.0111 seconds to start up
[2016.08.18-06.27.58:033][  0]SourceControl: Info Source control is disabled
[2016.08.18-06.27.58:034][  0]SourceControl: Info Source control is disabled
[2016.08.18-06.27.58:453][  0]SourceControl: Info Source control is disabled
[2016.08.18-06.27.58:486][  0]SourceControl: Info Source control is disabled
[2016.08.18-06.28.00:673][  0]LogObj: 28894 objects as part of root set at end of initial load.
[2016.08.18-06.28.00:673][  0]LogUObjectAllocator: 6143824 out of 0 bytes used by permanent object pool.
[2016.08.18-06.28.01:286][  0]LogEngine: Initializing Engine...
[2016.08.18-06.28.01:348][  0]LogHMD: Can't find Oculus library dev build: is proper Runtime installed? Version: 0.8.0.0
[2016.08.18-06.28.01:482][  0]LogHMD: SteamVR failed to initialize.  Err: 110
[2016.08.18-06.28.02:073][  0]LogAIModule: Creating AISystem for world NewWorld
[2016.08.18-06.28.02:123][  0]LogInit: XAudio2 using 'Speakers (High Definition Audio Device)' : 2 channels at 44.1 kHz using 16 bits per sample (channel mask 0x3)
[2016.08.18-06.28.02:146][  0]LogInit: FAudioDevice initialized.
[2016.08.18-06.28.02:171][  0]LogDerivedDataCache: Saved boot cache 0.02s 41MB C:/Users/Vishal/AppData/Local/UnrealEngine/4.10/DerivedDataCache/Boot.ddc.
[2016.08.18-06.28.02:177][  0]LogInit: Texture streaming: Enabled
[2016.08.18-06.28.02:568][  0]LogAnalytics: Creating configured Analytics provider AnalyticsET
[2016.08.18-06.28.02:568][  0]LogAnalytics: [UEEditor.Rocket.Release] APIServer = http://et2.epicgames.com/ET2/. AppVersion = 4.10.4-2872498+++depot+UE4-Releases+4.10
[2016.08.18-06.28.02:569][  0]LogAnalytics: [UEEditor.Rocket.Release] SetUserId 42581dee49f10cab728e808031ad0d6c|b3aa724033af48eb807787bc6a36fc12|7d3f72a1-08fb-45f7-99a2-cbbddc55c18e
[2016.08.18-06.28.02:569][  0]LogAnalytics: [UEEditor.Rocket.Release] AnalyticsET::StartSession
[2016.08.18-06.28.02:658][  0]LogInit: Transaction tracking system initialized
[2016.08.18-06.28.02:896][  0]BlueprintLog: New page: Editor Load
[2016.08.18-06.28.03:981][  0]LocalizationService: Info Localization service is disabled
[2016.08.18-06.28.04:812][  0]LogConsoleResponse:Display: 
[2016.08.18-06.28.09:280][  0]LogFileCache: Scanning file cache for directory 'C:/Users/Vishal/Documents/Unreal Projects/MyProject/Content/' took 0.06s
[2016.08.18-06.28.09:280][  0]LogCook:Display: Done creating registry. It took  0.00s.
[2016.08.18-06.28.10:185][  0]SourceControl: Info Source control is disabled
[2016.08.18-06.28.10:185][  0]Cmd: MAP LOAD FILE="../../../../../../Users/Vishal/Documents/Unreal Projects/MyProject/Content/Architecture.umap" TEMPLATE=0 SHOWPROGRESS=1 FEATURELEVEL=3
[2016.08.18-06.28.10:188][  0]LightingResults: New page: Lighting Build
[2016.08.18-06.28.10:191][  0]MapCheck: New page: Map Check
[2016.08.18-06.28.10:192][  0]LightingResults: New page: Lighting Build
[2016.08.18-06.28.10:213][  0]LogParticles: Destroying 0 GPU particle simulations for FXSystem 0x00000227F035DC60
[2016.08.18-06.28.32:112][  0]LogAIModule: Creating AISystem for world Architecture
[2016.08.18-06.28.32:253][  0]LogPrimitiveComponent: Zero scaling not supported (/Game/Architecture.Architecture:PersistentLevel.Carpet2.StaticMeshComponent0)
[2016.08.18-06.28.32:257][  0]LogPrimitiveComponent: Zero scaling not supported (/Game/Architecture.Architecture:PersistentLevel.Carpet3.StaticMeshComponent0)
[2016.08.18-06.28.32:258][  0]LogPrimitiveComponent: Zero scaling not supported (/Game/Architecture.Architecture:PersistentLevel.Carpet.StaticMeshComponent0)
[2016.08.18-06.28.32:259][  0]LogPrimitiveComponent: Zero scaling not supported (/Game/Architecture.Architecture:PersistentLevel.TVImage.StaticMeshComponent0)
[2016.08.18-06.28.32:271][  0]LogEditorServer: Finished looking for orphan Actors (0.000 secs)
[2016.08.18-06.28.32:323][  0]Cmd: MAP CHECKDEP NOCLEARLOG
[2016.08.18-06.28.32:416][  0]MapCheck: Info Map check complete: 0 Error(s), 0 Warning(s), took 91.795ms to complete.
[2016.08.18-06.28.32:416][  0]LogFileHelpers: Loading map 'Architecture' took 22.231
[2016.08.18-06.28.33:134][  0]LogCollectionManager: Loaded 0 collections in 0.001742 seconds
[2016.08.18-06.28.33:174][  0]LogFileCache: Scanning file cache for directory 'C:/Users/Vishal/Documents/Unreal Projects/MyProject/Saved/Collections/' took 0.01s
[2016.08.18-06.28.33:174][  0]LogFileCache: Scanning file cache for directory 'C:/Users/Vishal/Documents/Unreal Projects/MyProject/Content/Developers/Vishal/Collections/' took 0.01s
[2016.08.18-06.28.33:174][  0]LogFileCache: Scanning file cache for directory 'C:/Users/Vishal/Documents/Unreal Projects/MyProject/Content/Collections/' took 0.01s
[2016.08.18-06.28.33:174][  0]LogCollectionManager: Rebuilt the GUID cache for 0 collections in 0.000004 seconds
[2016.08.18-06.28.33:183][  0]LogContentBrowser: Native class hierarchy populated in 0.0095 seconds. Added 1898 classes and 345 folders.
[2016.08.18-06.28.33:189][  0]LogContentBrowser: Native class hierarchy updated for 'WidgetCarousel' in 0.0004 seconds. Added 0 classes and 0 folders.
[2016.08.18-06.28.35:327][  0]LogContentBrowser: Native class hierarchy updated for 'AddContentDialog' in 0.0004 seconds. Added 0 classes and 0 folders.
[2016.08.18-06.28.35:333][  0]LogContentBrowser: Native class hierarchy updated for 'SceneOutliner' in 0.0004 seconds. Added 1 classes and 2 folders.
[2016.08.18-06.28.35:620][  0]LogCrashTracker: Crashtracker disabled due to settings.
[2016.08.18-06.28.35:624][  0]LogUObjectGlobals:Warning: Failed to find object 'Class None.'
[2016.08.18-06.28.35:703][  0]LogLoad: Full Startup: 79.45 seconds (BP compile: 0.33 seconds)
[2016.08.18-06.28.35:725][  0]LogOcInput: Can't find Oculus library dev build: is proper Runtime installed? Version: 0.8.0.0
[2016.08.18-06.28.36:216][  0]LogContentStreaming: Texture pool size now 1000 MB
[2016.08.18-06.28.36:471][  0]LogRenderer: Reallocating scene render targets to support 808x368 (Frame:2).
[2016.08.18-06.28.37:666][  6]LogAssetRegistry: Asset discovery search completed in 42.2318 seconds
[2016.08.18-06.28.37:666][  6]LogCollectionManager: Rebuilt the object cache for 0 collections in 0.000001 seconds (found 0 objects)
[2016.08.18-06.28.37:666][  6]LogCollectionManager: Fixed up redirectors for 0 collections in 0.000036 seconds (updated 0 objects)
[2016.08.18-06.28.47:434][284]LogLinker:Warning: Asset '../../../Engine/Content/ArtTools/RenderToTexture/Macros/RenderToTextureMacros.uasset' has been saved with empty engine version. The asset will be loaded but may be incompatible.
[2016.08.18-06.28.48:227][284]LogContentBrowser: Native class hierarchy updated for 'BlueprintGraph' in 0.0013 seconds. Added 107 classes and 0 folders.
[2016.08.18-06.43.31:648][702]LogFileHelpers: Editor autosave (incl. sublevels) for '/Game/Architecture' took 0.124
[2016.08.18-06.43.31:655][702]OBJ SavePackage: Generating thumbnails for [0] asset(s) in package [/Game/Blueprints/ExportButtonBlueprint] ([1] browsable assets)...
[2016.08.18-06.43.31:655][702]OBJ SavePackage: Finished generating thumbnails for package [/Game/Blueprints/ExportButtonBlueprint]
[2016.08.18-06.43.32:153][702]LogSavePackage: Save=195.513870ms
[2016.08.18-06.43.32:153][702]LogSavePackage: Moving '../../../../../../Users/Vishal/Documents/Unreal Projects/MyProject/Saved/ExportButtonBlueprint_Auto1FD4B87BF4A2C259AD63E5FB487D4643D.tmp' to '../../../../../../Users/Vishal/Documents/Unreal Projects/MyProject/Saved/Autosaves/Game/Blueprints/ExportButtonBlueprint_Auto1.uasset'
[2016.08.18-06.43.32:162][702]LogSavePackage: Total save time: 504.610181ms
[2016.08.18-06.43.32:162][702]LogSavePackage:Display: Finished SavePackage ../../../../../../Users/Vishal/Documents/Unreal Projects/MyProject/Saved/Autosaves/Game/Blueprints/ExportButtonBlueprint_Auto1.uasset
[2016.08.18-06.43.32:162][702]LogFileHelpers: Auto-saving content packages took 0.513
[2016.08.18-06.53.32:440][730]LogParticles: Destroying 0 GPU particle simulations for FXSystem 0x00000227E34259E0
[2016.08.18-06.53.32:449][730]LogFileHelpers: Editor autosave (incl. sublevels) for '/Game/Architecture' took 0.070
[2016.08.18-06.53.32:457][730]OBJ SavePackage: Generating thumbnails for [0] asset(s) in package [/Game/Blueprints/ExportButtonBlueprint] ([1] browsable assets)...
[2016.08.18-06.53.32:457][730]OBJ SavePackage: Finished generating thumbnails for package [/Game/Blueprints/ExportButtonBlueprint]
[2016.08.18-06.53.32:616][730]LogSavePackage: Save=138.968094ms
[2016.08.18-06.53.32:616][730]LogSavePackage: Moving '../../../../../../Users/Vishal/Documents/Unreal Projects/MyProject/Saved/ExportButtonBlueprint_Auto22DB49CFF40F53F272474AEB6DFB09810.tmp' to '../../../../../../Users/Vishal/Documents/Unreal Projects/MyProject/Saved/Autosaves/Game/Blueprints/ExportButtonBlueprint_Auto2.uasset'
[2016.08.18-06.53.32:618][730]LogSavePackage: Total save time: 158.930525ms
[2016.08.18-06.53.32:618][730]LogSavePackage:Display: Finished SavePackage ../../../../../../Users/Vishal/Documents/Unreal Projects/MyProject/Saved/Autosaves/Game/Blueprints/ExportButtonBlueprint_Auto2.uasset
[2016.08.18-06.53.32:618][730]LogFileHelpers: Auto-saving content packages took 0.168
[2016.08.18-07.15.46:718][389]LogFileHelpers: Editor autosave (incl. sublevels) for '/Game/Architecture' took 0.065
[2016.08.18-07.15.46:725][389]OBJ SavePackage: Generating thumbnails for [0] asset(s) in package [/Game/Blueprints/ExportButtonBlueprint] ([1] browsable assets)...
[2016.08.18-07.15.46:725][389]OBJ SavePackage: Finished generating thumbnails for package [/Game/Blueprints/ExportButtonBlueprint]
[2016.08.18-07.15.46:901][389]LogSavePackage: Save=144.748337ms
[2016.08.18-07.15.46:901][389]LogSavePackage: Moving '../../../../../../Users/Vishal/Documents/Unreal Projects/MyProject/Saved/ExportButtonBlueprint_Auto3E53C364B40A0C2E5E686099D8CEB1D74.tmp' to '../../../../../../Users/Vishal/Documents/Unreal Projects/MyProject/Saved/Autosaves/Game/Blueprints/ExportButtonBlueprint_Auto3.uasset'
[2016.08.18-07.15.46:903][389]LogSavePackage: Total save time: 175.582241ms
[2016.08.18-07.15.46:904][389]LogSavePackage:Display: Finished SavePackage ../../../../../../Users/Vishal/Documents/Unreal Projects/MyProject/Saved/Autosaves/Game/Blueprints/ExportButtonBlueprint_Auto3.uasset
[2016.08.18-07.15.46:904][389]LogFileHelpers: Auto-saving content packages took 0.185
[2016.08.18-07.27.33:807][106]LogEditorTransaction: Undo Promote To Variable
[2016.08.18-07.28.38:401][133]LogEditorTransaction: Undo Break Pin Links
[2016.08.18-07.28.39:201][160]LogEditorTransaction: Undo Change String Pin Value
[2016.08.18-07.28.39:602][177]LogEditorTransaction: Undo Move Node
[2016.08.18-07.28.40:131][202]LogEditorTransaction: Undo Break Pin Links
[2016.08.18-07.29.03:816][354]LogFileHelpers: Editor autosave (incl. sublevels) for '/Game/Architecture' took 0.061
[2016.08.18-07.29.03:821][354]OBJ SavePackage: Generating thumbnails for [0] asset(s) in package [/Game/Blueprints/ExportButtonBlueprint] ([1] browsable assets)...
[2016.08.18-07.29.03:821][354]OBJ SavePackage: Finished generating thumbnails for package [/Game/Blueprints/ExportButtonBlueprint]
[2016.08.18-07.29.03:998][354]LogSavePackage: Save=160.133163ms
[2016.08.18-07.29.03:998][354]LogSavePackage: Moving '../../../../../../Users/Vishal/Documents/Unreal Projects/MyProject/Saved/ExportButtonBlueprint_Auto4ACC5C76848652DD9D9F15A946FA34A93.tmp' to '../../../../../../Users/Vishal/Documents/Unreal Projects/MyProject/Saved/Autosaves/Game/Blueprints/ExportButtonBlueprint_Auto4.uasset'
[2016.08.18-07.29.04:001][354]LogSavePackage: Total save time: 176.892426ms
[2016.08.18-07.29.04:001][354]LogSavePackage:Display: Finished SavePackage ../../../../../../Users/Vishal/Documents/Unreal Projects/MyProject/Saved/Autosaves/Game/Blueprints/ExportButtonBlueprint_Auto4.uasset
[2016.08.18-07.29.04:001][354]LogFileHelpers: Auto-saving content packages took 0.184
[2016.08.18-07.29.28:437][411]LogEditorTransaction: Undo Add Node
[2016.08.18-07.30.00:890][823]LogEditorTransaction: Undo Add Node
[2016.08.18-07.31.36:255][753]LogEditorTransaction: Undo Add Node
[2016.08.18-07.31.36:461][759]LogEditorTransaction: Undo Add Node
[2016.08.18-07.31.36:668][762]LogEditorTransaction: Undo Move Node
[2016.08.18-07.31.36:967][771]LogEditorTransaction: Undo Add Node
[2016.08.18-07.35.01:005][521]LogEditorTransaction: Undo Add Node
[2016.08.18-07.39.04:775][510]LogFileHelpers: Editor autosave (incl. sublevels) for '/Game/Architecture' took 0.073
[2016.08.18-07.39.04:782][510]OBJ SavePackage: Generating thumbnails for [0] asset(s) in package [/Game/Blueprints/ExportButtonBlueprint] ([1] browsable assets)...
[2016.08.18-07.39.04:782][510]OBJ SavePackage: Finished generating thumbnails for package [/Game/Blueprints/ExportButtonBlueprint]
[2016.08.18-07.39.04:944][510]LogSavePackage: Save=141.537140ms
[2016.08.18-07.39.04:944][510]LogSavePackage: Moving '../../../../../../Users/Vishal/Documents/Unreal Projects/MyProject/Saved/ExportButtonBlueprint_Auto5C7E9CDF04E7DDA76538871BE6A11CA2C.tmp' to '../../../../../../Users/Vishal/Documents/Unreal Projects/MyProject/Saved/Autosaves/Game/Blueprints/ExportButtonBlueprint_Auto5.uasset'
[2016.08.18-07.39.04:947][510]LogSavePackage: Total save time: 163.264927ms
[2016.08.18-07.39.04:947][510]LogSavePackage:Display: Finished SavePackage ../../../../../../Users/Vishal/Documents/Unreal Projects/MyProject/Saved/Autosaves/Game/Blueprints/ExportButtonBlueprint_Auto5.uasset
[2016.08.18-07.39.04:947][510]LogFileHelpers: Auto-saving content packages took 0.172
[2016.08.18-08.34.32:963][686]LogEditorTransaction: Undo Promote To Variable
[2016.08.18-08.35.56:583][634]LogEditorTransaction: Undo Move Node
[2016.08.18-08.35.57:515][669]LogEditorTransaction: Undo Add Node
[2016.08.18-08.36.04:336][ 54]LogEditorTransaction: Undo Add Node
[2016.08.18-08.36.51:386][862]LogFileHelpers: Editor autosave (incl. sublevels) for '/Game/Architecture' took 0.064
[2016.08.18-08.36.51:392][862]OBJ SavePackage: Generating thumbnails for [0] asset(s) in package [/Game/Blueprints/ExportButtonBlueprint] ([1] browsable assets)...
[2016.08.18-08.36.51:392][862]OBJ SavePackage: Finished generating thumbnails for package [/Game/Blueprints/ExportButtonBlueprint]
[2016.08.18-08.36.51:641][862]LogSavePackage: Save=148.373657ms
[2016.08.18-08.36.51:641][862]LogSavePackage: Moving '../../../../../../Users/Vishal/Documents/Unreal Projects/MyProject/Saved/ExportButtonBlueprint_Auto67B99F2CC485D72415C8F43B01FC5006E.tmp' to '../../../../../../Users/Vishal/Documents/Unreal Projects/MyProject/Saved/Autosaves/Game/Blueprints/ExportButtonBlueprint_Auto6.uasset'
[2016.08.18-08.36.51:649][862]LogSavePackage: Total save time: 196.208239ms
[2016.08.18-08.36.51:649][862]LogSavePackage:Display: Finished SavePackage ../../../../../../Users/Vishal/Documents/Unreal Projects/MyProject/Saved/Autosaves/Game/Blueprints/ExportButtonBlueprint_Auto6.uasset
[2016.08.18-08.36.51:649][862]LogFileHelpers: Auto-saving content packages took 0.263
[2016.08.18-08.39.58:477][122]LogEditorTransaction: Undo Add Node
[2016.08.18-08.46.00:444][722]LogEditorTransaction: Undo Create Pin Link
[2016.08.18-08.46.25:102][834]BlueprintLog: New page: Compile ExportButtonBlueprint
[2016.08.18-08.46.25:768][834]BlueprintEditorCompileResults: Info [8349.52] Compile of ExportButtonBlueprint successful! [in 665 ms]
[2016.08.18-08.46.26:894][899]LogBlueprintUserMessages: Early PlayInEditor Detection: Level '/Game/Architecture.Architecture:PersistentLevel' has LevelScriptBlueprint '/Game/Architecture.Architecture:PersistentLevel.Architecture' with GeneratedClass '/Game/Architecture.Architecture_C' with ClassGeneratedBy '/Game/Architecture.Architecture:PersistentLevel.Architecture'
[2016.08.18-08.46.26:894][899]LogPlayLevel: PlayLevel: No blueprints needed recompiling
[2016.08.18-08.46.26:895][899]PIE: New page: PIE session: Architecture (18-Aug-2016 7:46:26 pm)
[2016.08.18-08.46.26:895][899]LogPlayLevel: Creating play world package: /Game/UEDPIE_0_Architecture
[2016.08.18-08.46.26:957][899]LogPlayLevel: PIE: StaticDuplicateObject took: (0.061531s)
[2016.08.18-08.46.26:958][899]LogAIModule: Creating AISystem for world Architecture
[2016.08.18-08.46.26:959][899]LogPlayLevel: PIE: World Init took: (0.001615s)
[2016.08.18-08.46.26:959][899]LogPlayLevel: PIE: Created PIE world by copying editor world from /Game/Architecture.Architecture to /Game/UEDPIE_0_Architecture.Architecture (0.063643s)
[2016.08.18-08.46.27:008][899]LogInit: XAudio2 using 'Speakers (High Definition Audio Device)' : 2 channels at 44.1 kHz using 16 bits per sample (channel mask 0x3)
[2016.08.18-08.46.27:017][899]LogInit: FAudioDevice initialized.
[2016.08.18-08.46.27:107][899]LogWorld: Game class is 'FirstPersonGameMode_C'
[2016.08.18-08.46.27:119][899]LogPrimitiveComponent: Zero scaling not supported (/Game/UEDPIE_0_Architecture.Architecture:PersistentLevel.Carpet2.StaticMeshComponent0)
[2016.08.18-08.46.27:129][899]LogPrimitiveComponent: Zero scaling not supported (/Game/UEDPIE_0_Architecture.Architecture:PersistentLevel.Carpet3.StaticMeshComponent0)
[2016.08.18-08.46.27:131][899]LogPrimitiveComponent: Zero scaling not supported (/Game/UEDPIE_0_Architecture.Architecture:PersistentLevel.Carpet.StaticMeshComponent0)
[2016.08.18-08.46.27:134][899]LogPrimitiveComponent: Zero scaling not supported (/Game/UEDPIE_0_Architecture.Architecture:PersistentLevel.TVImage.StaticMeshComponent0)
[2016.08.18-08.46.27:139][899]LogWorld: Bringing World /Game/UEDPIE_0_Architecture.Architecture up for play (max tick rate 60) at 2016.08.18-14.16.27
[2016.08.18-08.46.27:139][899]LogActor:Warning: GameSession /Game/UEDPIE_0_Architecture.Architecture:PersistentLevel.GameSession_0 has natively added scene component(s), but none of them were set as the actor's RootComponent - picking one arbitrarily
[2016.08.18-08.46.27:140][899]LogActor:Warning: GameNetworkManager /Game/UEDPIE_0_Architecture.Architecture:PersistentLevel.GameNetworkManager_0 has natively added scene component(s), but none of them were set as the actor's RootComponent - picking one arbitrarily
[2016.08.18-08.46.27:141][899]LogWorld: Bringing up level for play took: 0.033713
[2016.08.18-08.46.27:227][899]PIE: Info Play in editor start time for /Game/UEDPIE_0_Architecture 0.578
[2016.08.18-08.46.27:227][899]LogBlueprintUserMessages: Late PlayInEditor Detection: Level '/Game/Architecture.Architecture:PersistentLevel' has LevelScriptBlueprint '/Game/Architecture.Architecture:PersistentLevel.Architecture' with GeneratedClass '/Game/Architecture.Architecture_C' with ClassGeneratedBy '/Game/Architecture.Architecture:PersistentLevel.Architecture'
[2016.08.18-08.46.27:733][910]LogBlueprintUserMessages: [ExportButtonBlueprint_C_1] 0.875
[2016.08.18-08.46.27:733][910]LogBlueprintUserMessages: [ExportButtonBlueprint_C_1] 0.06125
[2016.08.18-08.46.27:733][910]LogBlueprintUserMessages: [ExportButtonBlueprint_C_1] 0.080433
[2016.08.18-08.46.27:733][910]LogBlueprintUserMessages: [ExportButtonBlueprint_C_1] 223-16-21
[2016.08.18-08.46.27:759][910]LogBlueprintUserMessages: [ExportButtonBlueprint_C_1] VaRestJsonValue_0
[2016.08.18-08.46.27:759][910]LogBlueprintUserMessages: [ExportButtonBlueprint_C_1] BeanBag_Blueprint
[2016.08.18-08.46.33:316][ 69]LogBlueprintUserMessages: Early EndPlayMap Detection: Level '/Game/Architecture.Architecture:PersistentLevel' has LevelScriptBlueprint '/Game/Architecture.Architecture:PersistentLevel.Architecture' with GeneratedClass '/Game/Architecture.Architecture_C' with ClassGeneratedBy '/Game/Architecture.Architecture:PersistentLevel.Architecture'
[2016.08.18-08.46.33:400][ 69]LogBlueprintUserMessages: Late EndPlayMap Detection: Level '/Game/Architecture.Architecture:PersistentLevel' has LevelScriptBlueprint '/Game/Architecture.Architecture:PersistentLevel.Architecture' with GeneratedClass '/Game/Architecture.Architecture_C' with ClassGeneratedBy '/Game/Architecture.Architecture:PersistentLevel.Architecture'
[2016.08.18-08.46.33:466][ 70]LogParticles: Destroying 0 GPU particle simulations for FXSystem 0x00000228093D94E0
[2016.08.18-08.47.02:085][685]LogEditorTransaction: Undo Straighten Connection(s)
[2016.08.18-08.47.15:018][399]LogEditorTransaction: Undo Move Node
[2016.08.18-08.47.15:520][413]LogEditorTransaction: Undo Move Node
[2016.08.18-08.47.16:190][446]LogEditorTransaction: Undo Break Pin Link
[2016.08.18-08.47.43:954][ 83]LogFileHelpers: Editor autosave (incl. sublevels) for '/Game/Architecture' took 0.055
[2016.08.18-08.47.43:960][ 83]OBJ SavePackage: Generating thumbnails for [0] asset(s) in package [/Game/Blueprints/ExportButtonBlueprint] ([1] browsable assets)...
[2016.08.18-08.47.43:960][ 83]OBJ SavePackage: Finished generating thumbnails for package [/Game/Blueprints/ExportButtonBlueprint]
[2016.08.18-08.47.44:140][ 83]LogSavePackage: Save=162.733887ms
[2016.08.18-08.47.44:140][ 83]LogSavePackage: Moving '../../../../../../Users/Vishal/Documents/Unreal Projects/MyProject/Saved/ExportButtonBlueprint_Auto716CB0B99456930293C2AF9B1C6CF7F96.tmp' to '../../../../../../Users/Vishal/Documents/Unreal Projects/MyProject/Saved/Autosaves/Game/Blueprints/ExportButtonBlueprint_Auto7.uasset'
[2016.08.18-08.47.44:142][ 83]LogSavePackage: Total save time: 179.712709ms
[2016.08.18-08.47.44:142][ 83]LogSavePackage:Display: Finished SavePackage ../../../../../../Users/Vishal/Documents/Unreal Projects/MyProject/Saved/Autosaves/Game/Blueprints/ExportButtonBlueprint_Auto7.uasset
[2016.08.18-08.47.44:142][ 83]LogFileHelpers: Auto-saving content packages took 0.187
[2016.08.18-08.47.51:161][500]BlueprintLog: New page: Compile ExportButtonBlueprint
[2016.08.18-08.47.51:304][500]BlueprintEditorCompileResults: Info [8435.05] Compile of ExportButtonBlueprint successful! [in 142 ms]
[2016.08.18-08.57.44:958][229]LogFileHelpers: Editor autosave (incl. sublevels) for '/Game/Architecture' took 0.085
[2016.08.18-08.57.44:968][229]OBJ SavePackage: Generating thumbnails for [0] asset(s) in package [/Game/Blueprints/ExportButtonBlueprint] ([1] browsable assets)...
[2016.08.18-08.57.44:968][229]OBJ SavePackage: Finished generating thumbnails for package [/Game/Blueprints/ExportButtonBlueprint]
[2016.08.18-08.57.45:184][229]LogSavePackage: Save=182.263016ms
[2016.08.18-08.57.45:184][229]LogSavePackage: Moving '../../../../../../Users/Vishal/Documents/Unreal Projects/MyProject/Saved/ExportButtonBlueprint_Auto8D0374F754FD08A7FEC77E6B716E543C9.tmp' to '../../../../../../Users/Vishal/Documents/Unreal Projects/MyProject/Saved/Autosaves/Game/Blueprints/ExportButtonBlueprint_Auto8.uasset'
[2016.08.18-08.57.45:234][229]LogSavePackage: Total save time: 263.764720ms
[2016.08.18-08.57.45:234][229]LogSavePackage:Display: Finished SavePackage ../../../../../../Users/Vishal/Documents/Unreal Projects/MyProject/Saved/Autosaves/Game/Blueprints/ExportButtonBlueprint_Auto8.uasset
[2016.08.18-08.57.45:234][229]LogFileHelpers: Auto-saving content packages took 0.275
[2016.08.18-09.00.27:660][704]LogEditorTransaction: Undo Add Node
[2016.08.18-09.07.08:756][161]LogEditorTransaction: Undo Move Node
[2016.08.18-09.10.43:866][910]LogEditorTransaction: Undo Paste clipboard contents
[2016.08.18-09.10.45:823][  7]LogUObjectHash:Warning: Ambiguous search, could be K2Node_CallFunction /Game/Blueprints/ExportButtonBlueprint.ExportButtonBlueprint:EventGraph.K2Node_CallFunction_5015 or K2Node_CallFunction /Game/Blueprints/ExportButtonBlueprint.ExportButtonBlueprint:EventGraph.K2Node_CallFunction_5015
[2016.08.18-09.10.46:205][ 25]LogProperty:Warning: ObjectProperty /Script/Engine.EdGraphPin:LinkedTo.LinkedTo: unresolved reference to 'EdGraphPin'K2Node_CallFunction_5015.EdGraphPin_28956''
[2016.08.18-09.10.48:184][139]LogEditorTransaction: Undo Paste clipboard contents
[2016.08.18-09.10.49:111][176]LogEditorTransaction: Undo Paste clipboard contents
[2016.08.18-09.10.49:798][211]LogUObjectHash:Warning: Ambiguous search, could be K2Node_VariableGet /Game/Blueprints/ExportButtonBlueprint.ExportButtonBlueprint:EventGraph.K2Node_VariableGet_275 or K2Node_VariableGet /Game/Blueprints/ExportButtonBlueprint.ExportButtonBlueprint:EventGraph.K2Node_VariableGet_275
[2016.08.18-09.10.49:798][211]LogUObjectHash:Warning: Ambiguous search, could be K2Node_VariableGet /Game/Blueprints/ExportButtonBlueprint.ExportButtonBlueprint:EventGraph.K2Node_VariableGet_275 or K2Node_VariableGet /Game/Blueprints/ExportButtonBlueprint.ExportButtonBlueprint:EventGraph.K2Node_VariableGet_275
[2016.08.18-09.10.49:798][211]LogUObjectHash:Warning: Ambiguous search, could be K2Node_VariableGet /Game/Blueprints/ExportButtonBlueprint.ExportButtonBlueprint:EventGraph.K2Node_VariableGet_275 or K2Node_VariableGet /Game/Blueprints/ExportButtonBlueprint.ExportButtonBlueprint:EventGraph.K2Node_VariableGet_275
[2016.08.18-09.10.49:798][211]LogUObjectHash:Warning: Ambiguous search, could be K2Node_CallFunction /Game/Blueprints/ExportButtonBlueprint.ExportButtonBlueprint:EventGraph.K2Node_CallFunction_5015 or K2Node_CallFunction /Game/Blueprints/ExportButtonBlueprint.ExportButtonBlueprint:EventGraph.K2Node_CallFunction_5015
[2016.08.18-09.10.49:798][211]LogUObjectHash:Warning: Ambiguous search, could be K2Node_CallFunction /Game/Blueprints/ExportButtonBlueprint.ExportButtonBlueprint:EventGraph.K2Node_CallFunction_5015 or K2Node_CallFunction /Game/Blueprints/ExportButtonBlueprint.ExportButtonBlueprint:EventGraph.K2Node_CallFunction_5015
[2016.08.18-09.10.49:798][211]LogUObjectHash:Warning: Ambiguous search, could be K2Node_CallFunction /Game/Blueprints/ExportButtonBlueprint.ExportButtonBlueprint:EventGraph.K2Node_CallFunction_5015 or K2Node_CallFunction /Game/Blueprints/ExportButtonBlueprint.ExportButtonBlueprint:EventGraph.K2Node_CallFunction_5015
[2016.08.18-09.10.49:798][211]LogUObjectHash:Warning: Ambiguous search, could be K2Node_CallFunction /Game/Blueprints/ExportButtonBlueprint.ExportButtonBlueprint:EventGraph.K2Node_CallFunction_5015 or K2Node_CallFunction /Game/Blueprints/ExportButtonBlueprint.ExportButtonBlueprint:EventGraph.K2Node_CallFunction_5015
[2016.08.18-09.10.49:798][211]LogUObjectHash:Warning: Ambiguous search, could be K2Node_VariableGet /Game/Blueprints/ExportButtonBlueprint.ExportButtonBlueprint:EventGraph.K2Node_VariableGet_275 or K2Node_VariableGet /Game/Blueprints/ExportButtonBlueprint.ExportButtonBlueprint:EventGraph.K2Node_VariableGet_275
[2016.08.18-09.10.52:538][370]LogUObjectHash:Warning: Ambiguous search, could be K2Node_VariableGet /Game/Blueprints/ExportButtonBlueprint.ExportButtonBlueprint:EventGraph.K2Node_VariableGet_275 or K2Node_VariableGet /Game/Blueprints/ExportButtonBlueprint.ExportButtonBlueprint:EventGraph.K2Node_VariableGet_275
[2016.08.18-09.10.52:538][370]LogUObjectHash:Warning: Ambiguous search, could be K2Node_CallFunction /Game/Blueprints/ExportButtonBlueprint.ExportButtonBlueprint:EventGraph.K2Node_CallFunction_5015 or K2Node_CallFunction /Game/Blueprints/ExportButtonBlueprint.ExportButtonBlueprint:EventGraph.K2Node_CallFunction_5015
[2016.08.18-09.13.44:676][578]LogProperty:Warning: ObjectProperty /Script/Engine.EdGraphPin:LinkedTo.LinkedTo: unresolved reference to 'EdGraphPin'K2Node_CallFunction_5188.EdGraphPin_28956''
[2016.08.18-09.13.44:676][578]LogProperty:Warning: ObjectProperty /Script/Engine.EdGraphPin:LinkedTo.LinkedTo: unresolved reference to 'EdGraphPin'K2Node_CallFunction_5189.EdGraphPin_29090''
[2016.08.18-09.13.44:676][578]LogProperty:Warning: ObjectProperty /Script/Engine.EdGraphPin:LinkedTo.LinkedTo: unresolved reference to 'EdGraphPin'K2Node_CallFunction_5015.EdGraphPin_29111''
[2016.08.18-09.13.44:676][578]LogProperty:Warning: ObjectProperty /Script/Engine.EdGraphPin:LinkedTo.LinkedTo: unresolved reference to 'EdGraphPin'K2Node_CallFunction_5189.EdGraphPin_29088''
[2016.08.18-09.13.44:677][578]LogProperty:Warning: ObjectProperty /Script/Engine.EdGraphPin:LinkedTo.LinkedTo: unresolved reference to 'EdGraphPin'K2Node_VariableGet_310.EdGraphPin_29195''
[2016.08.18-09.13.44:677][578]LogProperty:Warning: ObjectProperty /Script/Engine.EdGraphPin:LinkedTo.LinkedTo: unresolved reference to 'EdGraphPin'K2Node_CallFunction_5015.EdGraphPin_29109''
[2016.08.18-09.13.44:678][578]LogProperty:Warning: ObjectProperty /Script/Engine.EdGraphPin:LinkedTo.LinkedTo: unresolved reference to 'EdGraphPin'K2Node_VariableGet_310.EdGraphPin_29195''
[2016.08.18-09.14.06:640][871]LogEditorTransaction: Undo Move Nodes
[2016.08.18-09.14.38:768][748]LogFileHelpers: Editor autosave (incl. sublevels) for '/Game/Architecture' took 0.106
[2016.08.18-09.14.38:774][748]OBJ SavePackage: Generating thumbnails for [0] asset(s) in package [/Game/Blueprints/ExportButtonBlueprint] ([1] browsable assets)...
[2016.08.18-09.14.38:774][748]OBJ SavePackage: Finished generating thumbnails for package [/Game/Blueprints/ExportButtonBlueprint]
[2016.08.18-09.14.38:964][748]LogSavePackage: Save=170.318314ms
[2016.08.18-09.14.38:964][748]LogSavePackage: Moving '../../../../../../Users/Vishal/Documents/Unreal Projects/MyProject/Saved/ExportButtonBlueprint_Auto9D23DBE6A4F38B7A970E0D888289D4677.tmp' to '../../../../../../Users/Vishal/Documents/Unreal Projects/MyProject/Saved/Autosaves/Game/Blueprints/ExportButtonBlueprint_Auto9.uasset'
[2016.08.18-09.14.38:989][748]LogSavePackage: Total save time: 211.975940ms
[2016.08.18-09.14.38:989][748]LogSavePackage:Display: Finished SavePackage ../../../../../../Users/Vishal/Documents/Unreal Projects/MyProject/Saved/Autosaves/Game/Blueprints/ExportButtonBlueprint_Auto9.uasset
[2016.08.18-09.14.38:989][748]LogFileHelpers: Auto-saving content packages took 0.220
[2016.08.18-09.16.49:862][208]LogEditorTransaction: Undo Delete current selection
[2016.08.18-09.16.51:633][292]LogEditorTransaction: Redo Delete current selection
[2016.08.18-09.18.03:181][509]LogEditorTransaction: Undo Create Pin Link
[2016.08.18-09.18.07:628][746]LogEditorTransaction: Undo Move Node
[2016.08.18-09.19.29:139][438]LogEditorTransaction: Undo Move Nodes
[2016.08.18-09.19.44:685][299]LogEditorTransaction: Undo Move Nodes
[2016.08.18-09.20.53:940][262]LogEditorTransaction: Undo Move Node
[2016.08.18-09.20.54:463][273]LogEditorTransaction: Undo Resize Node
[2016.08.18-09.25.43:954][365]LogFileHelpers: Editor autosave (incl. sublevels) for '/Game/Architecture' took 0.085
[2016.08.18-09.25.43:960][365]OBJ SavePackage: Generating thumbnails for [0] asset(s) in package [/Game/Blueprints/ExportButtonBlueprint] ([1] browsable assets)...
[2016.08.18-09.25.43:960][365]OBJ SavePackage: Finished generating thumbnails for package [/Game/Blueprints/ExportButtonBlueprint]
[2016.08.18-09.25.44:128][365]LogSavePackage: Save=146.444977ms
[2016.08.18-09.25.44:128][365]LogSavePackage: Moving '../../../../../../Users/Vishal/Documents/Unreal Projects/MyProject/Saved/ExportButtonBlueprint_Auto00C9BF8C8452DC5C004FA56A2F8FFB635.tmp' to '../../../../../../Users/Vishal/Documents/Unreal Projects/MyProject/Saved/Autosaves/Game/Blueprints/ExportButtonBlueprint_Auto0.uasset'
[2016.08.18-09.25.44:131][365]LogSavePackage: Total save time: 164.828125ms
[2016.08.18-09.25.44:131][365]LogSavePackage:Display: Finished SavePackage ../../../../../../Users/Vishal/Documents/Unreal Projects/MyProject/Saved/Autosaves/Game/Blueprints/ExportButtonBlueprint_Auto0.uasset
[2016.08.18-09.25.44:131][365]LogFileHelpers: Auto-saving content packages took 0.177
[2016.08.18-09.35.50:427][522]LogFileHelpers: Editor autosave (incl. sublevels) for '/Game/Architecture' took 0.078
[2016.08.18-09.35.50:434][522]OBJ SavePackage: Generating thumbnails for [0] asset(s) in package [/Game/Blueprints/ExportButtonBlueprint] ([1] browsable assets)...
[2016.08.18-09.35.50:434][522]OBJ SavePackage: Finished generating thumbnails for package [/Game/Blueprints/ExportButtonBlueprint]
[2016.08.18-09.35.50:608][522]LogSavePackage: Save=146.485138ms
[2016.08.18-09.35.50:608][522]LogSavePackage: Moving '../../../../../../Users/Vishal/Documents/Unreal Projects/MyProject/Saved/ExportButtonBlueprint_Auto163A233D4471C9203D57E0090430E64A7.tmp' to '../../../../../../Users/Vishal/Documents/Unreal Projects/MyProject/Saved/Autosaves/Game/Blueprints/ExportButtonBlueprint_Auto1.uasset'
[2016.08.18-09.35.50:611][522]LogSavePackage: Total save time: 173.693720ms
[2016.08.18-09.35.50:611][522]LogSavePackage:Display: Finished SavePackage ../../../../../../Users/Vishal/Documents/Unreal Projects/MyProject/Saved/Autosaves/Game/Blueprints/ExportButtonBlueprint_Auto1.uasset
[2016.08.18-09.35.50:611][522]LogFileHelpers: Auto-saving content packages took 0.182
[2016.08.18-09.52.27:704][426]LogFileHelpers: Editor autosave (incl. sublevels) for '/Game/Architecture' took 0.071
[2016.08.18-09.52.27:711][426]OBJ SavePackage: Generating thumbnails for [0] asset(s) in package [/Game/Blueprints/ExportButtonBlueprint] ([1] browsable assets)...
[2016.08.18-09.52.27:711][426]OBJ SavePackage: Finished generating thumbnails for package [/Game/Blueprints/ExportButtonBlueprint]
[2016.08.18-09.52.27:865][426]LogSavePackage: Save=133.737640ms
[2016.08.18-09.52.27:865][426]LogSavePackage: Moving '../../../../../../Users/Vishal/Documents/Unreal Projects/MyProject/Saved/ExportButtonBlueprint_Auto2853F975946A73BDEA2FD9CAAE9D25B81.tmp' to '../../../../../../Users/Vishal/Documents/Unreal Projects/MyProject/Saved/Autosaves/Game/Blueprints/ExportButtonBlueprint_Auto2.uasset'
[2016.08.18-09.52.27:867][426]LogSavePackage: Total save time: 151.199736ms
[2016.08.18-09.52.27:867][426]LogSavePackage:Display: Finished SavePackage ../../../../../../Users/Vishal/Documents/Unreal Projects/MyProject/Saved/Autosaves/Game/Blueprints/ExportButtonBlueprint_Auto2.uasset
[2016.08.18-09.52.27:867][426]LogFileHelpers: Auto-saving content packages took 0.162
[2016.08.18-09.55.15:130][821]BlueprintLog: New page: Collapse to Function
[2016.08.18-09.55.16:666][902]LogEditorTransaction: Undo Collapses selected nodes into a single node
[2016.08.18-09.57.36:426][ 79]LogBlueprint:Warning: Unknown type of hyperlinked object
[2016.08.18-09.57.44:729][558]LogBlueprint:Warning: Unknown type of hyperlinked object
[2016.08.18-09.58.56:225][782]LogEditorTransaction: Undo Delete current selection
[2016.08.18-10.04.34:764][937]LogFileHelpers: Editor autosave (incl. sublevels) for '/Game/Architecture' took 0.090
[2016.08.18-10.04.34:772][937]OBJ SavePackage: Generating thumbnails for [0] asset(s) in package [/Game/Blueprints/ExportButtonBlueprint] ([1] browsable assets)...
[2016.08.18-10.04.34:772][937]OBJ SavePackage: Finished generating thumbnails for package [/Game/Blueprints/ExportButtonBlueprint]
[2016.08.18-10.04.35:711][937]LogSavePackage: Save=923.908569ms
[2016.08.18-10.04.35:754][937]LogSavePackage: Moving '../../../../../../Users/Vishal/Documents/Unreal Projects/MyProject/Saved/ExportButtonBlueprint_Auto3015195134672FE7C698106910A49530E.tmp' to '../../../../../../Users/Vishal/Documents/Unreal Projects/MyProject/Saved/Autosaves/Game/Blueprints/ExportButtonBlueprint_Auto3.uasset'
[2016.08.18-10.04.35:757][937]LogSavePackage: Total save time: 983.230028ms
[2016.08.18-10.04.35:757][937]LogSavePackage:Display: Finished SavePackage ../../../../../../Users/Vishal/Documents/Unreal Projects/MyProject/Saved/Autosaves/Game/Blueprints/ExportButtonBlueprint_Auto3.uasset
[2016.08.18-10.04.35:757][937]LogFileHelpers: Auto-saving content packages took 0.992
[2016.08.18-10.15.20:628][989]LogFileHelpers: Editor autosave (incl. sublevels) for '/Game/Architecture' took 0.076
[2016.08.18-10.15.20:637][989]OBJ SavePackage: Generating thumbnails for [0] asset(s) in package [/Game/Blueprints/ExportButtonBlueprint] ([1] browsable assets)...
[2016.08.18-10.15.20:637][989]OBJ SavePackage: Finished generating thumbnails for package [/Game/Blueprints/ExportButtonBlueprint]
[2016.08.18-10.15.20:812][989]LogSavePackage: Save=152.542496ms
[2016.08.18-10.15.20:812][989]LogSavePackage: Moving '../../../../../../Users/Vishal/Documents/Unreal Projects/MyProject/Saved/ExportButtonBlueprint_Auto410B3FBDF4D0E04C78DA0C0B9EB197C82.tmp' to '../../../../../../Users/Vishal/Documents/Unreal Projects/MyProject/Saved/Autosaves/Game/Blueprints/ExportButtonBlueprint_Auto4.uasset'
[2016.08.18-10.15.20:816][989]LogSavePackage: Total save time: 173.573237ms
[2016.08.18-10.15.20:816][989]LogSavePackage:Display: Finished SavePackage ../../../../../../Users/Vishal/Documents/Unreal Projects/MyProject/Saved/Autosaves/Game/Blueprints/ExportButtonBlueprint_Auto4.uasset
[2016.08.18-10.15.20:816][989]LogFileHelpers: Auto-saving content packages took 0.186
[2016.08.18-10.22.32:793][285]LogEditorTransaction: Undo Delete current selection
[2016.08.18-10.22.33:702][317]LogEditorTransaction: Undo Delete current selection
[2016.08.18-10.23.12:476][631]LogEditorTransaction: Undo Add Node
[2016.08.18-10.25.56:969][ 53]LogFileHelpers: Editor autosave (incl. sublevels) for '/Game/Architecture' took 0.076
[2016.08.18-10.25.56:978][ 53]OBJ SavePackage: Generating thumbnails for [0] asset(s) in package [/Game/Blueprints/ExportButtonBlueprint] ([1] browsable assets)...
[2016.08.18-10.25.56:978][ 53]OBJ SavePackage: Finished generating thumbnails for package [/Game/Blueprints/ExportButtonBlueprint]
[2016.08.18-10.25.57:173][ 53]LogSavePackage: Save=167.460098ms
[2016.08.18-10.25.57:173][ 53]LogSavePackage: Moving '../../../../../../Users/Vishal/Documents/Unreal Projects/MyProject/Saved/ExportButtonBlueprint_Auto515B2D7CC4A00E18F55A1D99C8D384F16.tmp' to '../../../../../../Users/Vishal/Documents/Unreal Projects/MyProject/Saved/Autosaves/Game/Blueprints/ExportButtonBlueprint_Auto5.uasset'
[2016.08.18-10.25.57:176][ 53]LogSavePackage: Total save time: 195.092171ms
[2016.08.18-10.25.57:176][ 53]LogSavePackage:Display: Finished SavePackage ../../../../../../Users/Vishal/Documents/Unreal Projects/MyProject/Saved/Autosaves/Game/Blueprints/ExportButtonBlueprint_Auto5.uasset
[2016.08.18-10.25.57:176][ 53]LogFileHelpers: Auto-saving content packages took 0.207
[2016.08.18-11.52.18:712][106]BlueprintLog: New page: Compile ExportButtonBlueprint
[2016.08.18-11.52.19:042][106]BlueprintEditorCompileResults: Info [9502.79] Compile of ExportButtonBlueprint successful! [in 330 ms]
[2016.08.18-11.52.21:211][232]LogBlueprintUserMessages: Early PlayInEditor Detection: Level '/Game/Architecture.Architecture:PersistentLevel' has LevelScriptBlueprint '/Game/Architecture.Architecture:PersistentLevel.Architecture' with GeneratedClass '/Game/Architecture.Architecture_C' with ClassGeneratedBy '/Game/Architecture.Architecture:PersistentLevel.Architecture'
[2016.08.18-11.52.21:211][232]LogPlayLevel: PlayLevel: No blueprints needed recompiling
[2016.08.18-11.52.21:212][232]PIE: New page: PIE session: Architecture (18-Aug-2016 10:52:21 pm)
[2016.08.18-11.52.21:212][232]LogPlayLevel: Creating play world package: /Game/UEDPIE_0_Architecture
[2016.08.18-11.52.21:267][232]LogPlayLevel: PIE: StaticDuplicateObject took: (0.055205s)
[2016.08.18-11.52.21:297][232]LogAIModule: Creating AISystem for world Architecture
[2016.08.18-11.52.21:297][232]LogPlayLevel: PIE: World Init took: (0.029542s)
[2016.08.18-11.52.21:297][232]LogPlayLevel: PIE: Created PIE world by copying editor world from /Game/Architecture.Architecture to /Game/UEDPIE_0_Architecture.Architecture (0.085145s)
[2016.08.18-11.52.21:360][232]LogInit: XAudio2 using 'Headphones (High Definition Audio Device)' : 2 channels at 44.1 kHz using 16 bits per sample (channel mask 0x3)
[2016.08.18-11.52.21:371][232]LogInit: FAudioDevice initialized.
[2016.08.18-11.52.21:405][232]LogWorld: Game class is 'FirstPersonGameMode_C'
[2016.08.18-11.52.21:416][232]LogPrimitiveComponent: Zero scaling not supported (/Game/UEDPIE_0_Architecture.Architecture:PersistentLevel.Carpet2.StaticMeshComponent0)
[2016.08.18-11.52.21:425][232]LogPrimitiveComponent: Zero scaling not supported (/Game/UEDPIE_0_Architecture.Architecture:PersistentLevel.Carpet3.StaticMeshComponent0)
[2016.08.18-11.52.21:427][232]LogPrimitiveComponent: Zero scaling not supported (/Game/UEDPIE_0_Architecture.Architecture:PersistentLevel.Carpet.StaticMeshComponent0)
[2016.08.18-11.52.21:431][232]LogPrimitiveComponent: Zero scaling not supported (/Game/UEDPIE_0_Architecture.Architecture:PersistentLevel.TVImage.StaticMeshComponent0)
[2016.08.18-11.52.21:436][232]LogWorld: Bringing World /Game/UEDPIE_0_Architecture.Architecture up for play (max tick rate 60) at 2016.08.18-17.22.21
[2016.08.18-11.52.21:437][232]LogActor:Warning: GameSession /Game/UEDPIE_0_Architecture.Architecture:PersistentLevel.GameSession_1 has natively added scene component(s), but none of them were set as the actor's RootComponent - picking one arbitrarily
[2016.08.18-11.52.21:437][232]LogActor:Warning: GameNetworkManager /Game/UEDPIE_0_Architecture.Architecture:PersistentLevel.GameNetworkManager_1 has natively added scene component(s), but none of them were set as the actor's RootComponent - picking one arbitrarily
[2016.08.18-11.52.21:438][232]LogWorld: Bringing up level for play took: 0.031871
[2016.08.18-11.52.21:465][232]PIE: Info Play in editor start time for /Game/UEDPIE_0_Architecture 0.817
[2016.08.18-11.52.21:465][232]LogBlueprintUserMessages: Late PlayInEditor Detection: Level '/Game/Architecture.Architecture:PersistentLevel' has LevelScriptBlueprint '/Game/Architecture.Architecture:PersistentLevel.Architecture' with GeneratedClass '/Game/Architecture.Architecture_C' with ClassGeneratedBy '/Game/Architecture.Architecture:PersistentLevel.Architecture'
[2016.08.18-11.52.22:001][245]LogScript:Warning: Accessed None 'BeanBag1Object'
	ExportButtonBlueprint_C /Engine/Transient.UnrealEdEngine_0:GameInstance_1.ExportButtonBlueprint_C_1
	Function /Game/Blueprints/ExportButtonBlueprint.ExportButtonBlueprint_C:ExecuteUbergraph_ExportButtonBlueprint:0DC2
[2016.08.18-11.52.22:026][245]LogScript:Warning: Accessed None 'BeanBag1Object'
	ExportButtonBlueprint_C /Engine/Transient.UnrealEdEngine_0:GameInstance_1.ExportButtonBlueprint_C_1
	Function /Game/Blueprints/ExportButtonBlueprint.ExportButtonBlueprint_C:ExecuteUbergraph_ExportButtonBlueprint:0DF5
[2016.08.18-11.52.22:026][245]LogScript:Warning: Accessed None 'BeanBag1Object'
	ExportButtonBlueprint_C /Engine/Transient.UnrealEdEngine_0:GameInstance_1.ExportButtonBlueprint_C_1
	Function /Game/Blueprints/ExportButtonBlueprint.ExportButtonBlueprint_C:ExecuteUbergraph_ExportButtonBlueprint:0E26
[2016.08.18-11.52.22:026][245]LogScript:Warning: Accessed None 'BeanBag2Object'
	ExportButtonBlueprint_C /Engine/Transient.UnrealEdEngine_0:GameInstance_1.ExportButtonBlueprint_C_1
	Function /Game/Blueprints/ExportButtonBlueprint.ExportButtonBlueprint_C:ExecuteUbergraph_ExportButtonBlueprint:05DE
[2016.08.18-11.52.22:026][245]LogScript:Warning: Accessed None 'BeanBag2Object'
	ExportButtonBlueprint_C /Engine/Transient.UnrealEdEngine_0:GameInstance_1.ExportButtonBlueprint_C_1
	Function /Game/Blueprints/ExportButtonBlueprint.ExportButtonBlueprint_C:ExecuteUbergraph_ExportButtonBlueprint:0611
[2016.08.18-11.52.22:026][245]LogScript:Warning: Accessed None 'BeanBag2Object'
	ExportButtonBlueprint_C /Engine/Transient.UnrealEdEngine_0:GameInstance_1.ExportButtonBlueprint_C_1
	Function /Game/Blueprints/ExportButtonBlueprint.ExportButtonBlueprint_C:ExecuteUbergraph_ExportButtonBlueprint:0642
[2016.08.18-11.52.22:026][245]LogScript:Warning: Accessed None 'rWallObject'
	ExportButtonBlueprint_C /Engine/Transient.UnrealEdEngine_0:GameInstance_1.ExportButtonBlueprint_C_1
	Function /Game/Blueprints/ExportButtonBlueprint.ExportButtonBlueprint_C:ExecuteUbergraph_ExportButtonBlueprint:0690
[2016.08.18-11.52.22:026][245]LogScript:Warning: Accessed None 'RowsObject'
	ExportButtonBlueprint_C /Engine/Transient.UnrealEdEngine_0:GameInstance_1.ExportButtonBlueprint_C_1
	Function /Game/Blueprints/ExportButtonBlueprint.ExportButtonBlueprint_C:ExecuteUbergraph_ExportButtonBlueprint:06C2
[2016.08.18-11.52.22:026][245]LogScript:Warning: Accessed None 'RowsObject'
	ExportButtonBlueprint_C /Engine/Transient.UnrealEdEngine_0:GameInstance_1.ExportButtonBlueprint_C_1
	Function /Game/Blueprints/ExportButtonBlueprint.ExportButtonBlueprint_C:ExecuteUbergraph_ExportButtonBlueprint:06FB
[2016.08.18-11.52.22:026][245]LogScript:Warning: Accessed None 'RowsObject'
	ExportButtonBlueprint_C /Engine/Transient.UnrealEdEngine_0:GameInstance_1.ExportButtonBlueprint_C_1
	Function /Game/Blueprints/ExportButtonBlueprint.ExportButtonBlueprint_C:ExecuteUbergraph_ExportButtonBlueprint:072B
[2016.08.18-11.52.22:026][245]LogScript:Warning: Accessed None 'RoomJSON'
	ExportButtonBlueprint_C /Engine/Transient.UnrealEdEngine_0:GameInstance_1.ExportButtonBlueprint_C_1
	Function /Game/Blueprints/ExportButtonBlueprint.ExportButtonBlueprint_C:ExecuteUbergraph_ExportButtonBlueprint:0774
[2016.08.18-11.52.22:026][245]LogBlueprintUserMessages: [ExportButtonBlueprint_C_1] 
[2016.08.18-11.52.24:678][321]LogBlueprintUserMessages: Early EndPlayMap Detection: Level '/Game/Architecture.Architecture:PersistentLevel' has LevelScriptBlueprint '/Game/Architecture.Architecture:PersistentLevel.Architecture' with GeneratedClass '/Game/Architecture.Architecture_C' with ClassGeneratedBy '/Game/Architecture.Architecture:PersistentLevel.Architecture'
[2016.08.18-11.52.24:718][321]LogBlueprintUserMessages: Late EndPlayMap Detection: Level '/Game/Architecture.Architecture:PersistentLevel' has LevelScriptBlueprint '/Game/Architecture.Architecture:PersistentLevel.Architecture' with GeneratedClass '/Game/Architecture.Architecture_C' with ClassGeneratedBy '/Game/Architecture.Architecture:PersistentLevel.Architecture'
[2016.08.18-11.52.24:780][321]LogParticles: Destroying 0 GPU particle simulations for FXSystem 0x00000228074F1C60
[2016.08.18-11.54.12:098][648]LogFileHelpers: Editor autosave (incl. sublevels) for '/Game/Architecture' took 0.063
[2016.08.18-11.54.12:105][648]OBJ SavePackage: Generating thumbnails for [0] asset(s) in package [/Game/Blueprints/ExportButtonBlueprint] ([1] browsable assets)...
[2016.08.18-11.54.12:105][648]OBJ SavePackage: Finished generating thumbnails for package [/Game/Blueprints/ExportButtonBlueprint]
[2016.08.18-11.54.12:303][648]LogSavePackage: Save=155.299850ms
[2016.08.18-11.54.12:303][648]LogSavePackage: Moving '../../../../../../Users/Vishal/Documents/Unreal Projects/MyProject/Saved/ExportButtonBlueprint_Auto6CB991D5647077EBF62C9138EBF138047.tmp' to '../../../../../../Users/Vishal/Documents/Unreal Projects/MyProject/Saved/Autosaves/Game/Blueprints/ExportButtonBlueprint_Auto6.uasset'
[2016.08.18-11.54.12:306][648]LogSavePackage: Total save time: 196.037769ms
[2016.08.18-11.54.12:306][648]LogSavePackage:Display: Finished SavePackage ../../../../../../Users/Vishal/Documents/Unreal Projects/MyProject/Saved/Autosaves/Game/Blueprints/ExportButtonBlueprint_Auto6.uasset
[2016.08.18-11.54.12:306][648]LogFileHelpers: Auto-saving content packages took 0.208
[2016.08.18-11.55.34:797][538]BlueprintLog: New page: Compile ExportButtonBlueprint
[2016.08.18-11.55.34:987][538]BlueprintEditorCompileResults: Info [9698.74] Compile of ExportButtonBlueprint successful! [in 189 ms]
[2016.08.18-11.55.36:629][634]LogBlueprintUserMessages: Early PlayInEditor Detection: Level '/Game/Architecture.Architecture:PersistentLevel' has LevelScriptBlueprint '/Game/Architecture.Architecture:PersistentLevel.Architecture' with GeneratedClass '/Game/Architecture.Architecture_C' with ClassGeneratedBy '/Game/Architecture.Architecture:PersistentLevel.Architecture'
[2016.08.18-11.55.36:629][634]LogPlayLevel: PlayLevel: No blueprints needed recompiling
[2016.08.18-11.55.36:629][634]PIE: New page: PIE session: Architecture (18-Aug-2016 10:55:36 pm)
[2016.08.18-11.55.36:629][634]LogPlayLevel: Creating play world package: /Game/UEDPIE_0_Architecture
[2016.08.18-11.55.36:675][634]LogPlayLevel: PIE: StaticDuplicateObject took: (0.045494s)
[2016.08.18-11.55.36:676][634]LogAIModule: Creating AISystem for world Architecture
[2016.08.18-11.55.36:677][634]LogPlayLevel: PIE: World Init took: (0.001774s)
[2016.08.18-11.55.36:677][634]LogPlayLevel: PIE: Created PIE world by copying editor world from /Game/Architecture.Architecture to /Game/UEDPIE_0_Architecture.Architecture (0.047732s)
[2016.08.18-11.55.36:739][634]LogInit: XAudio2 using 'Headphones (High Definition Audio Device)' : 2 channels at 44.1 kHz using 16 bits per sample (channel mask 0x3)
[2016.08.18-11.55.36:749][634]LogInit: FAudioDevice initialized.
[2016.08.18-11.55.36:782][634]LogWorld: Game class is 'FirstPersonGameMode_C'
[2016.08.18-11.55.36:792][634]LogPrimitiveComponent: Zero scaling not supported (/Game/UEDPIE_0_Architecture.Architecture:PersistentLevel.Carpet2.StaticMeshComponent0)
[2016.08.18-11.55.36:800][634]LogPrimitiveComponent: Zero scaling not supported (/Game/UEDPIE_0_Architecture.Architecture:PersistentLevel.Carpet3.StaticMeshComponent0)
[2016.08.18-11.55.36:802][634]LogPrimitiveComponent: Zero scaling not supported (/Game/UEDPIE_0_Architecture.Architecture:PersistentLevel.Carpet.StaticMeshComponent0)
[2016.08.18-11.55.36:805][634]LogPrimitiveComponent: Zero scaling not supported (/Game/UEDPIE_0_Architecture.Architecture:PersistentLevel.TVImage.StaticMeshComponent0)
[2016.08.18-11.55.36:809][634]LogWorld: Bringing World /Game/UEDPIE_0_Architecture.Architecture up for play (max tick rate 60) at 2016.08.18-17.25.36
[2016.08.18-11.55.36:810][634]LogActor:Warning: GameSession /Game/UEDPIE_0_Architecture.Architecture:PersistentLevel.GameSession_2 has natively added scene component(s), but none of them were set as the actor's RootComponent - picking one arbitrarily
[2016.08.18-11.55.36:810][634]LogActor:Warning: GameNetworkManager /Game/UEDPIE_0_Architecture.Architecture:PersistentLevel.GameNetworkManager_2 has natively added scene component(s), but none of them were set as the actor's RootComponent - picking one arbitrarily
[2016.08.18-11.55.36:811][634]LogWorld: Bringing up level for play took: 0.027803
[2016.08.18-11.55.36:814][634]PIE: Info Play in editor start time for /Game/UEDPIE_0_Architecture 0.165
[2016.08.18-11.55.36:814][634]LogBlueprintUserMessages: Late PlayInEditor Detection: Level '/Game/Architecture.Architecture:PersistentLevel' has LevelScriptBlueprint '/Game/Architecture.Architecture:PersistentLevel.Architecture' with GeneratedClass '/Game/Architecture.Architecture_C' with ClassGeneratedBy '/Game/Architecture.Architecture:PersistentLevel.Architecture'
[2016.08.18-11.55.37:350][647]LogScript:Warning: Accessed None 'BeanBag1Object'
	ExportButtonBlueprint_C /Engine/Transient.UnrealEdEngine_0:GameInstance_2.ExportButtonBlueprint_C_1
	Function /Game/Blueprints/ExportButtonBlueprint.ExportButtonBlueprint_C:ExecuteUbergraph_ExportButtonBlueprint:0E3F
[2016.08.18-11.55.37:350][647]LogScript:Warning: Accessed None 'BeanBag1Object'
	ExportButtonBlueprint_C /Engine/Transient.UnrealEdEngine_0:GameInstance_2.ExportButtonBlueprint_C_1
	Function /Game/Blueprints/ExportButtonBlueprint.ExportButtonBlueprint_C:ExecuteUbergraph_ExportButtonBlueprint:0E72
[2016.08.18-11.55.37:350][647]LogScript:Warning: Accessed None 'BeanBag1Object'
	ExportButtonBlueprint_C /Engine/Transient.UnrealEdEngine_0:GameInstance_2.ExportButtonBlueprint_C_1
	Function /Game/Blueprints/ExportButtonBlueprint.ExportButtonBlueprint_C:ExecuteUbergraph_ExportButtonBlueprint:0EA3
[2016.08.18-11.55.37:350][647]LogScript:Warning: Accessed None 'BeanBag2Object'
	ExportButtonBlueprint_C /Engine/Transient.UnrealEdEngine_0:GameInstance_2.ExportButtonBlueprint_C_1
	Function /Game/Blueprints/ExportButtonBlueprint.ExportButtonBlueprint_C:ExecuteUbergraph_ExportButtonBlueprint:05CC
[2016.08.18-11.55.37:350][647]LogScript:Warning: Accessed None 'BeanBag2Object'
	ExportButtonBlueprint_C /Engine/Transient.UnrealEdEngine_0:GameInstance_2.ExportButtonBlueprint_C_1
	Function /Game/Blueprints/ExportButtonBlueprint.ExportButtonBlueprint_C:ExecuteUbergraph_ExportButtonBlueprint:05FF
[2016.08.18-11.55.37:350][647]LogScript:Warning: Accessed None 'BeanBag2Object'
	ExportButtonBlueprint_C /Engine/Transient.UnrealEdEngine_0:GameInstance_2.ExportButtonBlueprint_C_1
	Function /Game/Blueprints/ExportButtonBlueprint.ExportButtonBlueprint_C:ExecuteUbergraph_ExportButtonBlueprint:0630
[2016.08.18-11.55.37:350][647]LogBlueprintUserMessages: [ExportButtonBlueprint_C_1] 
[2016.08.18-11.55.38:373][676]LogBlueprintUserMessages: Early EndPlayMap Detection: Level '/Game/Architecture.Architecture:PersistentLevel' has LevelScriptBlueprint '/Game/Architecture.Architecture:PersistentLevel.Architecture' with GeneratedClass '/Game/Architecture.Architecture_C' with ClassGeneratedBy '/Game/Architecture.Architecture:PersistentLevel.Architecture'
[2016.08.18-11.55.38:453][676]LogBlueprintUserMessages: Late EndPlayMap Detection: Level '/Game/Architecture.Architecture:PersistentLevel' has LevelScriptBlueprint '/Game/Architecture.Architecture:PersistentLevel.Architecture' with GeneratedClass '/Game/Architecture.Architecture_C' with ClassGeneratedBy '/Game/Architecture.Architecture:PersistentLevel.Architecture'
[2016.08.18-11.55.38:515][676]LogParticles: Destroying 0 GPU particle simulations for FXSystem 0x000002284084B240
[2016.08.18-11.57.16:028][575]Cmd: TRANSACTION UNDO
[2016.08.18-11.57.16:028][575]LogEditorTransaction: Undo Remove Variable
[2016.08.18-11.58.23:030][489]LogEditorTransaction: Undo Delete current selection
[2016.08.18-11.58.23:238][495]LogEditorTransaction: Undo Add Node
[2016.08.18-11.58.23:621][505]LogEditorTransaction: Undo Remove Variable
[2016.08.18-11.58.24:147][530]LogEditorTransaction: Undo Delete current selection
[2016.08.18-11.58.26:682][675]LogEditorTransaction: Undo Move Node
[2016.08.18-12.00.37:458][742]LogEditorTransaction: Undo Move Node
[2016.08.18-12.03.23:164][138]LogEditorTransaction: Undo Remove Variable
[2016.08.18-12.04.38:706][548]BlueprintLog: New page: Compile ExportButtonBlueprint
[2016.08.18-12.04.38:963][548]BlueprintEditorCompileResults: Info [0242.71] Compile of ExportButtonBlueprint successful! [in 256 ms]
[2016.08.18-12.04.42:584][758]LogBlueprintUserMessages: Early PlayInEditor Detection: Level '/Game/Architecture.Architecture:PersistentLevel' has LevelScriptBlueprint '/Game/Architecture.Architecture:PersistentLevel.Architecture' with GeneratedClass '/Game/Architecture.Architecture_C' with ClassGeneratedBy '/Game/Architecture.Architecture:PersistentLevel.Architecture'
[2016.08.18-12.04.42:585][758]LogPlayLevel: PlayLevel: No blueprints needed recompiling
[2016.08.18-12.04.42:585][758]PIE: New page: PIE session: Architecture (18-Aug-2016 11:04:42 pm)
[2016.08.18-12.04.42:585][758]LogPlayLevel: Creating play world package: /Game/UEDPIE_0_Architecture
[2016.08.18-12.04.42:633][758]LogPlayLevel: PIE: StaticDuplicateObject took: (0.047790s)
[2016.08.18-12.04.42:633][758]LogAIModule: Creating AISystem for world Architecture
[2016.08.18-12.04.42:634][758]LogPlayLevel: PIE: World Init took: (0.000935s)
[2016.08.18-12.04.42:634][758]LogPlayLevel: PIE: Created PIE world by copying editor world from /Game/Architecture.Architecture to /Game/UEDPIE_0_Architecture.Architecture (0.049179s)
[2016.08.18-12.04.42:707][758]LogInit: XAudio2 using 'Headphones (High Definition Audio Device)' : 2 channels at 44.1 kHz using 16 bits per sample (channel mask 0x3)
[2016.08.18-12.04.42:717][758]LogInit: FAudioDevice initialized.
[2016.08.18-12.04.42:757][758]LogWorld: Game class is 'FirstPersonGameMode_C'
[2016.08.18-12.04.42:766][758]LogPrimitiveComponent: Zero scaling not supported (/Game/UEDPIE_0_Architecture.Architecture:PersistentLevel.Carpet2.StaticMeshComponent0)
[2016.08.18-12.04.42:775][758]LogPrimitiveComponent: Zero scaling not supported (/Game/UEDPIE_0_Architecture.Architecture:PersistentLevel.Carpet3.StaticMeshComponent0)
[2016.08.18-12.04.42:777][758]LogPrimitiveComponent: Zero scaling not supported (/Game/UEDPIE_0_Architecture.Architecture:PersistentLevel.Carpet.StaticMeshComponent0)
[2016.08.18-12.04.42:779][758]LogPrimitiveComponent: Zero scaling not supported (/Game/UEDPIE_0_Architecture.Architecture:PersistentLevel.TVImage.StaticMeshComponent0)
[2016.08.18-12.04.42:784][758]LogWorld: Bringing World /Game/UEDPIE_0_Architecture.Architecture up for play (max tick rate 60) at 2016.08.18-17.34.42
[2016.08.18-12.04.42:784][758]LogActor:Warning: GameSession /Game/UEDPIE_0_Architecture.Architecture:PersistentLevel.GameSession_3 has natively added scene component(s), but none of them were set as the actor's RootComponent - picking one arbitrarily
[2016.08.18-12.04.42:784][758]LogActor:Warning: GameNetworkManager /Game/UEDPIE_0_Architecture.Architecture:PersistentLevel.GameNetworkManager_3 has natively added scene component(s), but none of them were set as the actor's RootComponent - picking one arbitrarily
[2016.08.18-12.04.42:785][758]LogWorld: Bringing up level for play took: 0.028128
[2016.08.18-12.04.42:788][758]PIE: Info Play in editor start time for /Game/UEDPIE_0_Architecture 0.14
[2016.08.18-12.04.42:789][758]LogBlueprintUserMessages: Late PlayInEditor Detection: Level '/Game/Architecture.Architecture:PersistentLevel' has LevelScriptBlueprint '/Game/Architecture.Architecture:PersistentLevel.Architecture' with GeneratedClass '/Game/Architecture.Architecture_C' with ClassGeneratedBy '/Game/Architecture.Architecture:PersistentLevel.Architecture'
[2016.08.18-12.04.56:715][771]LogCrashTracker: 


[2016.08.18-12.04.56:797][771]LogCrashTracker: 


[2016.08.18-12.04.56:797][771]LogWindows:Error: === Critical error: ===
Fatal error!



[2016.08.18-12.04.56:876][771]LogExit: Executing StaticShutdownAfterError
[2016.08.18-12.04.56:884][771]LogOutputDevice:Warning: 

Script Stack:
ExportButtonBlueprint_C.ExecuteUbergraph_ExportButtonBlueprint

[2016.08.18-12.04.57:571][771]LogPhysics:Warning: PHYSX: ..\..\PhysX\src\NpScene.cpp (2946) 8 : PxScene::unlockWrite() called without matching call to PxScene::lockWrite(), behaviour will be undefined.
[2016.08.18-12.04.57:573][771]LogPhysics:Warning: PHYSX: ..\..\PhysX\src\NpScene.cpp (2946) 8 : PxScene::unlockWrite() called without matching call to PxScene::lockWrite(), behaviour will be undefined.
[2016.08.18-12.04.57:575][771]LogPhysics:Warning: PHYSX: ..\..\PhysX\src\NpScene.cpp (2946) 8 : PxScene::unlockWrite() called without matching call to PxScene::lockWrite(), behaviour will be undefined.
[2016.08.18-12.04.57:577][771]LogPhysics:Warning: PHYSX: ..\..\PhysX\src\NpScene.cpp (2946) 8 : PxScene::unlockWrite() called without matching call to PxScene::lockWrite(), behaviour will be undefined.
[2016.08.18-12.04.57:580][771]LogPhysics:Warning: PHYSX: ..\..\PhysX\src\NpScene.cpp (2946) 8 : PxScene::unlockWrite() called without matching call to PxScene::lockWrite(), behaviour will be undefined.
[2016.08.18-12.04.57:581][771]LogPhysics:Warning: PHYSX: ..\..\PhysX\src\NpScene.cpp (2946) 8 : PxScene::unlockWrite() called without matching call to PxScene::lockWrite(), behaviour will be undefined.
[2016.08.18-12.04.57:582][771]LogPhysics:Warning: PHYSX: ..\..\PhysX\src\NpScene.cpp (2946) 8 : PxScene::unlockWrite() called without matching call to PxScene::lockWrite(), behaviour will be undefined.
[2016.08.18-12.04.57:582][771]LogPhysics:Warning: PHYSX: ..\..\PhysX\src\NpScene.cpp (2946) 8 : PxScene::unlockWrite() called without matching call to PxScene::lockWrite(), behaviour will be undefined.
[2016.08.18-12.04.57:583][771]LogWindows: FPlatformMisc::RequestExit(1)
[2016.08.18-12.04.57:583][771]Log file closed, 08/18/16 17:34:57
