[2016.08.19-06.58.16:816][  0]Log file open, 08/19/16 12:28:16
[2016.08.19-06.58.16:816][  0]LogInit:Display: Running engine for game: MyProject
[2016.08.19-06.58.16:816][  0]LogPlatformFile: Not using cached read wrapper
[2016.08.19-06.58.16:816][  0]LogInit:Display: RandInit(-1088295712) SRandInit(-1088295711).
[2016.08.19-06.58.16:816][  0]LogTaskGraph: Started task graph with 4 named threads and 5 total threads.
[2016.08.19-06.58.16:816][  0]LogStats: Stats thread started at 0.059800
[2016.08.19-06.58.16:816][  0]LogInit: Version: 4.10.4-2872498+++depot+UE4-Releases+4.10
[2016.08.19-06.58.16:816][  0]LogInit: API Version: 2758231
[2016.08.19-06.58.16:816][  0]LogInit: Compiled (64-bit): Feb 18 2016 15:47:04
[2016.08.19-06.58.16:816][  0]LogInit: Compiled with Visual C++: 19.00.23026.00
[2016.08.19-06.58.16:816][  0]LogInit: Build Configuration: Development
[2016.08.19-06.58.16:816][  0]LogInit: Branch Name: ++depot+UE4-Releases+4.10
[2016.08.19-06.58.16:816][  0]LogInit: Command line:  
[2016.08.19-06.58.16:816][  0]LogInit: Base directory: C:/Program Files (x86)/Epic Games/4.10/Engine/Binaries/Win64/
[2016.08.19-06.58.16:816][  0]LogInit: Rocket: 1
[2016.08.19-06.58.16:827][  0]LogInit: Using libcurl 7.41.0
[2016.08.19-06.58.16:827][  0]LogInit:  - built for x86_64-pc-win32
[2016.08.19-06.58.16:827][  0]LogInit:  - supports SSL with WinSSL
[2016.08.19-06.58.16:827][  0]LogInit:  - other features:
[2016.08.19-06.58.16:827][  0]LogInit:      CURL_VERSION_SSL
[2016.08.19-06.58.16:827][  0]LogInit:      CURL_VERSION_IPV6
[2016.08.19-06.58.16:827][  0]LogInit:      CURL_VERSION_ASYNCHDNS
[2016.08.19-06.58.16:827][  0]LogInit:      CURL_VERSION_LARGEFILE
[2016.08.19-06.58.16:827][  0]LogInit:      CURL_VERSION_IDN
[2016.08.19-06.58.16:827][  0]LogInit:  CurlRequestOptions (configurable via config and command line):
[2016.08.19-06.58.16:827][  0]LogInit:  - bVerifyPeer = true  - Libcurl will verify peer certificate
[2016.08.19-06.58.16:827][  0]LogInit:  - bUseHttpProxy = false  - Libcurl will NOT use HTTP proxy
[2016.08.19-06.58.16:827][  0]LogInit:  - bDontReuseConnections = false  - Libcurl will reuse connections
[2016.08.19-06.58.16:827][  0]LogInit:  - CertBundlePath = nullptr  - Libcurl will use whatever was configured at build time.
[2016.08.19-06.58.16:838][  0]LogInit: Presizing for 0 objects not considered by GC, pre-allocating 0 bytes.
[2016.08.19-06.58.16:845][  0]LogInit: Object subsystem initialized
[2016.08.19-06.58.16:846][  0]LogInit: Selected Device Profile: [Windows]
[2016.08.19-06.58.16:846][  0]LogInit: Applying CVar settings loaded from the selected device profile: [Windows]
[2016.08.19-06.58.16:875][  0]LogInit: Computer: VISHAL-PC
[2016.08.19-06.58.16:875][  0]LogInit: User: Vishal
[2016.08.19-06.58.16:875][  0]LogInit: CPU Page size=4096, Cores=2
[2016.08.19-06.58.16:875][  0]LogInit: High frequency timer resolution =2.240908 MHz
[2016.08.19-06.58.16:875][  0]LogMemory: Memory total: Physical=7.9GB (8GB approx)
[2016.08.19-06.58.16:875][  0]LogMemory: Platform Memory Stats for Windows
[2016.08.19-06.58.16:875][  0]LogMemory: Process Physical Memory: 59.84 MB used, 59.84 MB peak
[2016.08.19-06.58.16:875][  0]LogMemory: Process Virtual Memory: 58.77 MB used, 58.77 MB peak
[2016.08.19-06.58.16:876][  0]LogMemory: Physical Memory: 4282.43 MB used, 8075.38 MB total
[2016.08.19-06.58.16:876][  0]LogMemory: Virtual Memory: 383.44 MB used, 134217728.00 MB total
[2016.08.19-06.58.16:944][  0]LogTextLocalizationManager: No specific translations for ('en-IN') exist, so ('en') translations will be used.
[2016.08.19-06.58.17:471][  0]LogD3D11RHI: Found D3D11 adapter 0: NVIDIA GeForce 820M              (Feature Level 11_0)
[2016.08.19-06.58.17:471][  0]LogD3D11RHI: Adapter has 1999MB of dedicated video memory, 0MB of dedicated system memory, and 4037MB of shared system memory, 1 output[s]
[2016.08.19-06.58.17:482][  0]LogD3D11RHI: Found D3D11 adapter 1: Intel(R) HD Graphics Family (Feature Level 11_0)
[2016.08.19-06.58.17:482][  0]LogD3D11RHI: Adapter has 112MB of dedicated video memory, 0MB of dedicated system memory, and 2048MB of shared system memory, 0 output[s]
[2016.08.19-06.58.17:486][  0]LogD3D11RHI: Found D3D11 adapter 2: Microsoft Basic Render Driver (Feature Level 11_0)
[2016.08.19-06.58.17:486][  0]LogD3D11RHI: Adapter has 0MB of dedicated video memory, 0MB of dedicated system memory, and 4037MB of shared system memory, 0 output[s]
[2016.08.19-06.58.17:486][  0]LogD3D11RHI: Chosen D3D11 Adapter Id = 0
[2016.08.19-06.58.17:492][  0]LogD3D11RHI: !Direct3DDevice
[2016.08.19-06.58.17:492][  0]LogRHI: Texture pool is 1361 MB (70% of 1945 MB)
[2016.08.19-06.58.17:512][  0]LogD3D11RHI: Async texture creation enabled
[2016.08.19-06.58.17:527][  0]LogShaderCompilers: Guid format shader working directory is -19 characters bigger than the processId version (../../../../../../Users/Vishal/Documents/Unreal Projects/MyProject/Intermediate/Shaders/WorkingDirectory/9900/).
[2016.08.19-06.58.17:527][  0]LogShaderCompilers: Cleaned the shader compiler working directory 'C:/Users/Vishal/AppData/Local/Temp/UnrealShaderWorkingDir/C5AAF0E94C649CB85D53F0A9CE5C7998/'.
[2016.08.19-06.58.17:527][  0]LogShaderCompilers:Display: Using Local Shader Compiler.
[2016.08.19-06.58.18:859][  0]LogTemp:Display: Loaded TP AllDesktopTargetPlatform
[2016.08.19-06.58.18:868][  0]LogTemp:Display: Loaded TP WindowsClientTargetPlatform
[2016.08.19-06.58.18:876][  0]LogTemp:Display: Loaded TP WindowsNoEditorTargetPlatform
[2016.08.19-06.58.18:890][  0]LogTemp:Display: Loaded TP WindowsServerTargetPlatform
[2016.08.19-06.58.18:898][  0]LogTemp:Display: Loaded TP WindowsTargetPlatform
[2016.08.19-06.58.18:906][  0]LogTemp:Display: Loaded TP AndroidTargetPlatform
[2016.08.19-06.58.18:911][  0]LogTemp:Display: Loaded TP Android_ASTCTargetPlatform
[2016.08.19-06.58.18:918][  0]LogTemp:Display: Loaded TP Android_ATCTargetPlatform
[2016.08.19-06.58.18:924][  0]LogTemp:Display: Loaded TP Android_DXTTargetPlatform
[2016.08.19-06.58.18:930][  0]LogTemp:Display: Loaded TP Android_ETC1TargetPlatform
[2016.08.19-06.58.18:936][  0]LogTemp:Display: Loaded TP Android_ETC2TargetPlatform
[2016.08.19-06.58.18:950][  0]LogTemp:Display: Loaded TP Android_MultiTargetPlatform
[2016.08.19-06.58.18:950][  0]LogTemp:Display: Loaded TP Android_PVRTCTargetPlatform
[2016.08.19-06.58.18:954][  0]LogTemp:Display: Loaded TP HTML5TargetPlatform
[2016.08.19-06.58.18:979][  0]LogTemp:Display: Loaded TP IOSTargetPlatform
[2016.08.19-06.58.18:987][  0]LogTemp:Display: Loaded TP LinuxNoEditorTargetPlatform
[2016.08.19-06.58.18:993][  0]LogTemp:Display: Loaded TP LinuxServerTargetPlatform
[2016.08.19-06.58.18:999][  0]LogTemp:Display: Loaded TP LinuxTargetPlatform
[2016.08.19-06.58.18:999][  0]LogTargetPlatformManager:Display: Building Assets For Windows
[2016.08.19-06.58.19:137][  0]LogDerivedDataCache:Display: Max Cache Size: 512 MB
[2016.08.19-06.58.19:200][  0]LogDerivedDataCache: Loaded boot cache 0.06s 41MB C:/Users/Vishal/AppData/Local/UnrealEngine/4.10/DerivedDataCache/Boot.ddc.
[2016.08.19-06.58.19:200][  0]LogDerivedDataCache:Display: Loaded Boot cache: C:/Users/Vishal/AppData/Local/UnrealEngine/4.10/DerivedDataCache/Boot.ddc
[2016.08.19-06.58.19:200][  0]LogDerivedDataCache: FDerivedDataBackendGraph:  Pak pak cache file ../../../../../../Users/Vishal/Documents/Unreal Projects/MyProject/DerivedDataCache/DDC.ddp not found, will not use a pak cache.
[2016.08.19-06.58.19:200][  0]LogDerivedDataCache: Unable to find inner node Pak for hierarchical cache Hierarchy.
[2016.08.19-06.58.19:200][  0]LogDerivedDataCache: FDerivedDataBackendGraph:  CompressedPak pak cache file ../../../../../../Users/Vishal/Documents/Unreal Projects/MyProject/DerivedDataCache/Compressed.ddp not found, will not use a pak cache.
[2016.08.19-06.58.19:200][  0]LogDerivedDataCache: Unable to find inner node CompressedPak for hierarchical cache Hierarchy.
[2016.08.19-06.58.19:272][  0]LogDerivedDataCache:Display: Pak cache opened for reading ../../../Engine/DerivedDataCache/Compressed.ddp.
[2016.08.19-06.58.19:284][  0]LogDerivedDataCache: Using Local data cache path C:/Users/Vishal/AppData/Local/UnrealEngine/Common/DerivedDataCache: Writable
[2016.08.19-06.58.19:561][  0]LogInit: Selected Device Profile: [Windows]
[2016.08.19-06.58.19:567][  0]LogContentStreaming: Texture pool size is 0.000000MB
[2016.08.19-06.58.19:769][  0]LogMeshUtilities: No automatic mesh reduction module available
[2016.08.19-06.58.19:769][  0]LogMeshUtilities: No automatic mesh merging module available
[2016.08.19-06.58.20:072][  0]LogInit: WinSock: version 1.1 (2.2), MaxSocks=32767, MaxUdp=65467
[2016.08.19-06.58.21:258][  0]UdpMessaging: Initializing bridge on interface 0.0.0.0:0 to multicast group 230.0.0.1:6666.
[2016.08.19-06.58.21:394][  0]LogAssetRegistry: FAssetRegistry took 0.0114 seconds to start up
[2016.08.19-06.58.21:712][  0]SourceControl: Info Source control is disabled
[2016.08.19-06.58.21:713][  0]SourceControl: Info Source control is disabled
[2016.08.19-06.58.21:730][  0]SourceControl: Info Source control is disabled
[2016.08.19-06.58.21:773][  0]SourceControl: Info Source control is disabled
[2016.08.19-06.58.22:296][  0]LogObj: 28894 objects as part of root set at end of initial load.
[2016.08.19-06.58.22:296][  0]LogUObjectAllocator: 6143824 out of 0 bytes used by permanent object pool.
[2016.08.19-06.58.22:378][  0]LogEngine: Initializing Engine...
[2016.08.19-06.58.22:381][  0]LogHMD: Can't find Oculus library dev build: is proper Runtime installed? Version: 0.8.0.0
[2016.08.19-06.58.22:385][  0]LogHMD: SteamVR failed to initialize.  Err: 110
[2016.08.19-06.58.22:558][  0]LogAIModule: Creating AISystem for world NewWorld
[2016.08.19-06.58.22:573][  0]LogInit: XAudio2 using 'Speakers (High Definition Audio Device)' : 2 channels at 44.1 kHz using 16 bits per sample (channel mask 0x3)
[2016.08.19-06.58.22:592][  0]LogInit: FAudioDevice initialized.
[2016.08.19-06.58.22:625][  0]LogDerivedDataCache: Saved boot cache 0.03s 41MB C:/Users/Vishal/AppData/Local/UnrealEngine/4.10/DerivedDataCache/Boot.ddc.
[2016.08.19-06.58.22:634][  0]LogInit: Texture streaming: Enabled
[2016.08.19-06.58.22:643][  0]LogAnalytics: Creating configured Analytics provider AnalyticsET
[2016.08.19-06.58.22:643][  0]LogAnalytics: [UEEditor.Rocket.Release] APIServer = http://et2.epicgames.com/ET2/. AppVersion = 4.10.4-2872498+++depot+UE4-Releases+4.10
[2016.08.19-06.58.22:643][  0]LogAnalytics: [UEEditor.Rocket.Release] SetUserId 42581dee49f10cab728e808031ad0d6c|b3aa724033af48eb807787bc6a36fc12|7d3f72a1-08fb-45f7-99a2-cbbddc55c18e
[2016.08.19-06.58.22:643][  0]LogAnalytics: [UEEditor.Rocket.Release] AnalyticsET::StartSession
[2016.08.19-06.58.22:660][  0]LogInit: Transaction tracking system initialized
[2016.08.19-06.58.22:704][  0]BlueprintLog: New page: Editor Load
[2016.08.19-06.58.22:857][  0]LocalizationService: Info Localization service is disabled
[2016.08.19-06.58.23:006][  0]LogConsoleResponse:Display: 
[2016.08.19-06.58.23:215][  0]LogCook:Display: Done creating registry. It took  0.00s.
[2016.08.19-06.58.23:303][  0]LogFileCache: Scanning file cache for directory 'C:/Users/Vishal/Documents/Unreal Projects/MyProject/Content/' took 0.02s
[2016.08.19-06.58.23:396][  0]SourceControl: Info Source control is disabled
[2016.08.19-06.58.23:396][  0]Cmd: MAP LOAD FILE="../../../../../../Users/Vishal/Documents/Unreal Projects/MyProject/Content/Architecture.umap" TEMPLATE=0 SHOWPROGRESS=1 FEATURELEVEL=3
[2016.08.19-06.58.23:397][  0]LightingResults: New page: Lighting Build
[2016.08.19-06.58.23:401][  0]MapCheck: New page: Map Check
[2016.08.19-06.58.23:401][  0]LightingResults: New page: Lighting Build
[2016.08.19-06.58.23:436][  0]LogParticles: Destroying 0 GPU particle simulations for FXSystem 0x0000023DABCB5C60
[2016.08.19-06.58.24:268][  0]LogBlueprint:Error: [compiler ExportButtonBlueprint] Error Event Dispatcher pin is not connected  Bind Event to OnRequestFail 
[2016.08.19-06.58.24:269][  0]LogBlueprint:Error: [compiler ExportButtonBlueprint] Error Event Dispatcher pin is not connected  Bind Event to OnRequestComplete 
[2016.08.19-06.58.24:297][  0]LogBlueprint:Warning: [compiler ExportButtonBlueprint] Warning [0008.11] Compile of ExportButtonBlueprint failed. 2 Fatal Issue(s) 0 Warning(s) [in 56 ms]
[2016.08.19-06.58.24:297][  0]LogBlueprint:Warning: [compiler ExportButtonBlueprint] Warning [0008.11] Compile of ExportButtonBlueprint failed. 2 Fatal Issue(s) 1 Warning(s) [in 0 ms]
[2016.08.19-06.58.24:297][  0]LogBlueprint:Warning: [compiler ExportButtonBlueprint] Warning [0008.11] Compile of ExportButtonBlueprint failed. 2 Fatal Issue(s) 2 Warning(s) [in 0 ms]
[2016.08.19-06.58.26:570][  0]LogAIModule: Creating AISystem for world Architecture
[2016.08.19-06.58.26:583][  0]LogPrimitiveComponent: Zero scaling not supported (/Game/Architecture.Architecture:PersistentLevel.Carpet2.StaticMeshComponent0)
[2016.08.19-06.58.26:587][  0]LogPrimitiveComponent: Zero scaling not supported (/Game/Architecture.Architecture:PersistentLevel.Carpet3.StaticMeshComponent0)
[2016.08.19-06.58.26:590][  0]LogPrimitiveComponent: Zero scaling not supported (/Game/Architecture.Architecture:PersistentLevel.Carpet.StaticMeshComponent0)
[2016.08.19-06.58.26:593][  0]LogPrimitiveComponent: Zero scaling not supported (/Game/Architecture.Architecture:PersistentLevel.TVImage.StaticMeshComponent0)
[2016.08.19-06.58.26:617][  0]LogEditorServer: Finished looking for orphan Actors (0.000 secs)
[2016.08.19-06.58.26:618][  0]Cmd: MAP CHECKDEP NOCLEARLOG
[2016.08.19-06.58.26:811][  0]MapCheck: Info Map check complete: 0 Error(s), 0 Warning(s), took 192.549ms to complete.
[2016.08.19-06.58.26:811][  0]LogFileHelpers: Loading map 'Architecture' took 3.415
[2016.08.19-06.58.26:971][  0]LogCollectionManager: Loaded 0 collections in 0.002766 seconds
[2016.08.19-06.58.27:013][  0]LogFileCache: Scanning file cache for directory 'C:/Users/Vishal/Documents/Unreal Projects/MyProject/Saved/Collections/' took 0.01s
[2016.08.19-06.58.27:013][  0]LogFileCache: Scanning file cache for directory 'C:/Users/Vishal/Documents/Unreal Projects/MyProject/Content/Developers/Vishal/Collections/' took 0.01s
[2016.08.19-06.58.27:014][  0]LogFileCache: Scanning file cache for directory 'C:/Users/Vishal/Documents/Unreal Projects/MyProject/Content/Collections/' took 0.01s
[2016.08.19-06.58.27:014][  0]LogCollectionManager: Rebuilt the GUID cache for 0 collections in 0.000002 seconds
[2016.08.19-06.58.27:030][  0]LogContentBrowser: Native class hierarchy populated in 0.0165 seconds. Added 1898 classes and 345 folders.
[2016.08.19-06.58.27:038][  0]LogContentBrowser: Native class hierarchy updated for 'WidgetCarousel' in 0.0006 seconds. Added 0 classes and 0 folders.
[2016.08.19-06.58.27:169][  0]LogContentBrowser: Native class hierarchy updated for 'AddContentDialog' in 0.0007 seconds. Added 0 classes and 0 folders.
[2016.08.19-06.58.27:188][  0]LogContentBrowser: Native class hierarchy updated for 'SceneOutliner' in 0.0004 seconds. Added 1 classes and 2 folders.
[2016.08.19-06.58.27:287][  0]LogCrashTracker: Crashtracker disabled due to settings.
[2016.08.19-06.58.27:293][  0]LogUObjectGlobals:Warning: Failed to find object 'Class None.'
[2016.08.19-06.58.27:316][  0]LogLoad: Full Startup: 11.13 seconds (BP compile: 0.30 seconds)
[2016.08.19-06.58.27:342][  0]LogOcInput: Can't find Oculus library dev build: is proper Runtime installed? Version: 0.8.0.0
[2016.08.19-06.58.27:502][  0]LogContentStreaming: Texture pool size now 1000 MB
[2016.08.19-06.58.27:657][  0]LogRenderer: Reallocating scene render targets to support 808x368 (Frame:2).
[2016.08.19-06.58.29:229][  7]LogAssetRegistry: Asset discovery search completed in 7.8456 seconds
[2016.08.19-06.58.29:229][  7]LogCollectionManager: Rebuilt the object cache for 0 collections in 0.000002 seconds (found 0 objects)
[2016.08.19-06.58.29:229][  7]LogCollectionManager: Fixed up redirectors for 0 collections in 0.000055 seconds (updated 0 objects)
[2016.08.19-06.58.34:385][229]LogLinker:Warning: Asset '../../../Engine/Content/ArtTools/RenderToTexture/Macros/RenderToTextureMacros.uasset' has been saved with empty engine version. The asset will be loaded but may be incompatible.
[2016.08.19-06.58.34:905][229]LogContentBrowser: Native class hierarchy updated for 'BlueprintGraph' in 0.0010 seconds. Added 107 classes and 0 folders.
[2016.08.19-06.58.51:332][137]LogEditorTransaction: Undo Move Node
[2016.08.19-06.58.52:120][173]LogEditorTransaction: Undo Add Node
[2016.08.19-06.58.58:907][545]LogEditorTransaction: Undo Rename Node
[2016.08.19-06.59.44:478][841]Cmd: OBJ SAVEPACKAGE PACKAGE="/Game/Blueprints/ExportButtonBlueprint" FILE="../../../../../../Users/Vishal/Documents/Unreal Projects/MyProject/Content/Blueprints/ExportButtonBlueprint.uasset" SILENT=true
[2016.08.19-06.59.44:731][841]LogSavePackage: Save=227.907623ms
[2016.08.19-06.59.44:731][841]LogSavePackage: Moving '../../../../../../Users/Vishal/Documents/Unreal Projects/MyProject/Saved/ExportButtonBlueprintDC7A75414EEBA328D159E79112265074.tmp' to '../../../../../../Users/Vishal/Documents/Unreal Projects/MyProject/Content/Blueprints/ExportButtonBlueprint.uasset'
[2016.08.19-06.59.44:732][841]LogFileManager:Warning: DeleteFile was unable to delete '../../../../../../Users/Vishal/Documents/Unreal Projects/MyProject/Content/Blueprints/ExportButtonBlueprint.uasset', retrying in .5s...
[2016.08.19-06.59.45:233][841]LogFileManager:Error: Error deleting file '../../../../../../Users/Vishal/Documents/Unreal Projects/MyProject/Content/Blueprints/ExportButtonBlueprint.uasset'.
[2016.08.19-06.59.45:233][841]LogSavePackage:Error: Error saving '../../../../../../Users/Vishal/Documents/Unreal Projects/MyProject/Content/Blueprints/ExportButtonBlueprint.uasset'
[2016.08.19-06.59.45:261][841]LogSavePackage: Total save time: 781.298026ms
[2016.08.19-06.59.45:261][841]LogSavePackage:Display: Finished SavePackage ../../../../../../Users/Vishal/Documents/Unreal Projects/MyProject/Content/Blueprints/ExportButtonBlueprint.uasset
[2016.08.19-06.59.51:151][841]EditorErrors: New page: Save Output
[2016.08.19-06.59.51:151][841]EditorErrors:Warning: Warning Error saving '../../../../../../Users/Vishal/Documents/Unreal Projects/MyProject/Content/Blueprints/ExportButtonBlueprint.uasset'
[2016.08.19-06.59.55:544][985]BlueprintLog: New page: Compile ExportButtonBlueprint
[2016.08.19-06.59.55:958][985]BlueprintEditorCompileResults: Info [0099.77] Compile of ExportButtonBlueprint successful! [in 414 ms]
[2016.08.19-06.59.56:766][ 22]Cmd: OBJ SAVEPACKAGE PACKAGE="/Game/Blueprints/ExportButtonBlueprint" FILE="../../../../../../Users/Vishal/Documents/Unreal Projects/MyProject/Content/Blueprints/ExportButtonBlueprint.uasset" SILENT=true
[2016.08.19-06.59.57:042][ 22]LogSavePackage: Save=193.622406ms
[2016.08.19-06.59.57:042][ 22]LogSavePackage: Moving '../../../../../../Users/Vishal/Documents/Unreal Projects/MyProject/Saved/ExportButtonBlueprint29E7BF174FBFBA0AE2C0DAB4157AE563.tmp' to '../../../../../../Users/Vishal/Documents/Unreal Projects/MyProject/Content/Blueprints/ExportButtonBlueprint.uasset'
[2016.08.19-06.59.57:043][ 22]LogFileManager:Warning: DeleteFile was unable to delete '../../../../../../Users/Vishal/Documents/Unreal Projects/MyProject/Content/Blueprints/ExportButtonBlueprint.uasset', retrying in .5s...
[2016.08.19-06.59.57:544][ 22]LogFileManager:Error: Error deleting file '../../../../../../Users/Vishal/Documents/Unreal Projects/MyProject/Content/Blueprints/ExportButtonBlueprint.uasset'.
[2016.08.19-06.59.57:544][ 22]LogSavePackage:Error: Error saving '../../../../../../Users/Vishal/Documents/Unreal Projects/MyProject/Content/Blueprints/ExportButtonBlueprint.uasset'
[2016.08.19-06.59.57:545][ 22]LogSavePackage: Total save time: 778.188575ms
[2016.08.19-06.59.57:545][ 22]LogSavePackage:Display: Finished SavePackage ../../../../../../Users/Vishal/Documents/Unreal Projects/MyProject/Content/Blueprints/ExportButtonBlueprint.uasset
[2016.08.19-06.59.58:842][ 22]EditorErrors: New page: Save Output
[2016.08.19-06.59.58:842][ 22]EditorErrors:Warning: Warning Error saving '../../../../../../Users/Vishal/Documents/Unreal Projects/MyProject/Content/Blueprints/ExportButtonBlueprint.uasset'
[2016.08.19-07.00.01:342][145]LogParticles: Destroying 0 GPU particle simulations for FXSystem 0x0000023DD2A1C0E0
[2016.08.19-07.00.04:005][145]Cmd: OBJ SAVEPACKAGE PACKAGE="/Game/Blueprints/ExportButtonBlueprint" FILE="../../../../../../Users/Vishal/Documents/Unreal Projects/MyProject/Content/Blueprints/ExportButtonBlueprint.uasset" SILENT=true
[2016.08.19-07.00.04:198][145]LogSavePackage: Save=184.167313ms
[2016.08.19-07.00.04:198][145]LogSavePackage: Moving '../../../../../../Users/Vishal/Documents/Unreal Projects/MyProject/Saved/ExportButtonBlueprint4FEE479746BDFE8E8BF9B1B0DC686238.tmp' to '../../../../../../Users/Vishal/Documents/Unreal Projects/MyProject/Content/Blueprints/ExportButtonBlueprint.uasset'
[2016.08.19-07.00.04:199][145]LogFileManager:Warning: DeleteFile was unable to delete '../../../../../../Users/Vishal/Documents/Unreal Projects/MyProject/Content/Blueprints/ExportButtonBlueprint.uasset', retrying in .5s...
[2016.08.19-07.00.04:699][145]LogFileManager:Error: Error deleting file '../../../../../../Users/Vishal/Documents/Unreal Projects/MyProject/Content/Blueprints/ExportButtonBlueprint.uasset'.
[2016.08.19-07.00.04:699][145]LogSavePackage:Error: Error saving '../../../../../../Users/Vishal/Documents/Unreal Projects/MyProject/Content/Blueprints/ExportButtonBlueprint.uasset'
[2016.08.19-07.00.04:701][145]LogSavePackage: Total save time: 693.036038ms
[2016.08.19-07.00.04:701][145]LogSavePackage:Display: Finished SavePackage ../../../../../../Users/Vishal/Documents/Unreal Projects/MyProject/Content/Blueprints/ExportButtonBlueprint.uasset
[2016.08.19-07.00.05:825][145]EditorErrors: New page: Save Output
[2016.08.19-07.00.05:825][145]EditorErrors:Warning: Warning Error saving '../../../../../../Users/Vishal/Documents/Unreal Projects/MyProject/Content/Blueprints/ExportButtonBlueprint.uasset'
[2016.08.19-07.00.08:501][231]LogWindowsTextInputMethodSystem:Display: IME system now deactivated.
[2016.08.19-07.00.08:941][232]Cmd: QUIT_EDITOR
[2016.08.19-07.00.09:307][232]LogExit: Preparing to exit.
[2016.08.19-07.00.10:752][232]LogExit: Editor shut down
[2016.08.19-07.00.10:753][232]LogExit: Transaction tracking system shut down
[2016.08.19-07.00.10:760][232]LogParticles: Destroying 0 GPU particle simulations for FXSystem 0x0000023DBB686200
[2016.08.19-07.00.10:760][232]LogParticles: Destroying 0 GPU particle simulations for FXSystem 0x0000023DD3052520
[2016.08.19-07.00.10:761][232]LogParticles: Destroying 0 GPU particle simulations for FXSystem 0x0000023DD2EF2A20
[2016.08.19-07.00.10:761][232]LogParticles: Destroying 0 GPU particle simulations for FXSystem 0x0000023DD784F240
[2016.08.19-07.00.10:761][232]LogParticles: Destroying 0 GPU particle simulations for FXSystem 0x0000023DD784F060
[2016.08.19-07.00.10:761][232]LogParticles: Destroying 0 GPU particle simulations for FXSystem 0x0000023DD2A1C680
[2016.08.19-07.00.11:920][232]LogExit: Object subsystem successfully closed.
[2016.08.19-07.00.12:003][232]LogD3D11RHI: Shutdown
[2016.08.19-07.00.12:003][232]LogD3D11RHI: CleanupD3DDevice
[2016.08.19-07.00.12:255][232]LogD3D11RHI: ~FD3D11DynamicRHI
[2016.08.19-07.00.12:744][232]LogModuleManager: Shutting down and abandoning module CookingStats (203)
[2016.08.19-07.00.12:744][232]LogModuleManager: Shutting down and abandoning module SequencerWidgets (202)
[2016.08.19-07.00.12:744][232]LogModuleManager: Shutting down and abandoning module BlueprintGraph (201)
[2016.08.19-07.00.12:744][232]LogModuleManager: Shutting down and abandoning module CrashTracker (200)
[2016.08.19-07.00.12:744][232]LogModuleManager: Shutting down and abandoning module SceneOutliner (199)
[2016.08.19-07.00.12:744][232]LogModuleManager: Shutting down and abandoning module SuperSearch (198)
[2016.08.19-07.00.12:744][232]LogModuleManager: Shutting down and abandoning module WidgetCarousel (197)
[2016.08.19-07.00.12:758][232]LogModuleManager: Shutting down and abandoning module AddContentDialog (196)
[2016.08.19-07.00.12:759][232]LogModuleManager: Shutting down and abandoning module EditorWidgets (195)
[2016.08.19-07.00.12:759][232]LogModuleManager: Shutting down and abandoning module CollectionManager (194)
[2016.08.19-07.00.12:784][232]LogModuleManager: Shutting down and abandoning module StatsViewer (193)
[2016.08.19-07.00.12:784][232]LogModuleManager: Shutting down and abandoning module FoliageEdit (192)
[2016.08.19-07.00.12:784][232]LogModuleManager: Shutting down and abandoning module LandscapeEditor (191)
[2016.08.19-07.00.12:816][232]LogModuleManager: Shutting down and abandoning module ActorPickerMode (190)
[2016.08.19-07.00.12:816][232]LogModuleManager: Shutting down and abandoning module GeometryMode (189)
[2016.08.19-07.00.12:816][232]LogModuleManager: Shutting down and abandoning module TextureAlignMode (188)
[2016.08.19-07.00.12:816][232]LogModuleManager: Shutting down and abandoning module BspMode (187)
[2016.08.19-07.00.12:816][232]LogModuleManager: Shutting down and abandoning module PlacementMode (186)
[2016.08.19-07.00.12:816][232]LogModuleManager: Shutting down and abandoning module AutomationWorker (185)
[2016.08.19-07.00.12:816][232]LogModuleManager: Shutting down and abandoning module CharacterAI (184)
[2016.08.19-07.00.12:816][232]LogModuleManager: Shutting down and abandoning module SmartSnapping (183)
[2016.08.19-07.00.12:816][232]LogModuleManager: Shutting down and abandoning module ViewportSnapping (182)
[2016.08.19-07.00.12:816][232]LogModuleManager: Shutting down and abandoning module LogVisualizer (181)
[2016.08.19-07.00.12:831][232]LogModuleManager: Shutting down and abandoning module GameProjectGeneration (180)
[2016.08.19-07.00.12:831][232]LogModuleManager: Shutting down and abandoning module IntroTutorials (179)
[2016.08.19-07.00.12:872][232]LogModuleManager: Shutting down and abandoning module EditorLiveStreaming (178)
[2016.08.19-07.00.12:872][232]LogModuleManager: Shutting down and abandoning module IOSPlatformEditor (177)
[2016.08.19-07.00.12:880][232]LogModuleManager: Shutting down and abandoning module HTML5PlatformEditor (176)
[2016.08.19-07.00.12:880][232]LogModuleManager: Shutting down and abandoning module AndroidDeviceDetection (175)
[2016.08.19-07.00.12:964][232]LogModuleManager: Shutting down and abandoning module AndroidPlatformEditor (174)
[2016.08.19-07.00.12:964][232]LogModuleManager: Shutting down and abandoning module IOSRuntimeSettings (173)
[2016.08.19-07.00.12:964][232]LogModuleManager: Shutting down and abandoning module AndroidRuntimeSettings (172)
[2016.08.19-07.00.12:964][232]LogModuleManager: Shutting down and abandoning module MergeActors (171)
[2016.08.19-07.00.12:973][232]LogModuleManager: Shutting down and abandoning module SizeMap (170)
[2016.08.19-07.00.12:973][232]LogModuleManager: Shutting down and abandoning module TreeMap (169)
[2016.08.19-07.00.12:982][232]LogModuleManager: Shutting down and abandoning module ReferenceViewer (168)
[2016.08.19-07.00.12:998][232]LogModuleManager: Shutting down and abandoning module LocalizationService (167)
[2016.08.19-07.00.13:014][232]LogModuleManager: Shutting down and abandoning module LocalizationDashboard (166)
[2016.08.19-07.00.13:014][232]LogModuleManager: Shutting down and abandoning module HardwareTargeting (165)
[2016.08.19-07.00.13:019][232]LogModuleManager: Shutting down and abandoning module DeviceProfileEditor (164)
[2016.08.19-07.00.13:026][232]LogModuleManager: Shutting down and abandoning module UndoHistory (163)
[2016.08.19-07.00.13:041][232]LogModuleManager: Shutting down and abandoning module GameplayTagsEditor (162)
[2016.08.19-07.00.13:046][232]LogModuleManager: Shutting down and abandoning module UserFeedback (161)
[2016.08.19-07.00.13:046][232]LogModuleManager: Shutting down and abandoning module XmlParser (160)
[2016.08.19-07.00.13:046][232]LogModuleManager: Shutting down and abandoning module Blutility (159)
[2016.08.19-07.00.13:046][232]LogModuleManager: Shutting down and abandoning module ProjectTargetPlatformEditor (158)
[2016.08.19-07.00.13:059][232]LogModuleManager: Shutting down and abandoning module ProjectSettingsViewer (157)
[2016.08.19-07.00.13:059][232]LogModuleManager: Shutting down and abandoning module InputBindingEditor (156)
[2016.08.19-07.00.13:086][232]LogModuleManager: Shutting down and abandoning module EditorSettingsViewer (155)
[2016.08.19-07.00.13:086][232]LogModuleManager: Shutting down and abandoning module SettingsEditor (154)
[2016.08.19-07.00.13:133][232]LogModuleManager: Shutting down and abandoning module ProjectLauncher (153)
[2016.08.19-07.00.13:133][232]LogModuleManager: Shutting down and abandoning module SessionFrontend (152)
[2016.08.19-07.00.13:148][232]LogModuleManager: Shutting down and abandoning module ProfilerClient (151)
[2016.08.19-07.00.13:163][232]LogModuleManager: Shutting down and abandoning module TargetDeviceServices (150)
[2016.08.19-07.00.13:163][232]LogModuleManager: Shutting down and abandoning module DeviceManager (149)
[2016.08.19-07.00.13:172][232]LogModuleManager: Shutting down and abandoning module AutomationController (148)
[2016.08.19-07.00.13:184][232]LogModuleManager: Shutting down and abandoning module AutomationWindow (147)
[2016.08.19-07.00.13:197][232]LogModuleManager: Shutting down and abandoning module Layers (146)
[2016.08.19-07.00.13:216][232]LogModuleManager: Shutting down and abandoning module ComponentVisualizers (145)
[2016.08.19-07.00.13:216][232]LogModuleManager: Shutting down and abandoning module DetailCustomizations (144)
[2016.08.19-07.00.13:230][232]LogModuleManager: Shutting down and abandoning module PackagesDialog (143)
[2016.08.19-07.00.13:230][232]LogModuleManager: Shutting down and abandoning module Persona (142)
[2016.08.19-07.00.13:238][232]LogModuleManager: Shutting down and abandoning module Kismet (141)
[2016.08.19-07.00.13:238][232]LogModuleManager: Shutting down and abandoning module GraphEditor (140)
[2016.08.19-07.00.13:238][232]LogModuleManager: Shutting down and abandoning module ClassViewer (139)
[2016.08.19-07.00.13:246][232]LogModuleManager: Shutting down and abandoning module Toolbox (138)
[2016.08.19-07.00.13:246][232]LogModuleManager: Shutting down and abandoning module ModuleUI (137)
[2016.08.19-07.00.13:260][232]LogModuleManager: Shutting down and abandoning module MovieSceneTools (136)
[2016.08.19-07.00.13:260][232]LogModuleManager: Shutting down and abandoning module OutputLog (135)
[2016.08.19-07.00.13:260][232]LogModuleManager: Shutting down and abandoning module GammaUI (134)
[2016.08.19-07.00.13:275][232]LogModuleManager: Shutting down and abandoning module Documentation (133)
[2016.08.19-07.00.13:275][232]LogModuleManager: Shutting down and abandoning module GameLiveStreaming (132)
[2016.08.19-07.00.13:287][232]LogModuleManager: Shutting down and abandoning module StreamingPauseRendering (131)
[2016.08.19-07.00.13:287][232]LogModuleManager: Shutting down and abandoning module AnalyticsET (130)
[2016.08.19-07.00.13:287][232]LogModuleManager: Shutting down and abandoning module Analytics (129)
[2016.08.19-07.00.13:287][232]LogModuleManager: Shutting down and abandoning module AITestSuite (128)
[2016.08.19-07.00.13:310][232]LogModuleManager: Shutting down and abandoning module GameplayDebugger (127)
[2016.08.19-07.00.13:323][232]LogModuleManager: Shutting down and abandoning module AIModule (126)
[2016.08.19-07.00.13:323][232]LogModuleManager: Shutting down and abandoning module ProfilerService (125)
[2016.08.19-07.00.13:578][232]LogModuleManager: Shutting down and abandoning module TaskGraph (124)
[2016.08.19-07.00.13:606][232]LogModuleManager: Shutting down and abandoning module VaRestEditorPlugin (123)
[2016.08.19-07.00.13:606][232]LogModuleManager: Shutting down and abandoning module SlateRemote (122)
[2016.08.19-07.00.13:606][232]LogModuleManager: Shutting down and abandoning module SteamVRController (121)
[2016.08.19-07.00.13:606][232]LogModuleManager: Shutting down and abandoning module SteamVR (120)
[2016.08.19-07.00.13:606][232]LogModuleManager: Shutting down and abandoning module ProceduralMeshComponent (119)
[2016.08.19-07.00.13:606][232]LogModuleManager: Shutting down and abandoning module OculusLibrary (118)
[2016.08.19-07.00.13:606][232]LogModuleManager: Shutting down and abandoning module OculusInput (117)
[2016.08.19-07.00.13:606][232]LogModuleManager: Shutting down and abandoning module LeapMotionController (116)
[2016.08.19-07.00.13:684][232]LogModuleManager: Shutting down and abandoning module CustomMeshComponent (115)
[2016.08.19-07.00.13:684][232]LogModuleManager: Shutting down and abandoning module CableComponent (114)
[2016.08.19-07.00.13:697][232]LogModuleManager: Shutting down and abandoning module ArchVisCharacter (113)
[2016.08.19-07.00.13:697][232]LogModuleManager: Shutting down and abandoning module MessagingDebugger (112)
[2016.08.19-07.00.13:697][232]LogModuleManager: Shutting down and abandoning module MediaPlayerEditor (111)
[2016.08.19-07.00.13:711][232]LogModuleManager: Shutting down and abandoning module HTML5Networking (110)
[2016.08.19-07.00.13:711][232]LogModuleManager: Shutting down and abandoning module SpeedTreeImporter (109)
[2016.08.19-07.00.13:711][232]LogModuleManager: Shutting down and abandoning module PluginBrowser (108)
[2016.08.19-07.00.13:728][232]LogModuleManager: Shutting down and abandoning module EpicSurvey (107)
[2016.08.19-07.00.13:740][232]LogModuleManager: Shutting down and abandoning module DesktopPlatform (106)
[2016.08.19-07.00.13:740][232]LogModuleManager: Shutting down and abandoning module VisualStudioSourceCodeAccess (105)
[2016.08.19-07.00.13:740][232]LogModuleManager: Shutting down and abandoning module UObjectPlugin (104)
[2016.08.19-07.00.13:740][232]LogModuleManager: Shutting down and abandoning module SubversionSourceControl (103)
[2016.08.19-07.00.13:756][232]LogModuleManager: Shutting down and abandoning module PerforceSourceControl (102)
[2016.08.19-07.00.13:766][232]LogModuleManager: Shutting down and abandoning module SourceControl (101)
[2016.08.19-07.00.13:766][232]LogModuleManager: Shutting down and abandoning module GitSourceControl (100)
[2016.08.19-07.00.13:783][232]LogModuleManager: Shutting down and abandoning module LightPropagationVolumeEditor (99)
[2016.08.19-07.00.13:783][232]LogModuleManager: Shutting down and abandoning module PaperTiledImporter (98)
[2016.08.19-07.00.13:791][232]LogModuleManager: Shutting down and abandoning module PaperSpriteSheetImporter (97)
[2016.08.19-07.00.13:791][232]LogModuleManager: Shutting down and abandoning module MeshPaint (96)
[2016.08.19-07.00.13:791][232]LogModuleManager: Shutting down and abandoning module SlateReflector (95)
[2016.08.19-07.00.13:801][232]LogModuleManager: Shutting down and abandoning module HotReload (94)
[2016.08.19-07.00.13:811][232]LogModuleManager: Shutting down and abandoning module MainFrame (93)
[2016.08.19-07.00.13:811][232]LogModuleManager: Shutting down and abandoning module LevelEditor (92)
[2016.08.19-07.00.13:813][232]LogModuleManager: Shutting down and abandoning module DirectoryWatcher (91)
[2016.08.19-07.00.13:813][232]LogModuleManager: Shutting down and abandoning module AssetRegistry (90)
[2016.08.19-07.00.13:871][232]LogModuleManager: Shutting down and abandoning module ContentBrowser (89)
[2016.08.19-07.00.13:872][232]LogModuleManager: Shutting down and abandoning module Paper2DEditor (88)
[2016.08.19-07.00.13:904][232]LogModuleManager: Shutting down and abandoning module VaRestPlugin (87)
[2016.08.19-07.00.13:904][232]LogModuleManager: Shutting down and abandoning module UdpMessaging (86)
[2016.08.19-07.00.14:005][232]LogModuleManager: Shutting down and abandoning module LightPropagationVolumeRuntime (85)
[2016.08.19-07.00.14:005][232]LogModuleManager: Shutting down and abandoning module Paper2D (84)
[2016.08.19-07.00.14:027][232]LogModuleManager: Shutting down and abandoning module WindowsMoviePlayer (83)
[2016.08.19-07.00.14:033][232]LogModuleManager: Shutting down and abandoning module Media (82)
[2016.08.19-07.00.14:033][232]LogModuleManager: Shutting down and abandoning module WmfMedia (81)
[2016.08.19-07.00.14:047][232]LogModuleManager: Shutting down and abandoning module OnlineBlueprintSupport (80)
[2016.08.19-07.00.14:047][232]LogModuleManager: Shutting down and abandoning module GameplayTasksEditor (79)
[2016.08.19-07.00.14:047][232]LogModuleManager: Shutting down and abandoning module PropertyEditor (78)
[2016.08.19-07.00.14:047][232]LogModuleManager: Shutting down and abandoning module BehaviorTreeEditor (77)
[2016.08.19-07.00.14:082][232]LogModuleManager: Shutting down and abandoning module FunctionalTesting (76)
[2016.08.19-07.00.14:082][232]LogModuleManager: Shutting down and abandoning module CollisionAnalyzer (75)
[2016.08.19-07.00.14:099][232]LogModuleManager: Shutting down and abandoning module WorkspaceMenuStructure (74)
[2016.08.19-07.00.14:099][232]LogModuleManager: Shutting down and abandoning module MessageLog (73)
[2016.08.19-07.00.14:099][232]LogModuleManager: Shutting down and abandoning module Sequencer (72)
[2016.08.19-07.00.14:099][232]LogModuleManager: Shutting down and abandoning module AssetTools (71)
[2016.08.19-07.00.14:159][232]LogModuleManager: Shutting down and abandoning module UMGEditor (70)
[2016.08.19-07.00.14:159][232]LogModuleManager: Shutting down and abandoning module UMG (69)
[2016.08.19-07.00.14:159][232]LogModuleManager: Shutting down and abandoning module Slate (68)
[2016.08.19-07.00.14:159][232]LogModuleManager: Shutting down and abandoning module EditorStyle (67)
[2016.08.19-07.00.14:164][232]LogModuleManager: Shutting down and abandoning module SessionServices (66)
[2016.08.19-07.00.14:164][232]LogModuleManager: Shutting down and abandoning module SourceCodeAccess (65)
[2016.08.19-07.00.14:164][232]LogModuleManager: Shutting down and abandoning module HeadMountedDisplay (64)
[2016.08.19-07.00.14:164][232]LogModuleManager: Shutting down and abandoning module XAudio2 (63)
[2016.08.19-07.00.14:164][232]LogModuleManager: Shutting down and abandoning module Networking (61)
[2016.08.19-07.00.14:164][232]LogModuleManager: Shutting down and abandoning module Core (60)
[2016.08.19-07.00.14:164][232]LogModuleManager: Shutting down and abandoning module KismetCompiler (59)
[2016.08.19-07.00.14:164][232]LogModuleManager: Shutting down and abandoning module PhysXFormats (58)
[2016.08.19-07.00.14:164][232]LogModuleManager: Shutting down and abandoning module MeshUtilities (57)
[2016.08.19-07.00.14:177][232]LogModuleManager: Shutting down and abandoning module DerivedDataCache (56)
[2016.08.19-07.00.14:736][232]LogDerivedDataCache: Shutdown
[2016.08.19-07.00.14:737][232]LogModuleManager: Shutting down and abandoning module ShaderFormatOpenGL (55)
[2016.08.19-07.00.14:815][232]LogModuleManager: Shutting down and abandoning module ShaderFormatD3D (54)
[2016.08.19-07.00.14:815][232]LogModuleManager: Shutting down and abandoning module MetalShaderFormat (53)
[2016.08.19-07.00.14:848][232]LogModuleManager: Shutting down and abandoning module TextureFormatUncompressed (52)
[2016.08.19-07.00.14:848][232]LogModuleManager: Shutting down and abandoning module TextureFormatPVR (51)
[2016.08.19-07.00.14:848][232]LogModuleManager: Shutting down and abandoning module TextureFormatIntelISPCTexComp (50)
[2016.08.19-07.00.14:848][232]LogModuleManager: Shutting down and abandoning module TextureFormatDXT (49)
[2016.08.19-07.00.14:848][232]LogModuleManager: Shutting down and abandoning module ImageWrapper (48)
[2016.08.19-07.00.14:848][232]LogModuleManager: Shutting down and abandoning module TextureFormatASTC (47)
[2016.08.19-07.00.14:848][232]LogModuleManager: Shutting down and abandoning module TextureFormatAndroid (46)
[2016.08.19-07.00.14:848][232]LogModuleManager: Shutting down and abandoning module AudioFormatOpus (45)
[2016.08.19-07.00.15:323][232]LogModuleManager: Shutting down and abandoning module AudioFormatOgg (44)
[2016.08.19-07.00.15:323][232]LogModuleManager: Shutting down and abandoning module AudioFormatADPCM (43)
[2016.08.19-07.00.15:323][232]LogModuleManager: Shutting down and abandoning module LinuxTargetPlatform (42)
[2016.08.19-07.00.15:323][232]LogModuleManager: Shutting down and abandoning module LinuxServerTargetPlatform (41)
[2016.08.19-07.00.15:323][232]LogModuleManager: Shutting down and abandoning module LinuxNoEditorTargetPlatform (40)
[2016.08.19-07.00.15:323][232]LogModuleManager: Shutting down and abandoning module Messaging (39)
[2016.08.19-07.00.15:323][232]LogModuleManager: Shutting down and abandoning module IOSTargetPlatform (38)
[2016.08.19-07.00.15:323][232]LogModuleManager: Shutting down and abandoning module HTML5TargetPlatform (37)
[2016.08.19-07.00.15:323][232]LogModuleManager: Shutting down and abandoning module Android_PVRTCTargetPlatform (36)
[2016.08.19-07.00.15:323][232]LogModuleManager: Shutting down and abandoning module Android_MultiTargetPlatform (35)
[2016.08.19-07.00.15:323][232]LogModuleManager: Shutting down and abandoning module Android_ETC2TargetPlatform (34)
[2016.08.19-07.00.15:323][232]LogModuleManager: Shutting down and abandoning module Android_ETC1TargetPlatform (33)
[2016.08.19-07.00.15:323][232]LogModuleManager: Shutting down and abandoning module Android_DXTTargetPlatform (32)
[2016.08.19-07.00.15:323][232]LogModuleManager: Shutting down and abandoning module Android_ATCTargetPlatform (31)
[2016.08.19-07.00.15:323][232]LogModuleManager: Shutting down and abandoning module Android_ASTCTargetPlatform (30)
[2016.08.19-07.00.15:323][232]LogModuleManager: Shutting down and abandoning module AndroidTargetPlatform (29)
[2016.08.19-07.00.15:323][232]LogModuleManager: Shutting down and abandoning module WindowsTargetPlatform (28)
[2016.08.19-07.00.15:323][232]LogModuleManager: Shutting down and abandoning module WindowsServerTargetPlatform (27)
[2016.08.19-07.00.15:323][232]LogModuleManager: Shutting down and abandoning module WindowsNoEditorTargetPlatform (26)
[2016.08.19-07.00.15:323][232]LogModuleManager: Shutting down and abandoning module WindowsClientTargetPlatform (25)
[2016.08.19-07.00.15:323][232]LogModuleManager: Shutting down and abandoning module AllDesktopTargetPlatform (24)
[2016.08.19-07.00.15:323][232]LogModuleManager: Shutting down and abandoning module TargetPlatform (23)
[2016.08.19-07.00.15:323][232]LogModuleManager: Shutting down and abandoning module InputCore (22)
[2016.08.19-07.00.15:323][232]LogModuleManager: Shutting down and abandoning module Settings (21)
[2016.08.19-07.00.15:323][232]LogModuleManager: Shutting down and abandoning module OnlineSubsystem (19)
[2016.08.19-07.00.15:323][232]LogModuleManager: Shutting down and abandoning module HTTP (18)
[2016.08.19-07.00.16:826][232]LogModuleManager: Shutting down and abandoning module XMPP (17)
[2016.08.19-07.00.17:191][232]LogModuleManager: Shutting down and abandoning module OculusRift (16)
[2016.08.19-07.00.17:246][232]LogModuleManager: Shutting down and abandoning module ExampleDeviceProfileSelector (15)
[2016.08.19-07.00.17:246][232]LogModuleManager: Shutting down and abandoning module TextureCompressor (14)
[2016.08.19-07.00.17:256][232]LogModuleManager: Shutting down and abandoning module ShaderCore (13)
[2016.08.19-07.00.17:256][232]LogModuleManager: Shutting down and abandoning module Landscape (12)
[2016.08.19-07.00.17:256][232]LogModuleManager: Shutting down and abandoning module SlateRHIRenderer (11)
[2016.08.19-07.00.17:272][232]LogModuleManager: Shutting down and abandoning module OpenGLDrv (10)
[2016.08.19-07.00.17:290][232]LogModuleManager: Shutting down and abandoning module D3D11RHI (9)
[2016.08.19-07.00.17:290][232]LogModuleManager: Shutting down and abandoning module AnimGraphRuntime (8)
[2016.08.19-07.00.17:290][232]LogModuleManager: Shutting down and abandoning module Renderer (7)
[2016.08.19-07.00.17:290][232]LogModuleManager: Shutting down and abandoning module Engine (6)
[2016.08.19-07.00.17:290][232]LogModuleManager: Shutting down and abandoning module CoreUObject (5)
[2016.08.19-07.00.17:290][232]LogModuleManager: Shutting down and abandoning module NetworkFile (4)
[2016.08.19-07.00.17:299][232]LogModuleManager: Shutting down and abandoning module StreamingFile (3)
[2016.08.19-07.00.17:299][232]LogModuleManager: Shutting down and abandoning module SandboxFile (2)
[2016.08.19-07.00.17:299][232]LogModuleManager: Shutting down and abandoning module PakFile (1)
[2016.08.19-07.00.17:324][232]LogExit: Exiting.
[2016.08.19-07.00.17:327][232]Log file closed, 08/19/16 12:30:17
