[2016.08.19-06.04.26:648][  0]Log file open, 08/19/16 11:34:26
[2016.08.19-06.04.26:648][  0]LogInit:Display: Running engine for game: MyProject
[2016.08.19-06.04.26:648][  0]LogPlatformFile: Not using cached read wrapper
[2016.08.19-06.04.26:648][  0]LogInit:Display: RandInit(251744754) SRandInit(251744755).
[2016.08.19-06.04.26:648][  0]LogTaskGraph: Started task graph with 4 named threads and 5 total threads.
[2016.08.19-06.04.26:648][  0]LogStats: Stats thread started at 2.222704
[2016.08.19-06.04.26:648][  0]LogInit: Version: 4.10.4-2872498+++depot+UE4-Releases+4.10
[2016.08.19-06.04.26:648][  0]LogInit: API Version: 2758231
[2016.08.19-06.04.26:649][  0]LogInit: Compiled (64-bit): Feb 18 2016 15:47:04
[2016.08.19-06.04.26:649][  0]LogInit: Compiled with Visual C++: 19.00.23026.00
[2016.08.19-06.04.26:649][  0]LogInit: Build Configuration: Development
[2016.08.19-06.04.26:649][  0]LogInit: Branch Name: ++depot+UE4-Releases+4.10
[2016.08.19-06.04.26:649][  0]LogInit: Command line:  
[2016.08.19-06.04.26:649][  0]LogInit: Base directory: C:/Program Files (x86)/Epic Games/4.10/Engine/Binaries/Win64/
[2016.08.19-06.04.26:649][  0]LogInit: Rocket: 1
[2016.08.19-06.04.26:795][  0]LogInit: Using libcurl 7.41.0
[2016.08.19-06.04.26:795][  0]LogInit:  - built for x86_64-pc-win32
[2016.08.19-06.04.26:795][  0]LogInit:  - supports SSL with WinSSL
[2016.08.19-06.04.26:795][  0]LogInit:  - other features:
[2016.08.19-06.04.26:795][  0]LogInit:      CURL_VERSION_SSL
[2016.08.19-06.04.26:795][  0]LogInit:      CURL_VERSION_IPV6
[2016.08.19-06.04.26:795][  0]LogInit:      CURL_VERSION_ASYNCHDNS
[2016.08.19-06.04.26:795][  0]LogInit:      CURL_VERSION_LARGEFILE
[2016.08.19-06.04.26:795][  0]LogInit:      CURL_VERSION_IDN
[2016.08.19-06.04.26:796][  0]LogInit:  CurlRequestOptions (configurable via config and command line):
[2016.08.19-06.04.26:796][  0]LogInit:  - bVerifyPeer = true  - Libcurl will verify peer certificate
[2016.08.19-06.04.26:796][  0]LogInit:  - bUseHttpProxy = false  - Libcurl will NOT use HTTP proxy
[2016.08.19-06.04.26:796][  0]LogInit:  - bDontReuseConnections = false  - Libcurl will reuse connections
[2016.08.19-06.04.26:796][  0]LogInit:  - CertBundlePath = nullptr  - Libcurl will use whatever was configured at build time.
[2016.08.19-06.04.26:977][  0]LogInit: Presizing for 0 objects not considered by GC, pre-allocating 0 bytes.
[2016.08.19-06.04.26:984][  0]LogInit: Object subsystem initialized
[2016.08.19-06.04.27:232][  0]LogInit: Selected Device Profile: [Windows]
[2016.08.19-06.04.27:232][  0]LogInit: Applying CVar settings loaded from the selected device profile: [Windows]
[2016.08.19-06.04.27:410][  0]LogInit: Computer: VISHAL-PC
[2016.08.19-06.04.27:410][  0]LogInit: User: Vishal
[2016.08.19-06.04.27:410][  0]LogInit: CPU Page size=4096, Cores=2
[2016.08.19-06.04.27:410][  0]LogInit: High frequency timer resolution =2.240908 MHz
[2016.08.19-06.04.27:410][  0]LogMemory: Memory total: Physical=7.9GB (8GB approx)
[2016.08.19-06.04.27:410][  0]LogMemory: Platform Memory Stats for Windows
[2016.08.19-06.04.27:410][  0]LogMemory: Process Physical Memory: 61.41 MB used, 61.41 MB peak
[2016.08.19-06.04.27:410][  0]LogMemory: Process Virtual Memory: 58.71 MB used, 58.71 MB peak
[2016.08.19-06.04.27:410][  0]LogMemory: Physical Memory: 3421.94 MB used, 8075.38 MB total
[2016.08.19-06.04.27:410][  0]LogMemory: Virtual Memory: 383.92 MB used, 134217728.00 MB total
[2016.08.19-06.04.29:149][  0]LogTextLocalizationManager: No specific translations for ('en-IN') exist, so ('en') translations will be used.
[2016.08.19-06.04.30:437][  0]LogD3D11RHI: Found D3D11 adapter 0: NVIDIA GeForce 820M              (Feature Level 11_0)
[2016.08.19-06.04.30:437][  0]LogD3D11RHI: Adapter has 1999MB of dedicated video memory, 0MB of dedicated system memory, and 4037MB of shared system memory, 1 output[s]
[2016.08.19-06.04.30:448][  0]LogD3D11RHI: Found D3D11 adapter 1: Intel(R) HD Graphics Family (Feature Level 11_0)
[2016.08.19-06.04.30:448][  0]LogD3D11RHI: Adapter has 112MB of dedicated video memory, 0MB of dedicated system memory, and 2048MB of shared system memory, 0 output[s]
[2016.08.19-06.04.30:451][  0]LogD3D11RHI: Found D3D11 adapter 2: Microsoft Basic Render Driver (Feature Level 11_0)
[2016.08.19-06.04.30:451][  0]LogD3D11RHI: Adapter has 0MB of dedicated video memory, 0MB of dedicated system memory, and 4037MB of shared system memory, 0 output[s]
[2016.08.19-06.04.30:451][  0]LogD3D11RHI: Chosen D3D11 Adapter Id = 0
[2016.08.19-06.04.30:456][  0]LogD3D11RHI: !Direct3DDevice
[2016.08.19-06.04.30:456][  0]LogRHI: Texture pool is 1361 MB (70% of 1945 MB)
[2016.08.19-06.04.30:475][  0]LogD3D11RHI: Async texture creation enabled
[2016.08.19-06.04.30:660][  0]LogShaderCompilers: Guid format shader working directory is -19 characters bigger than the processId version (../../../../../../Users/Vishal/Documents/Unreal Projects/MyProject/Intermediate/Shaders/WorkingDirectory/3184/).
[2016.08.19-06.04.30:661][  0]LogShaderCompilers: Cleaned the shader compiler working directory 'C:/Users/Vishal/AppData/Local/Temp/UnrealShaderWorkingDir/2CFD15374B43E2D635565BB2B2CB6EC1/'.
[2016.08.19-06.04.30:661][  0]LogShaderCompilers:Display: Using Local Shader Compiler.
[2016.08.19-06.04.39:746][  0]LogTemp:Display: Loaded TP AllDesktopTargetPlatform
[2016.08.19-06.04.39:787][  0]LogTemp:Display: Loaded TP WindowsClientTargetPlatform
[2016.08.19-06.04.39:827][  0]LogTemp:Display: Loaded TP WindowsNoEditorTargetPlatform
[2016.08.19-06.04.39:892][  0]LogTemp:Display: Loaded TP WindowsServerTargetPlatform
[2016.08.19-06.04.39:951][  0]LogTemp:Display: Loaded TP WindowsTargetPlatform
[2016.08.19-06.04.40:000][  0]LogTemp:Display: Loaded TP AndroidTargetPlatform
[2016.08.19-06.04.40:045][  0]LogTemp:Display: Loaded TP Android_ASTCTargetPlatform
[2016.08.19-06.04.40:097][  0]LogTemp:Display: Loaded TP Android_ATCTargetPlatform
[2016.08.19-06.04.40:151][  0]LogTemp:Display: Loaded TP Android_DXTTargetPlatform
[2016.08.19-06.04.40:209][  0]LogTemp:Display: Loaded TP Android_ETC1TargetPlatform
[2016.08.19-06.04.40:254][  0]LogTemp:Display: Loaded TP Android_ETC2TargetPlatform
[2016.08.19-06.04.40:365][  0]LogTemp:Display: Loaded TP Android_MultiTargetPlatform
[2016.08.19-06.04.40:365][  0]LogTemp:Display: Loaded TP Android_PVRTCTargetPlatform
[2016.08.19-06.04.40:407][  0]LogTemp:Display: Loaded TP HTML5TargetPlatform
[2016.08.19-06.04.40:627][  0]LogTemp:Display: Loaded TP IOSTargetPlatform
[2016.08.19-06.04.40:678][  0]LogTemp:Display: Loaded TP LinuxNoEditorTargetPlatform
[2016.08.19-06.04.40:736][  0]LogTemp:Display: Loaded TP LinuxServerTargetPlatform
[2016.08.19-06.04.40:819][  0]LogTemp:Display: Loaded TP LinuxTargetPlatform
[2016.08.19-06.04.40:819][  0]LogTargetPlatformManager:Display: Building Assets For Windows
[2016.08.19-06.04.42:787][  0]LogDerivedDataCache:Display: Max Cache Size: 512 MB
[2016.08.19-06.04.43:452][  0]LogDerivedDataCache: Loaded boot cache 0.62s 41MB C:/Users/Vishal/AppData/Local/UnrealEngine/4.10/DerivedDataCache/Boot.ddc.
[2016.08.19-06.04.43:452][  0]LogDerivedDataCache:Display: Loaded Boot cache: C:/Users/Vishal/AppData/Local/UnrealEngine/4.10/DerivedDataCache/Boot.ddc
[2016.08.19-06.04.43:452][  0]LogDerivedDataCache: FDerivedDataBackendGraph:  Pak pak cache file ../../../../../../Users/Vishal/Documents/Unreal Projects/MyProject/DerivedDataCache/DDC.ddp not found, will not use a pak cache.
[2016.08.19-06.04.43:452][  0]LogDerivedDataCache: Unable to find inner node Pak for hierarchical cache Hierarchy.
[2016.08.19-06.04.43:452][  0]LogDerivedDataCache: FDerivedDataBackendGraph:  CompressedPak pak cache file ../../../../../../Users/Vishal/Documents/Unreal Projects/MyProject/DerivedDataCache/Compressed.ddp not found, will not use a pak cache.
[2016.08.19-06.04.43:452][  0]LogDerivedDataCache: Unable to find inner node CompressedPak for hierarchical cache Hierarchy.
[2016.08.19-06.04.43:720][  0]LogDerivedDataCache:Display: Pak cache opened for reading ../../../Engine/DerivedDataCache/Compressed.ddp.
[2016.08.19-06.04.43:732][  0]LogDerivedDataCache: Using Local data cache path C:/Users/Vishal/AppData/Local/UnrealEngine/Common/DerivedDataCache: Writable
[2016.08.19-06.04.54:374][  0]LogInit: Selected Device Profile: [Windows]
[2016.08.19-06.04.54:437][  0]LogContentStreaming: Texture pool size is 0.000000MB
[2016.08.19-06.04.56:092][  0]LogMeshUtilities: No automatic mesh reduction module available
[2016.08.19-06.04.56:092][  0]LogMeshUtilities: No automatic mesh merging module available
[2016.08.19-06.04.59:410][  0]LogInit: WinSock: version 1.1 (2.2), MaxSocks=32767, MaxUdp=65467
[2016.08.19-06.05.16:198][  0]UdpMessaging: Initializing bridge on interface 0.0.0.0:0 to multicast group 230.0.0.1:6666.
[2016.08.19-06.05.17:775][  0]LogAssetRegistry: FAssetRegistry took 0.0116 seconds to start up
[2016.08.19-06.05.21:614][  0]SourceControl: Info Source control is disabled
[2016.08.19-06.05.21:615][  0]SourceControl: Info Source control is disabled
[2016.08.19-06.05.21:874][  0]SourceControl: Info Source control is disabled
[2016.08.19-06.05.22:129][  0]SourceControl: Info Source control is disabled
[2016.08.19-06.05.25:460][  0]LogObj: 28894 objects as part of root set at end of initial load.
[2016.08.19-06.05.25:460][  0]LogUObjectAllocator: 6143824 out of 0 bytes used by permanent object pool.
[2016.08.19-06.05.25:973][  0]LogEngine: Initializing Engine...
[2016.08.19-06.05.25:988][  0]LogHMD: Can't find Oculus library dev build: is proper Runtime installed? Version: 0.8.0.0
[2016.08.19-06.05.26:062][  0]LogHMD: SteamVR failed to initialize.  Err: 110
[2016.08.19-06.05.27:058][  0]LogAIModule: Creating AISystem for world NewWorld
[2016.08.19-06.05.27:244][  0]LogInit: XAudio2 using 'Speakers (High Definition Audio Device)' : 2 channels at 44.1 kHz using 16 bits per sample (channel mask 0x3)
[2016.08.19-06.05.27:272][  0]LogInit: FAudioDevice initialized.
[2016.08.19-06.05.27:297][  0]LogDerivedDataCache: Saved boot cache 0.02s 41MB C:/Users/Vishal/AppData/Local/UnrealEngine/4.10/DerivedDataCache/Boot.ddc.
[2016.08.19-06.05.27:303][  0]LogInit: Texture streaming: Enabled
[2016.08.19-06.05.28:149][  0]LogAnalytics: Creating configured Analytics provider AnalyticsET
[2016.08.19-06.05.28:149][  0]LogAnalytics: [UEEditor.Rocket.Release] APIServer = http://et2.epicgames.com/ET2/. AppVersion = 4.10.4-2872498+++depot+UE4-Releases+4.10
[2016.08.19-06.05.28:149][  0]LogAnalytics: [UEEditor.Rocket.Release] SetUserId 42581dee49f10cab728e808031ad0d6c|b3aa724033af48eb807787bc6a36fc12|7d3f72a1-08fb-45f7-99a2-cbbddc55c18e
[2016.08.19-06.05.28:149][  0]LogAnalytics: [UEEditor.Rocket.Release] AnalyticsET::StartSession
[2016.08.19-06.05.28:423][  0]LogInit: Transaction tracking system initialized
[2016.08.19-06.05.29:896][  0]BlueprintLog: New page: Editor Load
[2016.08.19-06.05.33:504][  0]LocalizationService: Info Localization service is disabled
[2016.08.19-06.05.35:020][  0]LogConsoleResponse:Display: 
[2016.08.19-06.05.38:194][  0]LogCook:Display: Done creating registry. It took  0.00s.
[2016.08.19-06.05.39:523][  0]LogFileCache: Scanning file cache for directory 'C:/Users/Vishal/Documents/Unreal Projects/MyProject/Content/' took 0.02s
[2016.08.19-06.05.40:012][  0]SourceControl: Info Source control is disabled
[2016.08.19-06.05.40:013][  0]Cmd: MAP LOAD FILE="../../../../../../Users/Vishal/Documents/Unreal Projects/MyProject/Content/Architecture.umap" TEMPLATE=0 SHOWPROGRESS=1 FEATURELEVEL=3
[2016.08.19-06.05.40:171][  0]LightingResults: New page: Lighting Build
[2016.08.19-06.05.40:248][  0]MapCheck: New page: Map Check
[2016.08.19-06.05.40:248][  0]LightingResults: New page: Lighting Build
[2016.08.19-06.05.40:531][  0]LogParticles: Destroying 0 GPU particle simulations for FXSystem 0x0000021A2E4EDC60
[2016.08.19-06.06.00:444][  0]LogAIModule: Creating AISystem for world Architecture
[2016.08.19-06.06.00:673][  0]LogPrimitiveComponent: Zero scaling not supported (/Game/Architecture.Architecture:PersistentLevel.Carpet2.StaticMeshComponent0)
[2016.08.19-06.06.00:677][  0]LogPrimitiveComponent: Zero scaling not supported (/Game/Architecture.Architecture:PersistentLevel.Carpet3.StaticMeshComponent0)
[2016.08.19-06.06.00:679][  0]LogPrimitiveComponent: Zero scaling not supported (/Game/Architecture.Architecture:PersistentLevel.Carpet.StaticMeshComponent0)
[2016.08.19-06.06.00:680][  0]LogPrimitiveComponent: Zero scaling not supported (/Game/Architecture.Architecture:PersistentLevel.TVImage.StaticMeshComponent0)
[2016.08.19-06.06.00:743][  0]LogEditorServer: Finished looking for orphan Actors (0.000 secs)
[2016.08.19-06.06.00:747][  0]Cmd: MAP CHECKDEP NOCLEARLOG
[2016.08.19-06.06.00:826][  0]MapCheck: Info Map check complete: 0 Error(s), 0 Warning(s), took 78.892ms to complete.
[2016.08.19-06.06.00:826][  0]LogFileHelpers: Loading map 'Architecture' took 20.813
[2016.08.19-06.06.01:664][  0]LogCollectionManager: Loaded 0 collections in 0.001699 seconds
[2016.08.19-06.06.01:719][  0]LogFileCache: Scanning file cache for directory 'C:/Users/Vishal/Documents/Unreal Projects/MyProject/Saved/Collections/' took 0.01s
[2016.08.19-06.06.01:719][  0]LogFileCache: Scanning file cache for directory 'C:/Users/Vishal/Documents/Unreal Projects/MyProject/Content/Developers/Vishal/Collections/' took 0.01s
[2016.08.19-06.06.01:719][  0]LogFileCache: Scanning file cache for directory 'C:/Users/Vishal/Documents/Unreal Projects/MyProject/Content/Collections/' took 0.01s
[2016.08.19-06.06.01:719][  0]LogCollectionManager: Rebuilt the GUID cache for 0 collections in 0.000004 seconds
[2016.08.19-06.06.01:728][  0]LogContentBrowser: Native class hierarchy populated in 0.0088 seconds. Added 1898 classes and 345 folders.
[2016.08.19-06.06.01:767][  0]LogContentBrowser: Native class hierarchy updated for 'WidgetCarousel' in 0.0004 seconds. Added 0 classes and 0 folders.
[2016.08.19-06.06.04:744][  0]LogContentBrowser: Native class hierarchy updated for 'AddContentDialog' in 0.0004 seconds. Added 0 classes and 0 folders.
[2016.08.19-06.06.04:847][  0]LogContentBrowser: Native class hierarchy updated for 'SceneOutliner' in 0.0004 seconds. Added 1 classes and 2 folders.
[2016.08.19-06.06.05:310][  0]LogCrashTracker: Crashtracker disabled due to settings.
[2016.08.19-06.06.05:334][  0]LogUObjectGlobals:Warning: Failed to find object 'Class None.'
[2016.08.19-06.06.05:396][  0]LogLoad: Full Startup: 106.62 seconds (BP compile: 0.36 seconds)
[2016.08.19-06.06.05:738][  0]LogOcInput: Can't find Oculus library dev build: is proper Runtime installed? Version: 0.8.0.0
[2016.08.19-06.06.06:207][  0]LogContentStreaming: Texture pool size now 1000 MB
[2016.08.19-06.06.06:650][  0]LogRenderer: Reallocating scene render targets to support 808x368 (Frame:2).
[2016.08.19-06.06.09:016][  7]LogAssetRegistry: Asset discovery search completed in 51.2534 seconds
[2016.08.19-06.06.09:017][  7]LogCollectionManager: Rebuilt the object cache for 0 collections in 0.000000 seconds (found 0 objects)
[2016.08.19-06.06.09:017][  7]LogCollectionManager: Fixed up redirectors for 0 collections in 0.000037 seconds (updated 0 objects)
[2016.08.19-06.11.25:568][660]LogLinker:Warning: Asset '../../../Engine/Content/ArtTools/RenderToTexture/Macros/RenderToTextureMacros.uasset' has been saved with empty engine version. The asset will be loaded but may be incompatible.
[2016.08.19-06.11.28:583][660]LogContentBrowser: Native class hierarchy updated for 'BlueprintGraph' in 0.0009 seconds. Added 107 classes and 0 folders.
[2016.08.19-06.47.53:028][642]LogFileHelpers: Editor autosave (incl. sublevels) for '/Game/Architecture' took 0.262
[2016.08.19-06.47.53:056][642]OBJ SavePackage: Generating thumbnails for [0] asset(s) in package [/Game/Blueprints/ExportButtonBlueprint] ([1] browsable assets)...
[2016.08.19-06.47.53:057][642]OBJ SavePackage: Finished generating thumbnails for package [/Game/Blueprints/ExportButtonBlueprint]
[2016.08.19-06.47.53:650][642]LogSavePackage: Save=282.801422ms
[2016.08.19-06.47.53:651][642]LogSavePackage: Moving '../../../../../../Users/Vishal/Documents/Unreal Projects/MyProject/Saved/ExportButtonBlueprint_Auto1CD4490BD49975149E125659396DC50DC.tmp' to '../../../../../../Users/Vishal/Documents/Unreal Projects/MyProject/Saved/Autosaves/Game/Blueprints/ExportButtonBlueprint_Auto1.uasset'
[2016.08.19-06.47.53:670][642]LogSavePackage: Total save time: 611.194212ms
[2016.08.19-06.47.53:670][642]LogSavePackage:Display: Finished SavePackage ../../../../../../Users/Vishal/Documents/Unreal Projects/MyProject/Saved/Autosaves/Game/Blueprints/ExportButtonBlueprint_Auto1.uasset
[2016.08.19-06.47.53:670][642]LogFileHelpers: Auto-saving content packages took 0.641
[2016.08.19-06.49.14:769][856]LogEditorTransaction: Undo Add Node
[2016.08.19-06.49.16:432][944]BlueprintLog: New page: Compile ExportButtonBlueprint
[2016.08.19-06.49.16:479][944]LogBlueprint:Error: [compiler ExportButtonBlueprint] Error Event Dispatcher pin is not connected  Bind Event to OnRequestComplete 
[2016.08.19-06.49.16:479][944]LogBlueprint:Error: [compiler ExportButtonBlueprint] Error Event Dispatcher pin is not connected  Bind Event to OnRequestFail 
[2016.08.19-06.49.17:206][944]LogBlueprint:Warning: [compiler ExportButtonBlueprint] Warning [2698.43] Compile of ExportButtonBlueprint failed. 2 Fatal Issue(s) 0 Warning(s) [in 774 ms]
[2016.08.19-06.49.17:213][944]BlueprintEditorCompileResults:Error: Error Event Dispatcher pin is not connected  Bind Event to OnRequestComplete 
[2016.08.19-06.49.17:213][944]BlueprintEditorCompileResults:Error: Error Event Dispatcher pin is not connected  Bind Event to OnRequestFail 
[2016.08.19-06.49.17:213][944]BlueprintEditorCompileResults:Warning: Warning [2698.43] Compile of ExportButtonBlueprint failed. 2 Fatal Issue(s) 0 Warning(s) [in 774 ms]
[2016.08.19-06.50.35:478][178]LogEditorTransaction: Undo Add Node
[2016.08.19-06.50.35:697][181]LogEditorTransaction: Undo Move Node
[2016.08.19-06.50.35:933][186]LogEditorTransaction: Undo Rename Node
[2016.08.19-06.50.36:318][199]LogEditorTransaction: Undo Add Node
[2016.08.19-06.52.38:253][871]BlueprintLog: New page: Compile ExportButtonBlueprint
[2016.08.19-06.52.38:298][871]LogBlueprint:Error: [compiler ExportButtonBlueprint] Error Event Dispatcher pin is not connected  Bind Event to OnRequestFail 
[2016.08.19-06.52.38:300][871]LogBlueprint:Error: [compiler ExportButtonBlueprint] Error Event Dispatcher pin is not connected  Bind Event to OnRequestComplete 
[2016.08.19-06.52.38:525][871]LogBlueprint:Warning: [compiler ExportButtonBlueprint] Warning [2899.74] Compile of ExportButtonBlueprint failed. 2 Fatal Issue(s) 0 Warning(s) [in 272 ms]
[2016.08.19-06.52.38:525][871]BlueprintEditorCompileResults:Error: Error Event Dispatcher pin is not connected  Bind Event to OnRequestFail 
[2016.08.19-06.52.38:525][871]BlueprintEditorCompileResults:Error: Error Event Dispatcher pin is not connected  Bind Event to OnRequestComplete 
[2016.08.19-06.52.38:525][871]BlueprintEditorCompileResults:Warning: Warning [2899.74] Compile of ExportButtonBlueprint failed. 2 Fatal Issue(s) 0 Warning(s) [in 272 ms]
[2016.08.19-06.53.41:945][825]BlueprintLog: New page: Compile ExportButtonBlueprint
[2016.08.19-06.53.42:144][825]BlueprintEditorCompileResults: Info [2963.36] Compile of ExportButtonBlueprint successful! [in 198 ms]
[2016.08.19-06.57.02:001][ 49]BlueprintLog: New page: Compile ExportButtonBlueprint
[2016.08.19-06.57.02:190][ 49]BlueprintEditorCompileResults: Info [3163.41] Compile of ExportButtonBlueprint successful! [in 189 ms]
[2016.08.19-06.57.04:645][193]LogBlueprintUserMessages: Early PlayInEditor Detection: Level '/Game/Architecture.Architecture:PersistentLevel' has LevelScriptBlueprint '/Game/Architecture.Architecture:PersistentLevel.Architecture' with GeneratedClass '/Game/Architecture.Architecture_C' with ClassGeneratedBy '/Game/Architecture.Architecture:PersistentLevel.Architecture'
[2016.08.19-06.57.04:645][193]LogPlayLevel: PlayLevel: No blueprints needed recompiling
[2016.08.19-06.57.04:684][193]PIE: New page: PIE session: Architecture (19-Aug-2016 5:57:04 pm)
[2016.08.19-06.57.04:695][193]LogPlayLevel: Creating play world package: /Game/UEDPIE_0_Architecture
[2016.08.19-06.57.04:798][193]LogPlayLevel: PIE: StaticDuplicateObject took: (0.102297s)
[2016.08.19-06.57.04:799][193]LogAIModule: Creating AISystem for world Architecture
[2016.08.19-06.57.04:800][193]LogPlayLevel: PIE: World Init took: (0.001592s)
[2016.08.19-06.57.04:800][193]LogPlayLevel: PIE: Created PIE world by copying editor world from /Game/Architecture.Architecture to /Game/UEDPIE_0_Architecture.Architecture (0.104588s)
[2016.08.19-06.57.04:910][193]LogInit: XAudio2 using 'Speakers (High Definition Audio Device)' : 2 channels at 44.1 kHz using 16 bits per sample (channel mask 0x3)
[2016.08.19-06.57.04:919][193]LogInit: FAudioDevice initialized.
[2016.08.19-06.57.05:387][193]LogWorld: Game class is 'FirstPersonGameMode_C'
[2016.08.19-06.57.05:399][193]LogPrimitiveComponent: Zero scaling not supported (/Game/UEDPIE_0_Architecture.Architecture:PersistentLevel.Carpet2.StaticMeshComponent0)
[2016.08.19-06.57.05:409][193]LogPrimitiveComponent: Zero scaling not supported (/Game/UEDPIE_0_Architecture.Architecture:PersistentLevel.Carpet3.StaticMeshComponent0)
[2016.08.19-06.57.05:411][193]LogPrimitiveComponent: Zero scaling not supported (/Game/UEDPIE_0_Architecture.Architecture:PersistentLevel.Carpet.StaticMeshComponent0)
[2016.08.19-06.57.05:416][193]LogPrimitiveComponent: Zero scaling not supported (/Game/UEDPIE_0_Architecture.Architecture:PersistentLevel.TVImage.StaticMeshComponent0)
[2016.08.19-06.57.05:430][193]LogWorld: Bringing World /Game/UEDPIE_0_Architecture.Architecture up for play (max tick rate 60) at 2016.08.19-12.27.05
[2016.08.19-06.57.05:430][193]LogActor:Warning: GameSession /Game/UEDPIE_0_Architecture.Architecture:PersistentLevel.GameSession_0 has natively added scene component(s), but none of them were set as the actor's RootComponent - picking one arbitrarily
[2016.08.19-06.57.05:453][193]LogActor:Warning: GameNetworkManager /Game/UEDPIE_0_Architecture.Architecture:PersistentLevel.GameNetworkManager_0 has natively added scene component(s), but none of them were set as the actor's RootComponent - picking one arbitrarily
[2016.08.19-06.57.05:584][193]LogWorld: Bringing up level for play took: 0.196456
[2016.08.19-06.57.06:114][193]PIE: Info Play in editor start time for /Game/UEDPIE_0_Architecture 2.094
[2016.08.19-06.57.06:115][193]LogBlueprintUserMessages: Late PlayInEditor Detection: Level '/Game/Architecture.Architecture:PersistentLevel' has LevelScriptBlueprint '/Game/Architecture.Architecture:PersistentLevel.Architecture' with GeneratedClass '/Game/Architecture.Architecture_C' with ClassGeneratedBy '/Game/Architecture.Architecture:PersistentLevel.Architecture'
[2016.08.19-06.57.10:130][296]LogBlueprintUserMessages: [ExportButtonBlueprint_C_1] {"rows":{"revitName":"ArchVizPOC","checktype":"1","WallDetails":{"rWall":[{"Wcolor":"223-16-21","Wuid":"BeanBag_Blueprint","Weid":"BeanBag_Blueprint"},{"Wcolor":"66-201-57","Wuid":"BeanBag2_Blueprint","Weid":"BeanBag2_Blueprint"}]}}}
[2016.08.19-06.57.10:215][296]LogOutputDevice:Warning: 

Script Stack:
ExportButtonBlueprint_C.ExecuteUbergraph_ExportButtonBlueprint

[2016.08.19-06.57.10:227][296]LogWindows:Error: Windows GetLastError: The operation completed successfully. (0)
[2016.08.19-06.57.18:314][296]LogCrashTracker: 


[2016.08.19-06.57.18:388][296]LogCrashTracker: 


[2016.08.19-06.57.18:388][296]LogWindows:Error: === Critical error: ===
Assertion failed: CanWriteObjectWithoutIdentifier() [File:D:\Program Files\Unreal Engine\4.10\Engine\Source\Runtime\Json\Public\Serialization\JsonWriter.h] [Line: 30] 





[2016.08.19-06.57.18:461][296]LogExit: Executing StaticShutdownAfterError
[2016.08.19-06.57.19:111][296]LogPhysics:Warning: PHYSX: ..\..\PhysX\src\NpScene.cpp (2946) 8 : PxScene::unlockWrite() called without matching call to PxScene::lockWrite(), behaviour will be undefined.
[2016.08.19-06.57.19:113][296]LogPhysics:Warning: PHYSX: ..\..\PhysX\src\NpScene.cpp (2946) 8 : PxScene::unlockWrite() called without matching call to PxScene::lockWrite(), behaviour will be undefined.
[2016.08.19-06.57.19:116][296]LogPhysics:Warning: PHYSX: ..\..\PhysX\src\NpScene.cpp (2946) 8 : PxScene::unlockWrite() called without matching call to PxScene::lockWrite(), behaviour will be undefined.
[2016.08.19-06.57.19:117][296]LogPhysics:Warning: PHYSX: ..\..\PhysX\src\NpScene.cpp (2946) 8 : PxScene::unlockWrite() called without matching call to PxScene::lockWrite(), behaviour will be undefined.
[2016.08.19-06.57.19:119][296]LogPhysics:Warning: PHYSX: ..\..\PhysX\src\NpScene.cpp (2946) 8 : PxScene::unlockWrite() called without matching call to PxScene::lockWrite(), behaviour will be undefined.
[2016.08.19-06.57.19:121][296]LogPhysics:Warning: PHYSX: ..\..\PhysX\src\NpScene.cpp (2946) 8 : PxScene::unlockWrite() called without matching call to PxScene::lockWrite(), behaviour will be undefined.
[2016.08.19-06.57.19:122][296]LogPhysics:Warning: PHYSX: ..\..\PhysX\src\NpScene.cpp (2946) 8 : PxScene::unlockWrite() called without matching call to PxScene::lockWrite(), behaviour will be undefined.
[2016.08.19-06.57.19:122][296]LogPhysics:Warning: PHYSX: ..\..\PhysX\src\NpScene.cpp (2946) 8 : PxScene::unlockWrite() called without matching call to PxScene::lockWrite(), behaviour will be undefined.
[2016.08.19-06.57.19:171][296]LogWindows: FPlatformMisc::RequestExit(1)
[2016.08.19-06.57.19:171][296]Log file closed, 08/19/16 12:27:19
