[2016.08.19-07.06.30:287][  0]Log file open, 08/19/16 12:36:30
[2016.08.19-07.06.30:287][  0]LogInit:Display: Running engine for game: MyProject
[2016.08.19-07.06.30:287][  0]LogPlatformFile: Not using cached read wrapper
[2016.08.19-07.06.30:287][  0]LogInit:Display: RandInit(17727566) SRandInit(17727566).
[2016.08.19-07.06.30:287][  0]LogTaskGraph: Started task graph with 4 named threads and 5 total threads.
[2016.08.19-07.06.30:287][  0]LogStats: Stats thread started at 0.070757
[2016.08.19-07.06.30:287][  0]LogInit: Version: 4.10.4-2872498+++depot+UE4-Releases+4.10
[2016.08.19-07.06.30:287][  0]LogInit: API Version: 2758231
[2016.08.19-07.06.30:287][  0]LogInit: Compiled (64-bit): Feb 18 2016 15:47:04
[2016.08.19-07.06.30:287][  0]LogInit: Compiled with Visual C++: 19.00.23026.00
[2016.08.19-07.06.30:287][  0]LogInit: Build Configuration: Development
[2016.08.19-07.06.30:287][  0]LogInit: Branch Name: ++depot+UE4-Releases+4.10
[2016.08.19-07.06.30:287][  0]LogInit: Command line:  
[2016.08.19-07.06.30:287][  0]LogInit: Base directory: C:/Program Files (x86)/Epic Games/4.10/Engine/Binaries/Win64/
[2016.08.19-07.06.30:287][  0]LogInit: Rocket: 1
[2016.08.19-07.06.30:300][  0]LogInit: Using libcurl 7.41.0
[2016.08.19-07.06.30:300][  0]LogInit:  - built for x86_64-pc-win32
[2016.08.19-07.06.30:300][  0]LogInit:  - supports SSL with WinSSL
[2016.08.19-07.06.30:300][  0]LogInit:  - other features:
[2016.08.19-07.06.30:300][  0]LogInit:      CURL_VERSION_SSL
[2016.08.19-07.06.30:300][  0]LogInit:      CURL_VERSION_IPV6
[2016.08.19-07.06.30:300][  0]LogInit:      CURL_VERSION_ASYNCHDNS
[2016.08.19-07.06.30:300][  0]LogInit:      CURL_VERSION_LARGEFILE
[2016.08.19-07.06.30:300][  0]LogInit:      CURL_VERSION_IDN
[2016.08.19-07.06.30:300][  0]LogInit:  CurlRequestOptions (configurable via config and command line):
[2016.08.19-07.06.30:300][  0]LogInit:  - bVerifyPeer = true  - Libcurl will verify peer certificate
[2016.08.19-07.06.30:300][  0]LogInit:  - bUseHttpProxy = false  - Libcurl will NOT use HTTP proxy
[2016.08.19-07.06.30:300][  0]LogInit:  - bDontReuseConnections = false  - Libcurl will reuse connections
[2016.08.19-07.06.30:300][  0]LogInit:  - CertBundlePath = nullptr  - Libcurl will use whatever was configured at build time.
[2016.08.19-07.06.30:311][  0]LogInit: Presizing for 0 objects not considered by GC, pre-allocating 0 bytes.
[2016.08.19-07.06.30:320][  0]LogInit: Object subsystem initialized
[2016.08.19-07.06.30:321][  0]LogInit: Selected Device Profile: [Windows]
[2016.08.19-07.06.30:321][  0]LogInit: Applying CVar settings loaded from the selected device profile: [Windows]
[2016.08.19-07.06.30:356][  0]LogInit: Computer: VISHAL-PC
[2016.08.19-07.06.30:356][  0]LogInit: User: Vishal
[2016.08.19-07.06.30:356][  0]LogInit: CPU Page size=4096, Cores=2
[2016.08.19-07.06.30:356][  0]LogInit: High frequency timer resolution =2.240908 MHz
[2016.08.19-07.06.30:357][  0]LogMemory: Memory total: Physical=7.9GB (8GB approx)
[2016.08.19-07.06.30:357][  0]LogMemory: Platform Memory Stats for Windows
[2016.08.19-07.06.30:357][  0]LogMemory: Process Physical Memory: 61.63 MB used, 61.63 MB peak
[2016.08.19-07.06.30:357][  0]LogMemory: Process Virtual Memory: 61.14 MB used, 61.14 MB peak
[2016.08.19-07.06.30:357][  0]LogMemory: Physical Memory: 3689.80 MB used, 8075.38 MB total
[2016.08.19-07.06.30:357][  0]LogMemory: Virtual Memory: 385.50 MB used, 134217728.00 MB total
[2016.08.19-07.06.30:440][  0]LogTextLocalizationManager: No specific translations for ('en-IN') exist, so ('en') translations will be used.
[2016.08.19-07.06.31:071][  0]LogD3D11RHI: Found D3D11 adapter 0: NVIDIA GeForce 820M              (Feature Level 11_0)
[2016.08.19-07.06.31:071][  0]LogD3D11RHI: Adapter has 1999MB of dedicated video memory, 0MB of dedicated system memory, and 4037MB of shared system memory, 1 output[s]
[2016.08.19-07.06.31:089][  0]LogD3D11RHI: Found D3D11 adapter 1: Intel(R) HD Graphics Family (Feature Level 11_0)
[2016.08.19-07.06.31:089][  0]LogD3D11RHI: Adapter has 112MB of dedicated video memory, 0MB of dedicated system memory, and 2048MB of shared system memory, 0 output[s]
[2016.08.19-07.06.31:092][  0]LogD3D11RHI: Found D3D11 adapter 2: Microsoft Basic Render Driver (Feature Level 11_0)
[2016.08.19-07.06.31:092][  0]LogD3D11RHI: Adapter has 0MB of dedicated video memory, 0MB of dedicated system memory, and 4037MB of shared system memory, 0 output[s]
[2016.08.19-07.06.31:092][  0]LogD3D11RHI: Chosen D3D11 Adapter Id = 0
[2016.08.19-07.06.31:099][  0]LogD3D11RHI: !Direct3DDevice
[2016.08.19-07.06.31:099][  0]LogRHI: Texture pool is 1361 MB (70% of 1945 MB)
[2016.08.19-07.06.31:120][  0]LogD3D11RHI: Async texture creation enabled
[2016.08.19-07.06.31:136][  0]LogShaderCompilers: Guid format shader working directory is -19 characters bigger than the processId version (../../../../../../Users/Vishal/Documents/Unreal Projects/MyProject/Intermediate/Shaders/WorkingDirectory/6776/).
[2016.08.19-07.06.31:136][  0]LogShaderCompilers: Cleaned the shader compiler working directory 'C:/Users/Vishal/AppData/Local/Temp/UnrealShaderWorkingDir/701917AF4E2EB9661711CFAAF6977BCC/'.
[2016.08.19-07.06.31:136][  0]LogShaderCompilers:Display: Using Local Shader Compiler.
[2016.08.19-07.06.32:341][  0]LogTemp:Display: Loaded TP AllDesktopTargetPlatform
[2016.08.19-07.06.32:349][  0]LogTemp:Display: Loaded TP WindowsClientTargetPlatform
[2016.08.19-07.06.32:355][  0]LogTemp:Display: Loaded TP WindowsNoEditorTargetPlatform
[2016.08.19-07.06.32:363][  0]LogTemp:Display: Loaded TP WindowsServerTargetPlatform
[2016.08.19-07.06.32:370][  0]LogTemp:Display: Loaded TP WindowsTargetPlatform
[2016.08.19-07.06.32:375][  0]LogTemp:Display: Loaded TP AndroidTargetPlatform
[2016.08.19-07.06.32:381][  0]LogTemp:Display: Loaded TP Android_ASTCTargetPlatform
[2016.08.19-07.06.32:386][  0]LogTemp:Display: Loaded TP Android_ATCTargetPlatform
[2016.08.19-07.06.32:392][  0]LogTemp:Display: Loaded TP Android_DXTTargetPlatform
[2016.08.19-07.06.32:398][  0]LogTemp:Display: Loaded TP Android_ETC1TargetPlatform
[2016.08.19-07.06.32:404][  0]LogTemp:Display: Loaded TP Android_ETC2TargetPlatform
[2016.08.19-07.06.32:415][  0]LogTemp:Display: Loaded TP Android_MultiTargetPlatform
[2016.08.19-07.06.32:415][  0]LogTemp:Display: Loaded TP Android_PVRTCTargetPlatform
[2016.08.19-07.06.32:418][  0]LogTemp:Display: Loaded TP HTML5TargetPlatform
[2016.08.19-07.06.32:442][  0]LogTemp:Display: Loaded TP IOSTargetPlatform
[2016.08.19-07.06.32:448][  0]LogTemp:Display: Loaded TP LinuxNoEditorTargetPlatform
[2016.08.19-07.06.32:454][  0]LogTemp:Display: Loaded TP LinuxServerTargetPlatform
[2016.08.19-07.06.32:460][  0]LogTemp:Display: Loaded TP LinuxTargetPlatform
[2016.08.19-07.06.32:460][  0]LogTargetPlatformManager:Display: Building Assets For Windows
[2016.08.19-07.06.32:577][  0]LogDerivedDataCache:Display: Max Cache Size: 512 MB
[2016.08.19-07.06.32:644][  0]LogDerivedDataCache: Loaded boot cache 0.07s 41MB C:/Users/Vishal/AppData/Local/UnrealEngine/4.10/DerivedDataCache/Boot.ddc.
[2016.08.19-07.06.32:644][  0]LogDerivedDataCache:Display: Loaded Boot cache: C:/Users/Vishal/AppData/Local/UnrealEngine/4.10/DerivedDataCache/Boot.ddc
[2016.08.19-07.06.32:644][  0]LogDerivedDataCache: FDerivedDataBackendGraph:  Pak pak cache file ../../../../../../Users/Vishal/Documents/Unreal Projects/MyProject/DerivedDataCache/DDC.ddp not found, will not use a pak cache.
[2016.08.19-07.06.32:644][  0]LogDerivedDataCache: Unable to find inner node Pak for hierarchical cache Hierarchy.
[2016.08.19-07.06.32:645][  0]LogDerivedDataCache: FDerivedDataBackendGraph:  CompressedPak pak cache file ../../../../../../Users/Vishal/Documents/Unreal Projects/MyProject/DerivedDataCache/Compressed.ddp not found, will not use a pak cache.
[2016.08.19-07.06.32:645][  0]LogDerivedDataCache: Unable to find inner node CompressedPak for hierarchical cache Hierarchy.
[2016.08.19-07.06.32:714][  0]LogDerivedDataCache:Display: Pak cache opened for reading ../../../Engine/DerivedDataCache/Compressed.ddp.
[2016.08.19-07.06.32:726][  0]LogDerivedDataCache: Using Local data cache path C:/Users/Vishal/AppData/Local/UnrealEngine/Common/DerivedDataCache: Writable
[2016.08.19-07.06.32:949][  0]LogInit: Selected Device Profile: [Windows]
[2016.08.19-07.06.32:952][  0]LogContentStreaming: Texture pool size is 0.000000MB
[2016.08.19-07.06.33:088][  0]LogMeshUtilities: No automatic mesh reduction module available
[2016.08.19-07.06.33:089][  0]LogMeshUtilities: No automatic mesh merging module available
[2016.08.19-07.06.33:365][  0]LogInit: WinSock: version 1.1 (2.2), MaxSocks=32767, MaxUdp=65467
[2016.08.19-07.06.34:279][  0]UdpMessaging: Initializing bridge on interface 0.0.0.0:0 to multicast group 230.0.0.1:6666.
[2016.08.19-07.06.34:401][  0]LogAssetRegistry: FAssetRegistry took 0.0117 seconds to start up
[2016.08.19-07.06.34:619][  0]SourceControl: Info Source control is disabled
[2016.08.19-07.06.34:620][  0]SourceControl: Info Source control is disabled
[2016.08.19-07.06.34:638][  0]SourceControl: Info Source control is disabled
[2016.08.19-07.06.34:654][  0]SourceControl: Info Source control is disabled
[2016.08.19-07.06.34:960][  0]LogObj: 28894 objects as part of root set at end of initial load.
[2016.08.19-07.06.34:960][  0]LogUObjectAllocator: 6143824 out of 0 bytes used by permanent object pool.
[2016.08.19-07.06.35:030][  0]LogEngine: Initializing Engine...
[2016.08.19-07.06.35:033][  0]LogHMD: Can't find Oculus library dev build: is proper Runtime installed? Version: 0.8.0.0
[2016.08.19-07.06.35:036][  0]LogHMD: SteamVR failed to initialize.  Err: 110
[2016.08.19-07.06.35:200][  0]LogAIModule: Creating AISystem for world NewWorld
[2016.08.19-07.06.35:212][  0]LogInit: XAudio2 using 'Speakers (High Definition Audio Device)' : 2 channels at 44.1 kHz using 16 bits per sample (channel mask 0x3)
[2016.08.19-07.06.35:240][  0]LogInit: FAudioDevice initialized.
[2016.08.19-07.06.35:269][  0]LogDerivedDataCache: Saved boot cache 0.03s 41MB C:/Users/Vishal/AppData/Local/UnrealEngine/4.10/DerivedDataCache/Boot.ddc.
[2016.08.19-07.06.35:276][  0]LogInit: Texture streaming: Enabled
[2016.08.19-07.06.35:286][  0]LogAnalytics: Creating configured Analytics provider AnalyticsET
[2016.08.19-07.06.35:286][  0]LogAnalytics: [UEEditor.Rocket.Release] APIServer = http://et2.epicgames.com/ET2/. AppVersion = 4.10.4-2872498+++depot+UE4-Releases+4.10
[2016.08.19-07.06.35:286][  0]LogAnalytics: [UEEditor.Rocket.Release] SetUserId 42581dee49f10cab728e808031ad0d6c|b3aa724033af48eb807787bc6a36fc12|7d3f72a1-08fb-45f7-99a2-cbbddc55c18e
[2016.08.19-07.06.35:286][  0]LogAnalytics: [UEEditor.Rocket.Release] AnalyticsET::StartSession
[2016.08.19-07.06.35:299][  0]LogInit: Transaction tracking system initialized
[2016.08.19-07.06.35:347][  0]BlueprintLog: New page: Editor Load
[2016.08.19-07.06.35:475][  0]LocalizationService: Info Localization service is disabled
[2016.08.19-07.06.35:581][  0]LogConsoleResponse:Display: 
[2016.08.19-07.06.35:721][  0]LogCook:Display: Done creating registry. It took  0.00s.
[2016.08.19-07.06.35:811][  0]LogFileCache: Scanning file cache for directory 'C:/Users/Vishal/Documents/Unreal Projects/MyProject/Content/' took 0.02s
[2016.08.19-07.06.35:811][  0]SourceControl: Info Source control is disabled
[2016.08.19-07.06.35:811][  0]Cmd: MAP LOAD FILE="../../../../../../Users/Vishal/Documents/Unreal Projects/MyProject/Content/Architecture.umap" TEMPLATE=0 SHOWPROGRESS=1 FEATURELEVEL=3
[2016.08.19-07.06.35:811][  0]LightingResults: New page: Lighting Build
[2016.08.19-07.06.35:815][  0]MapCheck: New page: Map Check
[2016.08.19-07.06.35:815][  0]LightingResults: New page: Lighting Build
[2016.08.19-07.06.35:838][  0]LogParticles: Destroying 0 GPU particle simulations for FXSystem 0x00000265EFCC1C60
[2016.08.19-07.06.37:758][  0]LogAIModule: Creating AISystem for world Architecture
[2016.08.19-07.06.37:770][  0]LogPrimitiveComponent: Zero scaling not supported (/Game/Architecture.Architecture:PersistentLevel.Carpet2.StaticMeshComponent0)
[2016.08.19-07.06.37:774][  0]LogPrimitiveComponent: Zero scaling not supported (/Game/Architecture.Architecture:PersistentLevel.Carpet3.StaticMeshComponent0)
[2016.08.19-07.06.37:775][  0]LogPrimitiveComponent: Zero scaling not supported (/Game/Architecture.Architecture:PersistentLevel.Carpet.StaticMeshComponent0)
[2016.08.19-07.06.37:778][  0]LogPrimitiveComponent: Zero scaling not supported (/Game/Architecture.Architecture:PersistentLevel.TVImage.StaticMeshComponent0)
[2016.08.19-07.06.37:792][  0]LogEditorServer: Finished looking for orphan Actors (0.000 secs)
[2016.08.19-07.06.37:793][  0]Cmd: MAP CHECKDEP NOCLEARLOG
[2016.08.19-07.06.37:877][  0]MapCheck: Info Map check complete: 0 Error(s), 0 Warning(s), took 84.502ms to complete.
[2016.08.19-07.06.37:877][  0]LogFileHelpers: Loading map 'Architecture' took 2.067
[2016.08.19-07.06.37:996][  0]LogCollectionManager: Loaded 0 collections in 0.002030 seconds
[2016.08.19-07.06.38:035][  0]LogFileCache: Scanning file cache for directory 'C:/Users/Vishal/Documents/Unreal Projects/MyProject/Saved/Collections/' took 0.01s
[2016.08.19-07.06.38:035][  0]LogFileCache: Scanning file cache for directory 'C:/Users/Vishal/Documents/Unreal Projects/MyProject/Content/Developers/Vishal/Collections/' took 0.01s
[2016.08.19-07.06.38:035][  0]LogFileCache: Scanning file cache for directory 'C:/Users/Vishal/Documents/Unreal Projects/MyProject/Content/Collections/' took 0.01s
[2016.08.19-07.06.38:035][  0]LogCollectionManager: Rebuilt the GUID cache for 0 collections in 0.000002 seconds
[2016.08.19-07.06.38:044][  0]LogContentBrowser: Native class hierarchy populated in 0.0088 seconds. Added 1898 classes and 345 folders.
[2016.08.19-07.06.38:050][  0]LogContentBrowser: Native class hierarchy updated for 'WidgetCarousel' in 0.0004 seconds. Added 0 classes and 0 folders.
[2016.08.19-07.06.38:107][  0]LogContentBrowser: Native class hierarchy updated for 'AddContentDialog' in 0.0004 seconds. Added 0 classes and 0 folders.
[2016.08.19-07.06.38:119][  0]LogContentBrowser: Native class hierarchy updated for 'SceneOutliner' in 0.0004 seconds. Added 1 classes and 2 folders.
[2016.08.19-07.06.38:183][  0]LogCrashTracker: Crashtracker disabled due to settings.
[2016.08.19-07.06.38:188][  0]LogUObjectGlobals:Warning: Failed to find object 'Class None.'
[2016.08.19-07.06.38:210][  0]LogLoad: Full Startup: 8.47 seconds (BP compile: 0.21 seconds)
[2016.08.19-07.06.38:227][  0]LogWindowsTextInputMethodSystem:Display: IME system now deactivated.
[2016.08.19-07.06.38:233][  0]LogOcInput: Can't find Oculus library dev build: is proper Runtime installed? Version: 0.8.0.0
[2016.08.19-07.06.38:309][  0]LogContentStreaming: Texture pool size now 1000 MB
[2016.08.19-07.06.38:467][  0]LogRenderer: Reallocating scene render targets to support 808x368 (Frame:2).
[2016.08.19-07.06.39:201][  6]LogAssetRegistry: Asset discovery search completed in 4.8108 seconds
[2016.08.19-07.06.39:201][  6]LogCollectionManager: Rebuilt the object cache for 0 collections in 0.000001 seconds (found 0 objects)
[2016.08.19-07.06.39:201][  6]LogCollectionManager: Fixed up redirectors for 0 collections in 0.000034 seconds (updated 0 objects)
[2016.08.19-07.06.45:580][325]LogLinker:Warning: Asset '../../../Engine/Content/ArtTools/RenderToTexture/Macros/RenderToTextureMacros.uasset' has been saved with empty engine version. The asset will be loaded but may be incompatible.
[2016.08.19-07.06.46:055][325]LogContentBrowser: Native class hierarchy updated for 'BlueprintGraph' in 0.0009 seconds. Added 107 classes and 0 folders.
[2016.08.19-07.12.47:978][779]LogEditorTransaction: Undo Promote To Variable
[2016.08.19-07.13.19:597][637]Cmd: OBJ SAVEPACKAGE PACKAGE="/Game/Blueprints/ExportButtonBlueprint" FILE="../../../../../../Users/Vishal/Documents/Unreal Projects/MyProject/Content/Blueprints/ExportButtonBlueprint.uasset" SILENT=true
[2016.08.19-07.13.19:791][637]LogSavePackage: Save=167.833755ms
[2016.08.19-07.13.19:792][637]LogSavePackage: Moving '../../../../../../Users/Vishal/Documents/Unreal Projects/MyProject/Saved/ExportButtonBlueprintCE9CE6C8411ACAA39953DA8306FB1E22.tmp' to '../../../../../../Users/Vishal/Documents/Unreal Projects/MyProject/Content/Blueprints/ExportButtonBlueprint.uasset'
[2016.08.19-07.13.19:800][637]LogSavePackage: Total save time: 199.193362ms
[2016.08.19-07.13.19:800][637]LogSavePackage:Display: Finished SavePackage ../../../../../../Users/Vishal/Documents/Unreal Projects/MyProject/Content/Blueprints/ExportButtonBlueprint.uasset
[2016.08.19-07.15.46:731][260]BlueprintLog: New page: Compile ExportButtonBlueprint
[2016.08.19-07.15.47:092][260]BlueprintEditorCompileResults: Info [0557.35] Compile of ExportButtonBlueprint successful! [in 361 ms]
[2016.08.19-07.15.47:561][281]Cmd: OBJ SAVEPACKAGE PACKAGE="/Game/Blueprints/ExportButtonBlueprint" FILE="../../../../../../Users/Vishal/Documents/Unreal Projects/MyProject/Content/Blueprints/ExportButtonBlueprint.uasset" SILENT=true
[2016.08.19-07.15.47:755][281]LogSavePackage: Save=182.010590ms
[2016.08.19-07.15.47:756][281]LogSavePackage: Moving '../../../../../../Users/Vishal/Documents/Unreal Projects/MyProject/Saved/ExportButtonBlueprint4EBA00FC44B650288E92DBB61F339A13.tmp' to '../../../../../../Users/Vishal/Documents/Unreal Projects/MyProject/Content/Blueprints/ExportButtonBlueprint.uasset'
[2016.08.19-07.15.47:760][281]LogSavePackage: Total save time: 197.037093ms
[2016.08.19-07.15.47:760][281]LogSavePackage:Display: Finished SavePackage ../../../../../../Users/Vishal/Documents/Unreal Projects/MyProject/Content/Blueprints/ExportButtonBlueprint.uasset
[2016.08.19-07.15.49:962][411]LogBlueprintUserMessages: Early PlayInEditor Detection: Level '/Game/Architecture.Architecture:PersistentLevel' has LevelScriptBlueprint '/Game/Architecture.Architecture:PersistentLevel.Architecture' with GeneratedClass '/Game/Architecture.Architecture_C' with ClassGeneratedBy '/Game/Architecture.Architecture:PersistentLevel.Architecture'
[2016.08.19-07.15.49:962][411]LogPlayLevel: PlayLevel: No blueprints needed recompiling
[2016.08.19-07.15.49:963][411]PIE: New page: PIE session: Architecture (19-Aug-2016 6:15:49 pm)
[2016.08.19-07.15.49:963][411]LogPlayLevel: Creating play world package: /Game/UEDPIE_0_Architecture
[2016.08.19-07.15.49:998][411]LogPlayLevel: PIE: StaticDuplicateObject took: (0.035676s)
[2016.08.19-07.15.49:999][411]LogAIModule: Creating AISystem for world Architecture
[2016.08.19-07.15.49:999][411]LogPlayLevel: PIE: World Init took: (0.000885s)
[2016.08.19-07.15.50:000][411]LogPlayLevel: PIE: Created PIE world by copying editor world from /Game/Architecture.Architecture to /Game/UEDPIE_0_Architecture.Architecture (0.036977s)
[2016.08.19-07.15.50:059][411]LogInit: XAudio2 using 'Speakers (High Definition Audio Device)' : 2 channels at 44.1 kHz using 16 bits per sample (channel mask 0x3)
[2016.08.19-07.15.50:069][411]LogInit: FAudioDevice initialized.
[2016.08.19-07.15.50:207][411]LogWorld: Game class is 'FirstPersonGameMode_C'
[2016.08.19-07.15.50:216][411]LogPrimitiveComponent: Zero scaling not supported (/Game/UEDPIE_0_Architecture.Architecture:PersistentLevel.Carpet2.StaticMeshComponent0)
[2016.08.19-07.15.50:225][411]LogPrimitiveComponent: Zero scaling not supported (/Game/UEDPIE_0_Architecture.Architecture:PersistentLevel.Carpet3.StaticMeshComponent0)
[2016.08.19-07.15.50:227][411]LogPrimitiveComponent: Zero scaling not supported (/Game/UEDPIE_0_Architecture.Architecture:PersistentLevel.Carpet.StaticMeshComponent0)
[2016.08.19-07.15.50:230][411]LogPrimitiveComponent: Zero scaling not supported (/Game/UEDPIE_0_Architecture.Architecture:PersistentLevel.TVImage.StaticMeshComponent0)
[2016.08.19-07.15.50:234][411]LogWorld: Bringing World /Game/UEDPIE_0_Architecture.Architecture up for play (max tick rate 60) at 2016.08.19-12.45.50
[2016.08.19-07.15.50:235][411]LogActor:Warning: GameSession /Game/UEDPIE_0_Architecture.Architecture:PersistentLevel.GameSession_0 has natively added scene component(s), but none of them were set as the actor's RootComponent - picking one arbitrarily
[2016.08.19-07.15.50:235][411]LogActor:Warning: GameNetworkManager /Game/UEDPIE_0_Architecture.Architecture:PersistentLevel.GameNetworkManager_0 has natively added scene component(s), but none of them were set as the actor's RootComponent - picking one arbitrarily
[2016.08.19-07.15.50:236][411]LogWorld: Bringing up level for play took: 0.028434
[2016.08.19-07.15.50:245][411]PIE: Info Play in editor start time for /Game/UEDPIE_0_Architecture 0.225
[2016.08.19-07.15.50:245][411]LogBlueprintUserMessages: Late PlayInEditor Detection: Level '/Game/Architecture.Architecture:PersistentLevel' has LevelScriptBlueprint '/Game/Architecture.Architecture:PersistentLevel.Architecture' with GeneratedClass '/Game/Architecture.Architecture_C' with ClassGeneratedBy '/Game/Architecture.Architecture:PersistentLevel.Architecture'
[2016.08.19-07.15.51:357][438]LogBlueprintUserMessages: [ExportButtonBlueprint_C_1] {"rows":{"revitName":"ArchVizPOC","checktype":"1","WallDetails":{"rWall":[{"Wcolor":"223-16-21","Wuid":"BeanBag_Blueprint","Weid":"BeanBag_Blueprint"},{"Wcolor":"66-201-57","Wuid":"BeanBag2_Blueprint","Weid":"BeanBag2_Blueprint"}]}}}
[2016.08.19-07.15.51:358][438]LogOutputDevice:Warning: 

Script Stack:
ExportButtonBlueprint_C.ExecuteUbergraph_ExportButtonBlueprint

[2016.08.19-07.15.51:358][438]LogWindows:Error: Windows GetLastError: The operation completed successfully. (0)
[2016.08.19-07.15.51:744][438]LogCrashTracker: 


[2016.08.19-07.15.51:744][438]LogCrashTracker: 


[2016.08.19-07.15.51:744][438]LogWindows:Error: === Critical error: ===
Assertion failed: CanWriteObjectWithoutIdentifier() [File:D:\Program Files\Unreal Engine\4.10\Engine\Source\Runtime\Json\Public\Serialization\JsonWriter.h] [Line: 30] 





[2016.08.19-07.15.51:846][438]LogExit: Executing StaticShutdownAfterError
[2016.08.19-07.15.51:862][438]LogPhysics:Warning: PHYSX: ..\..\PhysX\src\NpScene.cpp (2946) 8 : PxScene::unlockWrite() called without matching call to PxScene::lockWrite(), behaviour will be undefined.
[2016.08.19-07.15.51:862][438]LogPhysics:Warning: PHYSX: ..\..\PhysX\src\NpScene.cpp (2946) 8 : PxScene::unlockWrite() called without matching call to PxScene::lockWrite(), behaviour will be undefined.
[2016.08.19-07.15.51:862][438]LogPhysics:Warning: PHYSX: ..\..\PhysX\src\NpScene.cpp (2946) 8 : PxScene::unlockWrite() called without matching call to PxScene::lockWrite(), behaviour will be undefined.
[2016.08.19-07.15.51:862][438]LogPhysics:Warning: PHYSX: ..\..\PhysX\src\NpScene.cpp (2946) 8 : PxScene::unlockWrite() called without matching call to PxScene::lockWrite(), behaviour will be undefined.
[2016.08.19-07.15.51:863][438]LogPhysics:Warning: PHYSX: ..\..\PhysX\src\NpScene.cpp (2946) 8 : PxScene::unlockWrite() called without matching call to PxScene::lockWrite(), behaviour will be undefined.
[2016.08.19-07.15.51:863][438]LogPhysics:Warning: PHYSX: ..\..\PhysX\src\NpScene.cpp (2946) 8 : PxScene::unlockWrite() called without matching call to PxScene::lockWrite(), behaviour will be undefined.
[2016.08.19-07.15.51:863][438]LogPhysics:Warning: PHYSX: ..\..\PhysX\src\NpScene.cpp (2946) 8 : PxScene::unlockWrite() called without matching call to PxScene::lockWrite(), behaviour will be undefined.
[2016.08.19-07.15.51:863][438]LogPhysics:Warning: PHYSX: ..\..\PhysX\src\NpScene.cpp (2946) 8 : PxScene::unlockWrite() called without matching call to PxScene::lockWrite(), behaviour will be undefined.
[2016.08.19-07.15.51:863][438]LogWindows: FPlatformMisc::RequestExit(1)
[2016.08.19-07.15.51:863][438]Log file closed, 08/19/16 12:45:51
