[2016.08.19-06.57.30:430][  0]Log file open, 08/19/16 12:27:30
[2016.08.19-06.57.30:430][  0]LogInit:Display: Running engine for game: MyProject
[2016.08.19-06.57.30:430][  0]LogPlatformFile: Not using cached read wrapper
[2016.08.19-06.57.30:430][  0]LogInit:Display: RandInit(-1192038406) SRandInit(-1192038405).
[2016.08.19-06.57.30:430][  0]LogTaskGraph: Started task graph with 4 named threads and 5 total threads.
[2016.08.19-06.57.30:430][  0]LogStats: Stats thread started at 0.071826
[2016.08.19-06.57.30:430][  0]LogInit: Version: 4.10.4-2872498+++depot+UE4-Releases+4.10
[2016.08.19-06.57.30:430][  0]LogInit: API Version: 2758231
[2016.08.19-06.57.30:430][  0]LogInit: Compiled (64-bit): Feb 18 2016 15:47:04
[2016.08.19-06.57.30:430][  0]LogInit: Compiled with Visual C++: 19.00.23026.00
[2016.08.19-06.57.30:430][  0]LogInit: Build Configuration: Development
[2016.08.19-06.57.30:430][  0]LogInit: Branch Name: ++depot+UE4-Releases+4.10
[2016.08.19-06.57.30:430][  0]LogInit: Command line:  
[2016.08.19-06.57.30:430][  0]LogInit: Base directory: C:/Program Files (x86)/Epic Games/4.10/Engine/Binaries/Win64/
[2016.08.19-06.57.30:430][  0]LogInit: Rocket: 1
[2016.08.19-06.57.30:447][  0]LogInit: Using libcurl 7.41.0
[2016.08.19-06.57.30:447][  0]LogInit:  - built for x86_64-pc-win32
[2016.08.19-06.57.30:447][  0]LogInit:  - supports SSL with WinSSL
[2016.08.19-06.57.30:447][  0]LogInit:  - other features:
[2016.08.19-06.57.30:447][  0]LogInit:      CURL_VERSION_SSL
[2016.08.19-06.57.30:447][  0]LogInit:      CURL_VERSION_IPV6
[2016.08.19-06.57.30:447][  0]LogInit:      CURL_VERSION_ASYNCHDNS
[2016.08.19-06.57.30:447][  0]LogInit:      CURL_VERSION_LARGEFILE
[2016.08.19-06.57.30:447][  0]LogInit:      CURL_VERSION_IDN
[2016.08.19-06.57.30:447][  0]LogInit:  CurlRequestOptions (configurable via config and command line):
[2016.08.19-06.57.30:447][  0]LogInit:  - bVerifyPeer = true  - Libcurl will verify peer certificate
[2016.08.19-06.57.30:447][  0]LogInit:  - bUseHttpProxy = false  - Libcurl will NOT use HTTP proxy
[2016.08.19-06.57.30:447][  0]LogInit:  - bDontReuseConnections = false  - Libcurl will reuse connections
[2016.08.19-06.57.30:447][  0]LogInit:  - CertBundlePath = nullptr  - Libcurl will use whatever was configured at build time.
[2016.08.19-06.57.30:469][  0]LogInit: Presizing for 0 objects not considered by GC, pre-allocating 0 bytes.
[2016.08.19-06.57.30:476][  0]LogInit: Object subsystem initialized
[2016.08.19-06.57.30:477][  0]LogInit: Selected Device Profile: [Windows]
[2016.08.19-06.57.30:477][  0]LogInit: Applying CVar settings loaded from the selected device profile: [Windows]
[2016.08.19-06.57.30:504][  0]LogInit: Computer: VISHAL-PC
[2016.08.19-06.57.30:504][  0]LogInit: User: Vishal
[2016.08.19-06.57.30:504][  0]LogInit: CPU Page size=4096, Cores=2
[2016.08.19-06.57.30:504][  0]LogInit: High frequency timer resolution =2.240908 MHz
[2016.08.19-06.57.30:504][  0]LogMemory: Memory total: Physical=7.9GB (8GB approx)
[2016.08.19-06.57.30:504][  0]LogMemory: Platform Memory Stats for Windows
[2016.08.19-06.57.30:504][  0]LogMemory: Process Physical Memory: 59.80 MB used, 59.80 MB peak
[2016.08.19-06.57.30:504][  0]LogMemory: Process Virtual Memory: 58.73 MB used, 58.73 MB peak
[2016.08.19-06.57.30:504][  0]LogMemory: Physical Memory: 3810.05 MB used, 8075.38 MB total
[2016.08.19-06.57.30:504][  0]LogMemory: Virtual Memory: 383.44 MB used, 134217728.00 MB total
[2016.08.19-06.57.30:590][  0]LogTextLocalizationManager: No specific translations for ('en-IN') exist, so ('en') translations will be used.
[2016.08.19-06.57.31:203][  0]LogD3D11RHI: Found D3D11 adapter 0: NVIDIA GeForce 820M              (Feature Level 11_0)
[2016.08.19-06.57.31:203][  0]LogD3D11RHI: Adapter has 1999MB of dedicated video memory, 0MB of dedicated system memory, and 4037MB of shared system memory, 1 output[s]
[2016.08.19-06.57.31:215][  0]LogD3D11RHI: Found D3D11 adapter 1: Intel(R) HD Graphics Family (Feature Level 11_0)
[2016.08.19-06.57.31:215][  0]LogD3D11RHI: Adapter has 112MB of dedicated video memory, 0MB of dedicated system memory, and 2048MB of shared system memory, 0 output[s]
[2016.08.19-06.57.31:218][  0]LogD3D11RHI: Found D3D11 adapter 2: Microsoft Basic Render Driver (Feature Level 11_0)
[2016.08.19-06.57.31:218][  0]LogD3D11RHI: Adapter has 0MB of dedicated video memory, 0MB of dedicated system memory, and 4037MB of shared system memory, 0 output[s]
[2016.08.19-06.57.31:218][  0]LogD3D11RHI: Chosen D3D11 Adapter Id = 0
[2016.08.19-06.57.31:224][  0]LogD3D11RHI: !Direct3DDevice
[2016.08.19-06.57.31:224][  0]LogRHI: Texture pool is 1361 MB (70% of 1945 MB)
[2016.08.19-06.57.31:244][  0]LogD3D11RHI: Async texture creation enabled
[2016.08.19-06.57.31:257][  0]LogShaderCompilers: Guid format shader working directory is -19 characters bigger than the processId version (../../../../../../Users/Vishal/Documents/Unreal Projects/MyProject/Intermediate/Shaders/WorkingDirectory/9468/).
[2016.08.19-06.57.31:257][  0]LogShaderCompilers: Cleaned the shader compiler working directory 'C:/Users/Vishal/AppData/Local/Temp/UnrealShaderWorkingDir/11C26F664870C6FAF25DD5937DF007EB/'.
[2016.08.19-06.57.31:258][  0]LogShaderCompilers:Display: Using Local Shader Compiler.
[2016.08.19-06.57.33:001][  0]LogTemp:Display: Loaded TP AllDesktopTargetPlatform
[2016.08.19-06.57.33:007][  0]LogTemp:Display: Loaded TP WindowsClientTargetPlatform
[2016.08.19-06.57.33:014][  0]LogTemp:Display: Loaded TP WindowsNoEditorTargetPlatform
[2016.08.19-06.57.33:021][  0]LogTemp:Display: Loaded TP WindowsServerTargetPlatform
[2016.08.19-06.57.33:030][  0]LogTemp:Display: Loaded TP WindowsTargetPlatform
[2016.08.19-06.57.33:039][  0]LogTemp:Display: Loaded TP AndroidTargetPlatform
[2016.08.19-06.57.33:044][  0]LogTemp:Display: Loaded TP Android_ASTCTargetPlatform
[2016.08.19-06.57.33:049][  0]LogTemp:Display: Loaded TP Android_ATCTargetPlatform
[2016.08.19-06.57.33:055][  0]LogTemp:Display: Loaded TP Android_DXTTargetPlatform
[2016.08.19-06.57.33:061][  0]LogTemp:Display: Loaded TP Android_ETC1TargetPlatform
[2016.08.19-06.57.33:067][  0]LogTemp:Display: Loaded TP Android_ETC2TargetPlatform
[2016.08.19-06.57.33:083][  0]LogTemp:Display: Loaded TP Android_MultiTargetPlatform
[2016.08.19-06.57.33:083][  0]LogTemp:Display: Loaded TP Android_PVRTCTargetPlatform
[2016.08.19-06.57.33:086][  0]LogTemp:Display: Loaded TP HTML5TargetPlatform
[2016.08.19-06.57.33:163][  0]LogTemp:Display: Loaded TP IOSTargetPlatform
[2016.08.19-06.57.33:168][  0]LogTemp:Display: Loaded TP LinuxNoEditorTargetPlatform
[2016.08.19-06.57.33:174][  0]LogTemp:Display: Loaded TP LinuxServerTargetPlatform
[2016.08.19-06.57.33:203][  0]LogTemp:Display: Loaded TP LinuxTargetPlatform
[2016.08.19-06.57.33:203][  0]LogTargetPlatformManager:Display: Building Assets For Windows
[2016.08.19-06.57.33:512][  0]LogDerivedDataCache:Display: Max Cache Size: 512 MB
[2016.08.19-06.57.34:024][  0]LogDerivedDataCache: Loaded boot cache 0.51s 41MB C:/Users/Vishal/AppData/Local/UnrealEngine/4.10/DerivedDataCache/Boot.ddc.
[2016.08.19-06.57.34:024][  0]LogDerivedDataCache:Display: Loaded Boot cache: C:/Users/Vishal/AppData/Local/UnrealEngine/4.10/DerivedDataCache/Boot.ddc
[2016.08.19-06.57.34:024][  0]LogDerivedDataCache: FDerivedDataBackendGraph:  Pak pak cache file ../../../../../../Users/Vishal/Documents/Unreal Projects/MyProject/DerivedDataCache/DDC.ddp not found, will not use a pak cache.
[2016.08.19-06.57.34:024][  0]LogDerivedDataCache: Unable to find inner node Pak for hierarchical cache Hierarchy.
[2016.08.19-06.57.34:024][  0]LogDerivedDataCache: FDerivedDataBackendGraph:  CompressedPak pak cache file ../../../../../../Users/Vishal/Documents/Unreal Projects/MyProject/DerivedDataCache/Compressed.ddp not found, will not use a pak cache.
[2016.08.19-06.57.34:024][  0]LogDerivedDataCache: Unable to find inner node CompressedPak for hierarchical cache Hierarchy.
[2016.08.19-06.57.34:097][  0]LogDerivedDataCache:Display: Pak cache opened for reading ../../../Engine/DerivedDataCache/Compressed.ddp.
[2016.08.19-06.57.34:109][  0]LogDerivedDataCache: Using Local data cache path C:/Users/Vishal/AppData/Local/UnrealEngine/Common/DerivedDataCache: Writable
[2016.08.19-06.57.34:800][  0]LogInit: Selected Device Profile: [Windows]
[2016.08.19-06.57.34:804][  0]LogContentStreaming: Texture pool size is 0.000000MB
[2016.08.19-06.57.34:933][  0]LogMeshUtilities: No automatic mesh reduction module available
[2016.08.19-06.57.34:933][  0]LogMeshUtilities: No automatic mesh merging module available
[2016.08.19-06.57.35:190][  0]LogInit: WinSock: version 1.1 (2.2), MaxSocks=32767, MaxUdp=65467
[2016.08.19-06.57.43:708][  0]UdpMessaging: Initializing bridge on interface 0.0.0.0:0 to multicast group 230.0.0.1:6666.
[2016.08.19-06.57.44:116][  0]LogAssetRegistry: FAssetRegistry took 0.0115 seconds to start up
[2016.08.19-06.57.44:359][  0]SourceControl: Info Source control is disabled
[2016.08.19-06.57.44:361][  0]SourceControl: Info Source control is disabled
[2016.08.19-06.57.44:381][  0]SourceControl: Info Source control is disabled
[2016.08.19-06.57.44:406][  0]SourceControl: Info Source control is disabled
[2016.08.19-06.57.44:958][  0]LogObj: 28894 objects as part of root set at end of initial load.
[2016.08.19-06.57.44:958][  0]LogUObjectAllocator: 6143824 out of 0 bytes used by permanent object pool.
[2016.08.19-06.57.45:057][  0]LogEngine: Initializing Engine...
[2016.08.19-06.57.45:061][  0]LogHMD: Can't find Oculus library dev build: is proper Runtime installed? Version: 0.8.0.0
[2016.08.19-06.57.45:063][  0]LogHMD: SteamVR failed to initialize.  Err: 110
[2016.08.19-06.57.45:208][  0]LogAIModule: Creating AISystem for world NewWorld
[2016.08.19-06.57.45:220][  0]LogInit: XAudio2 using 'Speakers (High Definition Audio Device)' : 2 channels at 44.1 kHz using 16 bits per sample (channel mask 0x3)
[2016.08.19-06.57.45:248][  0]LogInit: FAudioDevice initialized.
[2016.08.19-06.57.45:301][  0]LogDerivedDataCache: Saved boot cache 0.05s 41MB C:/Users/Vishal/AppData/Local/UnrealEngine/4.10/DerivedDataCache/Boot.ddc.
[2016.08.19-06.57.45:307][  0]LogInit: Texture streaming: Enabled
[2016.08.19-06.57.45:317][  0]LogAnalytics: Creating configured Analytics provider AnalyticsET
[2016.08.19-06.57.45:317][  0]LogAnalytics: [UEEditor.Rocket.Release] APIServer = http://et2.epicgames.com/ET2/. AppVersion = 4.10.4-2872498+++depot+UE4-Releases+4.10
[2016.08.19-06.57.45:317][  0]LogAnalytics: [UEEditor.Rocket.Release] SetUserId 42581dee49f10cab728e808031ad0d6c|b3aa724033af48eb807787bc6a36fc12|7d3f72a1-08fb-45f7-99a2-cbbddc55c18e
[2016.08.19-06.57.45:317][  0]LogAnalytics: [UEEditor.Rocket.Release] AnalyticsET::StartSession
[2016.08.19-06.57.45:332][  0]LogInit: Transaction tracking system initialized
[2016.08.19-06.57.45:376][  0]BlueprintLog: New page: Editor Load
[2016.08.19-06.57.45:507][  0]LocalizationService: Info Localization service is disabled
[2016.08.19-06.57.45:699][  0]LogConsoleResponse:Display: 
[2016.08.19-06.57.45:861][  0]LogCook:Display: Done creating registry. It took  0.00s.
[2016.08.19-06.57.46:006][  0]LogFileCache: Scanning file cache for directory 'C:/Users/Vishal/Documents/Unreal Projects/MyProject/Content/' took 0.02s
[2016.08.19-06.57.46:006][  0]SourceControl: Info Source control is disabled
[2016.08.19-06.57.46:077][  0]LogWindowsTextInputMethodSystem:Display: IME system now deactivated.
[2016.08.19-06.58.12:443][  0]LogWindowsTextInputMethodSystem:Display: IME system now deactivated.
[2016.08.19-06.58.12:448][  0]LogWindowsTextInputMethodSystem:Display: IME system now deactivated.
[2016.08.19-06.58.14:859][  0]LogWindowsTextInputMethodSystem:Display: IME system now deactivated.
[2016.08.19-06.58.14:871][  0]LogWindowsTextInputMethodSystem:Display: IME system now deactivated.
[2016.08.19-06.58.14:872][  0]Cmd: MAP LOAD FILE="../../../../../../Users/Vishal/Documents/Unreal Projects/MyProject/Content/Architecture.umap" TEMPLATE=0 SHOWPROGRESS=1 FEATURELEVEL=3
[2016.08.19-06.58.14:873][  0]LightingResults: New page: Lighting Build
[2016.08.19-06.58.14:876][  0]MapCheck: New page: Map Check
[2016.08.19-06.58.14:876][  0]LightingResults: New page: Lighting Build
[2016.08.19-06.58.14:902][  0]LogParticles: Destroying 0 GPU particle simulations for FXSystem 0x000001F4E1D25C60
[2016.08.19-06.58.15:415][  0]LogBlueprint:Error: [compiler ExportButtonBlueprint] Error Event Dispatcher pin is not connected  Bind Event to OnRequestFail 
[2016.08.19-06.58.15:416][  0]LogBlueprint:Error: [compiler ExportButtonBlueprint] Error Event Dispatcher pin is not connected  Bind Event to OnRequestComplete 
[2016.08.19-06.58.15:428][  0]LogBlueprint:Warning: [compiler ExportButtonBlueprint] Warning [0045.54] Compile of ExportButtonBlueprint failed. 2 Fatal Issue(s) 0 Warning(s) [in 28 ms]
[2016.08.19-06.58.15:428][  0]LogBlueprint:Warning: [compiler ExportButtonBlueprint] Warning [0045.54] Compile of ExportButtonBlueprint failed. 2 Fatal Issue(s) 1 Warning(s) [in 0 ms]
[2016.08.19-06.58.15:428][  0]LogBlueprint:Warning: [compiler ExportButtonBlueprint] Warning [0045.54] Compile of ExportButtonBlueprint failed. 2 Fatal Issue(s) 2 Warning(s) [in 0 ms]
[2016.08.19-06.58.25:831][  0]LogAIModule: Creating AISystem for world Architecture
[2016.08.19-06.58.25:843][  0]LogPrimitiveComponent: Zero scaling not supported (/Game/Architecture.Architecture:PersistentLevel.Carpet2.StaticMeshComponent0)
[2016.08.19-06.58.25:847][  0]LogPrimitiveComponent: Zero scaling not supported (/Game/Architecture.Architecture:PersistentLevel.Carpet3.StaticMeshComponent0)
[2016.08.19-06.58.25:851][  0]LogPrimitiveComponent: Zero scaling not supported (/Game/Architecture.Architecture:PersistentLevel.Carpet.StaticMeshComponent0)
[2016.08.19-06.58.25:854][  0]LogPrimitiveComponent: Zero scaling not supported (/Game/Architecture.Architecture:PersistentLevel.TVImage.StaticMeshComponent0)
[2016.08.19-06.58.25:873][  0]LogEditorServer: Finished looking for orphan Actors (0.000 secs)
[2016.08.19-06.58.25:875][  0]Cmd: MAP CHECKDEP NOCLEARLOG
[2016.08.19-06.58.26:017][  0]MapCheck: Info Map check complete: 0 Error(s), 0 Warning(s), took 141.203ms to complete.
[2016.08.19-06.58.26:017][  0]LogFileHelpers: Loading map 'Architecture' took 11.145
[2016.08.19-06.58.26:176][  0]LogCollectionManager: Loaded 0 collections in 0.002326 seconds
[2016.08.19-06.58.26:218][  0]LogFileCache: Scanning file cache for directory 'C:/Users/Vishal/Documents/Unreal Projects/MyProject/Saved/Collections/' took 0.01s
[2016.08.19-06.58.26:218][  0]LogFileCache: Scanning file cache for directory 'C:/Users/Vishal/Documents/Unreal Projects/MyProject/Content/Developers/Vishal/Collections/' took 0.01s
[2016.08.19-06.58.26:218][  0]LogFileCache: Scanning file cache for directory 'C:/Users/Vishal/Documents/Unreal Projects/MyProject/Content/Collections/' took 0.01s
[2016.08.19-06.58.26:218][  0]LogCollectionManager: Rebuilt the GUID cache for 0 collections in 0.000003 seconds
[2016.08.19-06.58.26:231][  0]LogContentBrowser: Native class hierarchy populated in 0.0125 seconds. Added 1898 classes and 345 folders.
[2016.08.19-06.58.26:238][  0]LogContentBrowser: Native class hierarchy updated for 'WidgetCarousel' in 0.0006 seconds. Added 0 classes and 0 folders.
[2016.08.19-06.58.27:169][  0]LogContentBrowser: Native class hierarchy updated for 'AddContentDialog' in 0.0006 seconds. Added 0 classes and 0 folders.
[2016.08.19-06.58.27:187][  0]LogContentBrowser: Native class hierarchy updated for 'SceneOutliner' in 0.0007 seconds. Added 1 classes and 2 folders.
[2016.08.19-06.58.27:287][  0]LogCrashTracker: Crashtracker disabled due to settings.
[2016.08.19-06.58.27:295][  0]LogUObjectGlobals:Warning: Failed to find object 'Class None.'
[2016.08.19-06.58.27:319][  0]LogStats:Warning: MetaData mismatch. Did you assign a stat to two groups? New //STATGROUP_Threads//SplashScreenThread///Thread_1304_0///####STATCAT_Advanced#### old //STATGROUP_Threads//SplashScreenThread///Thread_1b8c_0///####STATCAT_Advanced####
[2016.08.19-06.58.27:319][  0]LogLoad: Full Startup: 57.44 seconds (BP compile: 0.19 seconds)
[2016.08.19-06.58.27:667][  0]LogOcInput: Can't find Oculus library dev build: is proper Runtime installed? Version: 0.8.0.0
[2016.08.19-06.58.27:759][  0]LogContentStreaming: Texture pool size now 1000 MB
[2016.08.19-06.58.28:019][  0]LogRenderer: Reallocating scene render targets to support 808x368 (Frame:2).
[2016.08.19-06.58.30:520][  8]LogAssetRegistry: Asset discovery search completed in 46.4157 seconds
[2016.08.19-06.58.30:520][  8]LogCollectionManager: Rebuilt the object cache for 0 collections in 0.000002 seconds (found 0 objects)
[2016.08.19-06.58.30:520][  8]LogCollectionManager: Fixed up redirectors for 0 collections in 0.000058 seconds (updated 0 objects)
[2016.08.19-07.00.12:391][388]LogWindowsTextInputMethodSystem:Display: IME system now deactivated.
[2016.08.19-07.00.12:619][389]Cmd: QUIT_EDITOR
[2016.08.19-07.00.12:775][389]LogExit: Preparing to exit.
[2016.08.19-07.00.13:849][389]LogExit: Editor shut down
[2016.08.19-07.00.13:850][389]LogExit: Transaction tracking system shut down
[2016.08.19-07.00.13:858][389]LogParticles: Destroying 0 GPU particle simulations for FXSystem 0x000001F4816F3920
[2016.08.19-07.00.13:859][389]LogParticles: Destroying 0 GPU particle simulations for FXSystem 0x000001F48976E200
[2016.08.19-07.00.13:860][389]LogParticles: Destroying 0 GPU particle simulations for FXSystem 0x000001F489582B60
[2016.08.19-07.00.13:860][389]LogParticles: Destroying 0 GPU particle simulations for FXSystem 0x000001F48C016E80
[2016.08.19-07.00.13:860][389]LogParticles: Destroying 0 GPU particle simulations for FXSystem 0x000001F48C016CA0
[2016.08.19-07.00.14:088][389]LogExit: Object subsystem successfully closed.
[2016.08.19-07.00.14:115][389]LogD3D11RHI: Shutdown
[2016.08.19-07.00.14:115][389]LogD3D11RHI: CleanupD3DDevice
[2016.08.19-07.00.14:512][389]LogD3D11RHI: ~FD3D11DynamicRHI
[2016.08.19-07.00.14:763][389]LogModuleManager: Shutting down and abandoning module CrashTracker (200)
[2016.08.19-07.00.14:763][389]LogModuleManager: Shutting down and abandoning module SceneOutliner (199)
[2016.08.19-07.00.14:763][389]LogModuleManager: Shutting down and abandoning module SuperSearch (198)
[2016.08.19-07.00.14:763][389]LogModuleManager: Shutting down and abandoning module WidgetCarousel (197)
[2016.08.19-07.00.14:763][389]LogModuleManager: Shutting down and abandoning module AddContentDialog (196)
[2016.08.19-07.00.14:766][389]LogModuleManager: Shutting down and abandoning module EditorWidgets (195)
[2016.08.19-07.00.14:766][389]LogModuleManager: Shutting down and abandoning module CollectionManager (194)
[2016.08.19-07.00.14:767][389]LogModuleManager: Shutting down and abandoning module StatsViewer (193)
[2016.08.19-07.00.14:767][389]LogModuleManager: Shutting down and abandoning module FoliageEdit (192)
[2016.08.19-07.00.14:767][389]LogModuleManager: Shutting down and abandoning module LandscapeEditor (191)
[2016.08.19-07.00.14:767][389]LogModuleManager: Shutting down and abandoning module ActorPickerMode (190)
[2016.08.19-07.00.14:767][389]LogModuleManager: Shutting down and abandoning module GeometryMode (189)
[2016.08.19-07.00.14:767][389]LogModuleManager: Shutting down and abandoning module TextureAlignMode (188)
[2016.08.19-07.00.14:767][389]LogModuleManager: Shutting down and abandoning module BspMode (187)
[2016.08.19-07.00.14:767][389]LogModuleManager: Shutting down and abandoning module PlacementMode (186)
[2016.08.19-07.00.14:767][389]LogModuleManager: Shutting down and abandoning module AutomationWorker (185)
[2016.08.19-07.00.14:767][389]LogModuleManager: Shutting down and abandoning module CharacterAI (184)
[2016.08.19-07.00.14:767][389]LogModuleManager: Shutting down and abandoning module SmartSnapping (183)
[2016.08.19-07.00.14:767][389]LogModuleManager: Shutting down and abandoning module ViewportSnapping (182)
[2016.08.19-07.00.14:767][389]LogModuleManager: Shutting down and abandoning module LogVisualizer (181)
[2016.08.19-07.00.14:767][389]LogModuleManager: Shutting down and abandoning module GameProjectGeneration (180)
[2016.08.19-07.00.14:767][389]LogModuleManager: Shutting down and abandoning module IntroTutorials (179)
[2016.08.19-07.00.14:768][389]LogModuleManager: Shutting down and abandoning module EditorLiveStreaming (178)
[2016.08.19-07.00.14:769][389]LogModuleManager: Shutting down and abandoning module IOSPlatformEditor (177)
[2016.08.19-07.00.14:769][389]LogModuleManager: Shutting down and abandoning module HTML5PlatformEditor (176)
[2016.08.19-07.00.14:769][389]LogModuleManager: Shutting down and abandoning module AndroidDeviceDetection (175)
[2016.08.19-07.00.15:648][389]LogModuleManager: Shutting down and abandoning module AndroidPlatformEditor (174)
[2016.08.19-07.00.15:648][389]LogModuleManager: Shutting down and abandoning module IOSRuntimeSettings (173)
[2016.08.19-07.00.15:648][389]LogModuleManager: Shutting down and abandoning module AndroidRuntimeSettings (172)
[2016.08.19-07.00.15:648][389]LogModuleManager: Shutting down and abandoning module MergeActors (171)
[2016.08.19-07.00.15:648][389]LogModuleManager: Shutting down and abandoning module SizeMap (170)
[2016.08.19-07.00.15:648][389]LogModuleManager: Shutting down and abandoning module TreeMap (169)
[2016.08.19-07.00.15:648][389]LogModuleManager: Shutting down and abandoning module ReferenceViewer (168)
[2016.08.19-07.00.15:648][389]LogModuleManager: Shutting down and abandoning module LocalizationService (167)
[2016.08.19-07.00.15:648][389]LogModuleManager: Shutting down and abandoning module LocalizationDashboard (166)
[2016.08.19-07.00.15:648][389]LogModuleManager: Shutting down and abandoning module HardwareTargeting (165)
[2016.08.19-07.00.15:648][389]LogModuleManager: Shutting down and abandoning module DeviceProfileEditor (164)
[2016.08.19-07.00.15:648][389]LogModuleManager: Shutting down and abandoning module UndoHistory (163)
[2016.08.19-07.00.15:648][389]LogModuleManager: Shutting down and abandoning module GameplayTagsEditor (162)
[2016.08.19-07.00.15:648][389]LogModuleManager: Shutting down and abandoning module UserFeedback (161)
[2016.08.19-07.00.15:648][389]LogModuleManager: Shutting down and abandoning module XmlParser (160)
[2016.08.19-07.00.15:648][389]LogModuleManager: Shutting down and abandoning module Blutility (159)
[2016.08.19-07.00.15:648][389]LogModuleManager: Shutting down and abandoning module ProjectTargetPlatformEditor (158)
[2016.08.19-07.00.15:648][389]LogModuleManager: Shutting down and abandoning module ProjectSettingsViewer (157)
[2016.08.19-07.00.15:648][389]LogModuleManager: Shutting down and abandoning module InputBindingEditor (156)
[2016.08.19-07.00.15:649][389]LogModuleManager: Shutting down and abandoning module EditorSettingsViewer (155)
[2016.08.19-07.00.15:649][389]LogModuleManager: Shutting down and abandoning module SettingsEditor (154)
[2016.08.19-07.00.15:649][389]LogModuleManager: Shutting down and abandoning module ProjectLauncher (153)
[2016.08.19-07.00.15:649][389]LogModuleManager: Shutting down and abandoning module SessionFrontend (152)
[2016.08.19-07.00.15:649][389]LogModuleManager: Shutting down and abandoning module ProfilerClient (151)
[2016.08.19-07.00.15:649][389]LogModuleManager: Shutting down and abandoning module TargetDeviceServices (150)
[2016.08.19-07.00.15:649][389]LogModuleManager: Shutting down and abandoning module DeviceManager (149)
[2016.08.19-07.00.15:649][389]LogModuleManager: Shutting down and abandoning module AutomationController (148)
[2016.08.19-07.00.15:649][389]LogModuleManager: Shutting down and abandoning module AutomationWindow (147)
[2016.08.19-07.00.15:649][389]LogModuleManager: Shutting down and abandoning module Layers (146)
[2016.08.19-07.00.15:649][389]LogModuleManager: Shutting down and abandoning module ComponentVisualizers (145)
[2016.08.19-07.00.15:649][389]LogModuleManager: Shutting down and abandoning module DetailCustomizations (144)
[2016.08.19-07.00.15:649][389]LogModuleManager: Shutting down and abandoning module PackagesDialog (143)
[2016.08.19-07.00.15:649][389]LogModuleManager: Shutting down and abandoning module Persona (142)
[2016.08.19-07.00.15:649][389]LogModuleManager: Shutting down and abandoning module Kismet (141)
[2016.08.19-07.00.15:649][389]LogModuleManager: Shutting down and abandoning module GraphEditor (140)
[2016.08.19-07.00.15:649][389]LogModuleManager: Shutting down and abandoning module ClassViewer (139)
[2016.08.19-07.00.15:649][389]LogModuleManager: Shutting down and abandoning module Toolbox (138)
[2016.08.19-07.00.15:649][389]LogModuleManager: Shutting down and abandoning module ModuleUI (137)
[2016.08.19-07.00.15:649][389]LogModuleManager: Shutting down and abandoning module MovieSceneTools (136)
[2016.08.19-07.00.15:649][389]LogModuleManager: Shutting down and abandoning module OutputLog (135)
[2016.08.19-07.00.15:649][389]LogModuleManager: Shutting down and abandoning module GammaUI (134)
[2016.08.19-07.00.15:649][389]LogModuleManager: Shutting down and abandoning module Documentation (133)
[2016.08.19-07.00.15:649][389]LogModuleManager: Shutting down and abandoning module GameLiveStreaming (132)
[2016.08.19-07.00.15:649][389]LogModuleManager: Shutting down and abandoning module StreamingPauseRendering (131)
[2016.08.19-07.00.15:649][389]LogModuleManager: Shutting down and abandoning module AnalyticsET (130)
[2016.08.19-07.00.15:649][389]LogModuleManager: Shutting down and abandoning module Analytics (129)
[2016.08.19-07.00.15:649][389]LogModuleManager: Shutting down and abandoning module AITestSuite (128)
[2016.08.19-07.00.15:649][389]LogModuleManager: Shutting down and abandoning module GameplayDebugger (127)
[2016.08.19-07.00.15:649][389]LogModuleManager: Shutting down and abandoning module AIModule (126)
[2016.08.19-07.00.15:650][389]LogModuleManager: Shutting down and abandoning module ProfilerService (125)
[2016.08.19-07.00.15:808][389]LogModuleManager: Shutting down and abandoning module TaskGraph (124)
[2016.08.19-07.00.15:808][389]LogModuleManager: Shutting down and abandoning module VaRestEditorPlugin (123)
[2016.08.19-07.00.15:808][389]LogModuleManager: Shutting down and abandoning module SlateRemote (122)
[2016.08.19-07.00.15:808][389]LogModuleManager: Shutting down and abandoning module SteamVRController (121)
[2016.08.19-07.00.15:808][389]LogModuleManager: Shutting down and abandoning module SteamVR (120)
[2016.08.19-07.00.15:808][389]LogModuleManager: Shutting down and abandoning module ProceduralMeshComponent (119)
[2016.08.19-07.00.15:808][389]LogModuleManager: Shutting down and abandoning module OculusLibrary (118)
[2016.08.19-07.00.15:808][389]LogModuleManager: Shutting down and abandoning module OculusInput (117)
[2016.08.19-07.00.15:808][389]LogModuleManager: Shutting down and abandoning module LeapMotionController (116)
[2016.08.19-07.00.15:831][389]LogModuleManager: Shutting down and abandoning module CustomMeshComponent (115)
[2016.08.19-07.00.15:831][389]LogModuleManager: Shutting down and abandoning module CableComponent (114)
[2016.08.19-07.00.15:831][389]LogModuleManager: Shutting down and abandoning module ArchVisCharacter (113)
[2016.08.19-07.00.15:831][389]LogModuleManager: Shutting down and abandoning module MessagingDebugger (112)
[2016.08.19-07.00.15:831][389]LogModuleManager: Shutting down and abandoning module MediaPlayerEditor (111)
[2016.08.19-07.00.15:831][389]LogModuleManager: Shutting down and abandoning module HTML5Networking (110)
[2016.08.19-07.00.15:831][389]LogModuleManager: Shutting down and abandoning module SpeedTreeImporter (109)
[2016.08.19-07.00.15:831][389]LogModuleManager: Shutting down and abandoning module PluginBrowser (108)
[2016.08.19-07.00.15:831][389]LogModuleManager: Shutting down and abandoning module EpicSurvey (107)
[2016.08.19-07.00.15:831][389]LogModuleManager: Shutting down and abandoning module DesktopPlatform (106)
[2016.08.19-07.00.15:831][389]LogModuleManager: Shutting down and abandoning module VisualStudioSourceCodeAccess (105)
[2016.08.19-07.00.15:831][389]LogModuleManager: Shutting down and abandoning module UObjectPlugin (104)
[2016.08.19-07.00.15:831][389]LogModuleManager: Shutting down and abandoning module SubversionSourceControl (103)
[2016.08.19-07.00.15:831][389]LogModuleManager: Shutting down and abandoning module PerforceSourceControl (102)
[2016.08.19-07.00.15:831][389]LogModuleManager: Shutting down and abandoning module SourceControl (101)
[2016.08.19-07.00.15:831][389]LogModuleManager: Shutting down and abandoning module GitSourceControl (100)
[2016.08.19-07.00.15:831][389]LogModuleManager: Shutting down and abandoning module LightPropagationVolumeEditor (99)
[2016.08.19-07.00.15:831][389]LogModuleManager: Shutting down and abandoning module PaperTiledImporter (98)
[2016.08.19-07.00.15:831][389]LogModuleManager: Shutting down and abandoning module PaperSpriteSheetImporter (97)
[2016.08.19-07.00.15:831][389]LogModuleManager: Shutting down and abandoning module MeshPaint (96)
[2016.08.19-07.00.15:831][389]LogModuleManager: Shutting down and abandoning module SlateReflector (95)
[2016.08.19-07.00.15:831][389]LogModuleManager: Shutting down and abandoning module HotReload (94)
[2016.08.19-07.00.15:831][389]LogModuleManager: Shutting down and abandoning module MainFrame (93)
[2016.08.19-07.00.15:831][389]LogModuleManager: Shutting down and abandoning module LevelEditor (92)
[2016.08.19-07.00.15:833][389]LogModuleManager: Shutting down and abandoning module DirectoryWatcher (91)
[2016.08.19-07.00.15:835][389]LogModuleManager: Shutting down and abandoning module AssetRegistry (90)
[2016.08.19-07.00.16:166][389]LogModuleManager: Shutting down and abandoning module ContentBrowser (89)
[2016.08.19-07.00.16:167][389]LogModuleManager: Shutting down and abandoning module Paper2DEditor (88)
[2016.08.19-07.00.16:167][389]LogModuleManager: Shutting down and abandoning module VaRestPlugin (87)
[2016.08.19-07.00.16:167][389]LogModuleManager: Shutting down and abandoning module UdpMessaging (86)
[2016.08.19-07.00.16:268][389]LogModuleManager: Shutting down and abandoning module LightPropagationVolumeRuntime (85)
[2016.08.19-07.00.16:268][389]LogModuleManager: Shutting down and abandoning module Paper2D (84)
[2016.08.19-07.00.16:268][389]LogModuleManager: Shutting down and abandoning module WindowsMoviePlayer (83)
[2016.08.19-07.00.16:275][389]LogModuleManager: Shutting down and abandoning module Media (82)
[2016.08.19-07.00.16:275][389]LogModuleManager: Shutting down and abandoning module WmfMedia (81)
[2016.08.19-07.00.16:275][389]LogModuleManager: Shutting down and abandoning module OnlineBlueprintSupport (80)
[2016.08.19-07.00.16:275][389]LogModuleManager: Shutting down and abandoning module GameplayTasksEditor (79)
[2016.08.19-07.00.16:275][389]LogModuleManager: Shutting down and abandoning module PropertyEditor (78)
[2016.08.19-07.00.16:275][389]LogModuleManager: Shutting down and abandoning module BehaviorTreeEditor (77)
[2016.08.19-07.00.16:275][389]LogModuleManager: Shutting down and abandoning module FunctionalTesting (76)
[2016.08.19-07.00.16:275][389]LogModuleManager: Shutting down and abandoning module CollisionAnalyzer (75)
[2016.08.19-07.00.16:275][389]LogModuleManager: Shutting down and abandoning module WorkspaceMenuStructure (74)
[2016.08.19-07.00.16:275][389]LogModuleManager: Shutting down and abandoning module MessageLog (73)
[2016.08.19-07.00.16:275][389]LogModuleManager: Shutting down and abandoning module Sequencer (72)
[2016.08.19-07.00.16:275][389]LogModuleManager: Shutting down and abandoning module AssetTools (71)
[2016.08.19-07.00.16:275][389]LogModuleManager: Shutting down and abandoning module UMGEditor (70)
[2016.08.19-07.00.16:275][389]LogModuleManager: Shutting down and abandoning module UMG (69)
[2016.08.19-07.00.16:275][389]LogModuleManager: Shutting down and abandoning module Slate (68)
[2016.08.19-07.00.16:275][389]LogModuleManager: Shutting down and abandoning module EditorStyle (67)
[2016.08.19-07.00.16:278][389]LogModuleManager: Shutting down and abandoning module SessionServices (66)
[2016.08.19-07.00.16:278][389]LogModuleManager: Shutting down and abandoning module SourceCodeAccess (65)
[2016.08.19-07.00.16:278][389]LogModuleManager: Shutting down and abandoning module HeadMountedDisplay (64)
[2016.08.19-07.00.16:278][389]LogModuleManager: Shutting down and abandoning module XAudio2 (63)
[2016.08.19-07.00.16:278][389]LogModuleManager: Shutting down and abandoning module Networking (61)
[2016.08.19-07.00.16:278][389]LogModuleManager: Shutting down and abandoning module Core (60)
[2016.08.19-07.00.16:278][389]LogModuleManager: Shutting down and abandoning module KismetCompiler (59)
[2016.08.19-07.00.16:278][389]LogModuleManager: Shutting down and abandoning module PhysXFormats (58)
[2016.08.19-07.00.16:278][389]LogModuleManager: Shutting down and abandoning module MeshUtilities (57)
[2016.08.19-07.00.16:278][389]LogModuleManager: Shutting down and abandoning module DerivedDataCache (56)
[2016.08.19-07.00.16:282][389]LogDerivedDataCache: Shutdown
[2016.08.19-07.00.16:282][389]LogModuleManager: Shutting down and abandoning module ShaderFormatOpenGL (55)
[2016.08.19-07.00.16:282][389]LogModuleManager: Shutting down and abandoning module ShaderFormatD3D (54)
[2016.08.19-07.00.16:282][389]LogModuleManager: Shutting down and abandoning module MetalShaderFormat (53)
[2016.08.19-07.00.16:282][389]LogModuleManager: Shutting down and abandoning module TextureFormatUncompressed (52)
[2016.08.19-07.00.16:282][389]LogModuleManager: Shutting down and abandoning module TextureFormatPVR (51)
[2016.08.19-07.00.16:282][389]LogModuleManager: Shutting down and abandoning module TextureFormatIntelISPCTexComp (50)
[2016.08.19-07.00.16:282][389]LogModuleManager: Shutting down and abandoning module TextureFormatDXT (49)
[2016.08.19-07.00.16:282][389]LogModuleManager: Shutting down and abandoning module ImageWrapper (48)
[2016.08.19-07.00.16:282][389]LogModuleManager: Shutting down and abandoning module TextureFormatASTC (47)
[2016.08.19-07.00.16:282][389]LogModuleManager: Shutting down and abandoning module TextureFormatAndroid (46)
[2016.08.19-07.00.16:282][389]LogModuleManager: Shutting down and abandoning module AudioFormatOpus (45)
[2016.08.19-07.00.16:282][389]LogModuleManager: Shutting down and abandoning module AudioFormatOgg (44)
[2016.08.19-07.00.16:282][389]LogModuleManager: Shutting down and abandoning module AudioFormatADPCM (43)
[2016.08.19-07.00.16:282][389]LogModuleManager: Shutting down and abandoning module LinuxTargetPlatform (42)
[2016.08.19-07.00.16:282][389]LogModuleManager: Shutting down and abandoning module LinuxServerTargetPlatform (41)
[2016.08.19-07.00.16:282][389]LogModuleManager: Shutting down and abandoning module LinuxNoEditorTargetPlatform (40)
[2016.08.19-07.00.16:282][389]LogModuleManager: Shutting down and abandoning module Messaging (39)
[2016.08.19-07.00.16:282][389]LogModuleManager: Shutting down and abandoning module IOSTargetPlatform (38)
[2016.08.19-07.00.16:282][389]LogModuleManager: Shutting down and abandoning module HTML5TargetPlatform (37)
[2016.08.19-07.00.16:282][389]LogModuleManager: Shutting down and abandoning module Android_PVRTCTargetPlatform (36)
[2016.08.19-07.00.16:282][389]LogModuleManager: Shutting down and abandoning module Android_MultiTargetPlatform (35)
[2016.08.19-07.00.16:282][389]LogModuleManager: Shutting down and abandoning module Android_ETC2TargetPlatform (34)
[2016.08.19-07.00.16:282][389]LogModuleManager: Shutting down and abandoning module Android_ETC1TargetPlatform (33)
[2016.08.19-07.00.16:282][389]LogModuleManager: Shutting down and abandoning module Android_DXTTargetPlatform (32)
[2016.08.19-07.00.16:282][389]LogModuleManager: Shutting down and abandoning module Android_ATCTargetPlatform (31)
[2016.08.19-07.00.16:282][389]LogModuleManager: Shutting down and abandoning module Android_ASTCTargetPlatform (30)
[2016.08.19-07.00.16:282][389]LogModuleManager: Shutting down and abandoning module AndroidTargetPlatform (29)
[2016.08.19-07.00.16:282][389]LogModuleManager: Shutting down and abandoning module WindowsTargetPlatform (28)
[2016.08.19-07.00.16:282][389]LogModuleManager: Shutting down and abandoning module WindowsServerTargetPlatform (27)
[2016.08.19-07.00.16:282][389]LogModuleManager: Shutting down and abandoning module WindowsNoEditorTargetPlatform (26)
[2016.08.19-07.00.16:282][389]LogModuleManager: Shutting down and abandoning module WindowsClientTargetPlatform (25)
[2016.08.19-07.00.16:283][389]LogModuleManager: Shutting down and abandoning module AllDesktopTargetPlatform (24)
[2016.08.19-07.00.16:283][389]LogModuleManager: Shutting down and abandoning module TargetPlatform (23)
[2016.08.19-07.00.16:283][389]LogModuleManager: Shutting down and abandoning module InputCore (22)
[2016.08.19-07.00.16:283][389]LogModuleManager: Shutting down and abandoning module Settings (21)
[2016.08.19-07.00.16:283][389]LogModuleManager: Shutting down and abandoning module OnlineSubsystem (19)
[2016.08.19-07.00.16:283][389]LogModuleManager: Shutting down and abandoning module HTTP (18)
[2016.08.19-07.00.17:285][389]LogModuleManager: Shutting down and abandoning module XMPP (17)
[2016.08.19-07.00.17:285][389]LogModuleManager: Shutting down and abandoning module OculusRift (16)
[2016.08.19-07.00.17:285][389]LogModuleManager: Shutting down and abandoning module ExampleDeviceProfileSelector (15)
[2016.08.19-07.00.17:285][389]LogModuleManager: Shutting down and abandoning module TextureCompressor (14)
[2016.08.19-07.00.17:285][389]LogModuleManager: Shutting down and abandoning module ShaderCore (13)
[2016.08.19-07.00.17:285][389]LogModuleManager: Shutting down and abandoning module Landscape (12)
[2016.08.19-07.00.17:285][389]LogModuleManager: Shutting down and abandoning module SlateRHIRenderer (11)
[2016.08.19-07.00.17:287][389]LogModuleManager: Shutting down and abandoning module OpenGLDrv (10)
[2016.08.19-07.00.17:290][389]LogModuleManager: Shutting down and abandoning module D3D11RHI (9)
[2016.08.19-07.00.17:290][389]LogModuleManager: Shutting down and abandoning module AnimGraphRuntime (8)
[2016.08.19-07.00.17:290][389]LogModuleManager: Shutting down and abandoning module Renderer (7)
[2016.08.19-07.00.17:290][389]LogModuleManager: Shutting down and abandoning module Engine (6)
[2016.08.19-07.00.17:290][389]LogModuleManager: Shutting down and abandoning module CoreUObject (5)
[2016.08.19-07.00.17:290][389]LogModuleManager: Shutting down and abandoning module NetworkFile (4)
[2016.08.19-07.00.17:299][389]LogModuleManager: Shutting down and abandoning module StreamingFile (3)
[2016.08.19-07.00.17:299][389]LogModuleManager: Shutting down and abandoning module SandboxFile (2)
[2016.08.19-07.00.17:299][389]LogModuleManager: Shutting down and abandoning module PakFile (1)
[2016.08.19-07.00.17:332][389]LogExit: Exiting.
[2016.08.19-07.00.17:342][389]Log file closed, 08/19/16 12:30:17
