[2016.08.19-07.03.39:901][  0]Log file open, 08/19/16 12:33:39
[2016.08.19-07.03.39:901][  0]LogInit:Display: Running engine for game: MyProject
[2016.08.19-07.03.39:901][  0]LogPlatformFile: Not using cached read wrapper
[2016.08.19-07.03.39:901][  0]LogInit:Display: RandInit(-363943874) SRandInit(-363943874).
[2016.08.19-07.03.39:901][  0]LogTaskGraph: Started task graph with 4 named threads and 5 total threads.
[2016.08.19-07.03.39:901][  0]LogStats: Stats thread started at 0.063373
[2016.08.19-07.03.39:901][  0]LogInit: Version: 4.10.4-2872498+++depot+UE4-Releases+4.10
[2016.08.19-07.03.39:901][  0]LogInit: API Version: 2758231
[2016.08.19-07.03.39:901][  0]LogInit: Compiled (64-bit): Feb 18 2016 15:47:04
[2016.08.19-07.03.39:901][  0]LogInit: Compiled with Visual C++: 19.00.23026.00
[2016.08.19-07.03.39:901][  0]LogInit: Build Configuration: Development
[2016.08.19-07.03.39:901][  0]LogInit: Branch Name: ++depot+UE4-Releases+4.10
[2016.08.19-07.03.39:901][  0]LogInit: Command line:  
[2016.08.19-07.03.39:901][  0]LogInit: Base directory: C:/Program Files (x86)/Epic Games/4.10/Engine/Binaries/Win64/
[2016.08.19-07.03.39:901][  0]LogInit: Rocket: 1
[2016.08.19-07.03.39:915][  0]LogInit: Using libcurl 7.41.0
[2016.08.19-07.03.39:915][  0]LogInit:  - built for x86_64-pc-win32
[2016.08.19-07.03.39:915][  0]LogInit:  - supports SSL with WinSSL
[2016.08.19-07.03.39:915][  0]LogInit:  - other features:
[2016.08.19-07.03.39:915][  0]LogInit:      CURL_VERSION_SSL
[2016.08.19-07.03.39:915][  0]LogInit:      CURL_VERSION_IPV6
[2016.08.19-07.03.39:915][  0]LogInit:      CURL_VERSION_ASYNCHDNS
[2016.08.19-07.03.39:915][  0]LogInit:      CURL_VERSION_LARGEFILE
[2016.08.19-07.03.39:915][  0]LogInit:      CURL_VERSION_IDN
[2016.08.19-07.03.39:915][  0]LogInit:  CurlRequestOptions (configurable via config and command line):
[2016.08.19-07.03.39:915][  0]LogInit:  - bVerifyPeer = true  - Libcurl will verify peer certificate
[2016.08.19-07.03.39:915][  0]LogInit:  - bUseHttpProxy = false  - Libcurl will NOT use HTTP proxy
[2016.08.19-07.03.39:915][  0]LogInit:  - bDontReuseConnections = false  - Libcurl will reuse connections
[2016.08.19-07.03.39:915][  0]LogInit:  - CertBundlePath = nullptr  - Libcurl will use whatever was configured at build time.
[2016.08.19-07.03.39:926][  0]LogInit: Presizing for 0 objects not considered by GC, pre-allocating 0 bytes.
[2016.08.19-07.03.39:933][  0]LogInit: Object subsystem initialized
[2016.08.19-07.03.39:934][  0]LogInit: Selected Device Profile: [Windows]
[2016.08.19-07.03.39:934][  0]LogInit: Applying CVar settings loaded from the selected device profile: [Windows]
[2016.08.19-07.03.39:966][  0]LogInit: Computer: VISHAL-PC
[2016.08.19-07.03.39:966][  0]LogInit: User: Vishal
[2016.08.19-07.03.39:966][  0]LogInit: CPU Page size=4096, Cores=2
[2016.08.19-07.03.39:966][  0]LogInit: High frequency timer resolution =2.240908 MHz
[2016.08.19-07.03.39:966][  0]LogMemory: Memory total: Physical=7.9GB (8GB approx)
[2016.08.19-07.03.39:966][  0]LogMemory: Platform Memory Stats for Windows
[2016.08.19-07.03.39:966][  0]LogMemory: Process Physical Memory: 59.85 MB used, 59.85 MB peak
[2016.08.19-07.03.39:966][  0]LogMemory: Process Virtual Memory: 58.80 MB used, 58.80 MB peak
[2016.08.19-07.03.39:966][  0]LogMemory: Physical Memory: 3595.25 MB used, 8075.38 MB total
[2016.08.19-07.03.39:966][  0]LogMemory: Virtual Memory: 383.44 MB used, 134217728.00 MB total
[2016.08.19-07.03.40:036][  0]LogTextLocalizationManager: No specific translations for ('en-IN') exist, so ('en') translations will be used.
[2016.08.19-07.03.40:591][  0]LogD3D11RHI: Found D3D11 adapter 0: NVIDIA GeForce 820M              (Feature Level 11_0)
[2016.08.19-07.03.40:592][  0]LogD3D11RHI: Adapter has 1999MB of dedicated video memory, 0MB of dedicated system memory, and 4037MB of shared system memory, 1 output[s]
[2016.08.19-07.03.40:602][  0]LogD3D11RHI: Found D3D11 adapter 1: Intel(R) HD Graphics Family (Feature Level 11_0)
[2016.08.19-07.03.40:602][  0]LogD3D11RHI: Adapter has 112MB of dedicated video memory, 0MB of dedicated system memory, and 2048MB of shared system memory, 0 output[s]
[2016.08.19-07.03.40:606][  0]LogD3D11RHI: Found D3D11 adapter 2: Microsoft Basic Render Driver (Feature Level 11_0)
[2016.08.19-07.03.40:606][  0]LogD3D11RHI: Adapter has 0MB of dedicated video memory, 0MB of dedicated system memory, and 4037MB of shared system memory, 0 output[s]
[2016.08.19-07.03.40:606][  0]LogD3D11RHI: Chosen D3D11 Adapter Id = 0
[2016.08.19-07.03.40:612][  0]LogD3D11RHI: !Direct3DDevice
[2016.08.19-07.03.40:612][  0]LogRHI: Texture pool is 1361 MB (70% of 1945 MB)
[2016.08.19-07.03.40:632][  0]LogD3D11RHI: Async texture creation enabled
[2016.08.19-07.03.40:652][  0]LogShaderCompilers: Guid format shader working directory is -19 characters bigger than the processId version (../../../../../../Users/Vishal/Documents/Unreal Projects/MyProject/Intermediate/Shaders/WorkingDirectory/9200/).
[2016.08.19-07.03.40:652][  0]LogShaderCompilers: Cleaned the shader compiler working directory 'C:/Users/Vishal/AppData/Local/Temp/UnrealShaderWorkingDir/B120048C4E24A67F1EA1F490CE86A37B/'.
[2016.08.19-07.03.40:652][  0]LogShaderCompilers:Display: Using Local Shader Compiler.
[2016.08.19-07.03.41:730][  0]LogTemp:Display: Loaded TP AllDesktopTargetPlatform
[2016.08.19-07.03.41:739][  0]LogTemp:Display: Loaded TP WindowsClientTargetPlatform
[2016.08.19-07.03.41:746][  0]LogTemp:Display: Loaded TP WindowsNoEditorTargetPlatform
[2016.08.19-07.03.41:753][  0]LogTemp:Display: Loaded TP WindowsServerTargetPlatform
[2016.08.19-07.03.41:759][  0]LogTemp:Display: Loaded TP WindowsTargetPlatform
[2016.08.19-07.03.41:766][  0]LogTemp:Display: Loaded TP AndroidTargetPlatform
[2016.08.19-07.03.41:772][  0]LogTemp:Display: Loaded TP Android_ASTCTargetPlatform
[2016.08.19-07.03.41:777][  0]LogTemp:Display: Loaded TP Android_ATCTargetPlatform
[2016.08.19-07.03.41:783][  0]LogTemp:Display: Loaded TP Android_DXTTargetPlatform
[2016.08.19-07.03.41:788][  0]LogTemp:Display: Loaded TP Android_ETC1TargetPlatform
[2016.08.19-07.03.41:793][  0]LogTemp:Display: Loaded TP Android_ETC2TargetPlatform
[2016.08.19-07.03.41:804][  0]LogTemp:Display: Loaded TP Android_MultiTargetPlatform
[2016.08.19-07.03.41:804][  0]LogTemp:Display: Loaded TP Android_PVRTCTargetPlatform
[2016.08.19-07.03.41:806][  0]LogTemp:Display: Loaded TP HTML5TargetPlatform
[2016.08.19-07.03.41:829][  0]LogTemp:Display: Loaded TP IOSTargetPlatform
[2016.08.19-07.03.41:835][  0]LogTemp:Display: Loaded TP LinuxNoEditorTargetPlatform
[2016.08.19-07.03.41:840][  0]LogTemp:Display: Loaded TP LinuxServerTargetPlatform
[2016.08.19-07.03.41:846][  0]LogTemp:Display: Loaded TP LinuxTargetPlatform
[2016.08.19-07.03.41:846][  0]LogTargetPlatformManager:Display: Building Assets For Windows
[2016.08.19-07.03.41:965][  0]LogDerivedDataCache:Display: Max Cache Size: 512 MB
[2016.08.19-07.03.42:024][  0]LogDerivedDataCache: Loaded boot cache 0.06s 41MB C:/Users/Vishal/AppData/Local/UnrealEngine/4.10/DerivedDataCache/Boot.ddc.
[2016.08.19-07.03.42:024][  0]LogDerivedDataCache:Display: Loaded Boot cache: C:/Users/Vishal/AppData/Local/UnrealEngine/4.10/DerivedDataCache/Boot.ddc
[2016.08.19-07.03.42:024][  0]LogDerivedDataCache: FDerivedDataBackendGraph:  Pak pak cache file ../../../../../../Users/Vishal/Documents/Unreal Projects/MyProject/DerivedDataCache/DDC.ddp not found, will not use a pak cache.
[2016.08.19-07.03.42:024][  0]LogDerivedDataCache: Unable to find inner node Pak for hierarchical cache Hierarchy.
[2016.08.19-07.03.42:024][  0]LogDerivedDataCache: FDerivedDataBackendGraph:  CompressedPak pak cache file ../../../../../../Users/Vishal/Documents/Unreal Projects/MyProject/DerivedDataCache/Compressed.ddp not found, will not use a pak cache.
[2016.08.19-07.03.42:024][  0]LogDerivedDataCache: Unable to find inner node CompressedPak for hierarchical cache Hierarchy.
[2016.08.19-07.03.42:095][  0]LogDerivedDataCache:Display: Pak cache opened for reading ../../../Engine/DerivedDataCache/Compressed.ddp.
[2016.08.19-07.03.42:107][  0]LogDerivedDataCache: Using Local data cache path C:/Users/Vishal/AppData/Local/UnrealEngine/Common/DerivedDataCache: Writable
[2016.08.19-07.03.42:328][  0]LogInit: Selected Device Profile: [Windows]
[2016.08.19-07.03.42:333][  0]LogContentStreaming: Texture pool size is 0.000000MB
[2016.08.19-07.03.42:466][  0]LogMeshUtilities: No automatic mesh reduction module available
[2016.08.19-07.03.42:466][  0]LogMeshUtilities: No automatic mesh merging module available
[2016.08.19-07.03.42:743][  0]LogInit: WinSock: version 1.1 (2.2), MaxSocks=32767, MaxUdp=65467
[2016.08.19-07.03.43:662][  0]UdpMessaging: Initializing bridge on interface 0.0.0.0:0 to multicast group 230.0.0.1:6666.
[2016.08.19-07.03.43:786][  0]LogAssetRegistry: FAssetRegistry took 0.0109 seconds to start up
[2016.08.19-07.03.44:020][  0]SourceControl: Info Source control is disabled
[2016.08.19-07.03.44:021][  0]SourceControl: Info Source control is disabled
[2016.08.19-07.03.44:042][  0]SourceControl: Info Source control is disabled
[2016.08.19-07.03.44:061][  0]SourceControl: Info Source control is disabled
[2016.08.19-07.03.44:389][  0]LogObj: 28894 objects as part of root set at end of initial load.
[2016.08.19-07.03.44:389][  0]LogUObjectAllocator: 6143824 out of 0 bytes used by permanent object pool.
[2016.08.19-07.03.44:473][  0]LogEngine: Initializing Engine...
[2016.08.19-07.03.44:478][  0]LogHMD: Can't find Oculus library dev build: is proper Runtime installed? Version: 0.8.0.0
[2016.08.19-07.03.44:481][  0]LogHMD: SteamVR failed to initialize.  Err: 110
[2016.08.19-07.03.44:678][  0]LogAIModule: Creating AISystem for world NewWorld
[2016.08.19-07.03.44:691][  0]LogInit: XAudio2 using 'Speakers (High Definition Audio Device)' : 2 channels at 44.1 kHz using 16 bits per sample (channel mask 0x3)
[2016.08.19-07.03.44:724][  0]LogInit: FAudioDevice initialized.
[2016.08.19-07.03.44:757][  0]LogDerivedDataCache: Saved boot cache 0.03s 41MB C:/Users/Vishal/AppData/Local/UnrealEngine/4.10/DerivedDataCache/Boot.ddc.
[2016.08.19-07.03.44:763][  0]LogInit: Texture streaming: Enabled
[2016.08.19-07.03.44:775][  0]LogAnalytics: Creating configured Analytics provider AnalyticsET
[2016.08.19-07.03.44:775][  0]LogAnalytics: [UEEditor.Rocket.Release] APIServer = http://et2.epicgames.com/ET2/. AppVersion = 4.10.4-2872498+++depot+UE4-Releases+4.10
[2016.08.19-07.03.44:776][  0]LogAnalytics: [UEEditor.Rocket.Release] SetUserId 42581dee49f10cab728e808031ad0d6c|b3aa724033af48eb807787bc6a36fc12|7d3f72a1-08fb-45f7-99a2-cbbddc55c18e
[2016.08.19-07.03.44:776][  0]LogAnalytics: [UEEditor.Rocket.Release] AnalyticsET::StartSession
[2016.08.19-07.03.44:794][  0]LogInit: Transaction tracking system initialized
[2016.08.19-07.03.44:844][  0]BlueprintLog: New page: Editor Load
[2016.08.19-07.03.45:007][  0]LocalizationService: Info Localization service is disabled
[2016.08.19-07.03.45:122][  0]LogConsoleResponse:Display: 
[2016.08.19-07.03.45:299][  0]LogCook:Display: Done creating registry. It took  0.00s.
[2016.08.19-07.03.45:386][  0]LogFileCache: Scanning file cache for directory 'C:/Users/Vishal/Documents/Unreal Projects/MyProject/Content/' took 0.02s
[2016.08.19-07.03.45:386][  0]SourceControl: Info Source control is disabled
[2016.08.19-07.03.45:387][  0]Cmd: MAP LOAD FILE="../../../../../../Users/Vishal/Documents/Unreal Projects/MyProject/Content/Architecture.umap" TEMPLATE=0 SHOWPROGRESS=1 FEATURELEVEL=3
[2016.08.19-07.03.45:387][  0]LightingResults: New page: Lighting Build
[2016.08.19-07.03.45:390][  0]MapCheck: New page: Map Check
[2016.08.19-07.03.45:390][  0]LightingResults: New page: Lighting Build
[2016.08.19-07.03.45:412][  0]LogParticles: Destroying 0 GPU particle simulations for FXSystem 0x000001826EC31C60
[2016.08.19-07.03.47:543][  0]LogAIModule: Creating AISystem for world Architecture
[2016.08.19-07.03.47:552][  0]LogPrimitiveComponent: Zero scaling not supported (/Game/Architecture.Architecture:PersistentLevel.Carpet2.StaticMeshComponent0)
[2016.08.19-07.03.47:556][  0]LogPrimitiveComponent: Zero scaling not supported (/Game/Architecture.Architecture:PersistentLevel.Carpet3.StaticMeshComponent0)
[2016.08.19-07.03.47:559][  0]LogPrimitiveComponent: Zero scaling not supported (/Game/Architecture.Architecture:PersistentLevel.Carpet.StaticMeshComponent0)
[2016.08.19-07.03.47:560][  0]LogPrimitiveComponent: Zero scaling not supported (/Game/Architecture.Architecture:PersistentLevel.TVImage.StaticMeshComponent0)
[2016.08.19-07.03.47:575][  0]LogEditorServer: Finished looking for orphan Actors (0.000 secs)
[2016.08.19-07.03.47:576][  0]Cmd: MAP CHECKDEP NOCLEARLOG
[2016.08.19-07.03.47:676][  0]MapCheck: Info Map check complete: 0 Error(s), 0 Warning(s), took 100.365ms to complete.
[2016.08.19-07.03.47:676][  0]LogFileHelpers: Loading map 'Architecture' took 2.290
[2016.08.19-07.03.47:811][  0]LogCollectionManager: Loaded 0 collections in 0.001912 seconds
[2016.08.19-07.03.47:851][  0]LogFileCache: Scanning file cache for directory 'C:/Users/Vishal/Documents/Unreal Projects/MyProject/Saved/Collections/' took 0.01s
[2016.08.19-07.03.47:851][  0]LogFileCache: Scanning file cache for directory 'C:/Users/Vishal/Documents/Unreal Projects/MyProject/Content/Developers/Vishal/Collections/' took 0.01s
[2016.08.19-07.03.47:851][  0]LogFileCache: Scanning file cache for directory 'C:/Users/Vishal/Documents/Unreal Projects/MyProject/Content/Collections/' took 0.01s
[2016.08.19-07.03.47:851][  0]LogCollectionManager: Rebuilt the GUID cache for 0 collections in 0.000003 seconds
[2016.08.19-07.03.47:862][  0]LogContentBrowser: Native class hierarchy populated in 0.0106 seconds. Added 1898 classes and 345 folders.
[2016.08.19-07.03.47:869][  0]LogContentBrowser: Native class hierarchy updated for 'WidgetCarousel' in 0.0004 seconds. Added 0 classes and 0 folders.
[2016.08.19-07.03.48:005][  0]LogContentBrowser: Native class hierarchy updated for 'AddContentDialog' in 0.0007 seconds. Added 0 classes and 0 folders.
[2016.08.19-07.03.48:021][  0]LogContentBrowser: Native class hierarchy updated for 'SceneOutliner' in 0.0006 seconds. Added 1 classes and 2 folders.
[2016.08.19-07.03.48:110][  0]LogCrashTracker: Crashtracker disabled due to settings.
[2016.08.19-07.03.48:117][  0]LogUObjectGlobals:Warning: Failed to find object 'Class None.'
[2016.08.19-07.03.48:139][  0]LogLoad: Full Startup: 8.71 seconds (BP compile: 0.20 seconds)
[2016.08.19-07.03.48:156][  0]LogWindowsTextInputMethodSystem:Display: IME system now deactivated.
[2016.08.19-07.03.48:161][  0]LogOcInput: Can't find Oculus library dev build: is proper Runtime installed? Version: 0.8.0.0
[2016.08.19-07.03.48:236][  0]LogContentStreaming: Texture pool size now 1000 MB
[2016.08.19-07.03.48:388][  0]LogRenderer: Reallocating scene render targets to support 808x368 (Frame:2).
[2016.08.19-07.03.49:096][  6]LogAssetRegistry: Asset discovery search completed in 5.3204 seconds
[2016.08.19-07.03.49:096][  6]LogCollectionManager: Rebuilt the object cache for 0 collections in 0.000000 seconds (found 0 objects)
[2016.08.19-07.03.49:096][  6]LogCollectionManager: Fixed up redirectors for 0 collections in 0.000033 seconds (updated 0 objects)
[2016.08.19-07.03.51:224][131]LogBlueprintUserMessages: Early PlayInEditor Detection: Level '/Game/Architecture.Architecture:PersistentLevel' has LevelScriptBlueprint '/Game/Architecture.Architecture:PersistentLevel.Architecture' with GeneratedClass '/Game/Architecture.Architecture_C' with ClassGeneratedBy '/Game/Architecture.Architecture:PersistentLevel.Architecture'
[2016.08.19-07.03.51:224][131]LogPlayLevel: PlayLevel: No blueprints needed recompiling
[2016.08.19-07.03.51:225][131]PIE: New page: PIE session: Architecture (19-Aug-2016 6:03:51 pm)
[2016.08.19-07.03.51:225][131]LogPlayLevel: Creating play world package: /Game/UEDPIE_0_Architecture
[2016.08.19-07.03.51:259][131]LogPlayLevel: PIE: StaticDuplicateObject took: (0.034212s)
[2016.08.19-07.03.51:260][131]LogAIModule: Creating AISystem for world Architecture
[2016.08.19-07.03.51:260][131]LogPlayLevel: PIE: World Init took: (0.000826s)
[2016.08.19-07.03.51:260][131]LogPlayLevel: PIE: Created PIE world by copying editor world from /Game/Architecture.Architecture to /Game/UEDPIE_0_Architecture.Architecture (0.035445s)
[2016.08.19-07.03.51:331][131]LogInit: XAudio2 using 'Speakers (High Definition Audio Device)' : 2 channels at 44.1 kHz using 16 bits per sample (channel mask 0x3)
[2016.08.19-07.03.51:340][131]LogInit: FAudioDevice initialized.
[2016.08.19-07.03.51:481][131]LogWorld: Game class is 'FirstPersonGameMode_C'
[2016.08.19-07.03.51:493][131]LogPrimitiveComponent: Zero scaling not supported (/Game/UEDPIE_0_Architecture.Architecture:PersistentLevel.Carpet2.StaticMeshComponent0)
[2016.08.19-07.03.51:503][131]LogPrimitiveComponent: Zero scaling not supported (/Game/UEDPIE_0_Architecture.Architecture:PersistentLevel.Carpet3.StaticMeshComponent0)
[2016.08.19-07.03.51:506][131]LogPrimitiveComponent: Zero scaling not supported (/Game/UEDPIE_0_Architecture.Architecture:PersistentLevel.Carpet.StaticMeshComponent0)
[2016.08.19-07.03.51:509][131]LogPrimitiveComponent: Zero scaling not supported (/Game/UEDPIE_0_Architecture.Architecture:PersistentLevel.TVImage.StaticMeshComponent0)
[2016.08.19-07.03.51:516][131]LogWorld: Bringing World /Game/UEDPIE_0_Architecture.Architecture up for play (max tick rate 60) at 2016.08.19-12.33.51
[2016.08.19-07.03.51:516][131]LogActor:Warning: GameSession /Game/UEDPIE_0_Architecture.Architecture:PersistentLevel.GameSession_0 has natively added scene component(s), but none of them were set as the actor's RootComponent - picking one arbitrarily
[2016.08.19-07.03.51:517][131]LogActor:Warning: GameNetworkManager /Game/UEDPIE_0_Architecture.Architecture:PersistentLevel.GameNetworkManager_0 has natively added scene component(s), but none of them were set as the actor's RootComponent - picking one arbitrarily
[2016.08.19-07.03.51:518][131]LogWorld: Bringing up level for play took: 0.035296
[2016.08.19-07.03.51:525][131]PIE: Info Play in editor start time for /Game/UEDPIE_0_Architecture -0.495
[2016.08.19-07.03.51:525][131]LogBlueprintUserMessages: Late PlayInEditor Detection: Level '/Game/Architecture.Architecture:PersistentLevel' has LevelScriptBlueprint '/Game/Architecture.Architecture:PersistentLevel.Architecture' with GeneratedClass '/Game/Architecture.Architecture_C' with ClassGeneratedBy '/Game/Architecture.Architecture:PersistentLevel.Architecture'
[2016.08.19-07.03.53:719][185]LogBlueprintUserMessages: [ExportButtonBlueprint_C_0] {"rows":{"revitName":"ArchVizPOC","checktype":"1","WallDetails":{"rWall":[{"Wcolor":"223-16-21","Wuid":"BeanBag_Blueprint","Weid":"BeanBag_Blueprint"},{"Wcolor":"66-201-57","Wuid":"BeanBag2_Blueprint","Weid":"BeanBag2_Blueprint"}]}}}
[2016.08.19-07.03.53:719][185]LogOutputDevice:Warning: 

Script Stack:
ExportButtonBlueprint_C.ExecuteUbergraph_ExportButtonBlueprint

[2016.08.19-07.03.53:719][185]LogWindows:Error: Windows GetLastError: The operation completed successfully. (0)
[2016.08.19-07.03.54:163][185]LogCrashTracker: 


[2016.08.19-07.03.54:164][185]LogCrashTracker: 


[2016.08.19-07.03.54:164][185]LogWindows:Error: === Critical error: ===
Assertion failed: CanWriteObjectWithoutIdentifier() [File:D:\Program Files\Unreal Engine\4.10\Engine\Source\Runtime\Json\Public\Serialization\JsonWriter.h] [Line: 30] 





[2016.08.19-07.03.54:273][185]LogExit: Executing StaticShutdownAfterError
[2016.08.19-07.03.54:286][185]LogPhysics:Warning: PHYSX: ..\..\PhysX\src\NpScene.cpp (2946) 8 : PxScene::unlockWrite() called without matching call to PxScene::lockWrite(), behaviour will be undefined.
[2016.08.19-07.03.54:287][185]LogPhysics:Warning: PHYSX: ..\..\PhysX\src\NpScene.cpp (2946) 8 : PxScene::unlockWrite() called without matching call to PxScene::lockWrite(), behaviour will be undefined.
[2016.08.19-07.03.54:287][185]LogPhysics:Warning: PHYSX: ..\..\PhysX\src\NpScene.cpp (2946) 8 : PxScene::unlockWrite() called without matching call to PxScene::lockWrite(), behaviour will be undefined.
[2016.08.19-07.03.54:287][185]LogPhysics:Warning: PHYSX: ..\..\PhysX\src\NpScene.cpp (2946) 8 : PxScene::unlockWrite() called without matching call to PxScene::lockWrite(), behaviour will be undefined.
[2016.08.19-07.03.54:287][185]LogWindows: FPlatformMisc::RequestExit(1)
[2016.08.19-07.03.54:287][185]Log file closed, 08/19/16 12:33:54
